Using pre-set license
Built from '2022.3/staging' branch; Version is '2022.3.3f1 (7cdc2969a641) revision 8182825'; Using compiler version '192829333'; Build Type 'Release'
OS: 'Windows 10  (10.0.19045) 64bit CoreSingleLanguage' Language: 'en' Physical Memory: 7583 MB
BatchMode: 1, IsHumanControllingUs: 0, StartBugReporterOnCrash: 0, Is64bit: 1, IsPro: 1

COMMAND LINE ARGUMENTS:
C:\Program Files\Unity\Hub\Editor\2022.3.3f1\Editor\Unity.exe
-adb2
-batchMode
-noUpm
-name
AssetImportWorker1
-projectPath
D:/Tài liệu/Năm 4-1/PT GAME/The_Last_Vampire
-logFile
Logs/AssetImportWorker1.log
-srvPort
29046
Successfully changed project path to: D:/Tài liệu/Năm 4-1/PT GAME/The_Last_Vampire
D:/Tài liệu/Năm 4-1/PT GAME/The_Last_Vampire
[UnityMemory] Configuration Parameters - Can be set up in boot.config
    "memorysetup-bucket-allocator-granularity=16"
    "memorysetup-bucket-allocator-bucket-count=8"
    "memorysetup-bucket-allocator-block-size=33554432"
    "memorysetup-bucket-allocator-block-count=8"
    "memorysetup-main-allocator-block-size=16777216"
    "memorysetup-thread-allocator-block-size=16777216"
    "memorysetup-gfx-main-allocator-block-size=16777216"
    "memorysetup-gfx-thread-allocator-block-size=16777216"
    "memorysetup-cache-allocator-block-size=4194304"
    "memorysetup-typetree-allocator-block-size=2097152"
    "memorysetup-profiler-bucket-allocator-granularity=16"
    "memorysetup-profiler-bucket-allocator-bucket-count=8"
    "memorysetup-profiler-bucket-allocator-block-size=33554432"
    "memorysetup-profiler-bucket-allocator-block-count=8"
    "memorysetup-profiler-allocator-block-size=16777216"
    "memorysetup-profiler-editor-allocator-block-size=1048576"
    "memorysetup-temp-allocator-size-main=16777216"
    "memorysetup-job-temp-allocator-block-size=2097152"
    "memorysetup-job-temp-allocator-block-size-background=1048576"
    "memorysetup-job-temp-allocator-reduction-small-platforms=262144"
    "memorysetup-allocator-temp-initial-block-size-main=262144"
    "memorysetup-allocator-temp-initial-block-size-worker=262144"
    "memorysetup-temp-allocator-size-background-worker=32768"
    "memorysetup-temp-allocator-size-job-worker=262144"
    "memorysetup-temp-allocator-size-preload-manager=33554432"
    "memorysetup-temp-allocator-size-nav-mesh-worker=65536"
    "memorysetup-temp-allocator-size-audio-worker=65536"
    "memorysetup-temp-allocator-size-cloud-worker=32768"
    "memorysetup-temp-allocator-size-gi-baking-worker=262144"
    "memorysetup-temp-allocator-size-gfx=262144"
Player connection [49864] Host "[IP] 192.168.1.4 [Port] 0 [Flags] 2 [Guid] 3685624916 [EditorId] 3685624916 [Version] 1048832 [Id] WindowsEditor(7,DESKTOP-H92HV5G) [Debug] 1 [PackageName] WindowsEditor [ProjectName] Editor" joined multi-casting on [225.0.0.222:54997]...

Player connection [49864] Host "[IP] 192.168.1.4 [Port] 0 [Flags] 2 [Guid] 3685624916 [EditorId] 3685624916 [Version] 1048832 [Id] WindowsEditor(7,DESKTOP-H92HV5G) [Debug] 1 [PackageName] WindowsEditor [ProjectName] Editor" joined alternative multi-casting on [225.0.0.222:34997]...

Refreshing native plugins compatible for Editor in 238.45 ms, found 4 plugins.
Preloading 0 native plugins for Editor in 0.00 ms.
Initialize engine version: 2022.3.3f1 (7cdc2969a641)
[Subsystems] Discovering subsystems at path C:/Program Files/Unity/Hub/Editor/2022.3.3f1/Editor/Data/Resources/UnitySubsystems
[Subsystems] Discovering subsystems at path D:/Tài liệu/Năm 4-1/PT GAME/The_Last_Vampire/Assets
GfxDevice: creating device client; threaded=0; jobified=0
Direct3D:
    Version:  Direct3D 11.0 [level 11.1]
    Renderer: NVIDIA GeForce GTX 1650 (ID=0x1f9d)
    Vendor:   NVIDIA
    VRAM:     3950 MB
    Driver:   31.0.15.4680
Initialize mono
Mono path[0] = 'C:/Program Files/Unity/Hub/Editor/2022.3.3f1/Editor/Data/Managed'
Mono path[1] = 'C:/Program Files/Unity/Hub/Editor/2022.3.3f1/Editor/Data/MonoBleedingEdge/lib/mono/unityjit-win32'
Mono config path = 'C:/Program Files/Unity/Hub/Editor/2022.3.3f1/Editor/Data/MonoBleedingEdge/etc'
Using monoOptions --debugger-agent=transport=dt_socket,embedding=1,server=y,suspend=n,address=127.0.0.1:56208
Begin MonoManager ReloadAssembly
Registering precompiled unity dll's ...
Register platform support module: C:/Program Files/Unity/Hub/Editor/2022.3.3f1/Editor/Data/PlaybackEngines/WindowsStandaloneSupport/UnityEditor.WindowsStandalone.Extensions.dll
Registered in 0.013151 seconds.
- Loaded All Assemblies, in  0.582 seconds
Native extension for WindowsStandalone target not found
Mono: successfully reloaded assembly
- Finished resetting the current domain, in  0.440 seconds
Domain Reload Profiling: 1020ms
	BeginReloadAssembly (199ms)
		ExecutionOrderSort (0ms)
		DisableScriptedObjects (0ms)
		BackupInstance (0ms)
		ReleaseScriptingObjects (0ms)
		CreateAndSetChildDomain (1ms)
	RebuildCommonClasses (54ms)
	RebuildNativeTypeToScriptingClass (13ms)
	initialDomainReloadingComplete (91ms)
	LoadAllAssembliesAndSetupDomain (222ms)
		LoadAssemblies (196ms)
		RebuildTransferFunctionScriptingTraits (0ms)
		AnalyzeDomain (210ms)
			TypeCache.Refresh (208ms)
				TypeCache.ScanAssembly (184ms)
			ScanForSourceGeneratedMonoScriptInfo (1ms)
			ResolveRequiredComponents (1ms)
	FinalizeReload (441ms)
		ReleaseScriptCaches (0ms)
		RebuildScriptCaches (0ms)
		SetupLoadedEditorAssemblies (340ms)
			LogAssemblyErrors (0ms)
			InitializePlatformSupportModulesInManaged (15ms)
			SetLoadedEditorAssemblies (12ms)
			RefreshPlugins (0ms)
			BeforeProcessingInitializeOnLoad (3ms)
			ProcessInitializeOnLoadAttributes (199ms)
			ProcessInitializeOnLoadMethodAttributes (110ms)
			AfterProcessingInitializeOnLoad (0ms)
			EditorAssembliesLoaded (0ms)
		ExecutionOrderSort2 (0ms)
		AwakeInstancesAfterBackupRestoration (0ms)
========================================================================
Worker process is ready to serve import requests
Begin MonoManager ReloadAssembly
Symbol file LoadedFromMemory doesn't match image D:\Tài liệu\Năm 4-1\PT GAME\The_Last_Vampire\Library\PackageCache\com.unity.visualscripting@1.8.0\Editor\VisualScripting.Core\Dependencies\YamlDotNet\Unity.VisualScripting.YamlDotNet.dll
Symbol file LoadedFromMemory doesn't match image D:\Tài liệu\Năm 4-1\PT GAME\The_Last_Vampire\Library\PackageCache\com.unity.visualscripting@1.8.0\Editor\VisualScripting.Core\Dependencies\DotNetZip\Unity.VisualScripting.IonicZip.dll
- Loaded All Assemblies, in  2.305 seconds
Refreshing native plugins compatible for Editor in 5.97 ms, found 4 plugins.
Native extension for WindowsStandalone target not found
Mono: successfully reloaded assembly
- Finished resetting the current domain, in  1.594 seconds
Domain Reload Profiling: 3916ms
	BeginReloadAssembly (338ms)
		ExecutionOrderSort (0ms)
		DisableScriptedObjects (10ms)
		BackupInstance (0ms)
		ReleaseScriptingObjects (0ms)
		CreateAndSetChildDomain (52ms)
	RebuildCommonClasses (37ms)
	RebuildNativeTypeToScriptingClass (15ms)
	initialDomainReloadingComplete (113ms)
	LoadAllAssembliesAndSetupDomain (1803ms)
		LoadAssemblies (1125ms)
		RebuildTransferFunctionScriptingTraits (0ms)
		AnalyzeDomain (864ms)
			TypeCache.Refresh (772ms)
				TypeCache.ScanAssembly (562ms)
			ScanForSourceGeneratedMonoScriptInfo (71ms)
			ResolveRequiredComponents (20ms)
	FinalizeReload (1609ms)
		ReleaseScriptCaches (0ms)
		RebuildScriptCaches (0ms)
		SetupLoadedEditorAssemblies (1113ms)
			LogAssemblyErrors (0ms)
			InitializePlatformSupportModulesInManaged (8ms)
			SetLoadedEditorAssemblies (9ms)
			RefreshPlugins (0ms)
			BeforeProcessingInitializeOnLoad (154ms)
			ProcessInitializeOnLoadAttributes (731ms)
			ProcessInitializeOnLoadMethodAttributes (199ms)
			AfterProcessingInitializeOnLoad (11ms)
			EditorAssembliesLoaded (1ms)
		ExecutionOrderSort2 (0ms)
		AwakeInstancesAfterBackupRestoration (12ms)
Launched and connected shader compiler UnityShaderCompiler.exe after 0.08 seconds
Refreshing native plugins compatible for Editor in 14.00 ms, found 4 plugins.
Preloading 0 native plugins for Editor in 0.00 ms.
Unloading 7887 Unused Serialized files (Serialized files now loaded: 0)
Unloading 249 unused Assets / (14.2 MB). Loaded Objects now: 8223.
Memory consumption went from 344.7 MB to 330.4 MB.
Total: 219.161900 ms (FindLiveObjects: 8.942100 ms CreateObjectMapping: 1.365800 ms MarkObjects: 25.125200 ms  DeleteObjects: 183.726300 ms)

AssetImportParameters requested are different than current active one (requested -> active):
  custom:container-demuxer-ogg: 62fdf1f143b41e24485cea50d1cbac27 -> 
  custom:framework-win-MediaFoundation: 216162199b28c13a410421893ffa2e32 -> 
  custom:container-muxer-webm: aa71ff27fc2769a1b78a27578f13a17b -> 
  custom:video-decoder-webm-vp8: 9c59270c3fd7afecdb556c50c9e8de78 -> 
  custom:AudioImporter_EditorPlatform: d09bf68614088b80899f8185d706f6e7 -> 
  custom:audio-decoder-ogg-vorbis: bf7c407c2cedff20999df2af8eb42d56 -> 
  custom:audio-encoder-webm-vorbis: bf7c407c2cedff20999df2af8eb42d56 -> 
  custom:video-decoder-ogg-theora: a1e56fd34408186e4bbccfd4996cb3dc -> 
  custom:container-demuxer-webm: 4f35f7cbe854078d1ac9338744f61a02 -> 
  custom:video-encoder-webm-vp8: eb34c28f22e8b96e1ab97ce403110664 -> 
========================================================================
Received Import Request.
  Time since last request: 909938.798199 seconds.
  path: Assets/SFX/SFX/Boss2 skill2.mp3
  artifactKey: Guid(1b715cbca3d9fa9458d127f39552c5d4) Importer(815301076,1909f56bfc062723c751e8b465ee728b)
Start importing Assets/SFX/SFX/Boss2 skill2.mp3 using Guid(1b715cbca3d9fa9458d127f39552c5d4) Importer(815301076,1909f56bfc062723c751e8b465ee728b)  -> (artifact id: 'ee4f429b28b2ece72d2ee7f7af723054') in 0.082029 seconds
Number of updated asset objects reloaded before import = 0
Number of asset objects unloaded after import = 1
========================================================================
Received Import Request.
  Time since last request: 0.000263 seconds.
  path: Assets/SFX/SFX/take_damage.mp3
  artifactKey: Guid(c0174676f8f306e4aa1b4ff40493472b) Importer(815301076,1909f56bfc062723c751e8b465ee728b)
Start importing Assets/SFX/SFX/take_damage.mp3 using Guid(c0174676f8f306e4aa1b4ff40493472b) Importer(815301076,1909f56bfc062723c751e8b465ee728b)  -> (artifact id: '1ed1ea8e6481eefee5d8b440509137dd') in 0.002585 seconds
Number of updated asset objects reloaded before import = 0
Number of asset objects unloaded after import = 1
========================================================================
Received Import Request.
  Time since last request: 0.000818 seconds.
  path: Assets/SFX/SFX/Enemy4.mp3
  artifactKey: Guid(a567bc28c9ef0e7468543b622b33a674) Importer(815301076,1909f56bfc062723c751e8b465ee728b)
Start importing Assets/SFX/SFX/Enemy4.mp3 using Guid(a567bc28c9ef0e7468543b622b33a674) Importer(815301076,1909f56bfc062723c751e8b465ee728b)  -> (artifact id: '50800df5c83e3fab5949bdb1ceb1f4f3') in 0.002649 seconds
Number of updated asset objects reloaded before import = 0
Number of asset objects unloaded after import = 1
========================================================================
Received Import Request.
  Time since last request: 0.000021 seconds.
  path: Assets/SFX/SFX/Boss3 skill3.mp3
  artifactKey: Guid(c1ebee013105a8942b6762a944476348) Importer(815301076,1909f56bfc062723c751e8b465ee728b)
Start importing Assets/SFX/SFX/Boss3 skill3.mp3 using Guid(c1ebee013105a8942b6762a944476348) Importer(815301076,1909f56bfc062723c751e8b465ee728b)  -> (artifact id: '4fa2135a7dc6b95e7bff4cfb087689d3') in 0.002538 seconds
Number of updated asset objects reloaded before import = 0
Number of asset objects unloaded after import = 1
========================================================================
Received Import Request.
  Time since last request: 0.000019 seconds.
  path: Assets/SFX/SFX/Boss5 skill3.mp3
  artifactKey: Guid(08b99f2ceca179c4186474f9e9143e55) Importer(815301076,1909f56bfc062723c751e8b465ee728b)
Start importing Assets/SFX/SFX/Boss5 skill3.mp3 using Guid(08b99f2ceca179c4186474f9e9143e55) Importer(815301076,1909f56bfc062723c751e8b465ee728b)  -> (artifact id: '60ac59394e25e0c4bb98abd6c6594b95') in 0.002416 seconds
Number of updated asset objects reloaded before import = 0
Number of asset objects unloaded after import = 1
========================================================================
Received Import Request.
  Time since last request: 0.000021 seconds.
  path: Assets/SFX/SFX/Boss2 skill1.mp3
  artifactKey: Guid(6656b9d8336949b44be96ac57c4057da) Importer(815301076,1909f56bfc062723c751e8b465ee728b)
Start importing Assets/SFX/SFX/Boss2 skill1.mp3 using Guid(6656b9d8336949b44be96ac57c4057da) Importer(815301076,1909f56bfc062723c751e8b465ee728b)  -> (artifact id: '9d2ef4911658ad62031a314c61bdf3ef') in 0.002165 seconds
Number of updated asset objects reloaded before import = 0
Number of asset objects unloaded after import = 1
========================================================================
Received Import Request.
  Time since last request: 0.000021 seconds.
  path: Assets/Scenes/Map1_Forest.unity
  artifactKey: Guid(01c5c2cfc241377449dac758c3bc6cc8) Importer(815301076,1909f56bfc062723c751e8b465ee728b)
Start importing Assets/Scenes/Map1_Forest.unity using Guid(01c5c2cfc241377449dac758c3bc6cc8) Importer(815301076,1909f56bfc062723c751e8b465ee728b)  -> (artifact id: '54729e0370d1c9e4490b2893dc4d0155') in 0.000671 seconds
Number of updated asset objects reloaded before import = 0
Number of asset objects unloaded after import = 0
========================================================================
Received Import Request.
  Time since last request: 0.000022 seconds.
  path: Assets/Item/SavedGame.png
  artifactKey: Guid(f420b5f6d0df4624dad4839f3342e8c1) Importer(815301076,1909f56bfc062723c751e8b465ee728b)
Start importing Assets/Item/SavedGame.png using Guid(f420b5f6d0df4624dad4839f3342e8c1) Importer(815301076,1909f56bfc062723c751e8b465ee728b)  -> (artifact id: '6770a5ed82c150b3136eda6eae158bc2') in 0.020190 seconds
Number of updated asset objects reloaded before import = 0
Number of asset objects unloaded after import = 2
========================================================================
Received Import Request.
  Time since last request: 0.000031 seconds.
  path: Assets/SFX/SFX/Boss4 skill3.mp3
  artifactKey: Guid(665d086e31cb80146afe3ef5b6948881) Importer(815301076,1909f56bfc062723c751e8b465ee728b)
Start importing Assets/SFX/SFX/Boss4 skill3.mp3 using Guid(665d086e31cb80146afe3ef5b6948881) Importer(815301076,1909f56bfc062723c751e8b465ee728b)  -> (artifact id: 'c02fd7c9ff0c173c2f5cd4979657f75c') in 0.004785 seconds
Number of updated asset objects reloaded before import = 0
Number of asset objects unloaded after import = 1
========================================================================
Received Import Request.
  Time since last request: 0.000041 seconds.
  path: Assets/SFX/SFX/Enemy5.mp3
  artifactKey: Guid(aafbce0cf4394b74cb1a431c81e2876d) Importer(815301076,1909f56bfc062723c751e8b465ee728b)
Start importing Assets/SFX/SFX/Enemy5.mp3 using Guid(aafbce0cf4394b74cb1a431c81e2876d) Importer(815301076,1909f56bfc062723c751e8b465ee728b)  -> (artifact id: '6afe7ac4557f1846b44b9c9682a759b4') in 0.002990 seconds
Number of updated asset objects reloaded before import = 0
Number of asset objects unloaded after import = 1
========================================================================
Received Import Request.
  Time since last request: 0.000025 seconds.
  path: Assets/SFX/SFX/Boss3 skill1.mp3
  artifactKey: Guid(b6acf739cabe71b4997d321a0ece2ef5) Importer(815301076,1909f56bfc062723c751e8b465ee728b)
Start importing Assets/SFX/SFX/Boss3 skill1.mp3 using Guid(b6acf739cabe71b4997d321a0ece2ef5) Importer(815301076,1909f56bfc062723c751e8b465ee728b)  -> (artifact id: '206b0052d7d5d79e899c6ed4688c4974') in 0.003233 seconds
Number of updated asset objects reloaded before import = 0
Number of asset objects unloaded after import = 1
========================================================================
Received Import Request.
  Time since last request: 0.000034 seconds.
  path: Assets/SFX/SFX/Boss1 skill1.mp3
  artifactKey: Guid(79947a90c271cb042b3583c143587888) Importer(815301076,1909f56bfc062723c751e8b465ee728b)
Start importing Assets/SFX/SFX/Boss1 skill1.mp3 using Guid(79947a90c271cb042b3583c143587888) Importer(815301076,1909f56bfc062723c751e8b465ee728b)  -> (artifact id: '2ef88fa6847e20945c7232290a1a1bc4') in 0.007211 seconds
Number of updated asset objects reloaded before import = 0
Number of asset objects unloaded after import = 1
========================================================================
Received Import Request.
  Time since last request: 0.000020 seconds.
  path: Assets/Item/Blood.png
  artifactKey: Guid(02c66f299c72a2d449e3512d5e287d7b) Importer(815301076,1909f56bfc062723c751e8b465ee728b)
Start importing Assets/Item/Blood.png using Guid(02c66f299c72a2d449e3512d5e287d7b) Importer(815301076,1909f56bfc062723c751e8b465ee728b)  -> (artifact id: 'ae16681ab1e0bb666674a35b55fb4f47') in 0.003390 seconds
Number of updated asset objects reloaded before import = 0
Number of asset objects unloaded after import = 2
========================================================================
Received Import Request.
  Time since last request: 0.000019 seconds.
  path: Assets/SFX/SFX/Collecting.wav
  artifactKey: Guid(5f0e6f037138bc14b96107a8d2e4fd19) Importer(815301076,1909f56bfc062723c751e8b465ee728b)
Start importing Assets/SFX/SFX/Collecting.wav using Guid(5f0e6f037138bc14b96107a8d2e4fd19) Importer(815301076,1909f56bfc062723c751e8b465ee728b)  -> (artifact id: 'b36a220a6d62d25cc690087b1b3c9161') in 0.001679 seconds
Number of updated asset objects reloaded before import = 0
Number of asset objects unloaded after import = 1
========================================================================
Received Import Request.
  Time since last request: 0.000018 seconds.
  path: Assets/SFX/SFX/Boss4 skill1.mp3
  artifactKey: Guid(e7a583f4c6ba69749b4351930f1760f4) Importer(815301076,1909f56bfc062723c751e8b465ee728b)
Start importing Assets/SFX/SFX/Boss4 skill1.mp3 using Guid(e7a583f4c6ba69749b4351930f1760f4) Importer(815301076,1909f56bfc062723c751e8b465ee728b)  -> (artifact id: '2e301788a38d87409d912e1c717f1d86') in 0.001871 seconds
Number of updated asset objects reloaded before import = 0
Number of asset objects unloaded after import = 1
========================================================================
Received Import Request.
  Time since last request: 0.000023 seconds.
  path: Assets/Player/Circle.prefab
  artifactKey: Guid(50526eb467b8946489d15748b6d100ef) Importer(815301076,1909f56bfc062723c751e8b465ee728b)
Start importing Assets/Player/Circle.prefab using Guid(50526eb467b8946489d15748b6d100ef) Importer(815301076,1909f56bfc062723c751e8b465ee728b)  -> (artifact id: '2864e5ef3808c8a7c9ceaa137d9c09d7') in 0.027138 seconds
Number of updated asset objects reloaded before import = 0
Number of asset objects unloaded after import = 8
========================================================================
Received Import Request.
  Time since last request: 0.000032 seconds.
  path: Assets/SFX/SFX/Xuc tu mau.mp3
  artifactKey: Guid(3d27f8465f3236445b0acd336dab8c23) Importer(815301076,1909f56bfc062723c751e8b465ee728b)
Start importing Assets/SFX/SFX/Xuc tu mau.mp3 using Guid(3d27f8465f3236445b0acd336dab8c23) Importer(815301076,1909f56bfc062723c751e8b465ee728b)  -> (artifact id: '4cdf024ea7c31c7da660c58f5123c9ab') in 0.001644 seconds
Number of updated asset objects reloaded before import = 0
Number of asset objects unloaded after import = 1
========================================================================
Received Import Request.
  Time since last request: 0.000067 seconds.
  path: Assets/SFX/SFX/phan don.mp3
  artifactKey: Guid(09adbdc748234174eb9d31ecc0586fbd) Importer(815301076,1909f56bfc062723c751e8b465ee728b)
Start importing Assets/SFX/SFX/phan don.mp3 using Guid(09adbdc748234174eb9d31ecc0586fbd) Importer(815301076,1909f56bfc062723c751e8b465ee728b)  -> (artifact id: '54d79802bce656b50c93e5682a878279') in 0.003492 seconds
Number of updated asset objects reloaded before import = 0
Number of asset objects unloaded after import = 1
========================================================================
Received Import Request.
  Time since last request: 0.000022 seconds.
  path: Assets/Item/BloodSkill.png
  artifactKey: Guid(943f9ae4ea8d8004eb5958478c025b70) Importer(815301076,1909f56bfc062723c751e8b465ee728b)
Start importing Assets/Item/BloodSkill.png using Guid(943f9ae4ea8d8004eb5958478c025b70) Importer(815301076,1909f56bfc062723c751e8b465ee728b)  -> (artifact id: 'dbfe9b7c0be9c37134625696fb1a91d4') in 0.004563 seconds
Number of updated asset objects reloaded before import = 0
Number of asset objects unloaded after import = 2
========================================================================
Received Import Request.
  Time since last request: 0.000028 seconds.
  path: Assets/SFX/SFX
  artifactKey: Guid(a412420c5df6714439ccaed722551a05) Importer(815301076,1909f56bfc062723c751e8b465ee728b)
Start importing Assets/SFX/SFX using Guid(a412420c5df6714439ccaed722551a05) Importer(815301076,1909f56bfc062723c751e8b465ee728b)  -> (artifact id: 'c91c542566359fccf1be6681f818825d') in 0.001387 seconds
Number of updated asset objects reloaded before import = 0
Number of asset objects unloaded after import = 0
========================================================================
Received Import Request.
  Time since last request: 0.000024 seconds.
  path: Assets/SFX/SFX/Melee3.mp3
  artifactKey: Guid(8f3d1dead2e9db1489dabd472a56bb7e) Importer(815301076,1909f56bfc062723c751e8b465ee728b)
Start importing Assets/SFX/SFX/Melee3.mp3 using Guid(8f3d1dead2e9db1489dabd472a56bb7e) Importer(815301076,1909f56bfc062723c751e8b465ee728b)  -> (artifact id: 'b803970675e218ec7842d41c0deecfc1') in 0.002089 seconds
Number of updated asset objects reloaded before import = 0
Number of asset objects unloaded after import = 1
========================================================================
Received Import Request.
  Time since last request: 0.000042 seconds.
  path: Assets/Item/Blood.prefab
  artifactKey: Guid(491c762327ec44d4190176ffdf0db467) Importer(815301076,1909f56bfc062723c751e8b465ee728b)
Start importing Assets/Item/Blood.prefab using Guid(491c762327ec44d4190176ffdf0db467) Importer(815301076,1909f56bfc062723c751e8b465ee728b)  -> (artifact id: 'a9d1198f8263526a3fee06aaecfc11b5') in 0.006118 seconds
Number of updated asset objects reloaded before import = 0
Number of asset objects unloaded after import = 9
========================================================================
Received Import Request.
  Time since last request: 0.000026 seconds.
  path: Assets/SFX/SFX/CharacterDash.wav
  artifactKey: Guid(ea4869fffc7511842a798f7a698c0aef) Importer(815301076,1909f56bfc062723c751e8b465ee728b)
Start importing Assets/SFX/SFX/CharacterDash.wav using Guid(ea4869fffc7511842a798f7a698c0aef) Importer(815301076,1909f56bfc062723c751e8b465ee728b)  -> (artifact id: '915ae754ebacb873fc7f599252ca6ab8') in 0.001430 seconds
Number of updated asset objects reloaded before import = 0
Number of asset objects unloaded after import = 1
========================================================================
Received Import Request.
  Time since last request: 0.000022 seconds.
  path: Assets/SFX/SFX/Boss3 skill2.mp3
  artifactKey: Guid(5ef986a03f0012a47850b44f98d4cef4) Importer(815301076,1909f56bfc062723c751e8b465ee728b)
Start importing Assets/SFX/SFX/Boss3 skill2.mp3 using Guid(5ef986a03f0012a47850b44f98d4cef4) Importer(815301076,1909f56bfc062723c751e8b465ee728b)  -> (artifact id: '5188dcd0b8504c377ce77ae48f02433b') in 0.001453 seconds
Number of updated asset objects reloaded before import = 0
Number of asset objects unloaded after import = 1
========================================================================
Received Import Request.
  Time since last request: 0.000022 seconds.
  path: Assets/SFX/SFX/wolf-attack 1.mp3
  artifactKey: Guid(cfb7bd227fc994a4588990bd5a5b473a) Importer(815301076,1909f56bfc062723c751e8b465ee728b)
Start importing Assets/SFX/SFX/wolf-attack 1.mp3 using Guid(cfb7bd227fc994a4588990bd5a5b473a) Importer(815301076,1909f56bfc062723c751e8b465ee728b)  -> (artifact id: '1985e17166cd6791ae41c43a14da0485') in 0.001802 seconds
Number of updated asset objects reloaded before import = 0
Number of asset objects unloaded after import = 1
========================================================================
Received Import Request.
  Time since last request: 0.000020 seconds.
  path: Assets/SFX/SFX/Boss2 skill3 .mp3
  artifactKey: Guid(d122db8e07cddff4c8eb14a41414337d) Importer(815301076,1909f56bfc062723c751e8b465ee728b)
Start importing Assets/SFX/SFX/Boss2 skill3 .mp3 using Guid(d122db8e07cddff4c8eb14a41414337d) Importer(815301076,1909f56bfc062723c751e8b465ee728b)  -> (artifact id: '60d5fa93298282912d3566b4226d67c6') in 0.001224 seconds
Number of updated asset objects reloaded before import = 0
Number of asset objects unloaded after import = 1
========================================================================
Received Import Request.
  Time since last request: 0.000030 seconds.
  path: Assets/SFX/SFX/MouseEntering.wav
  artifactKey: Guid(bcd3d1909045d9a4dbf2308d1bc3d2cd) Importer(815301076,1909f56bfc062723c751e8b465ee728b)
Start importing Assets/SFX/SFX/MouseEntering.wav using Guid(bcd3d1909045d9a4dbf2308d1bc3d2cd) Importer(815301076,1909f56bfc062723c751e8b465ee728b)  -> (artifact id: '214d911c419ced93d0a1629fd2a58a48') in 0.001233 seconds
Number of updated asset objects reloaded before import = 0
Number of asset objects unloaded after import = 1
========================================================================
Received Import Request.
  Time since last request: 0.000021 seconds.
  path: Assets/SFX/SFX/Melee1.mp3
  artifactKey: Guid(935b096c88c0faa4e93e299544fedc61) Importer(815301076,1909f56bfc062723c751e8b465ee728b)
Start importing Assets/SFX/SFX/Melee1.mp3 using Guid(935b096c88c0faa4e93e299544fedc61) Importer(815301076,1909f56bfc062723c751e8b465ee728b)  -> (artifact id: '54692ce82353daf6e5d9d2a30cd76e48') in 0.001085 seconds
Number of updated asset objects reloaded before import = 0
Number of asset objects unloaded after import = 1
========================================================================
Received Import Request.
  Time since last request: 0.000024 seconds.
  path: Assets/SFX/SFX/Boss5 skill2.mp3
  artifactKey: Guid(3a18c792d86552c4cb3e15ce6476ae0c) Importer(815301076,1909f56bfc062723c751e8b465ee728b)
Start importing Assets/SFX/SFX/Boss5 skill2.mp3 using Guid(3a18c792d86552c4cb3e15ce6476ae0c) Importer(815301076,1909f56bfc062723c751e8b465ee728b)  -> (artifact id: '70fa3b2d5e79afd41dc63a0b1aafba88') in 0.001348 seconds
Number of updated asset objects reloaded before import = 0
Number of asset objects unloaded after import = 1
========================================================================
Received Import Request.
  Time since last request: 0.000024 seconds.
  path: Assets/SFX/SFX/Boss1 skill3.mp3
  artifactKey: Guid(0c8ad48ac65ad6a4daf1b2040dbeeff0) Importer(815301076,1909f56bfc062723c751e8b465ee728b)
Start importing Assets/SFX/SFX/Boss1 skill3.mp3 using Guid(0c8ad48ac65ad6a4daf1b2040dbeeff0) Importer(815301076,1909f56bfc062723c751e8b465ee728b)  -> (artifact id: '3861db57d9284967142faa46fa5ed7ce') in 0.001164 seconds
Number of updated asset objects reloaded before import = 0
Number of asset objects unloaded after import = 1
========================================================================
Received Prepare
Begin MonoManager ReloadAssembly
Symbol file LoadedFromMemory doesn't match image D:\Tài liệu\Năm 4-1\PT GAME\The_Last_Vampire\Library\PackageCache\com.unity.visualscripting@1.8.0\Editor\VisualScripting.Core\Dependencies\YamlDotNet\Unity.VisualScripting.YamlDotNet.dll
Symbol file LoadedFromMemory doesn't match image D:\Tài liệu\Năm 4-1\PT GAME\The_Last_Vampire\Library\PackageCache\com.unity.visualscripting@1.8.0\Editor\VisualScripting.Core\Dependencies\DotNetZip\Unity.VisualScripting.IonicZip.dll
- Loaded All Assemblies, in  1.759 seconds
Refreshing native plugins compatible for Editor in 6.44 ms, found 4 plugins.
Native extension for WindowsStandalone target not found
Mono: successfully reloaded assembly
- Finished resetting the current domain, in  3.369 seconds
Domain Reload Profiling: 5127ms
	BeginReloadAssembly (326ms)
		ExecutionOrderSort (0ms)
		DisableScriptedObjects (23ms)
		BackupInstance (0ms)
		ReleaseScriptingObjects (0ms)
		CreateAndSetChildDomain (100ms)
	RebuildCommonClasses (39ms)
	RebuildNativeTypeToScriptingClass (11ms)
	initialDomainReloadingComplete (54ms)
	LoadAllAssembliesAndSetupDomain (1327ms)
		LoadAssemblies (708ms)
		RebuildTransferFunctionScriptingTraits (0ms)
		AnalyzeDomain (770ms)
			TypeCache.Refresh (756ms)
				TypeCache.ScanAssembly (682ms)
			ScanForSourceGeneratedMonoScriptInfo (1ms)
			ResolveRequiredComponents (14ms)
	FinalizeReload (3370ms)
		ReleaseScriptCaches (0ms)
		RebuildScriptCaches (0ms)
		SetupLoadedEditorAssemblies (953ms)
			LogAssemblyErrors (0ms)
			InitializePlatformSupportModulesInManaged (10ms)
			SetLoadedEditorAssemblies (9ms)
			RefreshPlugins (0ms)
			BeforeProcessingInitializeOnLoad (141ms)
			ProcessInitializeOnLoadAttributes (722ms)
			ProcessInitializeOnLoadMethodAttributes (60ms)
			AfterProcessingInitializeOnLoad (9ms)
			EditorAssembliesLoaded (1ms)
		ExecutionOrderSort2 (0ms)
		AwakeInstancesAfterBackupRestoration (25ms)
Refreshing native plugins compatible for Editor in 6.56 ms, found 4 plugins.
Preloading 0 native plugins for Editor in 0.00 ms.
Unloading 7592 Unused Serialized files (Serialized files now loaded: 0)
Unloading 197 unused Assets / (14.2 MB). Loaded Objects now: 8230.
Memory consumption went from 283.7 MB to 269.4 MB.
Total: 59.869700 ms (FindLiveObjects: 4.957400 ms CreateObjectMapping: 1.320700 ms MarkObjects: 17.338000 ms  DeleteObjects: 36.241800 ms)

Prepare: number of updated asset objects reloaded= 0
AssetImportParameters requested are different than current active one (requested -> active):
  custom:container-demuxer-ogg: 62fdf1f143b41e24485cea50d1cbac27 -> 
  custom:framework-win-MediaFoundation: 216162199b28c13a410421893ffa2e32 -> 
  custom:container-muxer-webm: aa71ff27fc2769a1b78a27578f13a17b -> 
  custom:video-decoder-webm-vp8: 9c59270c3fd7afecdb556c50c9e8de78 -> 
  custom:AudioImporter_EditorPlatform: d09bf68614088b80899f8185d706f6e7 -> 
  custom:audio-decoder-ogg-vorbis: bf7c407c2cedff20999df2af8eb42d56 -> 
  custom:audio-encoder-webm-vorbis: bf7c407c2cedff20999df2af8eb42d56 -> 
  custom:video-decoder-ogg-theora: a1e56fd34408186e4bbccfd4996cb3dc -> 
  custom:container-demuxer-webm: 4f35f7cbe854078d1ac9338744f61a02 -> 
  custom:video-encoder-webm-vp8: eb34c28f22e8b96e1ab97ce403110664 -> 
========================================================================
Received Prepare
Begin MonoManager ReloadAssembly
Symbol file LoadedFromMemory doesn't match image D:\Tài liệu\Năm 4-1\PT GAME\The_Last_Vampire\Library\PackageCache\com.unity.visualscripting@1.8.0\Editor\VisualScripting.Core\Dependencies\YamlDotNet\Unity.VisualScripting.YamlDotNet.dll
Symbol file LoadedFromMemory doesn't match image D:\Tài liệu\Năm 4-1\PT GAME\The_Last_Vampire\Library\PackageCache\com.unity.visualscripting@1.8.0\Editor\VisualScripting.Core\Dependencies\DotNetZip\Unity.VisualScripting.IonicZip.dll
- Loaded All Assemblies, in  2.997 seconds
Refreshing native plugins compatible for Editor in 5.70 ms, found 4 plugins.
Native extension for WindowsStandalone target not found
Mono: successfully reloaded assembly
- Finished resetting the current domain, in  2.769 seconds
Domain Reload Profiling: 5765ms
	BeginReloadAssembly (620ms)
		ExecutionOrderSort (0ms)
		DisableScriptedObjects (39ms)
		BackupInstance (0ms)
		ReleaseScriptingObjects (1ms)
		CreateAndSetChildDomain (342ms)
	RebuildCommonClasses (46ms)
	RebuildNativeTypeToScriptingClass (11ms)
	initialDomainReloadingComplete (55ms)
	LoadAllAssembliesAndSetupDomain (2263ms)
		LoadAssemblies (1461ms)
		RebuildTransferFunctionScriptingTraits (0ms)
		AnalyzeDomain (947ms)
			TypeCache.Refresh (929ms)
				TypeCache.ScanAssembly (638ms)
			ScanForSourceGeneratedMonoScriptInfo (1ms)
			ResolveRequiredComponents (17ms)
	FinalizeReload (2770ms)
		ReleaseScriptCaches (0ms)
		RebuildScriptCaches (0ms)
		SetupLoadedEditorAssemblies (645ms)
			LogAssemblyErrors (0ms)
			InitializePlatformSupportModulesInManaged (8ms)
			SetLoadedEditorAssemblies (8ms)
			RefreshPlugins (0ms)
			BeforeProcessingInitializeOnLoad (124ms)
			ProcessInitializeOnLoadAttributes (462ms)
			ProcessInitializeOnLoadMethodAttributes (36ms)
			AfterProcessingInitializeOnLoad (7ms)
			EditorAssembliesLoaded (0ms)
		ExecutionOrderSort2 (0ms)
		AwakeInstancesAfterBackupRestoration (19ms)
Refreshing native plugins compatible for Editor in 6.44 ms, found 4 plugins.
Preloading 0 native plugins for Editor in 0.00 ms.
Unloading 7592 Unused Serialized files (Serialized files now loaded: 0)
Unloading 197 unused Assets / (14.2 MB). Loaded Objects now: 8235.
Memory consumption went from 283.7 MB to 269.5 MB.
Total: 27.959900 ms (FindLiveObjects: 1.973500 ms CreateObjectMapping: 6.093400 ms MarkObjects: 14.388000 ms  DeleteObjects: 5.500100 ms)

Prepare: number of updated asset objects reloaded= 0
AssetImportParameters requested are different than current active one (requested -> active):
  custom:container-demuxer-ogg: 62fdf1f143b41e24485cea50d1cbac27 -> 
  custom:framework-win-MediaFoundation: 216162199b28c13a410421893ffa2e32 -> 
  custom:container-muxer-webm: aa71ff27fc2769a1b78a27578f13a17b -> 
  custom:video-decoder-webm-vp8: 9c59270c3fd7afecdb556c50c9e8de78 -> 
  custom:AudioImporter_EditorPlatform: d09bf68614088b80899f8185d706f6e7 -> 
  custom:audio-decoder-ogg-vorbis: bf7c407c2cedff20999df2af8eb42d56 -> 
  custom:audio-encoder-webm-vorbis: bf7c407c2cedff20999df2af8eb42d56 -> 
  custom:video-decoder-ogg-theora: a1e56fd34408186e4bbccfd4996cb3dc -> 
  custom:container-demuxer-webm: 4f35f7cbe854078d1ac9338744f61a02 -> 
  custom:video-encoder-webm-vp8: eb34c28f22e8b96e1ab97ce403110664 -> 
========================================================================
Received Prepare
Begin MonoManager ReloadAssembly
Symbol file LoadedFromMemory doesn't match image D:\Tài liệu\Năm 4-1\PT GAME\The_Last_Vampire\Library\PackageCache\com.unity.visualscripting@1.8.0\Editor\VisualScripting.Core\Dependencies\YamlDotNet\Unity.VisualScripting.YamlDotNet.dll
Symbol file LoadedFromMemory doesn't match image D:\Tài liệu\Năm 4-1\PT GAME\The_Last_Vampire\Library\PackageCache\com.unity.visualscripting@1.8.0\Editor\VisualScripting.Core\Dependencies\DotNetZip\Unity.VisualScripting.IonicZip.dll
- Loaded All Assemblies, in  2.089 seconds
Refreshing native plugins compatible for Editor in 3.77 ms, found 4 plugins.
Native extension for WindowsStandalone target not found
Mono: successfully reloaded assembly
- Finished resetting the current domain, in  2.600 seconds
Domain Reload Profiling: 4688ms
	BeginReloadAssembly (265ms)
		ExecutionOrderSort (0ms)
		DisableScriptedObjects (15ms)
		BackupInstance (0ms)
		ReleaseScriptingObjects (0ms)
		CreateAndSetChildDomain (107ms)
	RebuildCommonClasses (34ms)
	RebuildNativeTypeToScriptingClass (9ms)
	initialDomainReloadingComplete (32ms)
	LoadAllAssembliesAndSetupDomain (1747ms)
		LoadAssemblies (1070ms)
		RebuildTransferFunctionScriptingTraits (0ms)
		AnalyzeDomain (773ms)
			TypeCache.Refresh (752ms)
				TypeCache.ScanAssembly (646ms)
			ScanForSourceGeneratedMonoScriptInfo (1ms)
			ResolveRequiredComponents (20ms)
	FinalizeReload (2601ms)
		ReleaseScriptCaches (0ms)
		RebuildScriptCaches (0ms)
		SetupLoadedEditorAssemblies (859ms)
			LogAssemblyErrors (0ms)
			InitializePlatformSupportModulesInManaged (6ms)
			SetLoadedEditorAssemblies (6ms)
			RefreshPlugins (0ms)
			BeforeProcessingInitializeOnLoad (138ms)
			ProcessInitializeOnLoadAttributes (658ms)
			ProcessInitializeOnLoadMethodAttributes (43ms)
			AfterProcessingInitializeOnLoad (8ms)
			EditorAssembliesLoaded (0ms)
		ExecutionOrderSort2 (0ms)
		AwakeInstancesAfterBackupRestoration (22ms)
Refreshing native plugins compatible for Editor in 3.08 ms, found 4 plugins.
Preloading 0 native plugins for Editor in 0.00 ms.
Unloading 7592 Unused Serialized files (Serialized files now loaded: 0)
Unloading 197 unused Assets / (14.2 MB). Loaded Objects now: 8240.
Memory consumption went from 283.7 MB to 269.5 MB.
Total: 10.686600 ms (FindLiveObjects: 0.777900 ms CreateObjectMapping: 0.850400 ms MarkObjects: 4.504200 ms  DeleteObjects: 4.553100 ms)

Prepare: number of updated asset objects reloaded= 0
AssetImportParameters requested are different than current active one (requested -> active):
  custom:container-demuxer-ogg: 62fdf1f143b41e24485cea50d1cbac27 -> 
  custom:framework-win-MediaFoundation: 216162199b28c13a410421893ffa2e32 -> 
  custom:container-muxer-webm: aa71ff27fc2769a1b78a27578f13a17b -> 
  custom:video-decoder-webm-vp8: 9c59270c3fd7afecdb556c50c9e8de78 -> 
  custom:AudioImporter_EditorPlatform: d09bf68614088b80899f8185d706f6e7 -> 
  custom:audio-decoder-ogg-vorbis: bf7c407c2cedff20999df2af8eb42d56 -> 
  custom:audio-encoder-webm-vorbis: bf7c407c2cedff20999df2af8eb42d56 -> 
  custom:video-decoder-ogg-theora: a1e56fd34408186e4bbccfd4996cb3dc -> 
  custom:container-demuxer-webm: 4f35f7cbe854078d1ac9338744f61a02 -> 
  custom:video-encoder-webm-vp8: eb34c28f22e8b96e1ab97ce403110664 -> 
========================================================================
Received Import Request.
  Time since last request: 703.031204 seconds.
  path: Assets/UniversalRenderPipelineGlobalSettings.asset
  artifactKey: Guid(b4f7c29b4ed30344fa52dbbe25ae8c89) Importer(815301076,1909f56bfc062723c751e8b465ee728b)
Start importing Assets/UniversalRenderPipelineGlobalSettings.asset using Guid(b4f7c29b4ed30344fa52dbbe25ae8c89) Importer(815301076,1909f56bfc062723c751e8b465ee728b)  -> (artifact id: 'df93c12f626067ab3e0630ca65f4c189') in 0.196942 seconds
Number of updated asset objects reloaded before import = 0
Number of asset objects unloaded after import = 1
========================================================================
Received Import Request.
  Time since last request: 6.886215 seconds.
  path: Assets/Map1_Forest/Enemies/Wolf/Monster_Wolf.prefab
  artifactKey: Guid(79584e046080e11489dcfe03b28023a1) Importer(815301076,1909f56bfc062723c751e8b465ee728b)
Start importing Assets/Map1_Forest/Enemies/Wolf/Monster_Wolf.prefab using Guid(79584e046080e11489dcfe03b28023a1) Importer(815301076,1909f56bfc062723c751e8b465ee728b)  -> (artifact id: 'eda17e71da434661e6ffd5689eb83767') in 0.034712 seconds
Number of updated asset objects reloaded before import = 0
Number of asset objects unloaded after import = 46
========================================================================
Received Import Request.
  Time since last request: 29.991232 seconds.
  path: Assets/Map1_Forest/NPC1_Spirit/Spirit.prefab
  artifactKey: Guid(eb749160089bea64eb7e07bcd45612a2) Importer(815301076,1909f56bfc062723c751e8b465ee728b)
Start importing Assets/Map1_Forest/NPC1_Spirit/Spirit.prefab using Guid(eb749160089bea64eb7e07bcd45612a2) Importer(815301076,1909f56bfc062723c751e8b465ee728b)  -> (artifact id: '2229fde7c2e6ebc0d9fdb56388dda5ff') in 0.077551 seconds
Number of updated asset objects reloaded before import = 0
Number of asset objects unloaded after import = 31
========================================================================
Received Prepare
Begin MonoManager ReloadAssembly
Symbol file LoadedFromMemory doesn't match image D:\Tài liệu\Năm 4-1\PT GAME\The_Last_Vampire\Library\PackageCache\com.unity.visualscripting@1.8.0\Editor\VisualScripting.Core\Dependencies\YamlDotNet\Unity.VisualScripting.YamlDotNet.dll
Symbol file LoadedFromMemory doesn't match image D:\Tài liệu\Năm 4-1\PT GAME\The_Last_Vampire\Library\PackageCache\com.unity.visualscripting@1.8.0\Editor\VisualScripting.Core\Dependencies\DotNetZip\Unity.VisualScripting.IonicZip.dll
- Loaded All Assemblies, in  1.812 seconds
Refreshing native plugins compatible for Editor in 4.58 ms, found 4 plugins.
Native extension for WindowsStandalone target not found
Mono: successfully reloaded assembly
- Finished resetting the current domain, in  2.818 seconds
Domain Reload Profiling: 4629ms
	BeginReloadAssembly (361ms)
		ExecutionOrderSort (0ms)
		DisableScriptedObjects (32ms)
		BackupInstance (0ms)
		ReleaseScriptingObjects (1ms)
		CreateAndSetChildDomain (178ms)
	RebuildCommonClasses (41ms)
	RebuildNativeTypeToScriptingClass (12ms)
	initialDomainReloadingComplete (40ms)
	LoadAllAssembliesAndSetupDomain (1357ms)
		LoadAssemblies (767ms)
		RebuildTransferFunctionScriptingTraits (0ms)
		AnalyzeDomain (676ms)
			TypeCache.Refresh (659ms)
				TypeCache.ScanAssembly (614ms)
			ScanForSourceGeneratedMonoScriptInfo (1ms)
			ResolveRequiredComponents (16ms)
	FinalizeReload (2818ms)
		ReleaseScriptCaches (0ms)
		RebuildScriptCaches (0ms)
		SetupLoadedEditorAssemblies (836ms)
			LogAssemblyErrors (0ms)
			InitializePlatformSupportModulesInManaged (8ms)
			SetLoadedEditorAssemblies (9ms)
			RefreshPlugins (0ms)
			BeforeProcessingInitializeOnLoad (137ms)
			ProcessInitializeOnLoadAttributes (615ms)
			ProcessInitializeOnLoadMethodAttributes (56ms)
			AfterProcessingInitializeOnLoad (10ms)
			EditorAssembliesLoaded (0ms)
		ExecutionOrderSort2 (0ms)
		AwakeInstancesAfterBackupRestoration (26ms)
Refreshing native plugins compatible for Editor in 5.36 ms, found 4 plugins.
Preloading 0 native plugins for Editor in 0.00 ms.
Unloading 7592 Unused Serialized files (Serialized files now loaded: 0)
Unloading 197 unused Assets / (14.2 MB). Loaded Objects now: 8245.
Memory consumption went from 283.7 MB to 269.5 MB.
Total: 22.716400 ms (FindLiveObjects: 2.813300 ms CreateObjectMapping: 0.860700 ms MarkObjects: 10.691800 ms  DeleteObjects: 8.343300 ms)

Prepare: number of updated asset objects reloaded= 0
AssetImportParameters requested are different than current active one (requested -> active):
  custom:container-demuxer-ogg: 62fdf1f143b41e24485cea50d1cbac27 -> 
  custom:framework-win-MediaFoundation: 216162199b28c13a410421893ffa2e32 -> 
  custom:container-muxer-webm: aa71ff27fc2769a1b78a27578f13a17b -> 
  custom:video-decoder-webm-vp8: 9c59270c3fd7afecdb556c50c9e8de78 -> 
  custom:AudioImporter_EditorPlatform: d09bf68614088b80899f8185d706f6e7 -> 
  custom:audio-decoder-ogg-vorbis: bf7c407c2cedff20999df2af8eb42d56 -> 
  custom:audio-encoder-webm-vorbis: bf7c407c2cedff20999df2af8eb42d56 -> 
  custom:video-decoder-ogg-theora: a1e56fd34408186e4bbccfd4996cb3dc -> 
  custom:container-demuxer-webm: 4f35f7cbe854078d1ac9338744f61a02 -> 
  custom:video-encoder-webm-vp8: eb34c28f22e8b96e1ab97ce403110664 -> 
========================================================================
Received Prepare
Begin MonoManager ReloadAssembly
Symbol file LoadedFromMemory doesn't match image D:\Tài liệu\Năm 4-1\PT GAME\The_Last_Vampire\Library\PackageCache\com.unity.visualscripting@1.8.0\Editor\VisualScripting.Core\Dependencies\YamlDotNet\Unity.VisualScripting.YamlDotNet.dll
Symbol file LoadedFromMemory doesn't match image D:\Tài liệu\Năm 4-1\PT GAME\The_Last_Vampire\Library\PackageCache\com.unity.visualscripting@1.8.0\Editor\VisualScripting.Core\Dependencies\DotNetZip\Unity.VisualScripting.IonicZip.dll
- Loaded All Assemblies, in  2.478 seconds
Refreshing native plugins compatible for Editor in 8.21 ms, found 4 plugins.
Native extension for WindowsStandalone target not found
Mono: successfully reloaded assembly
- Finished resetting the current domain, in  4.743 seconds
Domain Reload Profiling: 7221ms
	BeginReloadAssembly (275ms)
		ExecutionOrderSort (0ms)
		DisableScriptedObjects (15ms)
		BackupInstance (0ms)
		ReleaseScriptingObjects (1ms)
		CreateAndSetChildDomain (128ms)
	RebuildCommonClasses (38ms)
	RebuildNativeTypeToScriptingClass (11ms)
	initialDomainReloadingComplete (41ms)
	LoadAllAssembliesAndSetupDomain (2112ms)
		LoadAssemblies (1490ms)
		RebuildTransferFunctionScriptingTraits (0ms)
		AnalyzeDomain (707ms)
			TypeCache.Refresh (639ms)
				TypeCache.ScanAssembly (513ms)
			ScanForSourceGeneratedMonoScriptInfo (47ms)
			ResolveRequiredComponents (20ms)
	FinalizeReload (4743ms)
		ReleaseScriptCaches (0ms)
		RebuildScriptCaches (0ms)
		SetupLoadedEditorAssemblies (668ms)
			LogAssemblyErrors (0ms)
			InitializePlatformSupportModulesInManaged (7ms)
			SetLoadedEditorAssemblies (8ms)
			RefreshPlugins (0ms)
			BeforeProcessingInitializeOnLoad (110ms)
			ProcessInitializeOnLoadAttributes (498ms)
			ProcessInitializeOnLoadMethodAttributes (37ms)
			AfterProcessingInitializeOnLoad (7ms)
			EditorAssembliesLoaded (0ms)
		ExecutionOrderSort2 (0ms)
		AwakeInstancesAfterBackupRestoration (19ms)
Refreshing native plugins compatible for Editor in 6.77 ms, found 4 plugins.
Preloading 0 native plugins for Editor in 0.00 ms.
Unloading 7592 Unused Serialized files (Serialized files now loaded: 0)
Unloading 197 unused Assets / (14.2 MB). Loaded Objects now: 8250.
Memory consumption went from 283.7 MB to 269.5 MB.
Total: 24.412100 ms (FindLiveObjects: 1.816300 ms CreateObjectMapping: 0.987800 ms MarkObjects: 10.498900 ms  DeleteObjects: 11.105200 ms)

Prepare: number of updated asset objects reloaded= 0
AssetImportParameters requested are different than current active one (requested -> active):
  custom:container-demuxer-ogg: 62fdf1f143b41e24485cea50d1cbac27 -> 
  custom:framework-win-MediaFoundation: 216162199b28c13a410421893ffa2e32 -> 
  custom:container-muxer-webm: aa71ff27fc2769a1b78a27578f13a17b -> 
  custom:video-decoder-webm-vp8: 9c59270c3fd7afecdb556c50c9e8de78 -> 
  custom:AudioImporter_EditorPlatform: d09bf68614088b80899f8185d706f6e7 -> 
  custom:audio-decoder-ogg-vorbis: bf7c407c2cedff20999df2af8eb42d56 -> 
  custom:audio-encoder-webm-vorbis: bf7c407c2cedff20999df2af8eb42d56 -> 
  custom:video-decoder-ogg-theora: a1e56fd34408186e4bbccfd4996cb3dc -> 
  custom:container-demuxer-webm: 4f35f7cbe854078d1ac9338744f61a02 -> 
  custom:video-encoder-webm-vp8: eb34c28f22e8b96e1ab97ce403110664 -> 
========================================================================
Received Prepare
Begin MonoManager ReloadAssembly
Symbol file LoadedFromMemory doesn't match image D:\Tài liệu\Năm 4-1\PT GAME\The_Last_Vampire\Library\PackageCache\com.unity.visualscripting@1.8.0\Editor\VisualScripting.Core\Dependencies\YamlDotNet\Unity.VisualScripting.YamlDotNet.dll
Symbol file LoadedFromMemory doesn't match image D:\Tài liệu\Năm 4-1\PT GAME\The_Last_Vampire\Library\PackageCache\com.unity.visualscripting@1.8.0\Editor\VisualScripting.Core\Dependencies\DotNetZip\Unity.VisualScripting.IonicZip.dll
- Loaded All Assemblies, in  2.152 seconds
Refreshing native plugins compatible for Editor in 3.04 ms, found 4 plugins.
Native extension for WindowsStandalone target not found
Mono: successfully reloaded assembly
- Finished resetting the current domain, in  6.053 seconds
Domain Reload Profiling: 8204ms
	BeginReloadAssembly (292ms)
		ExecutionOrderSort (0ms)
		DisableScriptedObjects (20ms)
		BackupInstance (0ms)
		ReleaseScriptingObjects (1ms)
		CreateAndSetChildDomain (123ms)
	RebuildCommonClasses (35ms)
	RebuildNativeTypeToScriptingClass (11ms)
	initialDomainReloadingComplete (39ms)
	LoadAllAssembliesAndSetupDomain (1772ms)
		LoadAssemblies (783ms)
		RebuildTransferFunctionScriptingTraits (0ms)
		AnalyzeDomain (1081ms)
			TypeCache.Refresh (1038ms)
				TypeCache.ScanAssembly (707ms)
			ScanForSourceGeneratedMonoScriptInfo (30ms)
			ResolveRequiredComponents (13ms)
	FinalizeReload (6053ms)
		ReleaseScriptCaches (0ms)
		RebuildScriptCaches (0ms)
		SetupLoadedEditorAssemblies (878ms)
			LogAssemblyErrors (0ms)
			InitializePlatformSupportModulesInManaged (8ms)
			SetLoadedEditorAssemblies (9ms)
			RefreshPlugins (0ms)
			BeforeProcessingInitializeOnLoad (127ms)
			ProcessInitializeOnLoadAttributes (682ms)
			ProcessInitializeOnLoadMethodAttributes (45ms)
			AfterProcessingInitializeOnLoad (8ms)
			EditorAssembliesLoaded (0ms)
		ExecutionOrderSort2 (0ms)
		AwakeInstancesAfterBackupRestoration (22ms)
Refreshing native plugins compatible for Editor in 5.74 ms, found 4 plugins.
Preloading 0 native plugins for Editor in 0.00 ms.
Unloading 7593 Unused Serialized files (Serialized files now loaded: 0)
Unloading 197 unused Assets / (14.2 MB). Loaded Objects now: 8256.
Memory consumption went from 283.7 MB to 269.5 MB.
Total: 337.983400 ms (FindLiveObjects: 4.969400 ms CreateObjectMapping: 4.320900 ms MarkObjects: 82.675500 ms  DeleteObjects: 245.989100 ms)

Prepare: number of updated asset objects reloaded= 0
AssetImportParameters requested are different than current active one (requested -> active):
  custom:container-demuxer-ogg: 62fdf1f143b41e24485cea50d1cbac27 -> 
  custom:framework-win-MediaFoundation: 216162199b28c13a410421893ffa2e32 -> 
  custom:container-muxer-webm: aa71ff27fc2769a1b78a27578f13a17b -> 
  custom:video-decoder-webm-vp8: 9c59270c3fd7afecdb556c50c9e8de78 -> 
  custom:AudioImporter_EditorPlatform: d09bf68614088b80899f8185d706f6e7 -> 
  custom:audio-decoder-ogg-vorbis: bf7c407c2cedff20999df2af8eb42d56 -> 
  custom:audio-encoder-webm-vorbis: bf7c407c2cedff20999df2af8eb42d56 -> 
  custom:video-decoder-ogg-theora: a1e56fd34408186e4bbccfd4996cb3dc -> 
  custom:container-demuxer-webm: 4f35f7cbe854078d1ac9338744f61a02 -> 
  custom:video-encoder-webm-vp8: eb34c28f22e8b96e1ab97ce403110664 -> 
========================================================================
Received Prepare
Begin MonoManager ReloadAssembly
Symbol file LoadedFromMemory doesn't match image D:\Tài liệu\Năm 4-1\PT GAME\The_Last_Vampire\Library\PackageCache\com.unity.visualscripting@1.8.0\Editor\VisualScripting.Core\Dependencies\YamlDotNet\Unity.VisualScripting.YamlDotNet.dll
Symbol file LoadedFromMemory doesn't match image D:\Tài liệu\Năm 4-1\PT GAME\The_Last_Vampire\Library\PackageCache\com.unity.visualscripting@1.8.0\Editor\VisualScripting.Core\Dependencies\DotNetZip\Unity.VisualScripting.IonicZip.dll
- Loaded All Assemblies, in  2.929 seconds
Refreshing native plugins compatible for Editor in 6.41 ms, found 4 plugins.
Native extension for WindowsStandalone target not found
Mono: successfully reloaded assembly
- Finished resetting the current domain, in  3.126 seconds
Domain Reload Profiling: 6065ms
	BeginReloadAssembly (603ms)
		ExecutionOrderSort (0ms)
		DisableScriptedObjects (57ms)
		BackupInstance (0ms)
		ReleaseScriptingObjects (2ms)
		CreateAndSetChildDomain (335ms)
	RebuildCommonClasses (37ms)
	RebuildNativeTypeToScriptingClass (9ms)
	initialDomainReloadingComplete (43ms)
	LoadAllAssembliesAndSetupDomain (2245ms)
		LoadAssemblies (1097ms)
		RebuildTransferFunctionScriptingTraits (0ms)
		AnalyzeDomain (1247ms)
			TypeCache.Refresh (1187ms)
				TypeCache.ScanAssembly (685ms)
			ScanForSourceGeneratedMonoScriptInfo (43ms)
			ResolveRequiredComponents (17ms)
	FinalizeReload (3127ms)
		ReleaseScriptCaches (0ms)
		RebuildScriptCaches (0ms)
		SetupLoadedEditorAssemblies (693ms)
			LogAssemblyErrors (0ms)
			InitializePlatformSupportModulesInManaged (6ms)
			SetLoadedEditorAssemblies (6ms)
			RefreshPlugins (0ms)
			BeforeProcessingInitializeOnLoad (108ms)
			ProcessInitializeOnLoadAttributes (520ms)
			ProcessInitializeOnLoadMethodAttributes (46ms)
			AfterProcessingInitializeOnLoad (7ms)
			EditorAssembliesLoaded (0ms)
		ExecutionOrderSort2 (0ms)
		AwakeInstancesAfterBackupRestoration (18ms)
Refreshing native plugins compatible for Editor in 4.44 ms, found 4 plugins.
Preloading 0 native plugins for Editor in 0.00 ms.
Unloading 7593 Unused Serialized files (Serialized files now loaded: 0)
Unloading 197 unused Assets / (14.2 MB). Loaded Objects now: 8261.
Memory consumption went from 283.7 MB to 269.5 MB.
Total: 14.709700 ms (FindLiveObjects: 1.377500 ms CreateObjectMapping: 0.772000 ms MarkObjects: 8.260000 ms  DeleteObjects: 4.298000 ms)

Prepare: number of updated asset objects reloaded= 0
AssetImportParameters requested are different than current active one (requested -> active):
  custom:container-demuxer-ogg: 62fdf1f143b41e24485cea50d1cbac27 -> 
  custom:framework-win-MediaFoundation: 216162199b28c13a410421893ffa2e32 -> 
  custom:container-muxer-webm: aa71ff27fc2769a1b78a27578f13a17b -> 
  custom:video-decoder-webm-vp8: 9c59270c3fd7afecdb556c50c9e8de78 -> 
  custom:AudioImporter_EditorPlatform: d09bf68614088b80899f8185d706f6e7 -> 
  custom:audio-decoder-ogg-vorbis: bf7c407c2cedff20999df2af8eb42d56 -> 
  custom:audio-encoder-webm-vorbis: bf7c407c2cedff20999df2af8eb42d56 -> 
  custom:video-decoder-ogg-theora: a1e56fd34408186e4bbccfd4996cb3dc -> 
  custom:container-demuxer-webm: 4f35f7cbe854078d1ac9338744f61a02 -> 
  custom:video-encoder-webm-vp8: eb34c28f22e8b96e1ab97ce403110664 -> 
========================================================================
Received Prepare
Begin MonoManager ReloadAssembly
Symbol file LoadedFromMemory doesn't match image D:\Tài liệu\Năm 4-1\PT GAME\The_Last_Vampire\Library\PackageCache\com.unity.visualscripting@1.8.0\Editor\VisualScripting.Core\Dependencies\YamlDotNet\Unity.VisualScripting.YamlDotNet.dll
Symbol file LoadedFromMemory doesn't match image D:\Tài liệu\Năm 4-1\PT GAME\The_Last_Vampire\Library\PackageCache\com.unity.visualscripting@1.8.0\Editor\VisualScripting.Core\Dependencies\DotNetZip\Unity.VisualScripting.IonicZip.dll
- Loaded All Assemblies, in  1.437 seconds
Refreshing native plugins compatible for Editor in 4.49 ms, found 4 plugins.
Native extension for WindowsStandalone target not found
Mono: successfully reloaded assembly
- Finished resetting the current domain, in  2.522 seconds
Domain Reload Profiling: 3957ms
	BeginReloadAssembly (305ms)
		ExecutionOrderSort (0ms)
		DisableScriptedObjects (17ms)
		BackupInstance (0ms)
		ReleaseScriptingObjects (1ms)
		CreateAndSetChildDomain (126ms)
	RebuildCommonClasses (52ms)
	RebuildNativeTypeToScriptingClass (18ms)
	initialDomainReloadingComplete (54ms)
	LoadAllAssembliesAndSetupDomain (1005ms)
		LoadAssemblies (677ms)
		RebuildTransferFunctionScriptingTraits (0ms)
		AnalyzeDomain (437ms)
			TypeCache.Refresh (419ms)
				TypeCache.ScanAssembly (392ms)
			ScanForSourceGeneratedMonoScriptInfo (0ms)
			ResolveRequiredComponents (18ms)
	FinalizeReload (2523ms)
		ReleaseScriptCaches (0ms)
		RebuildScriptCaches (0ms)
		SetupLoadedEditorAssemblies (810ms)
			LogAssemblyErrors (0ms)
			InitializePlatformSupportModulesInManaged (7ms)
			SetLoadedEditorAssemblies (9ms)
			RefreshPlugins (0ms)
			BeforeProcessingInitializeOnLoad (132ms)
			ProcessInitializeOnLoadAttributes (614ms)
			ProcessInitializeOnLoadMethodAttributes (39ms)
			AfterProcessingInitializeOnLoad (9ms)
			EditorAssembliesLoaded (0ms)
		ExecutionOrderSort2 (0ms)
		AwakeInstancesAfterBackupRestoration (21ms)
Refreshing native plugins compatible for Editor in 4.68 ms, found 4 plugins.
Preloading 0 native plugins for Editor in 0.00 ms.
Unloading 7593 Unused Serialized files (Serialized files now loaded: 0)
Unloading 197 unused Assets / (14.2 MB). Loaded Objects now: 8266.
Memory consumption went from 283.8 MB to 269.5 MB.
Total: 15.629100 ms (FindLiveObjects: 1.470700 ms CreateObjectMapping: 0.539600 ms MarkObjects: 7.590000 ms  DeleteObjects: 6.027500 ms)

Prepare: number of updated asset objects reloaded= 0
AssetImportParameters requested are different than current active one (requested -> active):
  custom:container-demuxer-ogg: 62fdf1f143b41e24485cea50d1cbac27 -> 
  custom:framework-win-MediaFoundation: 216162199b28c13a410421893ffa2e32 -> 
  custom:container-muxer-webm: aa71ff27fc2769a1b78a27578f13a17b -> 
  custom:video-decoder-webm-vp8: 9c59270c3fd7afecdb556c50c9e8de78 -> 
  custom:AudioImporter_EditorPlatform: d09bf68614088b80899f8185d706f6e7 -> 
  custom:audio-decoder-ogg-vorbis: bf7c407c2cedff20999df2af8eb42d56 -> 
  custom:audio-encoder-webm-vorbis: bf7c407c2cedff20999df2af8eb42d56 -> 
  custom:video-decoder-ogg-theora: a1e56fd34408186e4bbccfd4996cb3dc -> 
  custom:container-demuxer-webm: 4f35f7cbe854078d1ac9338744f61a02 -> 
  custom:video-encoder-webm-vp8: eb34c28f22e8b96e1ab97ce403110664 -> 
========================================================================
Received Import Request.
  Time since last request: 589.663329 seconds.
  path: Assets/UI/Canvas.prefab
  artifactKey: Guid(4e3d1b4a9d8e5d24bb908fc9270845da) Importer(815301076,1909f56bfc062723c751e8b465ee728b)
Start importing Assets/UI/Canvas.prefab using Guid(4e3d1b4a9d8e5d24bb908fc9270845da) Importer(815301076,1909f56bfc062723c751e8b465ee728b)  -> (artifact id: '601bd21684fcbee77dc961a6705cc111') in 0.399597 seconds
Number of updated asset objects reloaded before import = 0
Number of asset objects unloaded after import = 159
========================================================================
Received Import Request.
  Time since last request: 0.000043 seconds.
  path: Assets/UI/GlowParticle 1.png
  artifactKey: Guid(5ee531b9caf4d5e4f877a2cfff7c4ddb) Importer(815301076,1909f56bfc062723c751e8b465ee728b)
Start importing Assets/UI/GlowParticle 1.png using Guid(5ee531b9caf4d5e4f877a2cfff7c4ddb) Importer(815301076,1909f56bfc062723c751e8b465ee728b)  -> (artifact id: '0aac37571b08545e35a47b6478957580') in 0.004100 seconds
Number of updated asset objects reloaded before import = 0
Number of asset objects unloaded after import = 2
========================================================================
Received Import Request.
  Time since last request: 0.000028 seconds.
  path: Assets/UI/GlowParticle.mat
  artifactKey: Guid(ed965504e72a6e14bae9c5ceee432048) Importer(815301076,1909f56bfc062723c751e8b465ee728b)
Start importing Assets/UI/GlowParticle.mat using Guid(ed965504e72a6e14bae9c5ceee432048) Importer(815301076,1909f56bfc062723c751e8b465ee728b)  -> (artifact id: '886e574ed22a1c8db6e4aeae64f382cb') in 0.002518 seconds
Number of updated asset objects reloaded before import = 0
Number of asset objects unloaded after import = 1
========================================================================
Received Import Request.
  Time since last request: 0.000060 seconds.
  path: Assets/UI/DialogueBox.prefab
  artifactKey: Guid(e3b0fe0df637e384e9a68d6034aac0d2) Importer(815301076,1909f56bfc062723c751e8b465ee728b)
Start importing Assets/UI/DialogueBox.prefab using Guid(e3b0fe0df637e384e9a68d6034aac0d2) Importer(815301076,1909f56bfc062723c751e8b465ee728b)  -> (artifact id: '6567f5ce8f2e10c73af66dbc679f7e5c') in 0.027483 seconds
Number of updated asset objects reloaded before import = 0
Number of asset objects unloaded after import = 48
========================================================================
Received Import Request.
  Time since last request: 0.000029 seconds.
  path: Assets/UI/GlowParticle.png
  artifactKey: Guid(6f1830c3f1bbcbe4aab02200882723d4) Importer(815301076,1909f56bfc062723c751e8b465ee728b)
Start importing Assets/UI/GlowParticle.png using Guid(6f1830c3f1bbcbe4aab02200882723d4) Importer(815301076,1909f56bfc062723c751e8b465ee728b)  -> (artifact id: '8c2cb6770b8b20ce33f24a68edb6b55b') in 0.002097 seconds
Number of updated asset objects reloaded before import = 0
Number of asset objects unloaded after import = 2
========================================================================
Received Import Request.
  Time since last request: 0.000034 seconds.
  path: Assets/UI/CheckPoint.prefab
  artifactKey: Guid(59e8fa45763080d4db44e4820fd4520b) Importer(815301076,1909f56bfc062723c751e8b465ee728b)
Start importing Assets/UI/CheckPoint.prefab using Guid(59e8fa45763080d4db44e4820fd4520b) Importer(815301076,1909f56bfc062723c751e8b465ee728b)  -> (artifact id: '36a6ff69050ad832c641ce117472ede2') in 0.031600 seconds
Number of updated asset objects reloaded before import = 0
Number of asset objects unloaded after import = 21
========================================================================
Received Import Request.
  Time since last request: 0.000018 seconds.
  path: Assets/UI/Logo.png
  artifactKey: Guid(8dc68d401df79664db3b7c2f28dbcb72) Importer(815301076,1909f56bfc062723c751e8b465ee728b)
Start importing Assets/UI/Logo.png using Guid(8dc68d401df79664db3b7c2f28dbcb72) Importer(815301076,1909f56bfc062723c751e8b465ee728b)  -> (artifact id: 'f5a02e7e2270d8512e4ba87fd3465c09') in 0.005176 seconds
Number of updated asset objects reloaded before import = 0
Number of asset objects unloaded after import = 2
========================================================================
Received Import Request.
  Time since last request: 0.018260 seconds.
  path: Assets/SFX/BGM/Level_1_Music.mp3
  artifactKey: Guid(55511086c0947664abaf86425a342fc0) Importer(815301076,1909f56bfc062723c751e8b465ee728b)
Start importing Assets/SFX/BGM/Level_1_Music.mp3 using Guid(55511086c0947664abaf86425a342fc0) Importer(815301076,1909f56bfc062723c751e8b465ee728b)  -> (artifact id: '5b73879fae76e46f66f7a5aa927f06dc') in 0.014632 seconds
Number of updated asset objects reloaded before import = 0
Number of asset objects unloaded after import = 1
========================================================================
Received Import Request.
  Time since last request: 0.000051 seconds.
  path: Assets/SFX/BGM/map2.mp3
  artifactKey: Guid(958b53b02a9639342a4359930828b125) Importer(815301076,1909f56bfc062723c751e8b465ee728b)
Start importing Assets/SFX/BGM/map2.mp3 using Guid(958b53b02a9639342a4359930828b125) Importer(815301076,1909f56bfc062723c751e8b465ee728b)  -> (artifact id: '5c18a34f4dbc96127125f31c4c852266') in 0.012752 seconds
Number of updated asset objects reloaded before import = 0
Number of asset objects unloaded after import = 1
========================================================================
Received Import Request.
  Time since last request: 0.000039 seconds.
  path: Assets/SFX/BGM/map4.mp3
  artifactKey: Guid(42681482ccef2ca48bbe69b882d06258) Importer(815301076,1909f56bfc062723c751e8b465ee728b)
Start importing Assets/SFX/BGM/map4.mp3 using Guid(42681482ccef2ca48bbe69b882d06258) Importer(815301076,1909f56bfc062723c751e8b465ee728b)  -> (artifact id: 'dbea8b452f5b504d7382e3855dd4a913') in 0.012081 seconds
Number of updated asset objects reloaded before import = 0
Number of asset objects unloaded after import = 1
TcpMessagingSession - receive error
AssetImportWorkerClient::OnTransportError - code=10054 error=An existing connection was forcibly closed by the remote host.
