Using pre-set license
Built from '2022.3/staging' branch; Version is '2022.3.3f1 (7cdc2969a641) revision 8182825'; Using compiler version '192829333'; Build Type 'Release'
OS: 'Windows 11  (10.0.26120) 64bit Core' Language: 'en' Physical Memory: 3891 MB
BatchMode: 1, IsHumanControllingUs: 0, StartBugReporterOnCrash: 0, Is64bit: 1, IsPro: 1

COMMAND LINE ARGUMENTS:
D:\Unity\2022.3.3f1\Editor\Unity.exe
-adb2
-batchMode
-noUpm
-name
AssetImportWorker15
-projectPath
D:/BaoDi/7/Game/The_Last_Vampire
-logFile
Logs/AssetImportWorker15.log
-srvPort
36596
Successfully changed project path to: D:/BaoDi/7/Game/The_Last_Vampire
D:/BaoDi/7/Game/The_Last_Vampire
[UnityMemory] Configuration Parameters - Can be set up in boot.config
    "memorysetup-bucket-allocator-granularity=16"
    "memorysetup-bucket-allocator-bucket-count=8"
    "memorysetup-bucket-allocator-block-size=33554432"
    "memorysetup-bucket-allocator-block-count=8"
    "memorysetup-main-allocator-block-size=16777216"
    "memorysetup-thread-allocator-block-size=16777216"
    "memorysetup-gfx-main-allocator-block-size=16777216"
    "memorysetup-gfx-thread-allocator-block-size=16777216"
    "memorysetup-cache-allocator-block-size=4194304"
    "memorysetup-typetree-allocator-block-size=2097152"
    "memorysetup-profiler-bucket-allocator-granularity=16"
    "memorysetup-profiler-bucket-allocator-bucket-count=8"
    "memorysetup-profiler-bucket-allocator-block-size=33554432"
    "memorysetup-profiler-bucket-allocator-block-count=8"
    "memorysetup-profiler-allocator-block-size=16777216"
    "memorysetup-profiler-editor-allocator-block-size=1048576"
    "memorysetup-temp-allocator-size-main=16777216"
    "memorysetup-job-temp-allocator-block-size=2097152"
    "memorysetup-job-temp-allocator-block-size-background=1048576"
    "memorysetup-job-temp-allocator-reduction-small-platforms=262144"
    "memorysetup-allocator-temp-initial-block-size-main=262144"
    "memorysetup-allocator-temp-initial-block-size-worker=262144"
    "memorysetup-temp-allocator-size-background-worker=32768"
    "memorysetup-temp-allocator-size-job-worker=262144"
    "memorysetup-temp-allocator-size-preload-manager=33554432"
    "memorysetup-temp-allocator-size-nav-mesh-worker=65536"
    "memorysetup-temp-allocator-size-audio-worker=65536"
    "memorysetup-temp-allocator-size-cloud-worker=32768"
    "memorysetup-temp-allocator-size-gi-baking-worker=262144"
    "memorysetup-temp-allocator-size-gfx=262144"
Player connection [15440] Host "[IP] 10.0.228.219 [Port] 0 [Flags] 2 [Guid] 1439764608 [EditorId] 1439764608 [Version] 1048832 [Id] WindowsEditor(7,DESKTOP-UUB2EGU) [Debug] 1 [PackageName] WindowsEditor [ProjectName] Editor" joined multi-casting on [225.0.0.222:54997]...

Player connection [15440] Host "[IP] 10.0.228.219 [Port] 0 [Flags] 2 [Guid] 1439764608 [EditorId] 1439764608 [Version] 1048832 [Id] WindowsEditor(7,DESKTOP-UUB2EGU) [Debug] 1 [PackageName] WindowsEditor [ProjectName] Editor" joined alternative multi-casting on [225.0.0.222:34997]...

Refreshing native plugins compatible for Editor in 82.28 ms, found 4 plugins.
Preloading 0 native plugins for Editor in 0.00 ms.
Initialize engine version: 2022.3.3f1 (7cdc2969a641)
[Subsystems] Discovering subsystems at path D:/Unity/2022.3.3f1/Editor/Data/Resources/UnitySubsystems
[Subsystems] Discovering subsystems at path D:/BaoDi/7/Game/The_Last_Vampire/Assets
GfxDevice: creating device client; threaded=0; jobified=0
Direct3D:
    Version:  Direct3D 11.0 [level 11.1]
    Renderer: Intel(R) UHD Graphics (ID=0x8a56)
    Vendor:   Intel
    VRAM:     1945 MB
    Driver:   27.20.100.9664
Initialize mono
Mono path[0] = 'D:/Unity/2022.3.3f1/Editor/Data/Managed'
Mono path[1] = 'D:/Unity/2022.3.3f1/Editor/Data/MonoBleedingEdge/lib/mono/unityjit-win32'
Mono config path = 'D:/Unity/2022.3.3f1/Editor/Data/MonoBleedingEdge/etc'
Using monoOptions --debugger-agent=transport=dt_socket,embedding=1,server=y,suspend=n,address=127.0.0.1:56040
Begin MonoManager ReloadAssembly
Registering precompiled unity dll's ...
Register platform support module: D:/Unity/2022.3.3f1/Editor/Data/PlaybackEngines/WindowsStandaloneSupport/UnityEditor.WindowsStandalone.Extensions.dll
Registered in 0.030550 seconds.
- Loaded All Assemblies, in  5.916 seconds
Native extension for WindowsStandalone target not found
Mono: successfully reloaded assembly
- Finished resetting the current domain, in  5.787 seconds
Domain Reload Profiling: 11710ms
	BeginReloadAssembly (1767ms)
		ExecutionOrderSort (0ms)
		DisableScriptedObjects (0ms)
		BackupInstance (0ms)
		ReleaseScriptingObjects (0ms)
		CreateAndSetChildDomain (4ms)
	RebuildCommonClasses (339ms)
	RebuildNativeTypeToScriptingClass (233ms)
	initialDomainReloadingComplete (2606ms)
	LoadAllAssembliesAndSetupDomain (970ms)
		LoadAssemblies (1766ms)
		RebuildTransferFunctionScriptingTraits (0ms)
		AnalyzeDomain (902ms)
			TypeCache.Refresh (899ms)
				TypeCache.ScanAssembly (847ms)
			ScanForSourceGeneratedMonoScriptInfo (1ms)
			ResolveRequiredComponents (2ms)
	FinalizeReload (5795ms)
		ReleaseScriptCaches (0ms)
		RebuildScriptCaches (0ms)
		SetupLoadedEditorAssemblies (5097ms)
			LogAssemblyErrors (0ms)
			InitializePlatformSupportModulesInManaged (28ms)
			SetLoadedEditorAssemblies (94ms)
			RefreshPlugins (0ms)
			BeforeProcessingInitializeOnLoad (174ms)
			ProcessInitializeOnLoadAttributes (4221ms)
			ProcessInitializeOnLoadMethodAttributes (579ms)
			AfterProcessingInitializeOnLoad (0ms)
			EditorAssembliesLoaded (1ms)
		ExecutionOrderSort2 (0ms)
		AwakeInstancesAfterBackupRestoration (0ms)
========================================================================
Worker process is ready to serve import requests
Begin MonoManager ReloadAssembly
Symbol file LoadedFromMemory doesn't match image D:\BaoDi\7\Game\The_Last_Vampire\Library\PackageCache\com.unity.visualscripting@1.8.0\Editor\VisualScripting.Core\Dependencies\YamlDotNet\Unity.VisualScripting.YamlDotNet.dll
Symbol file LoadedFromMemory doesn't match image D:\BaoDi\7\Game\The_Last_Vampire\Library\PackageCache\com.unity.visualscripting@1.8.0\Editor\VisualScripting.Core\Dependencies\DotNetZip\Unity.VisualScripting.IonicZip.dll
- Loaded All Assemblies, in 14.991 seconds
Refreshing native plugins compatible for Editor in 9.58 ms, found 4 plugins.
Native extension for WindowsStandalone target not found
Mono: successfully reloaded assembly
- Finished resetting the current domain, in 15.016 seconds
Domain Reload Profiling: 33189ms
	BeginReloadAssembly (2288ms)
		ExecutionOrderSort (0ms)
		DisableScriptedObjects (27ms)
		BackupInstance (0ms)
		ReleaseScriptingObjects (59ms)
		CreateAndSetChildDomain (526ms)
	RebuildCommonClasses (309ms)
	RebuildNativeTypeToScriptingClass (45ms)
	initialDomainReloadingComplete (290ms)
	LoadAllAssembliesAndSetupDomain (15237ms)
		LoadAssemblies (5086ms)
		RebuildTransferFunctionScriptingTraits (0ms)
		AnalyzeDomain (7770ms)
			TypeCache.Refresh (6014ms)
				TypeCache.ScanAssembly (3946ms)
			ScanForSourceGeneratedMonoScriptInfo (1695ms)
			ResolveRequiredComponents (61ms)
	FinalizeReload (15021ms)
		ReleaseScriptCaches (0ms)
		RebuildScriptCaches (0ms)
		SetupLoadedEditorAssemblies (8192ms)
			LogAssemblyErrors (0ms)
			InitializePlatformSupportModulesInManaged (20ms)
			SetLoadedEditorAssemblies (16ms)
			RefreshPlugins (0ms)
			BeforeProcessingInitializeOnLoad (3700ms)
			ProcessInitializeOnLoadAttributes (3803ms)
			ProcessInitializeOnLoadMethodAttributes (619ms)
			AfterProcessingInitializeOnLoad (23ms)
			EditorAssembliesLoaded (11ms)
		ExecutionOrderSort2 (1ms)
		AwakeInstancesAfterBackupRestoration (226ms)
Launched and connected shader compiler UnityShaderCompiler.exe after 4.60 seconds
Refreshing native plugins compatible for Editor in 3636.31 ms, found 4 plugins.
Preloading 0 native plugins for Editor in 0.00 ms.
Unloading 4029 Unused Serialized files (Serialized files now loaded: 0)
Unloading 64 unused Assets / (60.7 KB). Loaded Objects now: 4494.
Memory consumption went from 139.1 MB to 139.0 MB.
Total: 2178.191500 ms (FindLiveObjects: 199.325000 ms CreateObjectMapping: 29.200700 ms MarkObjects: 1698.064500 ms  DeleteObjects: 251.596200 ms)

AssetImportParameters requested are different than current active one (requested -> active):
  custom:container-demuxer-ogg: 62fdf1f143b41e24485cea50d1cbac27 -> 
  custom:video-decoder-ogg-theora: a1e56fd34408186e4bbccfd4996cb3dc -> 
  custom:framework-win-MediaFoundation: 216162199b28c13a410421893ffa2e32 -> 
  custom:container-demuxer-webm: 4f35f7cbe854078d1ac9338744f61a02 -> 
  custom:container-muxer-webm: aa71ff27fc2769a1b78a27578f13a17b -> 
  custom:video-decoder-webm-vp8: 9c59270c3fd7afecdb556c50c9e8de78 -> 
  custom:AudioImporter_EditorPlatform: d09bf68614088b80899f8185d706f6e7 -> 
  custom:video-encoder-webm-vp8: eb34c28f22e8b96e1ab97ce403110664 -> 
  custom:audio-decoder-ogg-vorbis: bf7c407c2cedff20999df2af8eb42d56 -> 
  custom:audio-encoder-webm-vorbis: bf7c407c2cedff20999df2af8eb42d56 -> 
========================================================================
Received Import Request.
  Time since last request: 74097.020730 seconds.
  path: Assets/Map1_Forest/NPC1_Spirit/Sprite.prefab
  artifactKey: Guid(eb749160089bea64eb7e07bcd45612a2) Importer(815301076,1909f56bfc062723c751e8b465ee728b)
Start importing Assets/Map1_Forest/NPC1_Spirit/Sprite.prefab using Guid(eb749160089bea64eb7e07bcd45612a2) Importer(815301076,1909f56bfc062723c751e8b465ee728b)  -> (artifact id: '82e7a3fa8f59b30808cdfdcde0554be4') in 6.910258 seconds
Internal: There are remaining Allocations on the JobTempAlloc. This is a leak, and will impact performance
To Debug, run app with -diag-job-temp-memory-leak-validation cmd line argument. This will output the callstacks of the leaked allocations.
Number of updated asset objects reloaded before import = 0
Number of asset objects unloaded after import = 27
========================================================================
Received Import Request.
  Time since last request: 1.921914 seconds.
  path: Assets/Map1_Forest/NPC1_Spirit/DialogueCanvas.prefab
  artifactKey: Guid(a9f967fa47cca7740b244974b0d6538f) Importer(815301076,1909f56bfc062723c751e8b465ee728b)
Start importing Assets/Map1_Forest/NPC1_Spirit/DialogueCanvas.prefab using Guid(a9f967fa47cca7740b244974b0d6538f) Importer(815301076,1909f56bfc062723c751e8b465ee728b)  -> (artifact id: '3b7780be79bf6d165320466e10cd2548') in 0.917809 seconds
Internal: There are remaining Allocations on the JobTempAlloc. This is a leak, and will impact performance
To Debug, run app with -diag-job-temp-memory-leak-validation cmd line argument. This will output the callstacks of the leaked allocations.
Number of updated asset objects reloaded before import = 0
Number of asset objects unloaded after import = 20
========================================================================
Received Import Request.
  Time since last request: 0.061413 seconds.
  path: Assets/Map1_Forest/NPC1_Spirit/DialogueCanvas.prefab
  artifactKey: Guid(a9f967fa47cca7740b244974b0d6538f) Importer(815301076,1909f56bfc062723c751e8b465ee728b)
Start importing Assets/Map1_Forest/NPC1_Spirit/DialogueCanvas.prefab using Guid(a9f967fa47cca7740b244974b0d6538f) Importer(815301076,1909f56bfc062723c751e8b465ee728b)  -> (artifact id: '630b7a426868cb942f9c761cfc4c3840') in 0.409400 seconds
Internal: There are remaining Allocations on the JobTempAlloc. This is a leak, and will impact performance
To Debug, run app with -diag-job-temp-memory-leak-validation cmd line argument. This will output the callstacks of the leaked allocations.
Number of updated asset objects reloaded before import = 0
Number of asset objects unloaded after import = 20
========================================================================
Received Import Request.
  Time since last request: 1.467447 seconds.
  path: Assets/Map1_Forest/NPC1_Spirit/DialogueCanvas.prefab
  artifactKey: Guid(a9f967fa47cca7740b244974b0d6538f) Importer(815301076,1909f56bfc062723c751e8b465ee728b)
Start importing Assets/Map1_Forest/NPC1_Spirit/DialogueCanvas.prefab using Guid(a9f967fa47cca7740b244974b0d6538f) Importer(815301076,1909f56bfc062723c751e8b465ee728b)  -> (artifact id: '94e3467a11ec4a74a40236fb168e338e') in 0.080067 seconds
Internal: There are remaining Allocations on the JobTempAlloc. This is a leak, and will impact performance
To Debug, run app with -diag-job-temp-memory-leak-validation cmd line argument. This will output the callstacks of the leaked allocations.
Number of updated asset objects reloaded before import = 0
Number of asset objects unloaded after import = 20
========================================================================
Received Import Request.
  Time since last request: 1.007284 seconds.
  path: Assets/Map1_Forest/NPC1_Spirit/DialogueCanvas.prefab
  artifactKey: Guid(a9f967fa47cca7740b244974b0d6538f) Importer(815301076,1909f56bfc062723c751e8b465ee728b)
Start importing Assets/Map1_Forest/NPC1_Spirit/DialogueCanvas.prefab using Guid(a9f967fa47cca7740b244974b0d6538f) Importer(815301076,1909f56bfc062723c751e8b465ee728b)  -> (artifact id: '641e69f2d5b1b882128a7b394e9c107c') in 0.125885 seconds
Internal: There are remaining Allocations on the JobTempAlloc. This is a leak, and will impact performance
To Debug, run app with -diag-job-temp-memory-leak-validation cmd line argument. This will output the callstacks of the leaked allocations.
Number of updated asset objects reloaded before import = 0
Number of asset objects unloaded after import = 20
========================================================================
Received Import Request.
  Time since last request: 7.298931 seconds.
  path: Assets/Map1_Forest/NPC1_Spirit/DialogueCanvas.prefab
  artifactKey: Guid(a9f967fa47cca7740b244974b0d6538f) Importer(815301076,1909f56bfc062723c751e8b465ee728b)
Start importing Assets/Map1_Forest/NPC1_Spirit/DialogueCanvas.prefab using Guid(a9f967fa47cca7740b244974b0d6538f) Importer(815301076,1909f56bfc062723c751e8b465ee728b)  -> (artifact id: 'a73b6ccae86ac99696e513b7876bfa31') in 0.141406 seconds
Internal: There are remaining Allocations on the JobTempAlloc. This is a leak, and will impact performance
To Debug, run app with -diag-job-temp-memory-leak-validation cmd line argument. This will output the callstacks of the leaked allocations.
Number of updated asset objects reloaded before import = 0
Number of asset objects unloaded after import = 20
========================================================================
Received Import Request.
  Time since last request: 3.905925 seconds.
  path: Assets/Map1_Forest/NPC1_Spirit/DialogueCanvas.prefab
  artifactKey: Guid(a9f967fa47cca7740b244974b0d6538f) Importer(815301076,1909f56bfc062723c751e8b465ee728b)
Start importing Assets/Map1_Forest/NPC1_Spirit/DialogueCanvas.prefab using Guid(a9f967fa47cca7740b244974b0d6538f) Importer(815301076,1909f56bfc062723c751e8b465ee728b)  -> (artifact id: 'f5bdde35e378b74bc90f8c8b45116e8c') in 0.115491 seconds
Internal: There are remaining Allocations on the JobTempAlloc. This is a leak, and will impact performance
To Debug, run app with -diag-job-temp-memory-leak-validation cmd line argument. This will output the callstacks of the leaked allocations.
Number of updated asset objects reloaded before import = 0
Number of asset objects unloaded after import = 20
========================================================================
Received Import Request.
  Time since last request: 0.362598 seconds.
  path: Assets/Map1_Forest/NPC1_Spirit/DialogueCanvas.prefab
  artifactKey: Guid(a9f967fa47cca7740b244974b0d6538f) Importer(815301076,1909f56bfc062723c751e8b465ee728b)
Start importing Assets/Map1_Forest/NPC1_Spirit/DialogueCanvas.prefab using Guid(a9f967fa47cca7740b244974b0d6538f) Importer(815301076,1909f56bfc062723c751e8b465ee728b)  -> (artifact id: '1bcd5bcc3bb48d14f51e8a1a2af913ff') in 0.070362 seconds
Internal: There are remaining Allocations on the JobTempAlloc. This is a leak, and will impact performance
To Debug, run app with -diag-job-temp-memory-leak-validation cmd line argument. This will output the callstacks of the leaked allocations.
Number of updated asset objects reloaded before import = 0
Number of asset objects unloaded after import = 20
========================================================================
Received Import Request.
  Time since last request: 2.387143 seconds.
  path: Assets/Map1_Forest/NPC1_Spirit/DialogueCanvas.prefab
  artifactKey: Guid(a9f967fa47cca7740b244974b0d6538f) Importer(815301076,1909f56bfc062723c751e8b465ee728b)
Start importing Assets/Map1_Forest/NPC1_Spirit/DialogueCanvas.prefab using Guid(a9f967fa47cca7740b244974b0d6538f) Importer(815301076,1909f56bfc062723c751e8b465ee728b)  -> (artifact id: 'cbdeab8df60dc0620ab5a859cb4f8348') in 0.116973 seconds
Internal: There are remaining Allocations on the JobTempAlloc. This is a leak, and will impact performance
To Debug, run app with -diag-job-temp-memory-leak-validation cmd line argument. This will output the callstacks of the leaked allocations.
Number of updated asset objects reloaded before import = 0
Number of asset objects unloaded after import = 20
========================================================================
Received Import Request.
  Time since last request: 3.496717 seconds.
  path: Assets/Map1_Forest/NPC1_Spirit/DialogueCanvas.prefab
  artifactKey: Guid(a9f967fa47cca7740b244974b0d6538f) Importer(815301076,1909f56bfc062723c751e8b465ee728b)
Start importing Assets/Map1_Forest/NPC1_Spirit/DialogueCanvas.prefab using Guid(a9f967fa47cca7740b244974b0d6538f) Importer(815301076,1909f56bfc062723c751e8b465ee728b)  -> (artifact id: '9cfb93b7619ae39e7b76165e3d26bd4b') in 0.054382 seconds
Internal: There are remaining Allocations on the JobTempAlloc. This is a leak, and will impact performance
To Debug, run app with -diag-job-temp-memory-leak-validation cmd line argument. This will output the callstacks of the leaked allocations.
Number of updated asset objects reloaded before import = 0
Number of asset objects unloaded after import = 20
========================================================================
Received Import Request.
  Time since last request: 11.909437 seconds.
  path: Assets/Map1_Forest/NPC1_Spirit/DialogueCanvas.prefab
  artifactKey: Guid(a9f967fa47cca7740b244974b0d6538f) Importer(815301076,1909f56bfc062723c751e8b465ee728b)
Start importing Assets/Map1_Forest/NPC1_Spirit/DialogueCanvas.prefab using Guid(a9f967fa47cca7740b244974b0d6538f) Importer(815301076,1909f56bfc062723c751e8b465ee728b)  -> (artifact id: 'd85987a3e1ba868deffdef4a8d6487d1') in 0.066412 seconds
Internal: There are remaining Allocations on the JobTempAlloc. This is a leak, and will impact performance
To Debug, run app with -diag-job-temp-memory-leak-validation cmd line argument. This will output the callstacks of the leaked allocations.
Number of updated asset objects reloaded before import = 0
Number of asset objects unloaded after import = 20
========================================================================
Received Import Request.
  Time since last request: 7.900450 seconds.
  path: Assets/Map1_Forest/NPC1_Spirit/DialogueCanvas.prefab
  artifactKey: Guid(a9f967fa47cca7740b244974b0d6538f) Importer(815301076,1909f56bfc062723c751e8b465ee728b)
Start importing Assets/Map1_Forest/NPC1_Spirit/DialogueCanvas.prefab using Guid(a9f967fa47cca7740b244974b0d6538f) Importer(815301076,1909f56bfc062723c751e8b465ee728b)  -> (artifact id: '00274abc02aa5adac6d44fdcd1ddfe4c') in 0.237554 seconds
Internal: There are remaining Allocations on the JobTempAlloc. This is a leak, and will impact performance
To Debug, run app with -diag-job-temp-memory-leak-validation cmd line argument. This will output the callstacks of the leaked allocations.
Number of updated asset objects reloaded before import = 0
Number of asset objects unloaded after import = 20
========================================================================
Received Import Request.
  Time since last request: 0.747988 seconds.
  path: Assets/Map1_Forest/NPC1_Spirit/DialogueCanvas.prefab
  artifactKey: Guid(a9f967fa47cca7740b244974b0d6538f) Importer(815301076,1909f56bfc062723c751e8b465ee728b)
Start importing Assets/Map1_Forest/NPC1_Spirit/DialogueCanvas.prefab using Guid(a9f967fa47cca7740b244974b0d6538f) Importer(815301076,1909f56bfc062723c751e8b465ee728b)  -> (artifact id: '519aeede9cb0c1284bd9783f007ea05d') in 0.135522 seconds
Internal: JobTempAlloc has allocations that are more than the maximum lifespan of 4 frames old - this is not allowed and likely a leak
To Debug, run app with -diag-job-temp-memory-leak-validation cmd line argument. This will output the callstacks of the leaked allocations.
Internal: There are remaining Allocations on the JobTempAlloc. This is a leak, and will impact performance
To Debug, run app with -diag-job-temp-memory-leak-validation cmd line argument. This will output the callstacks of the leaked allocations.
Number of updated asset objects reloaded before import = 0
Number of asset objects unloaded after import = 20
========================================================================
Received Import Request.
  Time since last request: 3.273623 seconds.
  path: Assets/Map1_Forest/NPC1_Spirit/DialogueCanvas.prefab
  artifactKey: Guid(a9f967fa47cca7740b244974b0d6538f) Importer(815301076,1909f56bfc062723c751e8b465ee728b)
Start importing Assets/Map1_Forest/NPC1_Spirit/DialogueCanvas.prefab using Guid(a9f967fa47cca7740b244974b0d6538f) Importer(815301076,1909f56bfc062723c751e8b465ee728b)  -> (artifact id: '7f2958b81b03329694fb944becc9a8b2') in 0.139661 seconds
Internal: There are remaining Allocations on the JobTempAlloc. This is a leak, and will impact performance
To Debug, run app with -diag-job-temp-memory-leak-validation cmd line argument. This will output the callstacks of the leaked allocations.
Number of updated asset objects reloaded before import = 0
Number of asset objects unloaded after import = 20
========================================================================
Received Import Request.
  Time since last request: 3.441002 seconds.
  path: Assets/Map1_Forest/NPC1_Spirit/DialogueCanvas.prefab
  artifactKey: Guid(a9f967fa47cca7740b244974b0d6538f) Importer(815301076,1909f56bfc062723c751e8b465ee728b)
Start importing Assets/Map1_Forest/NPC1_Spirit/DialogueCanvas.prefab using Guid(a9f967fa47cca7740b244974b0d6538f) Importer(815301076,1909f56bfc062723c751e8b465ee728b)  -> (artifact id: 'cb998a9899f4621186b71f6f1cdd2b6c') in 0.167780 seconds
Internal: There are remaining Allocations on the JobTempAlloc. This is a leak, and will impact performance
To Debug, run app with -diag-job-temp-memory-leak-validation cmd line argument. This will output the callstacks of the leaked allocations.
Number of updated asset objects reloaded before import = 0
Number of asset objects unloaded after import = 20
========================================================================
Received Import Request.
  Time since last request: 1.463935 seconds.
  path: Assets/Map1_Forest/NPC1_Spirit/DialogueCanvas.prefab
  artifactKey: Guid(a9f967fa47cca7740b244974b0d6538f) Importer(815301076,1909f56bfc062723c751e8b465ee728b)
Start importing Assets/Map1_Forest/NPC1_Spirit/DialogueCanvas.prefab using Guid(a9f967fa47cca7740b244974b0d6538f) Importer(815301076,1909f56bfc062723c751e8b465ee728b)  -> (artifact id: '80b53362d76b8c116db1aef8a10214e4') in 0.061511 seconds
Internal: There are remaining Allocations on the JobTempAlloc. This is a leak, and will impact performance
To Debug, run app with -diag-job-temp-memory-leak-validation cmd line argument. This will output the callstacks of the leaked allocations.
Number of updated asset objects reloaded before import = 0
Number of asset objects unloaded after import = 20
========================================================================
Received Import Request.
  Time since last request: 7.370393 seconds.
  path: Assets/Map1_Forest/NPC1_Spirit/DialogueCanvas.prefab
  artifactKey: Guid(a9f967fa47cca7740b244974b0d6538f) Importer(815301076,1909f56bfc062723c751e8b465ee728b)
Start importing Assets/Map1_Forest/NPC1_Spirit/DialogueCanvas.prefab using Guid(a9f967fa47cca7740b244974b0d6538f) Importer(815301076,1909f56bfc062723c751e8b465ee728b)  -> (artifact id: 'fb36fd0abea992dfa43d5c0f4b3b5231') in 0.499747 seconds
Internal: There are remaining Allocations on the JobTempAlloc. This is a leak, and will impact performance
To Debug, run app with -diag-job-temp-memory-leak-validation cmd line argument. This will output the callstacks of the leaked allocations.
Number of updated asset objects reloaded before import = 0
Number of asset objects unloaded after import = 20
========================================================================
Received Import Request.
  Time since last request: 0.000370 seconds.
  path: Assets/Map1_Forest/NPC1_Spirit/DialogueCanvas.prefab
  artifactKey: Guid(a9f967fa47cca7740b244974b0d6538f) Importer(815301076,1909f56bfc062723c751e8b465ee728b)
Start importing Assets/Map1_Forest/NPC1_Spirit/DialogueCanvas.prefab using Guid(a9f967fa47cca7740b244974b0d6538f) Importer(815301076,1909f56bfc062723c751e8b465ee728b)  -> (artifact id: '048b04d8a0ef9e32b69691d7559a801e') in 0.125477 seconds
Internal: There are remaining Allocations on the JobTempAlloc. This is a leak, and will impact performance
To Debug, run app with -diag-job-temp-memory-leak-validation cmd line argument. This will output the callstacks of the leaked allocations.
Number of updated asset objects reloaded before import = 0
Number of asset objects unloaded after import = 20
========================================================================
Received Import Request.
  Time since last request: 0.204112 seconds.
  path: Assets/Map1_Forest/NPC1_Spirit/DialogueCanvas.prefab
  artifactKey: Guid(a9f967fa47cca7740b244974b0d6538f) Importer(815301076,1909f56bfc062723c751e8b465ee728b)
Start importing Assets/Map1_Forest/NPC1_Spirit/DialogueCanvas.prefab using Guid(a9f967fa47cca7740b244974b0d6538f) Importer(815301076,1909f56bfc062723c751e8b465ee728b)  -> (artifact id: '4bf7e3d19cce7a0f27f8cdc0aaf6d57c') in 0.289948 seconds
Internal: There are remaining Allocations on the JobTempAlloc. This is a leak, and will impact performance
To Debug, run app with -diag-job-temp-memory-leak-validation cmd line argument. This will output the callstacks of the leaked allocations.
Number of updated asset objects reloaded before import = 0
Number of asset objects unloaded after import = 20
========================================================================
Received Import Request.
  Time since last request: 0.296850 seconds.
  path: Assets/Map1_Forest/NPC1_Spirit/DialogueCanvas.prefab
  artifactKey: Guid(a9f967fa47cca7740b244974b0d6538f) Importer(815301076,1909f56bfc062723c751e8b465ee728b)
Start importing Assets/Map1_Forest/NPC1_Spirit/DialogueCanvas.prefab using Guid(a9f967fa47cca7740b244974b0d6538f) Importer(815301076,1909f56bfc062723c751e8b465ee728b)  -> (artifact id: '323e579789f06267b556de38799eba36') in 0.991072 seconds
Internal: There are remaining Allocations on the JobTempAlloc. This is a leak, and will impact performance
To Debug, run app with -diag-job-temp-memory-leak-validation cmd line argument. This will output the callstacks of the leaked allocations.
Number of updated asset objects reloaded before import = 0
Number of asset objects unloaded after import = 20
========================================================================
Received Import Request.
  Time since last request: 0.007065 seconds.
  path: Assets/Map1_Forest/NPC1_Spirit/DialogueCanvas.prefab
  artifactKey: Guid(a9f967fa47cca7740b244974b0d6538f) Importer(815301076,1909f56bfc062723c751e8b465ee728b)
Start importing Assets/Map1_Forest/NPC1_Spirit/DialogueCanvas.prefab using Guid(a9f967fa47cca7740b244974b0d6538f) Importer(815301076,1909f56bfc062723c751e8b465ee728b)  -> (artifact id: '4856c2c00fc472a643c49c821ccc62ad') in 0.315278 seconds
Internal: There are remaining Allocations on the JobTempAlloc. This is a leak, and will impact performance
To Debug, run app with -diag-job-temp-memory-leak-validation cmd line argument. This will output the callstacks of the leaked allocations.
Number of updated asset objects reloaded before import = 0
Number of asset objects unloaded after import = 20
========================================================================
Received Import Request.
  Time since last request: 5.174433 seconds.
  path: Assets/Map1_Forest/NPC1_Spirit/DialogueCanvas.prefab
  artifactKey: Guid(a9f967fa47cca7740b244974b0d6538f) Importer(815301076,1909f56bfc062723c751e8b465ee728b)
Start importing Assets/Map1_Forest/NPC1_Spirit/DialogueCanvas.prefab using Guid(a9f967fa47cca7740b244974b0d6538f) Importer(815301076,1909f56bfc062723c751e8b465ee728b)  -> (artifact id: '9df0d0f3bf0330c9b6780e98a447ef59') in 0.042404 seconds
Internal: There are remaining Allocations on the JobTempAlloc. This is a leak, and will impact performance
To Debug, run app with -diag-job-temp-memory-leak-validation cmd line argument. This will output the callstacks of the leaked allocations.
Number of updated asset objects reloaded before import = 0
Number of asset objects unloaded after import = 16
========================================================================
Received Import Request.
  Time since last request: 2.131911 seconds.
  path: Assets/Map1_Forest/NPC1_Spirit/DialogueCanvas.prefab
  artifactKey: Guid(a9f967fa47cca7740b244974b0d6538f) Importer(815301076,1909f56bfc062723c751e8b465ee728b)
Start importing Assets/Map1_Forest/NPC1_Spirit/DialogueCanvas.prefab using Guid(a9f967fa47cca7740b244974b0d6538f) Importer(815301076,1909f56bfc062723c751e8b465ee728b)  -> (artifact id: 'c6ed122765cf2c38d5e603fcee4625fc') in 0.660743 seconds
Internal: There are remaining Allocations on the JobTempAlloc. This is a leak, and will impact performance
To Debug, run app with -diag-job-temp-memory-leak-validation cmd line argument. This will output the callstacks of the leaked allocations.
Number of updated asset objects reloaded before import = 0
Number of asset objects unloaded after import = 17
========================================================================
Received Import Request.
  Time since last request: 3.466182 seconds.
  path: Assets/Map1_Forest/NPC1_Spirit/DialogueCanvas.prefab
  artifactKey: Guid(a9f967fa47cca7740b244974b0d6538f) Importer(815301076,1909f56bfc062723c751e8b465ee728b)
Start importing Assets/Map1_Forest/NPC1_Spirit/DialogueCanvas.prefab using Guid(a9f967fa47cca7740b244974b0d6538f) Importer(815301076,1909f56bfc062723c751e8b465ee728b)  -> (artifact id: '1d65ad2269d8c73d9c98b46f95261e87') in 0.064293 seconds
Internal: There are remaining Allocations on the JobTempAlloc. This is a leak, and will impact performance
To Debug, run app with -diag-job-temp-memory-leak-validation cmd line argument. This will output the callstacks of the leaked allocations.
Number of updated asset objects reloaded before import = 0
Number of asset objects unloaded after import = 20
========================================================================
Received Import Request.
  Time since last request: 24.965150 seconds.
  path: Assets/Map1_Forest/NPC1_Spirit/DialogueCanvas.prefab
  artifactKey: Guid(a9f967fa47cca7740b244974b0d6538f) Importer(815301076,1909f56bfc062723c751e8b465ee728b)
Start importing Assets/Map1_Forest/NPC1_Spirit/DialogueCanvas.prefab using Guid(a9f967fa47cca7740b244974b0d6538f) Importer(815301076,1909f56bfc062723c751e8b465ee728b)  -> (artifact id: '8ff1e6ca7bfa3d22f30fba7c1190d3e4') in 0.016653 seconds
Internal: There are remaining Allocations on the JobTempAlloc. This is a leak, and will impact performance
To Debug, run app with -diag-job-temp-memory-leak-validation cmd line argument. This will output the callstacks of the leaked allocations.
Number of updated asset objects reloaded before import = 0
Number of asset objects unloaded after import = 17
========================================================================
Received Import Request.
  Time since last request: 23.256122 seconds.
  path: Assets/Map1_Forest/NPC1_Spirit/Ribbon.png
  artifactKey: Guid(176c1d857d6afde4eb7978118dc0550f) Importer(815301076,1909f56bfc062723c751e8b465ee728b)
Start importing Assets/Map1_Forest/NPC1_Spirit/Ribbon.png using Guid(176c1d857d6afde4eb7978118dc0550f) Importer(815301076,1909f56bfc062723c751e8b465ee728b)  -> (artifact id: 'b3ad04ff3de9e019c9e2dbf26b782fb6') in 4.115306 seconds
Internal: There are remaining Allocations on the JobTempAlloc. This is a leak, and will impact performance
To Debug, run app with -diag-job-temp-memory-leak-validation cmd line argument. This will output the callstacks of the leaked allocations.
Number of updated asset objects reloaded before import = 0
Number of asset objects unloaded after import = 3
========================================================================
Received Import Request.
  Time since last request: 13.180280 seconds.
  path: Assets/Map1_Forest/NPC1_Spirit/DialogueCanvas.prefab
  artifactKey: Guid(a9f967fa47cca7740b244974b0d6538f) Importer(815301076,1909f56bfc062723c751e8b465ee728b)
Start importing Assets/Map1_Forest/NPC1_Spirit/DialogueCanvas.prefab using Guid(a9f967fa47cca7740b244974b0d6538f) Importer(815301076,1909f56bfc062723c751e8b465ee728b)  -> (artifact id: '5a067c89988708f91b1f02534bfa9678') in 0.874382 seconds
Internal: There are remaining Allocations on the JobTempAlloc. This is a leak, and will impact performance
To Debug, run app with -diag-job-temp-memory-leak-validation cmd line argument. This will output the callstacks of the leaked allocations.
Number of updated asset objects reloaded before import = 0
Number of asset objects unloaded after import = 20
========================================================================
Received Prepare
Begin MonoManager ReloadAssembly
Internal: deleting an allocation that is older than its permitted lifetime of 4 frames (age = 11)
Internal: deleting an allocation that is older than its permitted lifetime of 4 frames (age = 11)
Symbol file LoadedFromMemory doesn't match image D:\BaoDi\7\Game\The_Last_Vampire\Library\PackageCache\com.unity.visualscripting@1.8.0\Editor\VisualScripting.Core\Dependencies\YamlDotNet\Unity.VisualScripting.YamlDotNet.dll
Symbol file LoadedFromMemory doesn't match image D:\BaoDi\7\Game\The_Last_Vampire\Library\PackageCache\com.unity.visualscripting@1.8.0\Editor\VisualScripting.Core\Dependencies\DotNetZip\Unity.VisualScripting.IonicZip.dll
- Loaded All Assemblies, in 79.441 seconds
Refreshing native plugins compatible for Editor in 101.61 ms, found 4 plugins.
Native extension for WindowsStandalone target not found
Mono: successfully reloaded assembly
- Finished resetting the current domain, in 96.922 seconds
Domain Reload Profiling: 176402ms
	BeginReloadAssembly (23192ms)
		ExecutionOrderSort (176ms)
		DisableScriptedObjects (7132ms)
		BackupInstance (0ms)
		ReleaseScriptingObjects (187ms)
		CreateAndSetChildDomain (2572ms)
	RebuildCommonClasses (143ms)
	RebuildNativeTypeToScriptingClass (232ms)
	initialDomainReloadingComplete (1184ms)
	LoadAllAssembliesAndSetupDomain (54724ms)
		LoadAssemblies (43583ms)
		RebuildTransferFunctionScriptingTraits (0ms)
		AnalyzeDomain (12133ms)
			TypeCache.Refresh (11662ms)
				TypeCache.ScanAssembly (9547ms)
			ScanForSourceGeneratedMonoScriptInfo (398ms)
			ResolveRequiredComponents (74ms)
	FinalizeReload (96926ms)
		ReleaseScriptCaches (0ms)
		RebuildScriptCaches (0ms)
		SetupLoadedEditorAssemblies (36035ms)
			LogAssemblyErrors (0ms)
			InitializePlatformSupportModulesInManaged (76ms)
			SetLoadedEditorAssemblies (479ms)
			RefreshPlugins (0ms)
			BeforeProcessingInitializeOnLoad (4574ms)
			ProcessInitializeOnLoadAttributes (27948ms)
			ProcessInitializeOnLoadMethodAttributes (2934ms)
			AfterProcessingInitializeOnLoad (11ms)
			EditorAssembliesLoaded (12ms)
		ExecutionOrderSort2 (0ms)
		AwakeInstancesAfterBackupRestoration (392ms)
Refreshing native plugins compatible for Editor in 92.69 ms, found 4 plugins.
Preloading 0 native plugins for Editor in 0.00 ms.
Unloading 4064 Unused Serialized files (Serialized files now loaded: 0)
Unloading 49 unused Assets / (0.7 MB). Loaded Objects now: 4545.
Memory consumption went from 145.5 MB to 144.7 MB.
Total: 1914.157500 ms (FindLiveObjects: 11.715700 ms CreateObjectMapping: 1.309300 ms MarkObjects: 1879.310700 ms  DeleteObjects: 21.813800 ms)

Prepare: number of updated asset objects reloaded= 0
AssetImportParameters requested are different than current active one (requested -> active):
  custom:container-demuxer-ogg: 62fdf1f143b41e24485cea50d1cbac27 -> 
  custom:video-decoder-ogg-theora: a1e56fd34408186e4bbccfd4996cb3dc -> 
  custom:framework-win-MediaFoundation: 216162199b28c13a410421893ffa2e32 -> 
  custom:container-demuxer-webm: 4f35f7cbe854078d1ac9338744f61a02 -> 
  custom:container-muxer-webm: aa71ff27fc2769a1b78a27578f13a17b -> 
  custom:video-decoder-webm-vp8: 9c59270c3fd7afecdb556c50c9e8de78 -> 
  custom:AudioImporter_EditorPlatform: d09bf68614088b80899f8185d706f6e7 -> 
  custom:video-encoder-webm-vp8: eb34c28f22e8b96e1ab97ce403110664 -> 
  custom:audio-decoder-ogg-vorbis: bf7c407c2cedff20999df2af8eb42d56 -> 
  custom:audio-encoder-webm-vorbis: bf7c407c2cedff20999df2af8eb42d56 -> 
========================================================================
Received Import Request.
  Time since last request: 621.167096 seconds.
  path: Assets/Font/himagsikan.otf
  artifactKey: Guid(3915ecf7724c4b64e86c9df2c25aad65) Importer(815301076,1909f56bfc062723c751e8b465ee728b)
Start importing Assets/Font/himagsikan.otf using Guid(3915ecf7724c4b64e86c9df2c25aad65) Importer(815301076,1909f56bfc062723c751e8b465ee728b)  -> (artifact id: 'dbd0df1e9dfe9a9539de6a0fd7499f6c') in 3.196217 seconds
Number of updated asset objects reloaded before import = 0
Number of asset objects unloaded after import = 4
========================================================================
Received Import Request.
  Time since last request: 351.496304 seconds.
  path: Assets/Map1_Forest/NPC1_Spirit/DialogueCanvas.prefab
  artifactKey: Guid(a9f967fa47cca7740b244974b0d6538f) Importer(815301076,1909f56bfc062723c751e8b465ee728b)
Start importing Assets/Map1_Forest/NPC1_Spirit/DialogueCanvas.prefab using Guid(a9f967fa47cca7740b244974b0d6538f) Importer(815301076,1909f56bfc062723c751e8b465ee728b)  -> (artifact id: '1fb5eb1e13972a7349e3dfa78752d257') in 2.042485 seconds
Number of updated asset objects reloaded before import = 0
Number of asset objects unloaded after import = 28
========================================================================
Received Import Request.
  Time since last request: 5.962726 seconds.
  path: Assets/Map1_Forest/NPC1_Spirit/DialogueCanvas.prefab
  artifactKey: Guid(a9f967fa47cca7740b244974b0d6538f) Importer(815301076,1909f56bfc062723c751e8b465ee728b)
Start importing Assets/Map1_Forest/NPC1_Spirit/DialogueCanvas.prefab using Guid(a9f967fa47cca7740b244974b0d6538f) Importer(815301076,1909f56bfc062723c751e8b465ee728b)  -> (artifact id: '9c2ffecff6eb91f454e1c4a497b17647') in 0.146627 seconds
Number of updated asset objects reloaded before import = 0
Number of asset objects unloaded after import = 28
========================================================================
Received Import Request.
  Time since last request: 389.850617 seconds.
  path: Assets/TextMesh Pro/Resources/Fonts & Materials/LiberationSans SDF.asset
  artifactKey: Guid(8f586378b4e144a9851e7b34d9b748ee) Importer(815301076,1909f56bfc062723c751e8b465ee728b)
Start importing Assets/TextMesh Pro/Resources/Fonts & Materials/LiberationSans SDF.asset using Guid(8f586378b4e144a9851e7b34d9b748ee) Importer(815301076,1909f56bfc062723c751e8b465ee728b)  -> (artifact id: '409d41fe5b5c66210d217d5a066cb38e') in 3.801381 seconds
Number of updated asset objects reloaded before import = 0
Number of asset objects unloaded after import = 10
========================================================================
Received Import Request.
  Time since last request: 0.001617 seconds.
  path: Assets/TextMesh Pro/Resources/Fonts & Materials/LiberationSans SDF - Fallback.asset
  artifactKey: Guid(2e498d1c8094910479dc3e1b768306a4) Importer(815301076,1909f56bfc062723c751e8b465ee728b)
Start importing Assets/TextMesh Pro/Resources/Fonts & Materials/LiberationSans SDF - Fallback.asset using Guid(2e498d1c8094910479dc3e1b768306a4) Importer(815301076,1909f56bfc062723c751e8b465ee728b)  -> (artifact id: '3ba4e203b6ea49558599d56a15664e34') in 0.112796 seconds
Number of updated asset objects reloaded before import = 0
Number of asset objects unloaded after import = 7
========================================================================
Received Import Request.
  Time since last request: 10.200455 seconds.
  path: Assets/TextMesh Pro/Examples & Extras/Resources/Fonts & Materials/Bangers SDF.asset
  artifactKey: Guid(125cb55b44b24c4393181402bc6200e6) Importer(815301076,1909f56bfc062723c751e8b465ee728b)
Start importing Assets/TextMesh Pro/Examples & Extras/Resources/Fonts & Materials/Bangers SDF.asset using Guid(125cb55b44b24c4393181402bc6200e6) Importer(815301076,1909f56bfc062723c751e8b465ee728b)  -> (artifact id: 'a3448256aebba82579efc198ac849209') in 1.407207 seconds
Number of updated asset objects reloaded before import = 0
Number of asset objects unloaded after import = 8
========================================================================
Received Import Request.
  Time since last request: 0.000824 seconds.
  path: Assets/TextMesh Pro/Examples & Extras/Resources/Fonts & Materials/Roboto-Bold SDF.asset
  artifactKey: Guid(5302535af1044152a457ed104f1f4b91) Importer(815301076,1909f56bfc062723c751e8b465ee728b)
Start importing Assets/TextMesh Pro/Examples & Extras/Resources/Fonts & Materials/Roboto-Bold SDF.asset using Guid(5302535af1044152a457ed104f1f4b91) Importer(815301076,1909f56bfc062723c751e8b465ee728b)  -> (artifact id: 'd196d4dbcef0d29a063a5d0af03141da') in 0.267032 seconds
Number of updated asset objects reloaded before import = 0
Number of asset objects unloaded after import = 7
========================================================================
Received Import Request.
  Time since last request: 0.000059 seconds.
  path: Assets/TextMesh Pro/Examples & Extras/Resources/Fonts & Materials/Oswald Bold SDF.asset
  artifactKey: Guid(0161d805a3764c089bef00bfe00793f5) Importer(815301076,1909f56bfc062723c751e8b465ee728b)
Start importing Assets/TextMesh Pro/Examples & Extras/Resources/Fonts & Materials/Oswald Bold SDF.asset using Guid(0161d805a3764c089bef00bfe00793f5) Importer(815301076,1909f56bfc062723c751e8b465ee728b)  -> (artifact id: 'e8a6680d923e2fa4f7dc88f4888dcf6f') in 0.120857 seconds
Number of updated asset objects reloaded before import = 0
Number of asset objects unloaded after import = 8
========================================================================
Received Import Request.
  Time since last request: 0.305402 seconds.
  path: Assets/TextMesh Pro/Examples & Extras/Resources/Fonts & Materials/Anton SDF.asset
  artifactKey: Guid(8a89fa14b10d46a99122fd4f73fca9a2) Importer(815301076,1909f56bfc062723c751e8b465ee728b)
Start importing Assets/TextMesh Pro/Examples & Extras/Resources/Fonts & Materials/Anton SDF.asset using Guid(8a89fa14b10d46a99122fd4f73fca9a2) Importer(815301076,1909f56bfc062723c751e8b465ee728b)  -> (artifact id: '3830119c5b52ac24ad0c600a06394d56') in 0.190703 seconds
Number of updated asset objects reloaded before import = 0
Number of asset objects unloaded after import = 7
========================================================================
Received Import Request.
  Time since last request: 44.095587 seconds.
  path: Assets/Map1_Forest/NPC1_Spirit/Canvas.prefab
  artifactKey: Guid(678b1bbe1f7ee19448644c639d39f7e3) Importer(815301076,1909f56bfc062723c751e8b465ee728b)
Start importing Assets/Map1_Forest/NPC1_Spirit/Canvas.prefab using Guid(678b1bbe1f7ee19448644c639d39f7e3) Importer(815301076,1909f56bfc062723c751e8b465ee728b)  -> (artifact id: '47f4e926c11ea341eea38afc4146fdfb') in 0.502418 seconds
Number of updated asset objects reloaded before import = 0
Number of asset objects unloaded after import = 29
========================================================================
Received Import Request.
  Time since last request: 9.027097 seconds.
  path: Assets/Map1_Forest/NPC1_Spirit/Dialogue.prefab
  artifactKey: Guid(678b1bbe1f7ee19448644c639d39f7e3) Importer(815301076,1909f56bfc062723c751e8b465ee728b)
Start importing Assets/Map1_Forest/NPC1_Spirit/Dialogue.prefab using Guid(678b1bbe1f7ee19448644c639d39f7e3) Importer(815301076,1909f56bfc062723c751e8b465ee728b)  -> (artifact id: '130df838c5f07b93946a5787cdde0144') in 0.054655 seconds
Number of updated asset objects reloaded before import = 0
Number of asset objects unloaded after import = 29
========================================================================
Received Import Request.
  Time since last request: 33.960048 seconds.
  path: Assets/Map1_Forest/NPC1_Spirit/Sprite.prefab
  artifactKey: Guid(eb749160089bea64eb7e07bcd45612a2) Importer(815301076,1909f56bfc062723c751e8b465ee728b)
Start importing Assets/Map1_Forest/NPC1_Spirit/Sprite.prefab using Guid(eb749160089bea64eb7e07bcd45612a2) Importer(815301076,1909f56bfc062723c751e8b465ee728b)  -> (artifact id: 'cefc526ed7b05073dd2855c031e76a69') in 0.915564 seconds
Internal: There are remaining Allocations on the JobTempAlloc. This is a leak, and will impact performance
To Debug, run app with -diag-job-temp-memory-leak-validation cmd line argument. This will output the callstacks of the leaked allocations.
Number of updated asset objects reloaded before import = 0
Number of asset objects unloaded after import = 28
========================================================================
Received Import Request.
  Time since last request: 19.572295 seconds.
  path: Assets/Map1_Forest/NPC1_Spirit/Sprite.prefab
  artifactKey: Guid(eb749160089bea64eb7e07bcd45612a2) Importer(815301076,1909f56bfc062723c751e8b465ee728b)
Start importing Assets/Map1_Forest/NPC1_Spirit/Sprite.prefab using Guid(eb749160089bea64eb7e07bcd45612a2) Importer(815301076,1909f56bfc062723c751e8b465ee728b)  -> (artifact id: 'cc6a9eb79d4975275dbbb5482d9825d0') in 0.245291 seconds
Internal: There are remaining Allocations on the JobTempAlloc. This is a leak, and will impact performance
To Debug, run app with -diag-job-temp-memory-leak-validation cmd line argument. This will output the callstacks of the leaked allocations.
Number of updated asset objects reloaded before import = 0
Number of asset objects unloaded after import = 60
========================================================================
Received Prepare
Begin MonoManager ReloadAssembly
Symbol file LoadedFromMemory doesn't match image D:\BaoDi\7\Game\The_Last_Vampire\Library\PackageCache\com.unity.visualscripting@1.8.0\Editor\VisualScripting.Core\Dependencies\YamlDotNet\Unity.VisualScripting.YamlDotNet.dll
Symbol file LoadedFromMemory doesn't match image D:\BaoDi\7\Game\The_Last_Vampire\Library\PackageCache\com.unity.visualscripting@1.8.0\Editor\VisualScripting.Core\Dependencies\DotNetZip\Unity.VisualScripting.IonicZip.dll
- Loaded All Assemblies, in 27.238 seconds
Refreshing native plugins compatible for Editor in 318.39 ms, found 4 plugins.
Native extension for WindowsStandalone target not found
Mono: successfully reloaded assembly
- Finished resetting the current domain, in 15.790 seconds
Domain Reload Profiling: 43072ms
	BeginReloadAssembly (9583ms)
		ExecutionOrderSort (0ms)
		DisableScriptedObjects (901ms)
		BackupInstance (0ms)
		ReleaseScriptingObjects (6ms)
		CreateAndSetChildDomain (2775ms)
	RebuildCommonClasses (415ms)
	RebuildNativeTypeToScriptingClass (127ms)
	initialDomainReloadingComplete (501ms)
	LoadAllAssembliesAndSetupDomain (16652ms)
		LoadAssemblies (4227ms)
		RebuildTransferFunctionScriptingTraits (0ms)
		AnalyzeDomain (14108ms)
			TypeCache.Refresh (14029ms)
				TypeCache.ScanAssembly (12224ms)
			ScanForSourceGeneratedMonoScriptInfo (4ms)
			ResolveRequiredComponents (75ms)
	FinalizeReload (15792ms)
		ReleaseScriptCaches (0ms)
		RebuildScriptCaches (0ms)
		SetupLoadedEditorAssemblies (2503ms)
			LogAssemblyErrors (0ms)
			InitializePlatformSupportModulesInManaged (33ms)
			SetLoadedEditorAssemblies (22ms)
			RefreshPlugins (0ms)
			BeforeProcessingInitializeOnLoad (759ms)
			ProcessInitializeOnLoadAttributes (1572ms)
			ProcessInitializeOnLoadMethodAttributes (111ms)
			AfterProcessingInitializeOnLoad (5ms)
			EditorAssembliesLoaded (1ms)
		ExecutionOrderSort2 (0ms)
		AwakeInstancesAfterBackupRestoration (37ms)
Refreshing native plugins compatible for Editor in 24.00 ms, found 4 plugins.
Preloading 0 native plugins for Editor in 0.00 ms.
Unloading 4064 Unused Serialized files (Serialized files now loaded: 0)
Unloading 49 unused Assets / (0.6 MB). Loaded Objects now: 4589.
Memory consumption went from 145.8 MB to 145.2 MB.
Total: 30.227300 ms (FindLiveObjects: 1.012800 ms CreateObjectMapping: 0.747600 ms MarkObjects: 21.112300 ms  DeleteObjects: 7.351800 ms)

Prepare: number of updated asset objects reloaded= 0
AssetImportParameters requested are different than current active one (requested -> active):
  custom:container-demuxer-ogg: 62fdf1f143b41e24485cea50d1cbac27 -> 
  custom:video-decoder-ogg-theora: a1e56fd34408186e4bbccfd4996cb3dc -> 
  custom:framework-win-MediaFoundation: 216162199b28c13a410421893ffa2e32 -> 
  custom:container-demuxer-webm: 4f35f7cbe854078d1ac9338744f61a02 -> 
  custom:container-muxer-webm: aa71ff27fc2769a1b78a27578f13a17b -> 
  custom:video-decoder-webm-vp8: 9c59270c3fd7afecdb556c50c9e8de78 -> 
  custom:AudioImporter_EditorPlatform: d09bf68614088b80899f8185d706f6e7 -> 
  custom:video-encoder-webm-vp8: eb34c28f22e8b96e1ab97ce403110664 -> 
  custom:audio-decoder-ogg-vorbis: bf7c407c2cedff20999df2af8eb42d56 -> 
  custom:audio-encoder-webm-vorbis: bf7c407c2cedff20999df2af8eb42d56 -> 
========================================================================
Received Prepare
Begin MonoManager ReloadAssembly
Symbol file LoadedFromMemory doesn't match image D:\BaoDi\7\Game\The_Last_Vampire\Library\PackageCache\com.unity.visualscripting@1.8.0\Editor\VisualScripting.Core\Dependencies\YamlDotNet\Unity.VisualScripting.YamlDotNet.dll
Symbol file LoadedFromMemory doesn't match image D:\BaoDi\7\Game\The_Last_Vampire\Library\PackageCache\com.unity.visualscripting@1.8.0\Editor\VisualScripting.Core\Dependencies\DotNetZip\Unity.VisualScripting.IonicZip.dll
- Loaded All Assemblies, in 45.290 seconds
Refreshing native plugins compatible for Editor in 113.60 ms, found 4 plugins.
Native extension for WindowsStandalone target not found
Mono: successfully reloaded assembly
- Finished resetting the current domain, in 16.012 seconds
Domain Reload Profiling: 61336ms
	BeginReloadAssembly (22449ms)
		ExecutionOrderSort (0ms)
		DisableScriptedObjects (2051ms)
		BackupInstance (0ms)
		ReleaseScriptingObjects (5ms)
		CreateAndSetChildDomain (10506ms)
	RebuildCommonClasses (4320ms)
	RebuildNativeTypeToScriptingClass (104ms)
	initialDomainReloadingComplete (509ms)
	LoadAllAssembliesAndSetupDomain (17943ms)
		LoadAssemblies (18533ms)
		RebuildTransferFunctionScriptingTraits (0ms)
		AnalyzeDomain (6678ms)
			TypeCache.Refresh (6643ms)
				TypeCache.ScanAssembly (6082ms)
			ScanForSourceGeneratedMonoScriptInfo (3ms)
			ResolveRequiredComponents (32ms)
	FinalizeReload (16013ms)
		ReleaseScriptCaches (0ms)
		RebuildScriptCaches (0ms)
		SetupLoadedEditorAssemblies (4700ms)
			LogAssemblyErrors (0ms)
			InitializePlatformSupportModulesInManaged (74ms)
			SetLoadedEditorAssemblies (374ms)
			RefreshPlugins (0ms)
			BeforeProcessingInitializeOnLoad (2224ms)
			ProcessInitializeOnLoadAttributes (1946ms)
			ProcessInitializeOnLoadMethodAttributes (76ms)
			AfterProcessingInitializeOnLoad (4ms)
			EditorAssembliesLoaded (1ms)
		ExecutionOrderSort2 (0ms)
		AwakeInstancesAfterBackupRestoration (207ms)
Refreshing native plugins compatible for Editor in 35.42 ms, found 4 plugins.
Preloading 0 native plugins for Editor in 0.00 ms.
Unloading 4063 Unused Serialized files (Serialized files now loaded: 0)
Unloading 47 unused Assets / (0.6 MB). Loaded Objects now: 4593.
Memory consumption went from 145.6 MB to 145.0 MB.
Total: 32.342500 ms (FindLiveObjects: 3.241000 ms CreateObjectMapping: 0.750300 ms MarkObjects: 25.313100 ms  DeleteObjects: 3.035100 ms)

Prepare: number of updated asset objects reloaded= 0
AssetImportParameters requested are different than current active one (requested -> active):
  custom:container-demuxer-ogg: 62fdf1f143b41e24485cea50d1cbac27 -> 
  custom:video-decoder-ogg-theora: a1e56fd34408186e4bbccfd4996cb3dc -> 
  custom:framework-win-MediaFoundation: 216162199b28c13a410421893ffa2e32 -> 
  custom:container-demuxer-webm: 4f35f7cbe854078d1ac9338744f61a02 -> 
  custom:container-muxer-webm: aa71ff27fc2769a1b78a27578f13a17b -> 
  custom:video-decoder-webm-vp8: 9c59270c3fd7afecdb556c50c9e8de78 -> 
  custom:AudioImporter_EditorPlatform: d09bf68614088b80899f8185d706f6e7 -> 
  custom:video-encoder-webm-vp8: eb34c28f22e8b96e1ab97ce403110664 -> 
  custom:audio-decoder-ogg-vorbis: bf7c407c2cedff20999df2af8eb42d56 -> 
  custom:audio-encoder-webm-vorbis: bf7c407c2cedff20999df2af8eb42d56 -> 
========================================================================
Received Import Request.
  Time since last request: 421.297605 seconds.
  path: Assets/Scripts/DialogueManager.cs
  artifactKey: Guid(8c532c5cbb1f3a54b8bfab496dfb4d46) Importer(815301076,1909f56bfc062723c751e8b465ee728b)
Start importing Assets/Scripts/DialogueManager.cs using Guid(8c532c5cbb1f3a54b8bfab496dfb4d46) Importer(815301076,1909f56bfc062723c751e8b465ee728b)  -> (artifact id: '6273d9010f169684f91ff17338489b5a') in 1.434547 seconds
Number of updated asset objects reloaded before import = 0
Number of asset objects unloaded after import = 0
========================================================================
Received Import Request.
  Time since last request: 49.931902 seconds.
  path: Assets/Map1_Forest/NPC1_Spirit/Dialogue.prefab
  artifactKey: Guid(678b1bbe1f7ee19448644c639d39f7e3) Importer(815301076,1909f56bfc062723c751e8b465ee728b)
Start importing Assets/Map1_Forest/NPC1_Spirit/Dialogue.prefab using Guid(678b1bbe1f7ee19448644c639d39f7e3) Importer(815301076,1909f56bfc062723c751e8b465ee728b)  -> (artifact id: '7f4667996777c9bb0bb2345807fe1d1d') in 14.084553 seconds
Number of updated asset objects reloaded before import = 0
Number of asset objects unloaded after import = 28
========================================================================
Received Import Request.
  Time since last request: 73.161935 seconds.
  path: Assets/Map1_Forest/NPC1_Spirit/Dialogue.prefab
  artifactKey: Guid(678b1bbe1f7ee19448644c639d39f7e3) Importer(815301076,1909f56bfc062723c751e8b465ee728b)
Start importing Assets/Map1_Forest/NPC1_Spirit/Dialogue.prefab using Guid(678b1bbe1f7ee19448644c639d39f7e3) Importer(815301076,1909f56bfc062723c751e8b465ee728b)  -> (artifact id: '125914e5454a8292552180ad743b9b0d') in 2.152893 seconds
Number of updated asset objects reloaded before import = 0
Number of asset objects unloaded after import = 29
========================================================================
Received Import Request.
  Time since last request: 3.843368 seconds.
  path: Assets/Map1_Forest/NPC1_Spirit/Sprite.prefab
  artifactKey: Guid(eb749160089bea64eb7e07bcd45612a2) Importer(815301076,1909f56bfc062723c751e8b465ee728b)
Start importing Assets/Map1_Forest/NPC1_Spirit/Sprite.prefab using Guid(eb749160089bea64eb7e07bcd45612a2) Importer(815301076,1909f56bfc062723c751e8b465ee728b)  -> (artifact id: '4920a12f52a3c9d364e4eb0cee9733ce') in 6.156119 seconds
Internal: There are remaining Allocations on the JobTempAlloc. This is a leak, and will impact performance
To Debug, run app with -diag-job-temp-memory-leak-validation cmd line argument. This will output the callstacks of the leaked allocations.
Number of updated asset objects reloaded before import = 0
Number of asset objects unloaded after import = 60
========================================================================
Received Import Request.
  Time since last request: 32.895424 seconds.
  path: Assets/Map1_Forest/NPC1_Spirit/Text (TMP).prefab
  artifactKey: Guid(a641da663914f3845be9d3b8ce620fc8) Importer(815301076,1909f56bfc062723c751e8b465ee728b)
Start importing Assets/Map1_Forest/NPC1_Spirit/Text (TMP).prefab using Guid(a641da663914f3845be9d3b8ce620fc8) Importer(815301076,1909f56bfc062723c751e8b465ee728b)  -> (artifact id: '5e75dceeaeb17db38e9ef3016ac61d67') in 0.482609 seconds
Internal: There are remaining Allocations on the JobTempAlloc. This is a leak, and will impact performance
To Debug, run app with -diag-job-temp-memory-leak-validation cmd line argument. This will output the callstacks of the leaked allocations.
Number of updated asset objects reloaded before import = 0
Number of asset objects unloaded after import = 14
========================================================================
Received Import Request.
  Time since last request: 0.001923 seconds.
  path: Assets/Map1_Forest/NPC1_Spirit/Sprite.prefab
  artifactKey: Guid(eb749160089bea64eb7e07bcd45612a2) Importer(815301076,1909f56bfc062723c751e8b465ee728b)
Start importing Assets/Map1_Forest/NPC1_Spirit/Sprite.prefab using Guid(eb749160089bea64eb7e07bcd45612a2) Importer(815301076,1909f56bfc062723c751e8b465ee728b)  -> (artifact id: 'ee6f2392c6ed6f3d7f5c0c4cce435ecd') in 0.594161 seconds
Internal: There are remaining Allocations on the JobTempAlloc. This is a leak, and will impact performance
To Debug, run app with -diag-job-temp-memory-leak-validation cmd line argument. This will output the callstacks of the leaked allocations.
Number of updated asset objects reloaded before import = 0
Number of asset objects unloaded after import = 66
========================================================================
Received Import Request.
  Time since last request: 8.463059 seconds.
  path: Assets/Map1_Forest/NPC1_Spirit/Sprite.prefab
  artifactKey: Guid(eb749160089bea64eb7e07bcd45612a2) Importer(815301076,1909f56bfc062723c751e8b465ee728b)
Start importing Assets/Map1_Forest/NPC1_Spirit/Sprite.prefab using Guid(eb749160089bea64eb7e07bcd45612a2) Importer(815301076,1909f56bfc062723c751e8b465ee728b)  -> (artifact id: '5704660c5122141e52df63f5b0858857') in 0.218561 seconds
Internal: There are remaining Allocations on the JobTempAlloc. This is a leak, and will impact performance
To Debug, run app with -diag-job-temp-memory-leak-validation cmd line argument. This will output the callstacks of the leaked allocations.
Number of updated asset objects reloaded before import = 0
Number of asset objects unloaded after import = 66
========================================================================
Received Import Request.
  Time since last request: 92.286893 seconds.
  path: Assets/Scripts/DialogueManager1.cs
  artifactKey: Guid(a70467793b93be843897c1e690aef689) Importer(815301076,1909f56bfc062723c751e8b465ee728b)
Start importing Assets/Scripts/DialogueManager1.cs using Guid(a70467793b93be843897c1e690aef689) Importer(815301076,1909f56bfc062723c751e8b465ee728b)  -> (artifact id: 'c7c8e6f8ce689fa878702f7925ae4fbe') in 0.881239 seconds
Internal: There are remaining Allocations on the JobTempAlloc. This is a leak, and will impact performance
To Debug, run app with -diag-job-temp-memory-leak-validation cmd line argument. This will output the callstacks of the leaked allocations.
Number of updated asset objects reloaded before import = 0
Number of asset objects unloaded after import = 0
========================================================================
Received Prepare
Begin MonoManager ReloadAssembly
Internal: deleting an allocation that is older than its permitted lifetime of 4 frames (age = 5)
Internal: deleting an allocation that is older than its permitted lifetime of 4 frames (age = 5)
Symbol file LoadedFromMemory doesn't match image D:\BaoDi\7\Game\The_Last_Vampire\Library\PackageCache\com.unity.visualscripting@1.8.0\Editor\VisualScripting.Core\Dependencies\YamlDotNet\Unity.VisualScripting.YamlDotNet.dll
Symbol file LoadedFromMemory doesn't match image D:\BaoDi\7\Game\The_Last_Vampire\Library\PackageCache\com.unity.visualscripting@1.8.0\Editor\VisualScripting.Core\Dependencies\DotNetZip\Unity.VisualScripting.IonicZip.dll
- Loaded All Assemblies, in 16.512 seconds
Refreshing native plugins compatible for Editor in 107.68 ms, found 4 plugins.
Native extension for WindowsStandalone target not found
Mono: successfully reloaded assembly
- Finished resetting the current domain, in 15.954 seconds
Domain Reload Profiling: 32684ms
	BeginReloadAssembly (2661ms)
		ExecutionOrderSort (0ms)
		DisableScriptedObjects (175ms)
		BackupInstance (0ms)
		ReleaseScriptingObjects (2ms)
		CreateAndSetChildDomain (1821ms)
	RebuildCommonClasses (73ms)
	RebuildNativeTypeToScriptingClass (21ms)
	initialDomainReloadingComplete (84ms)
	LoadAllAssembliesAndSetupDomain (13887ms)
		LoadAssemblies (3898ms)
		RebuildTransferFunctionScriptingTraits (0ms)
		AnalyzeDomain (10235ms)
			TypeCache.Refresh (10131ms)
				TypeCache.ScanAssembly (6093ms)
			ScanForSourceGeneratedMonoScriptInfo (37ms)
			ResolveRequiredComponents (67ms)
	FinalizeReload (15958ms)
		ReleaseScriptCaches (0ms)
		RebuildScriptCaches (0ms)
		SetupLoadedEditorAssemblies (3055ms)
			LogAssemblyErrors (0ms)
			InitializePlatformSupportModulesInManaged (25ms)
			SetLoadedEditorAssemblies (42ms)
			RefreshPlugins (0ms)
			BeforeProcessingInitializeOnLoad (457ms)
			ProcessInitializeOnLoadAttributes (2227ms)
			ProcessInitializeOnLoadMethodAttributes (298ms)
			AfterProcessingInitializeOnLoad (5ms)
			EditorAssembliesLoaded (0ms)
		ExecutionOrderSort2 (0ms)
		AwakeInstancesAfterBackupRestoration (91ms)
Refreshing native plugins compatible for Editor in 18.87 ms, found 4 plugins.
Preloading 0 native plugins for Editor in 0.00 ms.
Unloading 4062 Unused Serialized files (Serialized files now loaded: 0)
Unloading 49 unused Assets / (0.6 MB). Loaded Objects now: 4597.
Memory consumption went from 145.4 MB to 144.8 MB.
Total: 21.088600 ms (FindLiveObjects: 1.187600 ms CreateObjectMapping: 0.398900 ms MarkObjects: 15.532000 ms  DeleteObjects: 3.967700 ms)

Prepare: number of updated asset objects reloaded= 0
AssetImportParameters requested are different than current active one (requested -> active):
  custom:container-demuxer-ogg: 62fdf1f143b41e24485cea50d1cbac27 -> 
  custom:video-decoder-ogg-theora: a1e56fd34408186e4bbccfd4996cb3dc -> 
  custom:framework-win-MediaFoundation: 216162199b28c13a410421893ffa2e32 -> 
  custom:container-demuxer-webm: 4f35f7cbe854078d1ac9338744f61a02 -> 
  custom:container-muxer-webm: aa71ff27fc2769a1b78a27578f13a17b -> 
  custom:video-decoder-webm-vp8: 9c59270c3fd7afecdb556c50c9e8de78 -> 
  custom:AudioImporter_EditorPlatform: d09bf68614088b80899f8185d706f6e7 -> 
  custom:video-encoder-webm-vp8: eb34c28f22e8b96e1ab97ce403110664 -> 
  custom:audio-decoder-ogg-vorbis: bf7c407c2cedff20999df2af8eb42d56 -> 
  custom:audio-encoder-webm-vorbis: bf7c407c2cedff20999df2af8eb42d56 -> 
========================================================================
Received Prepare
Begin MonoManager ReloadAssembly
Symbol file LoadedFromMemory doesn't match image D:\BaoDi\7\Game\The_Last_Vampire\Library\PackageCache\com.unity.visualscripting@1.8.0\Editor\VisualScripting.Core\Dependencies\YamlDotNet\Unity.VisualScripting.YamlDotNet.dll
Symbol file LoadedFromMemory doesn't match image D:\BaoDi\7\Game\The_Last_Vampire\Library\PackageCache\com.unity.visualscripting@1.8.0\Editor\VisualScripting.Core\Dependencies\DotNetZip\Unity.VisualScripting.IonicZip.dll
- Loaded All Assemblies, in 27.600 seconds
Refreshing native plugins compatible for Editor in 103.56 ms, found 4 plugins.
Native extension for WindowsStandalone target not found
Mono: successfully reloaded assembly
- Finished resetting the current domain, in 55.688 seconds
Domain Reload Profiling: 83416ms
	BeginReloadAssembly (9012ms)
		ExecutionOrderSort (1ms)
		DisableScriptedObjects (400ms)
		BackupInstance (0ms)
		ReleaseScriptingObjects (23ms)
		CreateAndSetChildDomain (4934ms)
	RebuildCommonClasses (952ms)
	RebuildNativeTypeToScriptingClass (114ms)
	initialDomainReloadingComplete (894ms)
	LoadAllAssembliesAndSetupDomain (16751ms)
		LoadAssemblies (8730ms)
		RebuildTransferFunctionScriptingTraits (0ms)
		AnalyzeDomain (10481ms)
			TypeCache.Refresh (10258ms)
				TypeCache.ScanAssembly (8622ms)
			ScanForSourceGeneratedMonoScriptInfo (205ms)
			ResolveRequiredComponents (18ms)
	FinalizeReload (55692ms)
		ReleaseScriptCaches (0ms)
		RebuildScriptCaches (0ms)
		SetupLoadedEditorAssemblies (7668ms)
			LogAssemblyErrors (3ms)
			InitializePlatformSupportModulesInManaged (103ms)
			SetLoadedEditorAssemblies (258ms)
			RefreshPlugins (0ms)
			BeforeProcessingInitializeOnLoad (2633ms)
			ProcessInitializeOnLoadAttributes (4479ms)
			ProcessInitializeOnLoadMethodAttributes (182ms)
			AfterProcessingInitializeOnLoad (4ms)
			EditorAssembliesLoaded (5ms)
		ExecutionOrderSort2 (0ms)
		AwakeInstancesAfterBackupRestoration (35ms)
Refreshing native plugins compatible for Editor in 55.22 ms, found 4 plugins.
Preloading 0 native plugins for Editor in 0.00 ms.
Unloading 4064 Unused Serialized files (Serialized files now loaded: 0)
Unloading 47 unused Assets / (0.6 MB). Loaded Objects now: 4602.
Memory consumption went from 145.7 MB to 145.0 MB.
Total: 2783.051100 ms (FindLiveObjects: 3.055600 ms CreateObjectMapping: 1.675900 ms MarkObjects: 2594.667300 ms  DeleteObjects: 183.648300 ms)

Prepare: number of updated asset objects reloaded= 0
AssetImportParameters requested are different than current active one (requested -> active):
  custom:container-demuxer-ogg: 62fdf1f143b41e24485cea50d1cbac27 -> 
  custom:video-decoder-ogg-theora: a1e56fd34408186e4bbccfd4996cb3dc -> 
  custom:framework-win-MediaFoundation: 216162199b28c13a410421893ffa2e32 -> 
  custom:container-demuxer-webm: 4f35f7cbe854078d1ac9338744f61a02 -> 
  custom:container-muxer-webm: aa71ff27fc2769a1b78a27578f13a17b -> 
  custom:video-decoder-webm-vp8: 9c59270c3fd7afecdb556c50c9e8de78 -> 
  custom:AudioImporter_EditorPlatform: d09bf68614088b80899f8185d706f6e7 -> 
  custom:video-encoder-webm-vp8: eb34c28f22e8b96e1ab97ce403110664 -> 
  custom:audio-decoder-ogg-vorbis: bf7c407c2cedff20999df2af8eb42d56 -> 
  custom:audio-encoder-webm-vorbis: bf7c407c2cedff20999df2af8eb42d56 -> 
========================================================================
Received Prepare
Begin MonoManager ReloadAssembly
Symbol file LoadedFromMemory doesn't match image D:\BaoDi\7\Game\The_Last_Vampire\Library\PackageCache\com.unity.visualscripting@1.8.0\Editor\VisualScripting.Core\Dependencies\YamlDotNet\Unity.VisualScripting.YamlDotNet.dll
Symbol file LoadedFromMemory doesn't match image D:\BaoDi\7\Game\The_Last_Vampire\Library\PackageCache\com.unity.visualscripting@1.8.0\Editor\VisualScripting.Core\Dependencies\DotNetZip\Unity.VisualScripting.IonicZip.dll
- Loaded All Assemblies, in 19.481 seconds
Refreshing native plugins compatible for Editor in 23.14 ms, found 4 plugins.
Native extension for WindowsStandalone target not found
Mono: successfully reloaded assembly
- Finished resetting the current domain, in  7.977 seconds
Domain Reload Profiling: 27476ms
	BeginReloadAssembly (12804ms)
		ExecutionOrderSort (1ms)
		DisableScriptedObjects (5187ms)
		BackupInstance (0ms)
		ReleaseScriptingObjects (4ms)
		CreateAndSetChildDomain (5039ms)
	RebuildCommonClasses (154ms)
	RebuildNativeTypeToScriptingClass (87ms)
	initialDomainReloadingComplete (107ms)
	LoadAllAssembliesAndSetupDomain (6345ms)
		LoadAssemblies (5820ms)
		RebuildTransferFunctionScriptingTraits (0ms)
		AnalyzeDomain (2014ms)
			TypeCache.Refresh (1995ms)
				TypeCache.ScanAssembly (1479ms)
			ScanForSourceGeneratedMonoScriptInfo (1ms)
			ResolveRequiredComponents (17ms)
	FinalizeReload (7977ms)
		ReleaseScriptCaches (0ms)
		RebuildScriptCaches (0ms)
		SetupLoadedEditorAssemblies (2857ms)
			LogAssemblyErrors (0ms)
			InitializePlatformSupportModulesInManaged (34ms)
			SetLoadedEditorAssemblies (58ms)
			RefreshPlugins (0ms)
			BeforeProcessingInitializeOnLoad (261ms)
			ProcessInitializeOnLoadAttributes (2238ms)
			ProcessInitializeOnLoadMethodAttributes (262ms)
			AfterProcessingInitializeOnLoad (3ms)
			EditorAssembliesLoaded (0ms)
		ExecutionOrderSort2 (0ms)
		AwakeInstancesAfterBackupRestoration (26ms)
Refreshing native plugins compatible for Editor in 33.45 ms, found 4 plugins.
Preloading 0 native plugins for Editor in 0.00 ms.
Unloading 4064 Unused Serialized files (Serialized files now loaded: 0)
Unloading 47 unused Assets / (0.6 MB). Loaded Objects now: 4606.
Memory consumption went from 145.7 MB to 145.0 MB.
Total: 457.697800 ms (FindLiveObjects: 3.858300 ms CreateObjectMapping: 0.399400 ms MarkObjects: 15.760900 ms  DeleteObjects: 437.676000 ms)

Prepare: number of updated asset objects reloaded= 0
AssetImportParameters requested are different than current active one (requested -> active):
  custom:container-demuxer-ogg: 62fdf1f143b41e24485cea50d1cbac27 -> 
  custom:video-decoder-ogg-theora: a1e56fd34408186e4bbccfd4996cb3dc -> 
  custom:framework-win-MediaFoundation: 216162199b28c13a410421893ffa2e32 -> 
  custom:container-demuxer-webm: 4f35f7cbe854078d1ac9338744f61a02 -> 
  custom:container-muxer-webm: aa71ff27fc2769a1b78a27578f13a17b -> 
  custom:video-decoder-webm-vp8: 9c59270c3fd7afecdb556c50c9e8de78 -> 
  custom:AudioImporter_EditorPlatform: d09bf68614088b80899f8185d706f6e7 -> 
  custom:video-encoder-webm-vp8: eb34c28f22e8b96e1ab97ce403110664 -> 
  custom:audio-decoder-ogg-vorbis: bf7c407c2cedff20999df2af8eb42d56 -> 
  custom:audio-encoder-webm-vorbis: bf7c407c2cedff20999df2af8eb42d56 -> 
========================================================================
Received Import Request.
  Time since last request: 404.740510 seconds.
  path: Assets/Map1_Forest/NPC1_Spirit/Dialogue.prefab
  artifactKey: Guid(678b1bbe1f7ee19448644c639d39f7e3) Importer(815301076,1909f56bfc062723c751e8b465ee728b)
Start importing Assets/Map1_Forest/NPC1_Spirit/Dialogue.prefab using Guid(678b1bbe1f7ee19448644c639d39f7e3) Importer(815301076,1909f56bfc062723c751e8b465ee728b)  -> (artifact id: 'c74c96694c72148bc1c45f406c88ad2c') in 4.358484 seconds
Number of updated asset objects reloaded before import = 0
Number of asset objects unloaded after import = 29
========================================================================
Received Import Request.
  Time since last request: 7.588195 seconds.
  path: Assets/Map1_Forest/NPC1_Spirit/Sprite.prefab
  artifactKey: Guid(eb749160089bea64eb7e07bcd45612a2) Importer(815301076,1909f56bfc062723c751e8b465ee728b)
Start importing Assets/Map1_Forest/NPC1_Spirit/Sprite.prefab using Guid(eb749160089bea64eb7e07bcd45612a2) Importer(815301076,1909f56bfc062723c751e8b465ee728b)  -> (artifact id: '2719443606923a61311370071f978153') in 1.210576 seconds
Internal: There are remaining Allocations on the JobTempAlloc. This is a leak, and will impact performance
To Debug, run app with -diag-job-temp-memory-leak-validation cmd line argument. This will output the callstacks of the leaked allocations.
Number of updated asset objects reloaded before import = 0
Number of asset objects unloaded after import = 60
========================================================================
Received Prepare
Begin MonoManager ReloadAssembly
Symbol file LoadedFromMemory doesn't match image D:\BaoDi\7\Game\The_Last_Vampire\Library\PackageCache\com.unity.visualscripting@1.8.0\Editor\VisualScripting.Core\Dependencies\YamlDotNet\Unity.VisualScripting.YamlDotNet.dll
Symbol file LoadedFromMemory doesn't match image D:\BaoDi\7\Game\The_Last_Vampire\Library\PackageCache\com.unity.visualscripting@1.8.0\Editor\VisualScripting.Core\Dependencies\DotNetZip\Unity.VisualScripting.IonicZip.dll
- Loaded All Assemblies, in 59.220 seconds
Refreshing native plugins compatible for Editor in 12.35 ms, found 4 plugins.
Native extension for WindowsStandalone target not found
Mono: successfully reloaded assembly
- Finished resetting the current domain, in 30.655 seconds
Domain Reload Profiling: 89895ms
	BeginReloadAssembly (39325ms)
		ExecutionOrderSort (3ms)
		DisableScriptedObjects (7273ms)
		BackupInstance (0ms)
		ReleaseScriptingObjects (14ms)
		CreateAndSetChildDomain (19689ms)
	RebuildCommonClasses (285ms)
	RebuildNativeTypeToScriptingClass (87ms)
	initialDomainReloadingComplete (468ms)
	LoadAllAssembliesAndSetupDomain (19073ms)
		LoadAssemblies (17991ms)
		RebuildTransferFunctionScriptingTraits (0ms)
		AnalyzeDomain (6058ms)
			TypeCache.Refresh (6039ms)
				TypeCache.ScanAssembly (3673ms)
			ScanForSourceGeneratedMonoScriptInfo (3ms)
			ResolveRequiredComponents (15ms)
	FinalizeReload (30657ms)
		ReleaseScriptCaches (0ms)
		RebuildScriptCaches (0ms)
		SetupLoadedEditorAssemblies (8021ms)
			LogAssemblyErrors (2ms)
			InitializePlatformSupportModulesInManaged (49ms)
			SetLoadedEditorAssemblies (86ms)
			RefreshPlugins (0ms)
			BeforeProcessingInitializeOnLoad (1513ms)
			ProcessInitializeOnLoadAttributes (6216ms)
			ProcessInitializeOnLoadMethodAttributes (146ms)
			AfterProcessingInitializeOnLoad (4ms)
			EditorAssembliesLoaded (4ms)
		ExecutionOrderSort2 (0ms)
		AwakeInstancesAfterBackupRestoration (48ms)
Refreshing native plugins compatible for Editor in 41.69 ms, found 4 plugins.
Preloading 0 native plugins for Editor in 0.00 ms.
Unloading 4063 Unused Serialized files (Serialized files now loaded: 0)
Unloading 49 unused Assets / (0.6 MB). Loaded Objects now: 4610.
Memory consumption went from 145.4 MB to 144.8 MB.
Total: 58.941300 ms (FindLiveObjects: 2.487600 ms CreateObjectMapping: 0.538600 ms MarkObjects: 32.926900 ms  DeleteObjects: 22.984700 ms)

Prepare: number of updated asset objects reloaded= 0
AssetImportParameters requested are different than current active one (requested -> active):
  custom:container-demuxer-ogg: 62fdf1f143b41e24485cea50d1cbac27 -> 
  custom:video-decoder-ogg-theora: a1e56fd34408186e4bbccfd4996cb3dc -> 
  custom:framework-win-MediaFoundation: 216162199b28c13a410421893ffa2e32 -> 
  custom:container-demuxer-webm: 4f35f7cbe854078d1ac9338744f61a02 -> 
  custom:container-muxer-webm: aa71ff27fc2769a1b78a27578f13a17b -> 
  custom:video-decoder-webm-vp8: 9c59270c3fd7afecdb556c50c9e8de78 -> 
  custom:AudioImporter_EditorPlatform: d09bf68614088b80899f8185d706f6e7 -> 
  custom:video-encoder-webm-vp8: eb34c28f22e8b96e1ab97ce403110664 -> 
  custom:audio-decoder-ogg-vorbis: bf7c407c2cedff20999df2af8eb42d56 -> 
  custom:audio-encoder-webm-vorbis: bf7c407c2cedff20999df2af8eb42d56 -> 
========================================================================
Received Prepare
Begin MonoManager ReloadAssembly
Symbol file LoadedFromMemory doesn't match image D:\BaoDi\7\Game\The_Last_Vampire\Library\PackageCache\com.unity.visualscripting@1.8.0\Editor\VisualScripting.Core\Dependencies\YamlDotNet\Unity.VisualScripting.YamlDotNet.dll
Symbol file LoadedFromMemory doesn't match image D:\BaoDi\7\Game\The_Last_Vampire\Library\PackageCache\com.unity.visualscripting@1.8.0\Editor\VisualScripting.Core\Dependencies\DotNetZip\Unity.VisualScripting.IonicZip.dll
- Loaded All Assemblies, in 10.654 seconds
Refreshing native plugins compatible for Editor in 22.45 ms, found 4 plugins.
Native extension for WindowsStandalone target not found
Mono: successfully reloaded assembly
- Finished resetting the current domain, in  7.864 seconds
Domain Reload Profiling: 18549ms
	BeginReloadAssembly (3152ms)
		ExecutionOrderSort (2ms)
		DisableScriptedObjects (904ms)
		BackupInstance (0ms)
		ReleaseScriptingObjects (3ms)
		CreateAndSetChildDomain (929ms)
	RebuildCommonClasses (180ms)
	RebuildNativeTypeToScriptingClass (21ms)
	initialDomainReloadingComplete (619ms)
	LoadAllAssembliesAndSetupDomain (6710ms)
		LoadAssemblies (4559ms)
		RebuildTransferFunctionScriptingTraits (0ms)
		AnalyzeDomain (3091ms)
			TypeCache.Refresh (3051ms)
				TypeCache.ScanAssembly (2573ms)
			ScanForSourceGeneratedMonoScriptInfo (31ms)
			ResolveRequiredComponents (10ms)
	FinalizeReload (7867ms)
		ReleaseScriptCaches (0ms)
		RebuildScriptCaches (0ms)
		SetupLoadedEditorAssemblies (850ms)
			LogAssemblyErrors (0ms)
			InitializePlatformSupportModulesInManaged (12ms)
			SetLoadedEditorAssemblies (13ms)
			RefreshPlugins (0ms)
			BeforeProcessingInitializeOnLoad (149ms)
			ProcessInitializeOnLoadAttributes (616ms)
			ProcessInitializeOnLoadMethodAttributes (56ms)
			AfterProcessingInitializeOnLoad (3ms)
			EditorAssembliesLoaded (1ms)
		ExecutionOrderSort2 (0ms)
		AwakeInstancesAfterBackupRestoration (25ms)
Refreshing native plugins compatible for Editor in 14.34 ms, found 4 plugins.
Preloading 0 native plugins for Editor in 0.00 ms.
Unloading 4064 Unused Serialized files (Serialized files now loaded: 0)
Unloading 47 unused Assets / (0.6 MB). Loaded Objects now: 4614.
Memory consumption went from 145.7 MB to 145.1 MB.
Total: 14.727800 ms (FindLiveObjects: 1.009400 ms CreateObjectMapping: 0.246500 ms MarkObjects: 12.401600 ms  DeleteObjects: 1.067800 ms)

Prepare: number of updated asset objects reloaded= 0
AssetImportParameters requested are different than current active one (requested -> active):
  custom:container-demuxer-ogg: 62fdf1f143b41e24485cea50d1cbac27 -> 
  custom:video-decoder-ogg-theora: a1e56fd34408186e4bbccfd4996cb3dc -> 
  custom:framework-win-MediaFoundation: 216162199b28c13a410421893ffa2e32 -> 
  custom:container-demuxer-webm: 4f35f7cbe854078d1ac9338744f61a02 -> 
  custom:container-muxer-webm: aa71ff27fc2769a1b78a27578f13a17b -> 
  custom:video-decoder-webm-vp8: 9c59270c3fd7afecdb556c50c9e8de78 -> 
  custom:AudioImporter_EditorPlatform: d09bf68614088b80899f8185d706f6e7 -> 
  custom:video-encoder-webm-vp8: eb34c28f22e8b96e1ab97ce403110664 -> 
  custom:audio-decoder-ogg-vorbis: bf7c407c2cedff20999df2af8eb42d56 -> 
  custom:audio-encoder-webm-vorbis: bf7c407c2cedff20999df2af8eb42d56 -> 
========================================================================
Received Import Request.
  Time since last request: 563.992086 seconds.
  path: Assets/Map1_Forest/NPC1_Spirit/Sprite.prefab
  artifactKey: Guid(eb749160089bea64eb7e07bcd45612a2) Importer(815301076,1909f56bfc062723c751e8b465ee728b)
Start importing Assets/Map1_Forest/NPC1_Spirit/Sprite.prefab using Guid(eb749160089bea64eb7e07bcd45612a2) Importer(815301076,1909f56bfc062723c751e8b465ee728b)  -> (artifact id: '5c199b62e6f9cdcd37abcc4ae6aa986f') in 11.085465 seconds
Internal: There are remaining Allocations on the JobTempAlloc. This is a leak, and will impact performance
To Debug, run app with -diag-job-temp-memory-leak-validation cmd line argument. This will output the callstacks of the leaked allocations.
Number of updated asset objects reloaded before import = 0
Number of asset objects unloaded after import = 60
========================================================================
Received Import Request.
  Time since last request: 381.998227 seconds.
  path: Assets/Item/Blood.png
  artifactKey: Guid(02c66f299c72a2d449e3512d5e287d7b) Importer(815301076,1909f56bfc062723c751e8b465ee728b)
Start importing Assets/Item/Blood.png using Guid(02c66f299c72a2d449e3512d5e287d7b) Importer(815301076,1909f56bfc062723c751e8b465ee728b)  -> (artifact id: '9395cab8576cc1c4099085759f513c4c') in 6.872007 seconds
Internal: There are remaining Allocations on the JobTempAlloc. This is a leak, and will impact performance
To Debug, run app with -diag-job-temp-memory-leak-validation cmd line argument. This will output the callstacks of the leaked allocations.
Number of updated asset objects reloaded before import = 0
Number of asset objects unloaded after import = 3
========================================================================
Received Import Request.
  Time since last request: 1.515508 seconds.
  path: Assets/Map1_Forest/NPC1_Spirit/NPC Animation.controller
  artifactKey: Guid(3875ea30829904a4389a0e960acfc03a) Importer(815301076,1909f56bfc062723c751e8b465ee728b)
Start importing Assets/Map1_Forest/NPC1_Spirit/NPC Animation.controller using Guid(3875ea30829904a4389a0e960acfc03a) Importer(815301076,1909f56bfc062723c751e8b465ee728b)  -> (artifact id: 'fded532bd1a033dc375644722c4ab636') in 0.075405 seconds
Internal: There are remaining Allocations on the JobTempAlloc. This is a leak, and will impact performance
To Debug, run app with -diag-job-temp-memory-leak-validation cmd line argument. This will output the callstacks of the leaked allocations.
Number of updated asset objects reloaded before import = 0
Number of asset objects unloaded after import = 8
========================================================================
Received Import Request.
  Time since last request: 3.855659 seconds.
  path: Assets/Map1_Forest/Enemies/Wolf
  artifactKey: Guid(b2f69cf4db4e54742b2dfa5f10422ac4) Importer(815301076,1909f56bfc062723c751e8b465ee728b)
Start importing Assets/Map1_Forest/Enemies/Wolf using Guid(b2f69cf4db4e54742b2dfa5f10422ac4) Importer(815301076,1909f56bfc062723c751e8b465ee728b)  -> (artifact id: '05a3a8022b7beff7e7d7ebd71c45d764') in 0.002678 seconds
Internal: There are remaining Allocations on the JobTempAlloc. This is a leak, and will impact performance
To Debug, run app with -diag-job-temp-memory-leak-validation cmd line argument. This will output the callstacks of the leaked allocations.
Number of updated asset objects reloaded before import = 0
Number of asset objects unloaded after import = 0
========================================================================
Received Import Request.
  Time since last request: 2.066683 seconds.
  path: Assets/Map1_Forest/Enemies/Wolf/die.mp3
  artifactKey: Guid(fa08fd396b4cc7846b437fe036dc91a8) Importer(815301076,1909f56bfc062723c751e8b465ee728b)
Start importing Assets/Map1_Forest/Enemies/Wolf/die.mp3 using Guid(fa08fd396b4cc7846b437fe036dc91a8) Importer(815301076,1909f56bfc062723c751e8b465ee728b)  -> (artifact id: 'f19e6d46ce39bed8253259d4f5844e43') in 2.873035 seconds
Internal: There are remaining Allocations on the JobTempAlloc. This is a leak, and will impact performance
To Debug, run app with -diag-job-temp-memory-leak-validation cmd line argument. This will output the callstacks of the leaked allocations.
Number of updated asset objects reloaded before import = 0
Number of asset objects unloaded after import = 2
========================================================================
Received Import Request.
  Time since last request: 0.000070 seconds.
  path: Assets/Map1_Forest/Enemies/Wolf/take_damage.mp3
  artifactKey: Guid(c0174676f8f306e4aa1b4ff40493472b) Importer(815301076,1909f56bfc062723c751e8b465ee728b)
Start importing Assets/Map1_Forest/Enemies/Wolf/take_damage.mp3 using Guid(c0174676f8f306e4aa1b4ff40493472b) Importer(815301076,1909f56bfc062723c751e8b465ee728b)  -> (artifact id: '04809868c4552fedc5844bb0bbc1456d') in 0.043981 seconds
Internal: There are remaining Allocations on the JobTempAlloc. This is a leak, and will impact performance
To Debug, run app with -diag-job-temp-memory-leak-validation cmd line argument. This will output the callstacks of the leaked allocations.
Number of updated asset objects reloaded before import = 0
Number of asset objects unloaded after import = 2
========================================================================
Received Import Request.
  Time since last request: 0.000908 seconds.
  path: Assets/Map1_Forest/Enemies/Wolf/Monster_Wolf.prefab
  artifactKey: Guid(79584e046080e11489dcfe03b28023a1) Importer(815301076,1909f56bfc062723c751e8b465ee728b)
Start importing Assets/Map1_Forest/Enemies/Wolf/Monster_Wolf.prefab using Guid(79584e046080e11489dcfe03b28023a1) Importer(815301076,1909f56bfc062723c751e8b465ee728b)  -> (artifact id: 'f69eff16b3f0d79530f62063bd1fa4ef') in 0.361110 seconds
Internal: There are remaining Allocations on the JobTempAlloc. This is a leak, and will impact performance
To Debug, run app with -diag-job-temp-memory-leak-validation cmd line argument. This will output the callstacks of the leaked allocations.
Number of updated asset objects reloaded before import = 0
Number of asset objects unloaded after import = 64
Editor requested this worker to shutdown with reason: Scaling down because of idle timeout
TcpMessagingSession - receive error: operation aborted. errorcode: 995, details: The I/O operation has been aborted because of either a thread exit or an application request.
AssetImportWorker is now disconnected from the server
Process exiting
Exiting without the bug reporter. Application will terminate with return code 0