Using pre-set license
Built from '2022.3/staging' branch; Version is '2022.3.3f1 (7cdc2969a641) revision 8182825'; Using compiler version '192829333'; Build Type 'Release'
OS: 'Windows 11  (10.0.26120) 64bit Core' Language: 'en' Physical Memory: 3891 MB
BatchMode: 1, IsHumanControllingUs: 0, StartBugReporterOnCrash: 0, Is64bit: 1, IsPro: 1

COMMAND LINE ARGUMENTS:
D:\Unity\2022.3.3f1\Editor\Unity.exe
-adb2
-batchMode
-noUpm
-name
AssetImportWorker31
-projectPath
D:/BaoDi/7/Game/The_Last_Vampire
-logFile
Logs/AssetImportWorker31.log
-srvPort
37840
Successfully changed project path to: D:/BaoDi/7/Game/The_Last_Vampire
D:/BaoDi/7/Game/The_Last_Vampire
[UnityMemory] Configuration Parameters - Can be set up in boot.config
    "memorysetup-bucket-allocator-granularity=16"
    "memorysetup-bucket-allocator-bucket-count=8"
    "memorysetup-bucket-allocator-block-size=33554432"
    "memorysetup-bucket-allocator-block-count=8"
    "memorysetup-main-allocator-block-size=16777216"
    "memorysetup-thread-allocator-block-size=16777216"
    "memorysetup-gfx-main-allocator-block-size=16777216"
    "memorysetup-gfx-thread-allocator-block-size=16777216"
    "memorysetup-cache-allocator-block-size=4194304"
    "memorysetup-typetree-allocator-block-size=2097152"
    "memorysetup-profiler-bucket-allocator-granularity=16"
    "memorysetup-profiler-bucket-allocator-bucket-count=8"
    "memorysetup-profiler-bucket-allocator-block-size=33554432"
    "memorysetup-profiler-bucket-allocator-block-count=8"
    "memorysetup-profiler-allocator-block-size=16777216"
    "memorysetup-profiler-editor-allocator-block-size=1048576"
    "memorysetup-temp-allocator-size-main=16777216"
    "memorysetup-job-temp-allocator-block-size=2097152"
    "memorysetup-job-temp-allocator-block-size-background=1048576"
    "memorysetup-job-temp-allocator-reduction-small-platforms=262144"
    "memorysetup-allocator-temp-initial-block-size-main=262144"
    "memorysetup-allocator-temp-initial-block-size-worker=262144"
    "memorysetup-temp-allocator-size-background-worker=32768"
    "memorysetup-temp-allocator-size-job-worker=262144"
    "memorysetup-temp-allocator-size-preload-manager=33554432"
    "memorysetup-temp-allocator-size-nav-mesh-worker=65536"
    "memorysetup-temp-allocator-size-audio-worker=65536"
    "memorysetup-temp-allocator-size-cloud-worker=32768"
    "memorysetup-temp-allocator-size-gi-baking-worker=262144"
    "memorysetup-temp-allocator-size-gfx=262144"
Player connection [21244] Host "[IP] 10.0.228.219 [Port] 0 [Flags] 2 [Guid] 3569565297 [EditorId] 3569565297 [Version] 1048832 [Id] WindowsEditor(7,DESKTOP-UUB2EGU) [Debug] 1 [PackageName] WindowsEditor [ProjectName] Editor" joined multi-casting on [225.0.0.222:54997]...

Player connection [21244] Host "[IP] 10.0.228.219 [Port] 0 [Flags] 2 [Guid] 3569565297 [EditorId] 3569565297 [Version] 1048832 [Id] WindowsEditor(7,DESKTOP-UUB2EGU) [Debug] 1 [PackageName] WindowsEditor [ProjectName] Editor" joined alternative multi-casting on [225.0.0.222:34997]...

Refreshing native plugins compatible for Editor in 96.44 ms, found 4 plugins.
Preloading 0 native plugins for Editor in 0.00 ms.
Initialize engine version: 2022.3.3f1 (7cdc2969a641)
[Subsystems] Discovering subsystems at path D:/Unity/2022.3.3f1/Editor/Data/Resources/UnitySubsystems
[Subsystems] Discovering subsystems at path D:/BaoDi/7/Game/The_Last_Vampire/Assets
GfxDevice: creating device client; threaded=0; jobified=0
Direct3D:
    Version:  Direct3D 11.0 [level 11.1]
    Renderer: Intel(R) UHD Graphics (ID=0x8a56)
    Vendor:   Intel
    VRAM:     1945 MB
    Driver:   27.20.100.9664
Initialize mono
Mono path[0] = 'D:/Unity/2022.3.3f1/Editor/Data/Managed'
Mono path[1] = 'D:/Unity/2022.3.3f1/Editor/Data/MonoBleedingEdge/lib/mono/unityjit-win32'
Mono config path = 'D:/Unity/2022.3.3f1/Editor/Data/MonoBleedingEdge/etc'
Using monoOptions --debugger-agent=transport=dt_socket,embedding=1,server=y,suspend=n,address=127.0.0.1:56196
Begin MonoManager ReloadAssembly
Registering precompiled unity dll's ...
Register platform support module: D:/Unity/2022.3.3f1/Editor/Data/PlaybackEngines/WindowsStandaloneSupport/UnityEditor.WindowsStandalone.Extensions.dll
Registered in 0.008695 seconds.
- Loaded All Assemblies, in  2.367 seconds
Native extension for WindowsStandalone target not found
Mono: successfully reloaded assembly
- Finished resetting the current domain, in  5.089 seconds
Domain Reload Profiling: 7541ms
	BeginReloadAssembly (1078ms)
		ExecutionOrderSort (0ms)
		DisableScriptedObjects (0ms)
		BackupInstance (0ms)
		ReleaseScriptingObjects (0ms)
		CreateAndSetChildDomain (5ms)
	RebuildCommonClasses (129ms)
	RebuildNativeTypeToScriptingClass (28ms)
	initialDomainReloadingComplete (173ms)
	LoadAllAssembliesAndSetupDomain (956ms)
		LoadAssemblies (1072ms)
		RebuildTransferFunctionScriptingTraits (0ms)
		AnalyzeDomain (948ms)
			TypeCache.Refresh (946ms)
				TypeCache.ScanAssembly (882ms)
			ScanForSourceGeneratedMonoScriptInfo (1ms)
			ResolveRequiredComponents (1ms)
	FinalizeReload (5177ms)
		ReleaseScriptCaches (0ms)
		RebuildScriptCaches (0ms)
		SetupLoadedEditorAssemblies (2953ms)
			LogAssemblyErrors (0ms)
			InitializePlatformSupportModulesInManaged (93ms)
			SetLoadedEditorAssemblies (332ms)
			RefreshPlugins (0ms)
			BeforeProcessingInitializeOnLoad (16ms)
			ProcessInitializeOnLoadAttributes (1821ms)
			ProcessInitializeOnLoadMethodAttributes (688ms)
			AfterProcessingInitializeOnLoad (0ms)
			EditorAssembliesLoaded (3ms)
		ExecutionOrderSort2 (0ms)
		AwakeInstancesAfterBackupRestoration (0ms)
========================================================================
Worker process is ready to serve import requests
Begin MonoManager ReloadAssembly
Symbol file LoadedFromMemory doesn't match image D:\BaoDi\7\Game\The_Last_Vampire\Library\PackageCache\com.unity.visualscripting@1.8.0\Editor\VisualScripting.Core\Dependencies\YamlDotNet\Unity.VisualScripting.YamlDotNet.dll
Symbol file LoadedFromMemory doesn't match image D:\BaoDi\7\Game\The_Last_Vampire\Library\PackageCache\com.unity.visualscripting@1.8.0\Editor\VisualScripting.Core\Dependencies\DotNetZip\Unity.VisualScripting.IonicZip.dll
- Loaded All Assemblies, in 19.017 seconds
Refreshing native plugins compatible for Editor in 356.82 ms, found 4 plugins.
Native extension for WindowsStandalone target not found
Mono: successfully reloaded assembly
- Finished resetting the current domain, in 29.190 seconds
Domain Reload Profiling: 48529ms
	BeginReloadAssembly (2033ms)
		ExecutionOrderSort (0ms)
		DisableScriptedObjects (30ms)
		BackupInstance (0ms)
		ReleaseScriptingObjects (3ms)
		CreateAndSetChildDomain (135ms)
	RebuildCommonClasses (999ms)
	RebuildNativeTypeToScriptingClass (69ms)
	initialDomainReloadingComplete (389ms)
	LoadAllAssembliesAndSetupDomain (15832ms)
		LoadAssemblies (7642ms)
		RebuildTransferFunctionScriptingTraits (0ms)
		AnalyzeDomain (8704ms)
			TypeCache.Refresh (6116ms)
				TypeCache.ScanAssembly (5843ms)
			ScanForSourceGeneratedMonoScriptInfo (2536ms)
			ResolveRequiredComponents (52ms)
	FinalizeReload (29207ms)
		ReleaseScriptCaches (0ms)
		RebuildScriptCaches (0ms)
		SetupLoadedEditorAssemblies (25706ms)
			LogAssemblyErrors (0ms)
			InitializePlatformSupportModulesInManaged (49ms)
			SetLoadedEditorAssemblies (55ms)
			RefreshPlugins (0ms)
			BeforeProcessingInitializeOnLoad (252ms)
			ProcessInitializeOnLoadAttributes (23355ms)
			ProcessInitializeOnLoadMethodAttributes (1461ms)
			AfterProcessingInitializeOnLoad (254ms)
			EditorAssembliesLoaded (276ms)
		ExecutionOrderSort2 (1ms)
		AwakeInstancesAfterBackupRestoration (107ms)
Failed to get ipc connection from UnityShaderCompiler.exe shader compiler! D:/Unity/2022.3.3f1/Editor/Data/Tools/UnityShaderCompiler.exe
Launched and connected shader compiler UnityShaderCompiler.exe after 0.48 seconds
Refreshing native plugins compatible for Editor in 62.02 ms, found 4 plugins.
Preloading 0 native plugins for Editor in 0.00 ms.
Unloading 4026 Unused Serialized files (Serialized files now loaded: 0)
Unloading 64 unused Assets / (60.4 KB). Loaded Objects now: 4491.
Memory consumption went from 139.1 MB to 139.1 MB.
Total: 4313.372500 ms (FindLiveObjects: 24.415900 ms CreateObjectMapping: 6.483700 ms MarkObjects: 3965.078300 ms  DeleteObjects: 317.389900 ms)

AssetImportParameters requested are different than current active one (requested -> active):
  custom:container-demuxer-ogg: 62fdf1f143b41e24485cea50d1cbac27 -> 
  custom:video-decoder-ogg-theora: a1e56fd34408186e4bbccfd4996cb3dc -> 
  custom:framework-win-MediaFoundation: 216162199b28c13a410421893ffa2e32 -> 
  custom:container-demuxer-webm: 4f35f7cbe854078d1ac9338744f61a02 -> 
  custom:container-muxer-webm: aa71ff27fc2769a1b78a27578f13a17b -> 
  custom:video-decoder-webm-vp8: 9c59270c3fd7afecdb556c50c9e8de78 -> 
  custom:AudioImporter_EditorPlatform: d09bf68614088b80899f8185d706f6e7 -> 
  custom:video-encoder-webm-vp8: eb34c28f22e8b96e1ab97ce403110664 -> 
  custom:audio-decoder-ogg-vorbis: bf7c407c2cedff20999df2af8eb42d56 -> 
  custom:audio-encoder-webm-vorbis: bf7c407c2cedff20999df2af8eb42d56 -> 
========================================================================
Received Import Request.
  Time since last request: 25177.443835 seconds.
  path: Assets/Map1_Forest/Enemies/Wolf/Monster_Wolf.prefab
  artifactKey: Guid(79584e046080e11489dcfe03b28023a1) Importer(815301076,1909f56bfc062723c751e8b465ee728b)
Start importing Assets/Map1_Forest/Enemies/Wolf/Monster_Wolf.prefab using Guid(79584e046080e11489dcfe03b28023a1) Importer(815301076,1909f56bfc062723c751e8b465ee728b)  -> (artifact id: '30d8ea4daa605cd0ce28b87fb6c236b8') in 5.083702 seconds
Internal: There are remaining Allocations on the JobTempAlloc. This is a leak, and will impact performance
To Debug, run app with -diag-job-temp-memory-leak-validation cmd line argument. This will output the callstacks of the leaked allocations.
Number of updated asset objects reloaded before import = 0
Number of asset objects unloaded after import = 56
========================================================================
Received Prepare
Begin MonoManager ReloadAssembly
Symbol file LoadedFromMemory doesn't match image D:\BaoDi\7\Game\The_Last_Vampire\Library\PackageCache\com.unity.visualscripting@1.8.0\Editor\VisualScripting.Core\Dependencies\YamlDotNet\Unity.VisualScripting.YamlDotNet.dll
Symbol file LoadedFromMemory doesn't match image D:\BaoDi\7\Game\The_Last_Vampire\Library\PackageCache\com.unity.visualscripting@1.8.0\Editor\VisualScripting.Core\Dependencies\DotNetZip\Unity.VisualScripting.IonicZip.dll
- Loaded All Assemblies, in 42.059 seconds
Refreshing native plugins compatible for Editor in 258.70 ms, found 4 plugins.
Native extension for WindowsStandalone target not found
Mono: successfully reloaded assembly
- Finished resetting the current domain, in 143.568 seconds
Domain Reload Profiling: 186981ms
	BeginReloadAssembly (7444ms)
		ExecutionOrderSort (0ms)
		DisableScriptedObjects (372ms)
		BackupInstance (0ms)
		ReleaseScriptingObjects (9ms)
		CreateAndSetChildDomain (3588ms)
	RebuildCommonClasses (504ms)
	RebuildNativeTypeToScriptingClass (97ms)
	initialDomainReloadingComplete (388ms)
	LoadAllAssembliesAndSetupDomain (34964ms)
		LoadAssemblies (5322ms)
		RebuildTransferFunctionScriptingTraits (0ms)
		AnalyzeDomain (29011ms)
			TypeCache.Refresh (13438ms)
				TypeCache.ScanAssembly (12378ms)
			ScanForSourceGeneratedMonoScriptInfo (10271ms)
			ResolveRequiredComponents (5302ms)
	FinalizeReload (143584ms)
		ReleaseScriptCaches (0ms)
		RebuildScriptCaches (0ms)
		SetupLoadedEditorAssemblies (36209ms)
			LogAssemblyErrors (3ms)
			InitializePlatformSupportModulesInManaged (498ms)
			SetLoadedEditorAssemblies (653ms)
			RefreshPlugins (0ms)
			BeforeProcessingInitializeOnLoad (2523ms)
			ProcessInitializeOnLoadAttributes (30370ms)
			ProcessInitializeOnLoadMethodAttributes (1962ms)
			AfterProcessingInitializeOnLoad (142ms)
			EditorAssembliesLoaded (56ms)
		ExecutionOrderSort2 (0ms)
		AwakeInstancesAfterBackupRestoration (921ms)
Refreshing native plugins compatible for Editor in 54.12 ms, found 4 plugins.
Preloading 0 native plugins for Editor in 0.00 ms.
Unloading 4014 Unused Serialized files (Serialized files now loaded: 0)
Unloading 36 unused Assets / (34.7 KB). Loaded Objects now: 4504.
Memory consumption went from 140.7 MB to 140.7 MB.
Total: 263.252200 ms (FindLiveObjects: 5.505900 ms CreateObjectMapping: 1.120200 ms MarkObjects: 233.933900 ms  DeleteObjects: 22.410900 ms)

Prepare: number of updated asset objects reloaded= 0
AssetImportParameters requested are different than current active one (requested -> active):
  custom:container-demuxer-ogg: 62fdf1f143b41e24485cea50d1cbac27 -> 
  custom:video-decoder-ogg-theora: a1e56fd34408186e4bbccfd4996cb3dc -> 
  custom:framework-win-MediaFoundation: 216162199b28c13a410421893ffa2e32 -> 
  custom:container-demuxer-webm: 4f35f7cbe854078d1ac9338744f61a02 -> 
  custom:container-muxer-webm: aa71ff27fc2769a1b78a27578f13a17b -> 
  custom:video-decoder-webm-vp8: 9c59270c3fd7afecdb556c50c9e8de78 -> 
  custom:AudioImporter_EditorPlatform: d09bf68614088b80899f8185d706f6e7 -> 
  custom:video-encoder-webm-vp8: eb34c28f22e8b96e1ab97ce403110664 -> 
  custom:audio-decoder-ogg-vorbis: bf7c407c2cedff20999df2af8eb42d56 -> 
  custom:audio-encoder-webm-vorbis: bf7c407c2cedff20999df2af8eb42d56 -> 
========================================================================
Received Prepare
Begin MonoManager ReloadAssembly
Symbol file LoadedFromMemory doesn't match image D:\BaoDi\7\Game\The_Last_Vampire\Library\PackageCache\com.unity.visualscripting@1.8.0\Editor\VisualScripting.Core\Dependencies\YamlDotNet\Unity.VisualScripting.YamlDotNet.dll
Symbol file LoadedFromMemory doesn't match image D:\BaoDi\7\Game\The_Last_Vampire\Library\PackageCache\com.unity.visualscripting@1.8.0\Editor\VisualScripting.Core\Dependencies\DotNetZip\Unity.VisualScripting.IonicZip.dll
- Loaded All Assemblies, in 56.908 seconds
Refreshing native plugins compatible for Editor in 59.83 ms, found 4 plugins.
Native extension for WindowsStandalone target not found
Mono: successfully reloaded assembly
- Finished resetting the current domain, in 71.495 seconds
Domain Reload Profiling: 128446ms
	BeginReloadAssembly (20429ms)
		ExecutionOrderSort (4ms)
		DisableScriptedObjects (1203ms)
		BackupInstance (0ms)
		ReleaseScriptingObjects (3ms)
		CreateAndSetChildDomain (13098ms)
	RebuildCommonClasses (2009ms)
	RebuildNativeTypeToScriptingClass (445ms)
	initialDomainReloadingComplete (462ms)
	LoadAllAssembliesAndSetupDomain (33584ms)
		LoadAssemblies (19518ms)
		RebuildTransferFunctionScriptingTraits (0ms)
		AnalyzeDomain (17992ms)
			TypeCache.Refresh (17955ms)
				TypeCache.ScanAssembly (15291ms)
			ScanForSourceGeneratedMonoScriptInfo (4ms)
			ResolveRequiredComponents (33ms)
	FinalizeReload (71517ms)
		ReleaseScriptCaches (0ms)
		RebuildScriptCaches (0ms)
		SetupLoadedEditorAssemblies (32731ms)
			LogAssemblyErrors (6ms)
			InitializePlatformSupportModulesInManaged (125ms)
			SetLoadedEditorAssemblies (193ms)
			RefreshPlugins (0ms)
			BeforeProcessingInitializeOnLoad (814ms)
			ProcessInitializeOnLoadAttributes (11853ms)
			ProcessInitializeOnLoadMethodAttributes (17654ms)
			AfterProcessingInitializeOnLoad (543ms)
			EditorAssembliesLoaded (1544ms)
		ExecutionOrderSort2 (6ms)
		AwakeInstancesAfterBackupRestoration (990ms)
Refreshing native plugins compatible for Editor in 301.09 ms, found 4 plugins.
Preloading 0 native plugins for Editor in 0.00 ms.
Unloading 4015 Unused Serialized files (Serialized files now loaded: 0)
Unloading 36 unused Assets / (34.9 KB). Loaded Objects now: 4508.
Memory consumption went from 141.0 MB to 141.0 MB.
Total: 3182.767200 ms (FindLiveObjects: 264.839600 ms CreateObjectMapping: 1.127300 ms MarkObjects: 2881.470000 ms  DeleteObjects: 35.306600 ms)

Prepare: number of updated asset objects reloaded= 0
AssetImportParameters requested are different than current active one (requested -> active):
  custom:container-demuxer-ogg: 62fdf1f143b41e24485cea50d1cbac27 -> 
  custom:video-decoder-ogg-theora: a1e56fd34408186e4bbccfd4996cb3dc -> 
  custom:framework-win-MediaFoundation: 216162199b28c13a410421893ffa2e32 -> 
  custom:container-demuxer-webm: 4f35f7cbe854078d1ac9338744f61a02 -> 
  custom:container-muxer-webm: aa71ff27fc2769a1b78a27578f13a17b -> 
  custom:video-decoder-webm-vp8: 9c59270c3fd7afecdb556c50c9e8de78 -> 
  custom:AudioImporter_EditorPlatform: d09bf68614088b80899f8185d706f6e7 -> 
  custom:video-encoder-webm-vp8: eb34c28f22e8b96e1ab97ce403110664 -> 
  custom:audio-decoder-ogg-vorbis: bf7c407c2cedff20999df2af8eb42d56 -> 
  custom:audio-encoder-webm-vorbis: bf7c407c2cedff20999df2af8eb42d56 -> 
