Using pre-set license
Built from '2022.3/staging' branch; Version is '2022.3.3f1 (7cdc2969a641) revision 8182825'; Using compiler version '192829333'; Build Type 'Release'
OS: 'Windows 11  (10.0.26120) 64bit Core' Language: 'en' Physical Memory: 3891 MB
BatchMode: 1, IsHumanControllingUs: 0, StartBugReporterOnCrash: 0, Is64bit: 1, IsPro: 1

COMMAND LINE ARGUMENTS:
D:\Unity\2022.3.3f1\Editor\Unity.exe
-adb2
-batchMode
-noUpm
-name
AssetImportWorker32
-projectPath
D:/BaoDi/7/Game/The_Last_Vampire
-logFile
Logs/AssetImportWorker32.log
-srvPort
37840
Successfully changed project path to: D:/BaoDi/7/Game/The_Last_Vampire
D:/BaoDi/7/Game/The_Last_Vampire
[UnityMemory] Configuration Parameters - Can be set up in boot.config
    "memorysetup-bucket-allocator-granularity=16"
    "memorysetup-bucket-allocator-bucket-count=8"
    "memorysetup-bucket-allocator-block-size=33554432"
    "memorysetup-bucket-allocator-block-count=8"
    "memorysetup-main-allocator-block-size=16777216"
    "memorysetup-thread-allocator-block-size=16777216"
    "memorysetup-gfx-main-allocator-block-size=16777216"
    "memorysetup-gfx-thread-allocator-block-size=16777216"
    "memorysetup-cache-allocator-block-size=4194304"
    "memorysetup-typetree-allocator-block-size=2097152"
    "memorysetup-profiler-bucket-allocator-granularity=16"
    "memorysetup-profiler-bucket-allocator-bucket-count=8"
    "memorysetup-profiler-bucket-allocator-block-size=33554432"
    "memorysetup-profiler-bucket-allocator-block-count=8"
    "memorysetup-profiler-allocator-block-size=16777216"
    "memorysetup-profiler-editor-allocator-block-size=1048576"
    "memorysetup-temp-allocator-size-main=16777216"
    "memorysetup-job-temp-allocator-block-size=2097152"
    "memorysetup-job-temp-allocator-block-size-background=1048576"
    "memorysetup-job-temp-allocator-reduction-small-platforms=262144"
    "memorysetup-allocator-temp-initial-block-size-main=262144"
    "memorysetup-allocator-temp-initial-block-size-worker=262144"
    "memorysetup-temp-allocator-size-background-worker=32768"
    "memorysetup-temp-allocator-size-job-worker=262144"
    "memorysetup-temp-allocator-size-preload-manager=33554432"
    "memorysetup-temp-allocator-size-nav-mesh-worker=65536"
    "memorysetup-temp-allocator-size-audio-worker=65536"
    "memorysetup-temp-allocator-size-cloud-worker=32768"
    "memorysetup-temp-allocator-size-gi-baking-worker=262144"
    "memorysetup-temp-allocator-size-gfx=262144"
Player connection [10212] Host "[IP] 10.0.228.219 [Port] 0 [Flags] 2 [Guid] 2255873756 [EditorId] 2255873756 [Version] 1048832 [Id] WindowsEditor(7,DESKTOP-UUB2EGU) [Debug] 1 [PackageName] WindowsEditor [ProjectName] Editor" joined multi-casting on [225.0.0.222:54997]...

Player connection [10212] Host "[IP] 10.0.228.219 [Port] 0 [Flags] 2 [Guid] 2255873756 [EditorId] 2255873756 [Version] 1048832 [Id] WindowsEditor(7,DESKTOP-UUB2EGU) [Debug] 1 [PackageName] WindowsEditor [ProjectName] Editor" joined alternative multi-casting on [225.0.0.222:34997]...

Refreshing native plugins compatible for Editor in 185.69 ms, found 4 plugins.
Preloading 0 native plugins for Editor in 0.00 ms.
Initialize engine version: 2022.3.3f1 (7cdc2969a641)
[Subsystems] Discovering subsystems at path D:/Unity/2022.3.3f1/Editor/Data/Resources/UnitySubsystems
[Subsystems] Discovering subsystems at path D:/BaoDi/7/Game/The_Last_Vampire/Assets
GfxDevice: creating device client; threaded=0; jobified=0
Direct3D:
    Version:  Direct3D 11.0 [level 11.1]
    Renderer: Intel(R) UHD Graphics (ID=0x8a56)
    Vendor:   Intel
    VRAM:     1945 MB
    Driver:   27.20.100.9664
Initialize mono
Mono path[0] = 'D:/Unity/2022.3.3f1/Editor/Data/Managed'
Mono path[1] = 'D:/Unity/2022.3.3f1/Editor/Data/MonoBleedingEdge/lib/mono/unityjit-win32'
Mono config path = 'D:/Unity/2022.3.3f1/Editor/Data/MonoBleedingEdge/etc'
Using monoOptions --debugger-agent=transport=dt_socket,embedding=1,server=y,suspend=n,address=127.0.0.1:56488
Begin MonoManager ReloadAssembly
Registering precompiled unity dll's ...
Register platform support module: D:/Unity/2022.3.3f1/Editor/Data/PlaybackEngines/WindowsStandaloneSupport/UnityEditor.WindowsStandalone.Extensions.dll
Registered in 0.006929 seconds.
- Loaded All Assemblies, in  2.387 seconds
Native extension for WindowsStandalone target not found
Mono: successfully reloaded assembly
- Finished resetting the current domain, in  5.316 seconds
Domain Reload Profiling: 7703ms
	BeginReloadAssembly (925ms)
		ExecutionOrderSort (0ms)
		DisableScriptedObjects (0ms)
		BackupInstance (0ms)
		ReleaseScriptingObjects (0ms)
		CreateAndSetChildDomain (4ms)
	RebuildCommonClasses (160ms)
	RebuildNativeTypeToScriptingClass (62ms)
	initialDomainReloadingComplete (264ms)
	LoadAllAssembliesAndSetupDomain (974ms)
		LoadAssemblies (916ms)
		RebuildTransferFunctionScriptingTraits (0ms)
		AnalyzeDomain (959ms)
			TypeCache.Refresh (957ms)
				TypeCache.ScanAssembly (917ms)
			ScanForSourceGeneratedMonoScriptInfo (2ms)
			ResolveRequiredComponents (1ms)
	FinalizeReload (5318ms)
		ReleaseScriptCaches (0ms)
		RebuildScriptCaches (0ms)
		SetupLoadedEditorAssemblies (3179ms)
			LogAssemblyErrors (0ms)
			InitializePlatformSupportModulesInManaged (72ms)
			SetLoadedEditorAssemblies (39ms)
			RefreshPlugins (0ms)
			BeforeProcessingInitializeOnLoad (27ms)
			ProcessInitializeOnLoadAttributes (2042ms)
			ProcessInitializeOnLoadMethodAttributes (998ms)
			AfterProcessingInitializeOnLoad (0ms)
			EditorAssembliesLoaded (0ms)
		ExecutionOrderSort2 (0ms)
		AwakeInstancesAfterBackupRestoration (0ms)
========================================================================
Worker process is ready to serve import requests
Begin MonoManager ReloadAssembly
Symbol file LoadedFromMemory doesn't match image D:\BaoDi\7\Game\The_Last_Vampire\Library\PackageCache\com.unity.visualscripting@1.8.0\Editor\VisualScripting.Core\Dependencies\YamlDotNet\Unity.VisualScripting.YamlDotNet.dll
Symbol file LoadedFromMemory doesn't match image D:\BaoDi\7\Game\The_Last_Vampire\Library\PackageCache\com.unity.visualscripting@1.8.0\Editor\VisualScripting.Core\Dependencies\DotNetZip\Unity.VisualScripting.IonicZip.dll
- Loaded All Assemblies, in 18.980 seconds
Refreshing native plugins compatible for Editor in 97.77 ms, found 4 plugins.
Native extension for WindowsStandalone target not found
Mono: successfully reloaded assembly
- Finished resetting the current domain, in 34.233 seconds
Domain Reload Profiling: 53488ms
	BeginReloadAssembly (2037ms)
		ExecutionOrderSort (0ms)
		DisableScriptedObjects (27ms)
		BackupInstance (0ms)
		ReleaseScriptingObjects (28ms)
		CreateAndSetChildDomain (363ms)
	RebuildCommonClasses (986ms)
	RebuildNativeTypeToScriptingClass (78ms)
	initialDomainReloadingComplete (360ms)
	LoadAllAssembliesAndSetupDomain (15779ms)
		LoadAssemblies (7705ms)
		RebuildTransferFunctionScriptingTraits (0ms)
		AnalyzeDomain (8648ms)
			TypeCache.Refresh (6094ms)
				TypeCache.ScanAssembly (5840ms)
			ScanForSourceGeneratedMonoScriptInfo (359ms)
			ResolveRequiredComponents (2194ms)
	FinalizeReload (34247ms)
		ReleaseScriptCaches (0ms)
		RebuildScriptCaches (0ms)
		SetupLoadedEditorAssemblies (29724ms)
			LogAssemblyErrors (0ms)
			InitializePlatformSupportModulesInManaged (30ms)
			SetLoadedEditorAssemblies (26ms)
			RefreshPlugins (0ms)
			BeforeProcessingInitializeOnLoad (250ms)
			ProcessInitializeOnLoadAttributes (24257ms)
			ProcessInitializeOnLoadMethodAttributes (5126ms)
			AfterProcessingInitializeOnLoad (20ms)
			EditorAssembliesLoaded (13ms)
		ExecutionOrderSort2 (1ms)
		AwakeInstancesAfterBackupRestoration (48ms)
Launched and connected shader compiler UnityShaderCompiler.exe after 1.53 seconds
Refreshing native plugins compatible for Editor in 1130.75 ms, found 4 plugins.
Preloading 0 native plugins for Editor in 0.00 ms.
Unloading 4026 Unused Serialized files (Serialized files now loaded: 0)
Unloading 64 unused Assets / (60.4 KB). Loaded Objects now: 4491.
Memory consumption went from 139.0 MB to 139.0 MB.
Total: 3806.236100 ms (FindLiveObjects: 30.330800 ms CreateObjectMapping: 0.495300 ms MarkObjects: 3722.596100 ms  DeleteObjects: 52.808700 ms)

AssetImportParameters requested are different than current active one (requested -> active):
  custom:container-demuxer-ogg: 62fdf1f143b41e24485cea50d1cbac27 -> 
  custom:video-decoder-ogg-theora: a1e56fd34408186e4bbccfd4996cb3dc -> 
  custom:framework-win-MediaFoundation: 216162199b28c13a410421893ffa2e32 -> 
  custom:container-demuxer-webm: 4f35f7cbe854078d1ac9338744f61a02 -> 
  custom:container-muxer-webm: aa71ff27fc2769a1b78a27578f13a17b -> 
  custom:video-decoder-webm-vp8: 9c59270c3fd7afecdb556c50c9e8de78 -> 
  custom:AudioImporter_EditorPlatform: d09bf68614088b80899f8185d706f6e7 -> 
  custom:video-encoder-webm-vp8: eb34c28f22e8b96e1ab97ce403110664 -> 
  custom:audio-decoder-ogg-vorbis: bf7c407c2cedff20999df2af8eb42d56 -> 
  custom:audio-encoder-webm-vorbis: bf7c407c2cedff20999df2af8eb42d56 -> 
========================================================================
Received Import Request.
  Time since last request: 25181.320565 seconds.
  path: Assets/Map1_Forest/Enemies/Wolf/Enemy.cs
  artifactKey: Guid(cf9064ad897f13e428cc161fa70ece7e) Importer(815301076,1909f56bfc062723c751e8b465ee728b)
Start importing Assets/Map1_Forest/Enemies/Wolf/Enemy.cs using Guid(cf9064ad897f13e428cc161fa70ece7e) Importer(815301076,1909f56bfc062723c751e8b465ee728b)  -> (artifact id: 'a08ed38cb884dfeda48c926594ee11f6') in 0.229782 seconds
Number of updated asset objects reloaded before import = 0
Number of asset objects unloaded after import = 0
========================================================================
Received Prepare
Begin MonoManager ReloadAssembly
Symbol file LoadedFromMemory doesn't match image D:\BaoDi\7\Game\The_Last_Vampire\Library\PackageCache\com.unity.visualscripting@1.8.0\Editor\VisualScripting.Core\Dependencies\YamlDotNet\Unity.VisualScripting.YamlDotNet.dll
Symbol file LoadedFromMemory doesn't match image D:\BaoDi\7\Game\The_Last_Vampire\Library\PackageCache\com.unity.visualscripting@1.8.0\Editor\VisualScripting.Core\Dependencies\DotNetZip\Unity.VisualScripting.IonicZip.dll
- Loaded All Assemblies, in 26.184 seconds
Refreshing native plugins compatible for Editor in 951.87 ms, found 4 plugins.
Native extension for WindowsStandalone target not found
Mono: successfully reloaded assembly
- Finished resetting the current domain, in 146.825 seconds
Domain Reload Profiling: 173043ms
	BeginReloadAssembly (7712ms)
		ExecutionOrderSort (0ms)
		DisableScriptedObjects (389ms)
		BackupInstance (0ms)
		ReleaseScriptingObjects (5ms)
		CreateAndSetChildDomain (3737ms)
	RebuildCommonClasses (369ms)
	RebuildNativeTypeToScriptingClass (188ms)
	initialDomainReloadingComplete (206ms)
	LoadAllAssembliesAndSetupDomain (17728ms)
		LoadAssemblies (5336ms)
		RebuildTransferFunctionScriptingTraits (0ms)
		AnalyzeDomain (13154ms)
			TypeCache.Refresh (12935ms)
				TypeCache.ScanAssembly (12332ms)
			ScanForSourceGeneratedMonoScriptInfo (180ms)
			ResolveRequiredComponents (39ms)
	FinalizeReload (146840ms)
		ReleaseScriptCaches (0ms)
		RebuildScriptCaches (0ms)
		SetupLoadedEditorAssemblies (36539ms)
			LogAssemblyErrors (63ms)
			InitializePlatformSupportModulesInManaged (581ms)
			SetLoadedEditorAssemblies (721ms)
			RefreshPlugins (0ms)
			BeforeProcessingInitializeOnLoad (2640ms)
			ProcessInitializeOnLoadAttributes (30363ms)
			ProcessInitializeOnLoadMethodAttributes (1885ms)
			AfterProcessingInitializeOnLoad (220ms)
			EditorAssembliesLoaded (63ms)
		ExecutionOrderSort2 (0ms)
		AwakeInstancesAfterBackupRestoration (943ms)
Refreshing native plugins compatible for Editor in 49.03 ms, found 4 plugins.
Preloading 0 native plugins for Editor in 0.00 ms.
Unloading 4014 Unused Serialized files (Serialized files now loaded: 0)
Unloading 36 unused Assets / (34.7 KB). Loaded Objects now: 4496.
Memory consumption went from 136.0 MB to 136.0 MB.
Total: 214.692800 ms (FindLiveObjects: 1.618800 ms CreateObjectMapping: 0.581000 ms MarkObjects: 204.695100 ms  DeleteObjects: 7.792600 ms)

Prepare: number of updated asset objects reloaded= 0
AssetImportParameters requested are different than current active one (requested -> active):
  custom:container-demuxer-ogg: 62fdf1f143b41e24485cea50d1cbac27 -> 
  custom:video-decoder-ogg-theora: a1e56fd34408186e4bbccfd4996cb3dc -> 
  custom:framework-win-MediaFoundation: 216162199b28c13a410421893ffa2e32 -> 
  custom:container-demuxer-webm: 4f35f7cbe854078d1ac9338744f61a02 -> 
  custom:container-muxer-webm: aa71ff27fc2769a1b78a27578f13a17b -> 
  custom:video-decoder-webm-vp8: 9c59270c3fd7afecdb556c50c9e8de78 -> 
  custom:AudioImporter_EditorPlatform: d09bf68614088b80899f8185d706f6e7 -> 
  custom:video-encoder-webm-vp8: eb34c28f22e8b96e1ab97ce403110664 -> 
  custom:audio-decoder-ogg-vorbis: bf7c407c2cedff20999df2af8eb42d56 -> 
  custom:audio-encoder-webm-vorbis: bf7c407c2cedff20999df2af8eb42d56 -> 
========================================================================
Received Prepare
Begin MonoManager ReloadAssembly
Symbol file LoadedFromMemory doesn't match image D:\BaoDi\7\Game\The_Last_Vampire\Library\PackageCache\com.unity.visualscripting@1.8.0\Editor\VisualScripting.Core\Dependencies\YamlDotNet\Unity.VisualScripting.YamlDotNet.dll
Symbol file LoadedFromMemory doesn't match image D:\BaoDi\7\Game\The_Last_Vampire\Library\PackageCache\com.unity.visualscripting@1.8.0\Editor\VisualScripting.Core\Dependencies\DotNetZip\Unity.VisualScripting.IonicZip.dll
- Loaded All Assemblies, in 56.889 seconds
Refreshing native plugins compatible for Editor in 67.69 ms, found 4 plugins.
Native extension for WindowsStandalone target not found
Mono: successfully reloaded assembly
- Finished resetting the current domain, in 71.484 seconds
Domain Reload Profiling: 128389ms
	BeginReloadAssembly (20398ms)
		ExecutionOrderSort (6ms)
		DisableScriptedObjects (1199ms)
		BackupInstance (0ms)
		ReleaseScriptingObjects (4ms)
		CreateAndSetChildDomain (13210ms)
	RebuildCommonClasses (1973ms)
	RebuildNativeTypeToScriptingClass (418ms)
	initialDomainReloadingComplete (530ms)
	LoadAllAssembliesAndSetupDomain (33577ms)
		LoadAssemblies (19517ms)
		RebuildTransferFunctionScriptingTraits (0ms)
		AnalyzeDomain (18007ms)
			TypeCache.Refresh (17981ms)
				TypeCache.ScanAssembly (15337ms)
			ScanForSourceGeneratedMonoScriptInfo (3ms)
			ResolveRequiredComponents (23ms)
	FinalizeReload (71493ms)
		ReleaseScriptCaches (0ms)
		RebuildScriptCaches (0ms)
		SetupLoadedEditorAssemblies (32858ms)
			LogAssemblyErrors (0ms)
			InitializePlatformSupportModulesInManaged (96ms)
			SetLoadedEditorAssemblies (88ms)
			RefreshPlugins (0ms)
			BeforeProcessingInitializeOnLoad (938ms)
			ProcessInitializeOnLoadAttributes (11618ms)
			ProcessInitializeOnLoadMethodAttributes (7064ms)
			AfterProcessingInitializeOnLoad (10782ms)
			EditorAssembliesLoaded (2271ms)
		ExecutionOrderSort2 (6ms)
		AwakeInstancesAfterBackupRestoration (785ms)
Refreshing native plugins compatible for Editor in 299.05 ms, found 4 plugins.
Preloading 0 native plugins for Editor in 0.00 ms.
Unloading 4015 Unused Serialized files (Serialized files now loaded: 0)
Unloading 36 unused Assets / (34.9 KB). Loaded Objects now: 4500.
Memory consumption went from 136.3 MB to 136.3 MB.
Total: 3163.614800 ms (FindLiveObjects: 266.727500 ms CreateObjectMapping: 0.452100 ms MarkObjects: 2560.392900 ms  DeleteObjects: 329.657900 ms)

Prepare: number of updated asset objects reloaded= 0
AssetImportParameters requested are different than current active one (requested -> active):
  custom:container-demuxer-ogg: 62fdf1f143b41e24485cea50d1cbac27 -> 
  custom:video-decoder-ogg-theora: a1e56fd34408186e4bbccfd4996cb3dc -> 
  custom:framework-win-MediaFoundation: 216162199b28c13a410421893ffa2e32 -> 
  custom:container-demuxer-webm: 4f35f7cbe854078d1ac9338744f61a02 -> 
  custom:container-muxer-webm: aa71ff27fc2769a1b78a27578f13a17b -> 
  custom:video-decoder-webm-vp8: 9c59270c3fd7afecdb556c50c9e8de78 -> 
  custom:AudioImporter_EditorPlatform: d09bf68614088b80899f8185d706f6e7 -> 
  custom:video-encoder-webm-vp8: eb34c28f22e8b96e1ab97ce403110664 -> 
  custom:audio-decoder-ogg-vorbis: bf7c407c2cedff20999df2af8eb42d56 -> 
  custom:audio-encoder-webm-vorbis: bf7c407c2cedff20999df2af8eb42d56 -> 
Editor requested this worker to shutdown with reason: Scaling down because of idle timeout
TcpMessagingSession - receive error: operation aborted. errorcode: 995, details: The I/O operation has been aborted because of either a thread exit or an application request.
AssetImportWorker is now disconnected from the server
Process exiting
Exiting without the bug reporter. Application will terminate with return code 0