Using pre-set license
Built from '2022.3/staging' branch; Version is '2022.3.3f1 (7cdc2969a641) revision 8182825'; Using compiler version '192829333'; Build Type 'Release'
OS: 'Windows 11  (10.0.26120) 64bit Core' Language: 'en' Physical Memory: 3891 MB
BatchMode: 1, IsHumanControllingUs: 0, StartBugReporterOnCrash: 0, Is64bit: 1, IsPro: 1

COMMAND LINE ARGUMENTS:
D:\Unity\2022.3.3f1\Editor\Unity.exe
-adb2
-batchMode
-noUpm
-name
AssetImportWorker27
-projectPath
D:/BaoDi/7/Game/The_Last_Vampire
-logFile
Logs/AssetImportWorker27.log
-srvPort
1435
Successfully changed project path to: D:/BaoDi/7/Game/The_Last_Vampire
D:/BaoDi/7/Game/The_Last_Vampire
[UnityMemory] Configuration Parameters - Can be set up in boot.config
    "memorysetup-bucket-allocator-granularity=16"
    "memorysetup-bucket-allocator-bucket-count=8"
    "memorysetup-bucket-allocator-block-size=33554432"
    "memorysetup-bucket-allocator-block-count=8"
    "memorysetup-main-allocator-block-size=16777216"
    "memorysetup-thread-allocator-block-size=16777216"
    "memorysetup-gfx-main-allocator-block-size=16777216"
    "memorysetup-gfx-thread-allocator-block-size=16777216"
    "memorysetup-cache-allocator-block-size=4194304"
    "memorysetup-typetree-allocator-block-size=2097152"
    "memorysetup-profiler-bucket-allocator-granularity=16"
    "memorysetup-profiler-bucket-allocator-bucket-count=8"
    "memorysetup-profiler-bucket-allocator-block-size=33554432"
    "memorysetup-profiler-bucket-allocator-block-count=8"
    "memorysetup-profiler-allocator-block-size=16777216"
    "memorysetup-profiler-editor-allocator-block-size=1048576"
    "memorysetup-temp-allocator-size-main=16777216"
    "memorysetup-job-temp-allocator-block-size=2097152"
    "memorysetup-job-temp-allocator-block-size-background=1048576"
    "memorysetup-job-temp-allocator-reduction-small-platforms=262144"
    "memorysetup-allocator-temp-initial-block-size-main=262144"
    "memorysetup-allocator-temp-initial-block-size-worker=262144"
    "memorysetup-temp-allocator-size-background-worker=32768"
    "memorysetup-temp-allocator-size-job-worker=262144"
    "memorysetup-temp-allocator-size-preload-manager=33554432"
    "memorysetup-temp-allocator-size-nav-mesh-worker=65536"
    "memorysetup-temp-allocator-size-audio-worker=65536"
    "memorysetup-temp-allocator-size-cloud-worker=32768"
    "memorysetup-temp-allocator-size-gi-baking-worker=262144"
    "memorysetup-temp-allocator-size-gfx=262144"
Player connection [20556] Host "[IP] 186.186.12.199 [Port] 0 [Flags] 2 [Guid] 1142355761 [EditorId] 1142355761 [Version] 1048832 [Id] WindowsEditor(7,DESKTOP-UUB2EGU) [Debug] 1 [PackageName] WindowsEditor [ProjectName] Editor" joined multi-casting on [225.0.0.222:54997]...

Player connection [20556] Host "[IP] 186.186.12.199 [Port] 0 [Flags] 2 [Guid] 1142355761 [EditorId] 1142355761 [Version] 1048832 [Id] WindowsEditor(7,DESKTOP-UUB2EGU) [Debug] 1 [PackageName] WindowsEditor [ProjectName] Editor" joined alternative multi-casting on [225.0.0.222:34997]...

Refreshing native plugins compatible for Editor in 378.55 ms, found 4 plugins.
Preloading 0 native plugins for Editor in 0.00 ms.
Initialize engine version: 2022.3.3f1 (7cdc2969a641)
[Subsystems] Discovering subsystems at path D:/Unity/2022.3.3f1/Editor/Data/Resources/UnitySubsystems
[Subsystems] Discovering subsystems at path D:/BaoDi/7/Game/The_Last_Vampire/Assets
GfxDevice: creating device client; threaded=0; jobified=0
Direct3D:
    Version:  Direct3D 11.0 [level 11.1]
    Renderer: Intel(R) UHD Graphics (ID=0x8a56)
    Vendor:   Intel
    VRAM:     1945 MB
    Driver:   27.20.100.9664
Initialize mono
Mono path[0] = 'D:/Unity/2022.3.3f1/Editor/Data/Managed'
Mono path[1] = 'D:/Unity/2022.3.3f1/Editor/Data/MonoBleedingEdge/lib/mono/unityjit-win32'
Mono config path = 'D:/Unity/2022.3.3f1/Editor/Data/MonoBleedingEdge/etc'
Using monoOptions --debugger-agent=transport=dt_socket,embedding=1,server=y,suspend=n,address=127.0.0.1:56788
Begin MonoManager ReloadAssembly
Registering precompiled unity dll's ...
Register platform support module: D:/Unity/2022.3.3f1/Editor/Data/PlaybackEngines/WindowsStandaloneSupport/UnityEditor.WindowsStandalone.Extensions.dll
Registered in 0.009700 seconds.
- Loaded All Assemblies, in  4.042 seconds
Native extension for WindowsStandalone target not found
Mono: successfully reloaded assembly
- Finished resetting the current domain, in  3.523 seconds
Domain Reload Profiling: 7566ms
	BeginReloadAssembly (1062ms)
		ExecutionOrderSort (3ms)
		DisableScriptedObjects (0ms)
		BackupInstance (0ms)
		ReleaseScriptingObjects (0ms)
		CreateAndSetChildDomain (65ms)
	RebuildCommonClasses (1063ms)
	RebuildNativeTypeToScriptingClass (31ms)
	initialDomainReloadingComplete (581ms)
	LoadAllAssembliesAndSetupDomain (1302ms)
		LoadAssemblies (961ms)
		RebuildTransferFunctionScriptingTraits (0ms)
		AnalyzeDomain (1294ms)
			TypeCache.Refresh (1291ms)
				TypeCache.ScanAssembly (1140ms)
			ScanForSourceGeneratedMonoScriptInfo (2ms)
			ResolveRequiredComponents (2ms)
	FinalizeReload (3526ms)
		ReleaseScriptCaches (0ms)
		RebuildScriptCaches (0ms)
		SetupLoadedEditorAssemblies (2439ms)
			LogAssemblyErrors (0ms)
			InitializePlatformSupportModulesInManaged (41ms)
			SetLoadedEditorAssemblies (134ms)
			RefreshPlugins (0ms)
			BeforeProcessingInitializeOnLoad (12ms)
			ProcessInitializeOnLoadAttributes (816ms)
			ProcessInitializeOnLoadMethodAttributes (1434ms)
			AfterProcessingInitializeOnLoad (1ms)
			EditorAssembliesLoaded (1ms)
		ExecutionOrderSort2 (0ms)
		AwakeInstancesAfterBackupRestoration (0ms)
========================================================================
Worker process is ready to serve import requests
Begin MonoManager ReloadAssembly
Symbol file LoadedFromMemory doesn't match image D:\BaoDi\7\Game\The_Last_Vampire\Library\PackageCache\com.unity.visualscripting@1.8.0\Editor\VisualScripting.Core\Dependencies\YamlDotNet\Unity.VisualScripting.YamlDotNet.dll
Symbol file LoadedFromMemory doesn't match image D:\BaoDi\7\Game\The_Last_Vampire\Library\PackageCache\com.unity.visualscripting@1.8.0\Editor\VisualScripting.Core\Dependencies\DotNetZip\Unity.VisualScripting.IonicZip.dll
- Loaded All Assemblies, in 18.493 seconds
Refreshing native plugins compatible for Editor in 153.03 ms, found 4 plugins.
Native extension for WindowsStandalone target not found
Mono: successfully reloaded assembly
- Finished resetting the current domain, in 18.722 seconds
Domain Reload Profiling: 38053ms
	BeginReloadAssembly (7913ms)
		ExecutionOrderSort (0ms)
		DisableScriptedObjects (82ms)
		BackupInstance (0ms)
		ReleaseScriptingObjects (6ms)
		CreateAndSetChildDomain (1077ms)
	RebuildCommonClasses (418ms)
	RebuildNativeTypeToScriptingClass (28ms)
	initialDomainReloadingComplete (1546ms)
	LoadAllAssembliesAndSetupDomain (9125ms)
		LoadAssemblies (7196ms)
		RebuildTransferFunctionScriptingTraits (0ms)
		AnalyzeDomain (4526ms)
			TypeCache.Refresh (4164ms)
				TypeCache.ScanAssembly (3121ms)
			ScanForSourceGeneratedMonoScriptInfo (298ms)
			ResolveRequiredComponents (64ms)
	FinalizeReload (19023ms)
		ReleaseScriptCaches (0ms)
		RebuildScriptCaches (0ms)
		SetupLoadedEditorAssemblies (14209ms)
			LogAssemblyErrors (0ms)
			InitializePlatformSupportModulesInManaged (36ms)
			SetLoadedEditorAssemblies (25ms)
			RefreshPlugins (0ms)
			BeforeProcessingInitializeOnLoad (798ms)
			ProcessInitializeOnLoadAttributes (12643ms)
			ProcessInitializeOnLoadMethodAttributes (691ms)
			AfterProcessingInitializeOnLoad (14ms)
			EditorAssembliesLoaded (2ms)
		ExecutionOrderSort2 (0ms)
		AwakeInstancesAfterBackupRestoration (35ms)
Launched and connected shader compiler UnityShaderCompiler.exe after 2.76 seconds
Refreshing native plugins compatible for Editor in 39.60 ms, found 4 plugins.
Preloading 0 native plugins for Editor in 0.00 ms.
Unloading 4029 Unused Serialized files (Serialized files now loaded: 0)
Unloading 64 unused Assets / (60.4 KB). Loaded Objects now: 4494.
Memory consumption went from 138.8 MB to 138.7 MB.
Total: 86.456300 ms (FindLiveObjects: 2.585600 ms CreateObjectMapping: 1.031500 ms MarkObjects: 74.157200 ms  DeleteObjects: 8.679600 ms)

AssetImportParameters requested are different than current active one (requested -> active):
  custom:container-demuxer-ogg: 62fdf1f143b41e24485cea50d1cbac27 -> 
  custom:video-decoder-ogg-theora: a1e56fd34408186e4bbccfd4996cb3dc -> 
  custom:framework-win-MediaFoundation: 216162199b28c13a410421893ffa2e32 -> 
  custom:container-demuxer-webm: 4f35f7cbe854078d1ac9338744f61a02 -> 
  custom:container-muxer-webm: aa71ff27fc2769a1b78a27578f13a17b -> 
  custom:video-decoder-webm-vp8: 9c59270c3fd7afecdb556c50c9e8de78 -> 
  custom:AudioImporter_EditorPlatform: d09bf68614088b80899f8185d706f6e7 -> 
  custom:video-encoder-webm-vp8: eb34c28f22e8b96e1ab97ce403110664 -> 
  custom:audio-decoder-ogg-vorbis: bf7c407c2cedff20999df2af8eb42d56 -> 
  custom:audio-encoder-webm-vorbis: bf7c407c2cedff20999df2af8eb42d56 -> 
========================================================================
Received Import Request.
  Time since last request: 20270.931735 seconds.
  path: Assets/Map1_Forest/Enemies/KingOfWolf/Monster_Wolf.prefab
  artifactKey: Guid(d31876e7014a2914286027e154adf49e) Importer(815301076,1909f56bfc062723c751e8b465ee728b)
Start importing Assets/Map1_Forest/Enemies/KingOfWolf/Monster_Wolf.prefab using Guid(d31876e7014a2914286027e154adf49e) Importer(815301076,1909f56bfc062723c751e8b465ee728b)  -> (artifact id: 'a8d9f3da8c8410543654fdbf6e36009b') in 3.877020 seconds
Internal: There are remaining Allocations on the JobTempAlloc. This is a leak, and will impact performance
To Debug, run app with -diag-job-temp-memory-leak-validation cmd line argument. This will output the callstacks of the leaked allocations.
Number of updated asset objects reloaded before import = 0
Number of asset objects unloaded after import = 55
========================================================================
Received Import Request.
  Time since last request: 0.000060 seconds.
  path: Assets/Map1_Forest/Enemies/KingOfWolf/Monster_Wolf.png
  artifactKey: Guid(7954930486974964f8c101a475c5d80b) Importer(815301076,1909f56bfc062723c751e8b465ee728b)
Start importing Assets/Map1_Forest/Enemies/KingOfWolf/Monster_Wolf.png using Guid(7954930486974964f8c101a475c5d80b) Importer(815301076,1909f56bfc062723c751e8b465ee728b)  -> (artifact id: 'b967f92641e01b8141d139a333062d3e') in 3.738872 seconds
Internal: There are remaining Allocations on the JobTempAlloc. This is a leak, and will impact performance
To Debug, run app with -diag-job-temp-memory-leak-validation cmd line argument. This will output the callstacks of the leaked allocations.
Number of updated asset objects reloaded before import = 0
Number of asset objects unloaded after import = 42
========================================================================
Received Import Request.
  Time since last request: 0.000077 seconds.
  path: Assets/Map1_Forest/Enemies/KingOfWolf/robot_take_damage.mp3
  artifactKey: Guid(35f7b006f002c1447b8fb44c0ccb44e1) Importer(815301076,1909f56bfc062723c751e8b465ee728b)
Start importing Assets/Map1_Forest/Enemies/KingOfWolf/robot_take_damage.mp3 using Guid(35f7b006f002c1447b8fb44c0ccb44e1) Importer(815301076,1909f56bfc062723c751e8b465ee728b)  -> (artifact id: '6b0a734ebe5abc3340da4893d6978e0c') in 5.951364 seconds
Internal: There are remaining Allocations on the JobTempAlloc. This is a leak, and will impact performance
To Debug, run app with -diag-job-temp-memory-leak-validation cmd line argument. This will output the callstacks of the leaked allocations.
Number of updated asset objects reloaded before import = 0
Number of asset objects unloaded after import = 2
========================================================================
Received Import Request.
  Time since last request: 0.000053 seconds.
  path: Assets/Map1_Forest/Enemies/Wolf/Monster_Wolf.prefab
  artifactKey: Guid(79584e046080e11489dcfe03b28023a1) Importer(815301076,1909f56bfc062723c751e8b465ee728b)
Start importing Assets/Map1_Forest/Enemies/Wolf/Monster_Wolf.prefab using Guid(79584e046080e11489dcfe03b28023a1) Importer(815301076,1909f56bfc062723c751e8b465ee728b)  -> (artifact id: 'f86bf2ea876f6fc2f5b6e8420f694e94') in 0.059015 seconds
Internal: There are remaining Allocations on the JobTempAlloc. This is a leak, and will impact performance
To Debug, run app with -diag-job-temp-memory-leak-validation cmd line argument. This will output the callstacks of the leaked allocations.
Number of updated asset objects reloaded before import = 0
Number of asset objects unloaded after import = 55
========================================================================
Received Import Request.
  Time since last request: 0.003658 seconds.
  path: Assets/Map1_Forest/Enemies/KingOfWolf/robot_die.mp3
  artifactKey: Guid(1dc03cc1d875f4548b7acb8266208ed3) Importer(815301076,1909f56bfc062723c751e8b465ee728b)
Start importing Assets/Map1_Forest/Enemies/KingOfWolf/robot_die.mp3 using Guid(1dc03cc1d875f4548b7acb8266208ed3) Importer(815301076,1909f56bfc062723c751e8b465ee728b)  -> (artifact id: '311f60b330034748d83fe2f915a4b3cc') in 0.087821 seconds
Internal: There are remaining Allocations on the JobTempAlloc. This is a leak, and will impact performance
To Debug, run app with -diag-job-temp-memory-leak-validation cmd line argument. This will output the callstacks of the leaked allocations.
Number of updated asset objects reloaded before import = 0
Number of asset objects unloaded after import = 2
========================================================================
Received Import Request.
  Time since last request: 113.370166 seconds.
  path: Assets/Map1_Forest/Enemies/Wolf/take_damage.mp3
  artifactKey: Guid(c0174676f8f306e4aa1b4ff40493472b) Importer(815301076,1909f56bfc062723c751e8b465ee728b)
Start importing Assets/Map1_Forest/Enemies/Wolf/take_damage.mp3 using Guid(c0174676f8f306e4aa1b4ff40493472b) Importer(815301076,1909f56bfc062723c751e8b465ee728b)  -> (artifact id: 'fae90c6b5dbd6749e768e840d91a4d2f') in 21.842413 seconds
Internal: There are remaining Allocations on the JobTempAlloc. This is a leak, and will impact performance
To Debug, run app with -diag-job-temp-memory-leak-validation cmd line argument. This will output the callstacks of the leaked allocations.
Number of updated asset objects reloaded before import = 0
Number of asset objects unloaded after import = 2
========================================================================
Received Import Request.
  Time since last request: 0.559883 seconds.
  path: Assets/Map1_Forest/Enemies/Wolf/die.mp3
  artifactKey: Guid(fa08fd396b4cc7846b437fe036dc91a8) Importer(815301076,1909f56bfc062723c751e8b465ee728b)
Start importing Assets/Map1_Forest/Enemies/Wolf/die.mp3 using Guid(fa08fd396b4cc7846b437fe036dc91a8) Importer(815301076,1909f56bfc062723c751e8b465ee728b)  -> (artifact id: '1ed4b56252b592bb469e47dc431fd6ff') in 0.067650 seconds
Internal: There are remaining Allocations on the JobTempAlloc. This is a leak, and will impact performance
To Debug, run app with -diag-job-temp-memory-leak-validation cmd line argument. This will output the callstacks of the leaked allocations.
Number of updated asset objects reloaded before import = 0
Number of asset objects unloaded after import = 2
========================================================================
Received Import Request.
  Time since last request: 0.002277 seconds.
  path: Assets/Map1_Forest/Enemies/Wolf/Monster_Wolf.prefab
  artifactKey: Guid(79584e046080e11489dcfe03b28023a1) Importer(815301076,1909f56bfc062723c751e8b465ee728b)
Start importing Assets/Map1_Forest/Enemies/Wolf/Monster_Wolf.prefab using Guid(79584e046080e11489dcfe03b28023a1) Importer(815301076,1909f56bfc062723c751e8b465ee728b)  -> (artifact id: 'd06cb0e08ae222325dfb70d9afa0fcea') in 2.206929 seconds
Internal: There are remaining Allocations on the JobTempAlloc. This is a leak, and will impact performance
To Debug, run app with -diag-job-temp-memory-leak-validation cmd line argument. This will output the callstacks of the leaked allocations.
Number of updated asset objects reloaded before import = 0
Number of asset objects unloaded after import = 55
========================================================================
Received Import Request.
  Time since last request: 930.845747 seconds.
  path: Assets/Map1_Forest/Enemies/KingOfWolf/Monster_Wolf.prefab
  artifactKey: Guid(d31876e7014a2914286027e154adf49e) Importer(815301076,1909f56bfc062723c751e8b465ee728b)
Start importing Assets/Map1_Forest/Enemies/KingOfWolf/Monster_Wolf.prefab using Guid(d31876e7014a2914286027e154adf49e) Importer(815301076,1909f56bfc062723c751e8b465ee728b)  -> (artifact id: 'd66c489b77f09b0d269bbcc31600ccd5') in 13.304237 seconds
Internal: There are remaining Allocations on the JobTempAlloc. This is a leak, and will impact performance
To Debug, run app with -diag-job-temp-memory-leak-validation cmd line argument. This will output the callstacks of the leaked allocations.
Number of updated asset objects reloaded before import = 0
Number of asset objects unloaded after import = 55
========================================================================
Received Prepare
Begin MonoManager ReloadAssembly
Internal: deleting an allocation that is older than its permitted lifetime of 4 frames (age = 6)
Internal: deleting an allocation that is older than its permitted lifetime of 4 frames (age = 6)
Internal: deleting an allocation that is older than its permitted lifetime of 4 frames (age = 9)
Internal: deleting an allocation that is older than its permitted lifetime of 4 frames (age = 9)
Symbol file LoadedFromMemory doesn't match image D:\BaoDi\7\Game\The_Last_Vampire\Library\PackageCache\com.unity.visualscripting@1.8.0\Editor\VisualScripting.Core\Dependencies\YamlDotNet\Unity.VisualScripting.YamlDotNet.dll
Symbol file LoadedFromMemory doesn't match image D:\BaoDi\7\Game\The_Last_Vampire\Library\PackageCache\com.unity.visualscripting@1.8.0\Editor\VisualScripting.Core\Dependencies\DotNetZip\Unity.VisualScripting.IonicZip.dll
- Loaded All Assemblies, in 289.683 seconds
Refreshing native plugins compatible for Editor in 12288.38 ms, found 4 plugins.
Native extension for WindowsStandalone target not found
Mono: successfully reloaded assembly
- Finished resetting the current domain, in 134.594 seconds
Domain Reload Profiling: 446852ms
	BeginReloadAssembly (57297ms)
		ExecutionOrderSort (1ms)
		DisableScriptedObjects (716ms)
		BackupInstance (0ms)
		ReleaseScriptingObjects (5ms)
		CreateAndSetChildDomain (4015ms)
	RebuildCommonClasses (20999ms)
	RebuildNativeTypeToScriptingClass (2782ms)
	initialDomainReloadingComplete (31346ms)
	LoadAllAssembliesAndSetupDomain (199821ms)
		LoadAssemblies (133364ms)
		RebuildTransferFunctionScriptingTraits (0ms)
		AnalyzeDomain (94204ms)
			TypeCache.Refresh (92337ms)
				TypeCache.ScanAssembly (80888ms)
			ScanForSourceGeneratedMonoScriptInfo (841ms)
			ResolveRequiredComponents (1025ms)
	FinalizeReload (134607ms)
		ReleaseScriptCaches (0ms)
		RebuildScriptCaches (0ms)
		SetupLoadedEditorAssemblies (36061ms)
			LogAssemblyErrors (7ms)
			InitializePlatformSupportModulesInManaged (2689ms)
			SetLoadedEditorAssemblies (1906ms)
			RefreshPlugins (0ms)
			BeforeProcessingInitializeOnLoad (10249ms)
			ProcessInitializeOnLoadAttributes (19984ms)
			ProcessInitializeOnLoadMethodAttributes (1195ms)
			AfterProcessingInitializeOnLoad (17ms)
			EditorAssembliesLoaded (14ms)
		ExecutionOrderSort2 (11ms)
		AwakeInstancesAfterBackupRestoration (491ms)
Script is not up to date after domain reload: guid(ee39e6245161449479787f00b8c451e7) path("Assets/Map1_Forest/Enemies/Wolf/EnemyMovement.cs") state(2)
Refreshing native plugins compatible for Editor in 321.59 ms, found 4 plugins.
Preloading 0 native plugins for Editor in 0.00 ms.
Unloading 4013 Unused Serialized files (Serialized files now loaded: 0)
Unloading 39 unused Assets / (36.2 KB). Loaded Objects now: 4549.
Memory consumption went from 140.5 MB to 140.4 MB.
Total: 11471.968800 ms (FindLiveObjects: 38.175200 ms CreateObjectMapping: 0.563300 ms MarkObjects: 11005.416700 ms  DeleteObjects: 425.803100 ms)

Prepare: number of updated asset objects reloaded= 0
AssetImportParameters requested are different than current active one (requested -> active):
  custom:container-demuxer-ogg: 62fdf1f143b41e24485cea50d1cbac27 -> 
  custom:video-decoder-ogg-theora: a1e56fd34408186e4bbccfd4996cb3dc -> 
  custom:framework-win-MediaFoundation: 216162199b28c13a410421893ffa2e32 -> 
  custom:container-demuxer-webm: 4f35f7cbe854078d1ac9338744f61a02 -> 
  custom:container-muxer-webm: aa71ff27fc2769a1b78a27578f13a17b -> 
  custom:video-decoder-webm-vp8: 9c59270c3fd7afecdb556c50c9e8de78 -> 
  custom:AudioImporter_EditorPlatform: d09bf68614088b80899f8185d706f6e7 -> 
  custom:video-encoder-webm-vp8: eb34c28f22e8b96e1ab97ce403110664 -> 
  custom:audio-decoder-ogg-vorbis: bf7c407c2cedff20999df2af8eb42d56 -> 
  custom:audio-encoder-webm-vorbis: bf7c407c2cedff20999df2af8eb42d56 -> 
========================================================================
Received Prepare
Begin MonoManager ReloadAssembly
Symbol file LoadedFromMemory doesn't match image D:\BaoDi\7\Game\The_Last_Vampire\Library\PackageCache\com.unity.visualscripting@1.8.0\Editor\VisualScripting.Core\Dependencies\YamlDotNet\Unity.VisualScripting.YamlDotNet.dll
Symbol file LoadedFromMemory doesn't match image D:\BaoDi\7\Game\The_Last_Vampire\Library\PackageCache\com.unity.visualscripting@1.8.0\Editor\VisualScripting.Core\Dependencies\DotNetZip\Unity.VisualScripting.IonicZip.dll
- Loaded All Assemblies, in 100.323 seconds
Refreshing native plugins compatible for Editor in 366.12 ms, found 4 plugins.
Native extension for WindowsStandalone target not found
Mono: successfully reloaded assembly
- Finished resetting the current domain, in 75.973 seconds
Domain Reload Profiling: 176363ms
	BeginReloadAssembly (30159ms)
		ExecutionOrderSort (2ms)
		DisableScriptedObjects (548ms)
		BackupInstance (0ms)
		ReleaseScriptingObjects (15ms)
		CreateAndSetChildDomain (18714ms)
	RebuildCommonClasses (1116ms)
	RebuildNativeTypeToScriptingClass (217ms)
	initialDomainReloadingComplete (659ms)
	LoadAllAssembliesAndSetupDomain (68216ms)
		LoadAssemblies (47779ms)
		RebuildTransferFunctionScriptingTraits (0ms)
		AnalyzeDomain (22366ms)
			TypeCache.Refresh (22033ms)
				TypeCache.ScanAssembly (18737ms)
			ScanForSourceGeneratedMonoScriptInfo (238ms)
			ResolveRequiredComponents (56ms)
	FinalizeReload (75996ms)
		ReleaseScriptCaches (0ms)
		RebuildScriptCaches (0ms)
		SetupLoadedEditorAssemblies (31455ms)
			LogAssemblyErrors (2ms)
			InitializePlatformSupportModulesInManaged (92ms)
			SetLoadedEditorAssemblies (72ms)
			RefreshPlugins (0ms)
			BeforeProcessingInitializeOnLoad (1922ms)
			ProcessInitializeOnLoadAttributes (23154ms)
			ProcessInitializeOnLoadMethodAttributes (5863ms)
			AfterProcessingInitializeOnLoad (30ms)
			EditorAssembliesLoaded (280ms)
		ExecutionOrderSort2 (12ms)
		AwakeInstancesAfterBackupRestoration (4172ms)
Refreshing native plugins compatible for Editor in 632.95 ms, found 4 plugins.
Preloading 0 native plugins for Editor in 0.00 ms.
Unloading 4015 Unused Serialized files (Serialized files now loaded: 0)
Unloading 36 unused Assets / (34.8 KB). Loaded Objects now: 4554.
Memory consumption went from 140.7 MB to 140.7 MB.
Total: 5195.129900 ms (FindLiveObjects: 729.969900 ms CreateObjectMapping: 1.515700 ms MarkObjects: 4393.004500 ms  DeleteObjects: 70.631400 ms)

Prepare: number of updated asset objects reloaded= 0
AssetImportParameters requested are different than current active one (requested -> active):
  custom:container-demuxer-ogg: 62fdf1f143b41e24485cea50d1cbac27 -> 
  custom:video-decoder-ogg-theora: a1e56fd34408186e4bbccfd4996cb3dc -> 
  custom:framework-win-MediaFoundation: 216162199b28c13a410421893ffa2e32 -> 
  custom:container-demuxer-webm: 4f35f7cbe854078d1ac9338744f61a02 -> 
  custom:container-muxer-webm: aa71ff27fc2769a1b78a27578f13a17b -> 
  custom:video-decoder-webm-vp8: 9c59270c3fd7afecdb556c50c9e8de78 -> 
  custom:AudioImporter_EditorPlatform: d09bf68614088b80899f8185d706f6e7 -> 
  custom:video-encoder-webm-vp8: eb34c28f22e8b96e1ab97ce403110664 -> 
  custom:audio-decoder-ogg-vorbis: bf7c407c2cedff20999df2af8eb42d56 -> 
  custom:audio-encoder-webm-vorbis: bf7c407c2cedff20999df2af8eb42d56 -> 
========================================================================
Received Prepare
Begin MonoManager ReloadAssembly
Symbol file LoadedFromMemory doesn't match image D:\BaoDi\7\Game\The_Last_Vampire\Library\PackageCache\com.unity.visualscripting@1.8.0\Editor\VisualScripting.Core\Dependencies\YamlDotNet\Unity.VisualScripting.YamlDotNet.dll
Symbol file LoadedFromMemory doesn't match image D:\BaoDi\7\Game\The_Last_Vampire\Library\PackageCache\com.unity.visualscripting@1.8.0\Editor\VisualScripting.Core\Dependencies\DotNetZip\Unity.VisualScripting.IonicZip.dll
- Loaded All Assemblies, in 185.344 seconds
Refreshing native plugins compatible for Editor in 147.29 ms, found 4 plugins.
Native extension for WindowsStandalone target not found
Mono: successfully reloaded assembly
- Finished resetting the current domain, in 158.679 seconds
Domain Reload Profiling: 344203ms
	BeginReloadAssembly (14030ms)
		ExecutionOrderSort (3ms)
		DisableScriptedObjects (1108ms)
		BackupInstance (0ms)
		ReleaseScriptingObjects (11ms)
		CreateAndSetChildDomain (10676ms)
	RebuildCommonClasses (281ms)
	RebuildNativeTypeToScriptingClass (66ms)
	initialDomainReloadingComplete (242ms)
	LoadAllAssembliesAndSetupDomain (170924ms)
		LoadAssemblies (111620ms)
		RebuildTransferFunctionScriptingTraits (0ms)
		AnalyzeDomain (56163ms)
			TypeCache.Refresh (55770ms)
				TypeCache.ScanAssembly (45212ms)
			ScanForSourceGeneratedMonoScriptInfo (33ms)
			ResolveRequiredComponents (352ms)
	FinalizeReload (158661ms)
		ReleaseScriptCaches (0ms)
		RebuildScriptCaches (0ms)
		SetupLoadedEditorAssemblies (40328ms)
			LogAssemblyErrors (7ms)
			InitializePlatformSupportModulesInManaged (1106ms)
			SetLoadedEditorAssemblies (508ms)
			RefreshPlugins (0ms)
			BeforeProcessingInitializeOnLoad (3364ms)
			ProcessInitializeOnLoadAttributes (34294ms)
			ProcessInitializeOnLoadMethodAttributes (885ms)
			AfterProcessingInitializeOnLoad (93ms)
			EditorAssembliesLoaded (56ms)
		ExecutionOrderSort2 (4ms)
		AwakeInstancesAfterBackupRestoration (533ms)
Script is not up to date after domain reload: guid(ee39e6245161449479787f00b8c451e7) path("Assets/Map1_Forest/Enemies/Wolf/EnemyMovement.cs") state(2)
Script is not up to date after domain reload: guid(3936ebdc103b2dc4ba317cab46ea3f2e) path("Assets/Map1_Forest/Enemies/Wolf/SoundManager.cs") state(2)
Refreshing native plugins compatible for Editor in 245.63 ms, found 4 plugins.
Preloading 0 native plugins for Editor in 0.00 ms.
Unloading 4013 Unused Serialized files (Serialized files now loaded: 0)
Unloading 36 unused Assets / (34.9 KB). Loaded Objects now: 4556.
Memory consumption went from 140.7 MB to 140.7 MB.
Total: 2301.335500 ms (FindLiveObjects: 32.058400 ms CreateObjectMapping: 15.158100 ms MarkObjects: 2233.915300 ms  DeleteObjects: 20.196100 ms)

Prepare: number of updated asset objects reloaded= 0
AssetImportParameters requested are different than current active one (requested -> active):
  custom:container-demuxer-ogg: 62fdf1f143b41e24485cea50d1cbac27 -> 
  custom:video-decoder-ogg-theora: a1e56fd34408186e4bbccfd4996cb3dc -> 
  custom:framework-win-MediaFoundation: 216162199b28c13a410421893ffa2e32 -> 
  custom:container-demuxer-webm: 4f35f7cbe854078d1ac9338744f61a02 -> 
  custom:container-muxer-webm: aa71ff27fc2769a1b78a27578f13a17b -> 
  custom:video-decoder-webm-vp8: 9c59270c3fd7afecdb556c50c9e8de78 -> 
  custom:AudioImporter_EditorPlatform: d09bf68614088b80899f8185d706f6e7 -> 
  custom:video-encoder-webm-vp8: eb34c28f22e8b96e1ab97ce403110664 -> 
  custom:audio-decoder-ogg-vorbis: bf7c407c2cedff20999df2af8eb42d56 -> 
  custom:audio-encoder-webm-vorbis: bf7c407c2cedff20999df2af8eb42d56 -> 
========================================================================
Received Import Request.
  Time since last request: 1688.722817 seconds.
  path: Assets/Map1_Forest/Enemies/Wolf/wolf-attack.mp3
  artifactKey: Guid(122ebba55d39253449ceaee066d81e86) Importer(815301076,1909f56bfc062723c751e8b465ee728b)
Start importing Assets/Map1_Forest/Enemies/Wolf/wolf-attack.mp3 using Guid(122ebba55d39253449ceaee066d81e86) Importer(815301076,1909f56bfc062723c751e8b465ee728b)  -> (artifact id: '9ef172e11f938a3d4f03647e68fcb00f') in 7.503498 seconds
Number of updated asset objects reloaded before import = 0
Number of asset objects unloaded after import = 2
========================================================================
Received Prepare
Begin MonoManager ReloadAssembly
Symbol file LoadedFromMemory doesn't match image D:\BaoDi\7\Game\The_Last_Vampire\Library\PackageCache\com.unity.visualscripting@1.8.0\Editor\VisualScripting.Core\Dependencies\YamlDotNet\Unity.VisualScripting.YamlDotNet.dll
Symbol file LoadedFromMemory doesn't match image D:\BaoDi\7\Game\The_Last_Vampire\Library\PackageCache\com.unity.visualscripting@1.8.0\Editor\VisualScripting.Core\Dependencies\DotNetZip\Unity.VisualScripting.IonicZip.dll
- Loaded All Assemblies, in 45.824 seconds
Refreshing native plugins compatible for Editor in 3511.98 ms, found 4 plugins.
Native extension for WindowsStandalone target not found
Mono: successfully reloaded assembly
- Finished resetting the current domain, in 57.092 seconds
Domain Reload Profiling: 103766ms
	BeginReloadAssembly (3722ms)
		ExecutionOrderSort (1ms)
		DisableScriptedObjects (322ms)
		BackupInstance (0ms)
		ReleaseScriptingObjects (12ms)
		CreateAndSetChildDomain (1948ms)
	RebuildCommonClasses (190ms)
	RebuildNativeTypeToScriptingClass (50ms)
	initialDomainReloadingComplete (366ms)
	LoadAllAssembliesAndSetupDomain (42342ms)
		LoadAssemblies (18449ms)
		RebuildTransferFunctionScriptingTraits (0ms)
		AnalyzeDomain (23641ms)
			TypeCache.Refresh (22698ms)
				TypeCache.ScanAssembly (17054ms)
			ScanForSourceGeneratedMonoScriptInfo (369ms)
			ResolveRequiredComponents (574ms)
	FinalizeReload (57096ms)
		ReleaseScriptCaches (0ms)
		RebuildScriptCaches (0ms)
		SetupLoadedEditorAssemblies (16006ms)
			LogAssemblyErrors (2ms)
			InitializePlatformSupportModulesInManaged (93ms)
			SetLoadedEditorAssemblies (140ms)
			RefreshPlugins (0ms)
			BeforeProcessingInitializeOnLoad (2379ms)
			ProcessInitializeOnLoadAttributes (12305ms)
			ProcessInitializeOnLoadMethodAttributes (1036ms)
			AfterProcessingInitializeOnLoad (29ms)
			EditorAssembliesLoaded (14ms)
		ExecutionOrderSort2 (1ms)
		AwakeInstancesAfterBackupRestoration (109ms)
Refreshing native plugins compatible for Editor in 208.57 ms, found 4 plugins.
Preloading 0 native plugins for Editor in 0.00 ms.
Unloading 4014 Unused Serialized files (Serialized files now loaded: 0)
Unloading 36 unused Assets / (35.8 KB). Loaded Objects now: 4562.
Memory consumption went from 140.5 MB to 140.4 MB.
Total: 247.908300 ms (FindLiveObjects: 12.642800 ms CreateObjectMapping: 1.958600 ms MarkObjects: 222.724000 ms  DeleteObjects: 10.245000 ms)

Prepare: number of updated asset objects reloaded= 0
AssetImportParameters requested are different than current active one (requested -> active):
  custom:container-demuxer-ogg: 62fdf1f143b41e24485cea50d1cbac27 -> 
  custom:video-decoder-ogg-theora: a1e56fd34408186e4bbccfd4996cb3dc -> 
  custom:framework-win-MediaFoundation: 216162199b28c13a410421893ffa2e32 -> 
  custom:container-demuxer-webm: 4f35f7cbe854078d1ac9338744f61a02 -> 
  custom:container-muxer-webm: aa71ff27fc2769a1b78a27578f13a17b -> 
  custom:video-decoder-webm-vp8: 9c59270c3fd7afecdb556c50c9e8de78 -> 
  custom:AudioImporter_EditorPlatform: d09bf68614088b80899f8185d706f6e7 -> 
  custom:video-encoder-webm-vp8: eb34c28f22e8b96e1ab97ce403110664 -> 
  custom:audio-decoder-ogg-vorbis: bf7c407c2cedff20999df2af8eb42d56 -> 
  custom:audio-encoder-webm-vorbis: bf7c407c2cedff20999df2af8eb42d56 -> 
========================================================================
Received Prepare
Begin MonoManager ReloadAssembly
Symbol file LoadedFromMemory doesn't match image D:\BaoDi\7\Game\The_Last_Vampire\Library\PackageCache\com.unity.visualscripting@1.8.0\Editor\VisualScripting.Core\Dependencies\YamlDotNet\Unity.VisualScripting.YamlDotNet.dll
Symbol file LoadedFromMemory doesn't match image D:\BaoDi\7\Game\The_Last_Vampire\Library\PackageCache\com.unity.visualscripting@1.8.0\Editor\VisualScripting.Core\Dependencies\DotNetZip\Unity.VisualScripting.IonicZip.dll
- Loaded All Assemblies, in 21.252 seconds
Refreshing native plugins compatible for Editor in 769.17 ms, found 4 plugins.
Native extension for WindowsStandalone target not found
Mono: successfully reloaded assembly
- Finished resetting the current domain, in 15.222 seconds
Domain Reload Profiling: 36522ms
	BeginReloadAssembly (5018ms)
		ExecutionOrderSort (1ms)
		DisableScriptedObjects (288ms)
		BackupInstance (0ms)
		ReleaseScriptingObjects (4ms)
		CreateAndSetChildDomain (2979ms)
	RebuildCommonClasses (611ms)
	RebuildNativeTypeToScriptingClass (180ms)
	initialDomainReloadingComplete (417ms)
	LoadAllAssembliesAndSetupDomain (15065ms)
		LoadAssemblies (9245ms)
		RebuildTransferFunctionScriptingTraits (0ms)
		AnalyzeDomain (7276ms)
			TypeCache.Refresh (7158ms)
				TypeCache.ScanAssembly (4626ms)
			ScanForSourceGeneratedMonoScriptInfo (15ms)
			ResolveRequiredComponents (102ms)
	FinalizeReload (15231ms)
		ReleaseScriptCaches (0ms)
		RebuildScriptCaches (0ms)
		SetupLoadedEditorAssemblies (6496ms)
			LogAssemblyErrors (0ms)
			InitializePlatformSupportModulesInManaged (53ms)
			SetLoadedEditorAssemblies (27ms)
			RefreshPlugins (0ms)
			BeforeProcessingInitializeOnLoad (524ms)
			ProcessInitializeOnLoadAttributes (5483ms)
			ProcessInitializeOnLoadMethodAttributes (389ms)
			AfterProcessingInitializeOnLoad (12ms)
			EditorAssembliesLoaded (7ms)
		ExecutionOrderSort2 (3ms)
		AwakeInstancesAfterBackupRestoration (234ms)
Refreshing native plugins compatible for Editor in 59.66 ms, found 4 plugins.
Preloading 0 native plugins for Editor in 0.00 ms.
Unloading 4015 Unused Serialized files (Serialized files now loaded: 0)
Unloading 36 unused Assets / (34.8 KB). Loaded Objects now: 4566.
Memory consumption went from 140.7 MB to 140.7 MB.
Total: 159.780900 ms (FindLiveObjects: 13.733100 ms CreateObjectMapping: 3.640100 ms MarkObjects: 139.080000 ms  DeleteObjects: 3.325100 ms)

Prepare: number of updated asset objects reloaded= 0
AssetImportParameters requested are different than current active one (requested -> active):
  custom:container-demuxer-ogg: 62fdf1f143b41e24485cea50d1cbac27 -> 
  custom:video-decoder-ogg-theora: a1e56fd34408186e4bbccfd4996cb3dc -> 
  custom:framework-win-MediaFoundation: 216162199b28c13a410421893ffa2e32 -> 
  custom:container-demuxer-webm: 4f35f7cbe854078d1ac9338744f61a02 -> 
  custom:container-muxer-webm: aa71ff27fc2769a1b78a27578f13a17b -> 
  custom:video-decoder-webm-vp8: 9c59270c3fd7afecdb556c50c9e8de78 -> 
  custom:AudioImporter_EditorPlatform: d09bf68614088b80899f8185d706f6e7 -> 
  custom:video-encoder-webm-vp8: eb34c28f22e8b96e1ab97ce403110664 -> 
  custom:audio-decoder-ogg-vorbis: bf7c407c2cedff20999df2af8eb42d56 -> 
  custom:audio-encoder-webm-vorbis: bf7c407c2cedff20999df2af8eb42d56 -> 
