Using pre-set license
Built from '2022.3/staging' branch; Version is '2022.3.3f1 (7cdc2969a641) revision 8182825'; Using compiler version '192829333'; Build Type 'Release'
OS: 'Windows 11  (10.0.22631) 64bit CoreSingleLanguage' Language: 'en' Physical Memory: 16105 MB
BatchMode: 1, IsHumanControllingUs: 0, StartBugReporterOnCrash: 0, Is64bit: 1, IsPro: 1

COMMAND LINE ARGUMENTS:
C:\Program Files\Unity\Hub\Editor\2022.3.3f1\Editor\Unity.exe
-adb2
-batchMode
-noUpm
-name
AssetImportWorker8
-projectPath
D:/HK1_2024_2025/PTGame/The_Last_Vampire
-logFile
Logs/AssetImportWorker8.log
-srvPort
53975
Successfully changed project path to: D:/HK1_2024_2025/PTGame/The_Last_Vampire
D:/HK1_2024_2025/PTGame/The_Last_Vampire
[UnityMemory] Configuration Parameters - Can be set up in boot.config
    "memorysetup-bucket-allocator-granularity=16"
    "memorysetup-bucket-allocator-bucket-count=8"
    "memorysetup-bucket-allocator-block-size=33554432"
    "memorysetup-bucket-allocator-block-count=8"
    "memorysetup-main-allocator-block-size=16777216"
    "memorysetup-thread-allocator-block-size=16777216"
    "memorysetup-gfx-main-allocator-block-size=16777216"
    "memorysetup-gfx-thread-allocator-block-size=16777216"
    "memorysetup-cache-allocator-block-size=4194304"
    "memorysetup-typetree-allocator-block-size=2097152"
    "memorysetup-profiler-bucket-allocator-granularity=16"
    "memorysetup-profiler-bucket-allocator-bucket-count=8"
    "memorysetup-profiler-bucket-allocator-block-size=33554432"
    "memorysetup-profiler-bucket-allocator-block-count=8"
    "memorysetup-profiler-allocator-block-size=16777216"
    "memorysetup-profiler-editor-allocator-block-size=1048576"
    "memorysetup-temp-allocator-size-main=16777216"
    "memorysetup-job-temp-allocator-block-size=2097152"
    "memorysetup-job-temp-allocator-block-size-background=1048576"
    "memorysetup-job-temp-allocator-reduction-small-platforms=262144"
    "memorysetup-allocator-temp-initial-block-size-main=262144"
    "memorysetup-allocator-temp-initial-block-size-worker=262144"
    "memorysetup-temp-allocator-size-background-worker=32768"
    "memorysetup-temp-allocator-size-job-worker=262144"
    "memorysetup-temp-allocator-size-preload-manager=33554432"
    "memorysetup-temp-allocator-size-nav-mesh-worker=65536"
    "memorysetup-temp-allocator-size-audio-worker=65536"
    "memorysetup-temp-allocator-size-cloud-worker=32768"
    "memorysetup-temp-allocator-size-gi-baking-worker=262144"
    "memorysetup-temp-allocator-size-gfx=262144"
Player connection [23488] Host "[IP] 26.75.200.97 [Port] 0 [Flags] 2 [Guid] 3990090909 [EditorId] 3990090909 [Version] 1048832 [Id] WindowsEditor(7,DESKTOP-BS95S0S) [Debug] 1 [PackageName] WindowsEditor [ProjectName] Editor" joined multi-casting on [225.0.0.222:54997]...

Player connection [23488] Host "[IP] 26.75.200.97 [Port] 0 [Flags] 2 [Guid] 3990090909 [EditorId] 3990090909 [Version] 1048832 [Id] WindowsEditor(7,DESKTOP-BS95S0S) [Debug] 1 [PackageName] WindowsEditor [ProjectName] Editor" joined alternative multi-casting on [225.0.0.222:34997]...

Refreshing native plugins compatible for Editor in 11.52 ms, found 4 plugins.
Preloading 0 native plugins for Editor in 0.00 ms.
Initialize engine version: 2022.3.3f1 (7cdc2969a641)
[Subsystems] Discovering subsystems at path C:/Program Files/Unity/Hub/Editor/2022.3.3f1/Editor/Data/Resources/UnitySubsystems
[Subsystems] Discovering subsystems at path D:/HK1_2024_2025/PTGame/The_Last_Vampire/Assets
GfxDevice: creating device client; threaded=0; jobified=0
Direct3D:
    Version:  Direct3D 11.0 [level 11.1]
    Renderer: NVIDIA GeForce RTX 3050 Laptop GPU (ID=0x25a5)
    Vendor:   NVIDIA
    VRAM:     3977 MB
    Driver:   31.0.15.4680
Initialize mono
Mono path[0] = 'C:/Program Files/Unity/Hub/Editor/2022.3.3f1/Editor/Data/Managed'
Mono path[1] = 'C:/Program Files/Unity/Hub/Editor/2022.3.3f1/Editor/Data/MonoBleedingEdge/lib/mono/unityjit-win32'
Mono config path = 'C:/Program Files/Unity/Hub/Editor/2022.3.3f1/Editor/Data/MonoBleedingEdge/etc'
Using monoOptions --debugger-agent=transport=dt_socket,embedding=1,server=y,suspend=n,address=127.0.0.1:56016
Begin MonoManager ReloadAssembly
Registering precompiled unity dll's ...
Register platform support module: C:/Program Files/Unity/Hub/Editor/2022.3.3f1/Editor/Data/PlaybackEngines/WindowsStandaloneSupport/UnityEditor.WindowsStandalone.Extensions.dll
Registered in 0.010063 seconds.
- Loaded All Assemblies, in  0.565 seconds
Native extension for WindowsStandalone target not found
Mono: successfully reloaded assembly
- Finished resetting the current domain, in  0.390 seconds
Domain Reload Profiling: 952ms
	BeginReloadAssembly (153ms)
		ExecutionOrderSort (0ms)
		DisableScriptedObjects (0ms)
		BackupInstance (0ms)
		ReleaseScriptingObjects (0ms)
		CreateAndSetChildDomain (2ms)
	RebuildCommonClasses (66ms)
	RebuildNativeTypeToScriptingClass (21ms)
	initialDomainReloadingComplete (94ms)
	LoadAllAssembliesAndSetupDomain (228ms)
		LoadAssemblies (149ms)
		RebuildTransferFunctionScriptingTraits (0ms)
		AnalyzeDomain (221ms)
			TypeCache.Refresh (219ms)
				TypeCache.ScanAssembly (199ms)
			ScanForSourceGeneratedMonoScriptInfo (1ms)
			ResolveRequiredComponents (1ms)
	FinalizeReload (391ms)
		ReleaseScriptCaches (0ms)
		RebuildScriptCaches (0ms)
		SetupLoadedEditorAssemblies (309ms)
			LogAssemblyErrors (0ms)
			InitializePlatformSupportModulesInManaged (10ms)
			SetLoadedEditorAssemblies (10ms)
			RefreshPlugins (0ms)
			BeforeProcessingInitializeOnLoad (2ms)
			ProcessInitializeOnLoadAttributes (220ms)
			ProcessInitializeOnLoadMethodAttributes (67ms)
			AfterProcessingInitializeOnLoad (0ms)
			EditorAssembliesLoaded (0ms)
		ExecutionOrderSort2 (0ms)
		AwakeInstancesAfterBackupRestoration (0ms)
========================================================================
Worker process is ready to serve import requests
Begin MonoManager ReloadAssembly
Symbol file LoadedFromMemory doesn't match image D:\HK1_2024_2025\PTGame\The_Last_Vampire\Library\PackageCache\com.unity.visualscripting@1.8.0\Editor\VisualScripting.Core\Dependencies\YamlDotNet\Unity.VisualScripting.YamlDotNet.dll
Symbol file LoadedFromMemory doesn't match image D:\HK1_2024_2025\PTGame\The_Last_Vampire\Library\PackageCache\com.unity.visualscripting@1.8.0\Editor\VisualScripting.Core\Dependencies\DotNetZip\Unity.VisualScripting.IonicZip.dll
- Loaded All Assemblies, in  0.974 seconds
Refreshing native plugins compatible for Editor in 4.27 ms, found 4 plugins.
Native extension for WindowsStandalone target not found
Mono: successfully reloaded assembly
- Finished resetting the current domain, in  1.366 seconds
Domain Reload Profiling: 2339ms
	BeginReloadAssembly (131ms)
		ExecutionOrderSort (0ms)
		DisableScriptedObjects (5ms)
		BackupInstance (0ms)
		ReleaseScriptingObjects (0ms)
		CreateAndSetChildDomain (23ms)
	RebuildCommonClasses (39ms)
	RebuildNativeTypeToScriptingClass (10ms)
	initialDomainReloadingComplete (40ms)
	LoadAllAssembliesAndSetupDomain (752ms)
		LoadAssemblies (319ms)
		RebuildTransferFunctionScriptingTraits (0ms)
		AnalyzeDomain (491ms)
			TypeCache.Refresh (433ms)
				TypeCache.ScanAssembly (418ms)
			ScanForSourceGeneratedMonoScriptInfo (44ms)
			ResolveRequiredComponents (13ms)
	FinalizeReload (1366ms)
		ReleaseScriptCaches (0ms)
		RebuildScriptCaches (0ms)
		SetupLoadedEditorAssemblies (1046ms)
			LogAssemblyErrors (0ms)
			InitializePlatformSupportModulesInManaged (8ms)
			SetLoadedEditorAssemblies (9ms)
			RefreshPlugins (0ms)
			BeforeProcessingInitializeOnLoad (146ms)
			ProcessInitializeOnLoadAttributes (817ms)
			ProcessInitializeOnLoadMethodAttributes (61ms)
			AfterProcessingInitializeOnLoad (6ms)
			EditorAssembliesLoaded (0ms)
		ExecutionOrderSort2 (0ms)
		AwakeInstancesAfterBackupRestoration (6ms)
Launched and connected shader compiler UnityShaderCompiler.exe after 0.05 seconds
Refreshing native plugins compatible for Editor in 2.82 ms, found 4 plugins.
Preloading 0 native plugins for Editor in 0.00 ms.
Unloading 7789 Unused Serialized files (Serialized files now loaded: 0)
Unloading 253 unused Assets / (14.7 MB). Loaded Objects now: 8125.
Memory consumption went from 326.7 MB to 312.1 MB.
Total: 8.110300 ms (FindLiveObjects: 1.278800 ms CreateObjectMapping: 0.718700 ms MarkObjects: 3.607400 ms  DeleteObjects: 2.500500 ms)

AssetImportParameters requested are different than current active one (requested -> active):
  custom:container-demuxer-ogg: 62fdf1f143b41e24485cea50d1cbac27 -> 
  custom:framework-win-MediaFoundation: 216162199b28c13a410421893ffa2e32 -> 
  custom:container-muxer-webm: aa71ff27fc2769a1b78a27578f13a17b -> 
  custom:video-decoder-webm-vp8: 9c59270c3fd7afecdb556c50c9e8de78 -> 
  custom:AudioImporter_EditorPlatform: d09bf68614088b80899f8185d706f6e7 -> 
  custom:audio-decoder-ogg-vorbis: bf7c407c2cedff20999df2af8eb42d56 -> 
  custom:audio-encoder-webm-vorbis: bf7c407c2cedff20999df2af8eb42d56 -> 
  custom:video-decoder-ogg-theora: a1e56fd34408186e4bbccfd4996cb3dc -> 
  custom:container-demuxer-webm: 4f35f7cbe854078d1ac9338744f61a02 -> 
  custom:video-encoder-webm-vp8: eb34c28f22e8b96e1ab97ce403110664 -> 
========================================================================
Received Import Request.
  Time since last request: 362492.520519 seconds.
  path: Assets/Map3_City/Tilemap/City.prefab
  artifactKey: Guid(b57a4385ed84ea347978352e362504e7) Importer(815301076,1909f56bfc062723c751e8b465ee728b)
Start importing Assets/Map3_City/Tilemap/City.prefab using Guid(b57a4385ed84ea347978352e362504e7) Importer(815301076,1909f56bfc062723c751e8b465ee728b)  -> (artifact id: '13a103ed16ca4496ecfa3b5a4f8b5e91') in 0.127307 seconds
Number of updated asset objects reloaded before import = 0
Number of asset objects unloaded after import = 10
========================================================================
Received Import Request.
  Time since last request: 281.037483 seconds.
  path: Assets/Map3_City/Tilemap/sliced-tileset/City.prefab
  artifactKey: Guid(7a158577f19b6b54da91d0b74c4ef542) Importer(815301076,1909f56bfc062723c751e8b465ee728b)
Start importing Assets/Map3_City/Tilemap/sliced-tileset/City.prefab using Guid(7a158577f19b6b54da91d0b74c4ef542) Importer(815301076,1909f56bfc062723c751e8b465ee728b)  -> (artifact id: 'a64ba23648b99164110921a7d4d5f8dc') in 0.017818 seconds
Number of updated asset objects reloaded before import = 0
Number of asset objects unloaded after import = 10
========================================================================
Received Import Request.
  Time since last request: 3.934624 seconds.
  path: Assets/Map3_City/Tilemap/sliced-tileset/City.prefab
  artifactKey: Guid(7a158577f19b6b54da91d0b74c4ef542) Importer(815301076,1909f56bfc062723c751e8b465ee728b)
Start importing Assets/Map3_City/Tilemap/sliced-tileset/City.prefab using Guid(7a158577f19b6b54da91d0b74c4ef542) Importer(815301076,1909f56bfc062723c751e8b465ee728b)  -> (artifact id: '32365df5d17fb2d74d3182a34bd92561') in 0.021718 seconds
Number of updated asset objects reloaded before import = 0
Number of asset objects unloaded after import = 13
========================================================================
Received Import Request.
  Time since last request: 7.482947 seconds.
  path: Assets/Map3_City/Tilemap/City.prefab
  artifactKey: Guid(b57a4385ed84ea347978352e362504e7) Importer(815301076,1909f56bfc062723c751e8b465ee728b)
Start importing Assets/Map3_City/Tilemap/City.prefab using Guid(b57a4385ed84ea347978352e362504e7) Importer(815301076,1909f56bfc062723c751e8b465ee728b)  -> (artifact id: '242a80841d7cd62b93dc6d0ebfabfac6') in 0.019235 seconds
Number of updated asset objects reloaded before import = 0
Number of asset objects unloaded after import = 25
========================================================================
Received Import Request.
  Time since last request: 47.436721 seconds.
  path: Assets/Map3_City/Tilemap/sliced-tileset/stairs-left.png
  artifactKey: Guid(9b3f5e3b1c9ca42abbd9656c79a457c1) Importer(815301076,1909f56bfc062723c751e8b465ee728b)
Start importing Assets/Map3_City/Tilemap/sliced-tileset/stairs-left.png using Guid(9b3f5e3b1c9ca42abbd9656c79a457c1) Importer(815301076,1909f56bfc062723c751e8b465ee728b)  -> (artifact id: '2d8584096f5b60173fc3a0dca95b0774') in 0.051562 seconds
Number of updated asset objects reloaded before import = 0
Number of asset objects unloaded after import = 3
========================================================================
Received Import Request.
  Time since last request: 4.201780 seconds.
  path: Assets/Map3_City/Tilemap/sliced-tileset/stairs-mirror.png
  artifactKey: Guid(db17021c541cf4333b331eac536e3d28) Importer(815301076,1909f56bfc062723c751e8b465ee728b)
Start importing Assets/Map3_City/Tilemap/sliced-tileset/stairs-mirror.png using Guid(db17021c541cf4333b331eac536e3d28) Importer(815301076,1909f56bfc062723c751e8b465ee728b)  -> (artifact id: '217a22f3e74cab438d79abf02f286187') in 0.008780 seconds
Number of updated asset objects reloaded before import = 0
Number of asset objects unloaded after import = 3
========================================================================
Received Import Request.
  Time since last request: 78.644182 seconds.
  path: Assets/Map3_City/Tilemap/sliced-tileset/CIty.prefab
  artifactKey: Guid(7a158577f19b6b54da91d0b74c4ef542) Importer(815301076,1909f56bfc062723c751e8b465ee728b)
Start importing Assets/Map3_City/Tilemap/sliced-tileset/CIty.prefab using Guid(7a158577f19b6b54da91d0b74c4ef542) Importer(815301076,1909f56bfc062723c751e8b465ee728b)  -> (artifact id: '7787baf4d009c46dc1c22a48d22302a5') in 0.020741 seconds
Number of updated asset objects reloaded before import = 0
Number of asset objects unloaded after import = 10
========================================================================
Received Import Request.
  Time since last request: 3.329276 seconds.
  path: Assets/Map3_City/Tilemap/sliced-tileset/CIty.prefab
  artifactKey: Guid(7a158577f19b6b54da91d0b74c4ef542) Importer(815301076,1909f56bfc062723c751e8b465ee728b)
Start importing Assets/Map3_City/Tilemap/sliced-tileset/CIty.prefab using Guid(7a158577f19b6b54da91d0b74c4ef542) Importer(815301076,1909f56bfc062723c751e8b465ee728b)  -> (artifact id: '317ec40eeddd36b638b8de608a5af077') in 0.020657 seconds
Number of updated asset objects reloaded before import = 0
Number of asset objects unloaded after import = 13
========================================================================
Received Import Request.
  Time since last request: 12.711173 seconds.
  path: Assets/Map3_City/Tilemap/sliced-tileset/CIty.prefab
  artifactKey: Guid(7a158577f19b6b54da91d0b74c4ef542) Importer(815301076,1909f56bfc062723c751e8b465ee728b)
Start importing Assets/Map3_City/Tilemap/sliced-tileset/CIty.prefab using Guid(7a158577f19b6b54da91d0b74c4ef542) Importer(815301076,1909f56bfc062723c751e8b465ee728b)  -> (artifact id: '2551a88141d5eb1d5c4181b90ac4c602') in 0.018006 seconds
Number of updated asset objects reloaded before import = 0
Number of asset objects unloaded after import = 13
========================================================================
Received Import Request.
  Time since last request: 3.619333 seconds.
  path: Assets/Map3_City/Tilemap/sliced-tileset/CIty.prefab
  artifactKey: Guid(7a158577f19b6b54da91d0b74c4ef542) Importer(815301076,1909f56bfc062723c751e8b465ee728b)
Start importing Assets/Map3_City/Tilemap/sliced-tileset/CIty.prefab using Guid(7a158577f19b6b54da91d0b74c4ef542) Importer(815301076,1909f56bfc062723c751e8b465ee728b)  -> (artifact id: 'bc70fff6265fbd9ef7510b5d7d584689') in 0.023665 seconds
Number of updated asset objects reloaded before import = 0
Number of asset objects unloaded after import = 16
========================================================================
Received Import Request.
  Time since last request: 66.963213 seconds.
  path: Assets/Map3_City/Tilemap/sliced-tileset/CIty.prefab
  artifactKey: Guid(7a158577f19b6b54da91d0b74c4ef542) Importer(815301076,1909f56bfc062723c751e8b465ee728b)
Start importing Assets/Map3_City/Tilemap/sliced-tileset/CIty.prefab using Guid(7a158577f19b6b54da91d0b74c4ef542) Importer(815301076,1909f56bfc062723c751e8b465ee728b)  -> (artifact id: '80e077265bb869947da6a9c9f373f3cc') in 0.033224 seconds
Number of updated asset objects reloaded before import = 0
Number of asset objects unloaded after import = 19
========================================================================
Received Import Request.
  Time since last request: 7.155480 seconds.
  path: Assets/Map3_City/Tilemap/sliced-tileset/CIty.prefab
  artifactKey: Guid(7a158577f19b6b54da91d0b74c4ef542) Importer(815301076,1909f56bfc062723c751e8b465ee728b)
Start importing Assets/Map3_City/Tilemap/sliced-tileset/CIty.prefab using Guid(7a158577f19b6b54da91d0b74c4ef542) Importer(815301076,1909f56bfc062723c751e8b465ee728b)  -> (artifact id: '9b33586bd87b8bc24fd292fd5fff52f4') in 0.018198 seconds
Number of updated asset objects reloaded before import = 0
Number of asset objects unloaded after import = 19
