Using pre-set license
Built from '2022.3/staging' branch; Version is '2022.3.3f1 (7cdc2969a641) revision 8182825'; Using compiler version '192829333'; Build Type 'Release'
OS: 'Windows 10  (10.0.19045) 64bit CoreSingleLanguage' Language: 'en' Physical Memory: 7583 MB
BatchMode: 1, IsHumanControllingUs: 0, StartBugReporterOnCrash: 0, Is64bit: 1, IsPro: 1

COMMAND LINE ARGUMENTS:
C:\Program Files\Unity\Hub\Editor\2022.3.3f1\Editor\Unity.exe
-adb2
-batchMode
-noUpm
-name
AssetImportWorker4
-projectPath
D:/Tài liệu/Năm 4-1/PT GAME/The_Last_Vampire
-logFile
Logs/AssetImportWorker4.log
-srvPort
4103
Successfully changed project path to: D:/Tài liệu/Năm 4-1/PT GAME/The_Last_Vampire
D:/Tài liệu/Năm 4-1/PT GAME/The_Last_Vampire
[UnityMemory] Configuration Parameters - Can be set up in boot.config
    "memorysetup-bucket-allocator-granularity=16"
    "memorysetup-bucket-allocator-bucket-count=8"
    "memorysetup-bucket-allocator-block-size=33554432"
    "memorysetup-bucket-allocator-block-count=8"
    "memorysetup-main-allocator-block-size=16777216"
    "memorysetup-thread-allocator-block-size=16777216"
    "memorysetup-gfx-main-allocator-block-size=16777216"
    "memorysetup-gfx-thread-allocator-block-size=16777216"
    "memorysetup-cache-allocator-block-size=4194304"
    "memorysetup-typetree-allocator-block-size=2097152"
    "memorysetup-profiler-bucket-allocator-granularity=16"
    "memorysetup-profiler-bucket-allocator-bucket-count=8"
    "memorysetup-profiler-bucket-allocator-block-size=33554432"
    "memorysetup-profiler-bucket-allocator-block-count=8"
    "memorysetup-profiler-allocator-block-size=16777216"
    "memorysetup-profiler-editor-allocator-block-size=1048576"
    "memorysetup-temp-allocator-size-main=16777216"
    "memorysetup-job-temp-allocator-block-size=2097152"
    "memorysetup-job-temp-allocator-block-size-background=1048576"
    "memorysetup-job-temp-allocator-reduction-small-platforms=262144"
    "memorysetup-allocator-temp-initial-block-size-main=262144"
    "memorysetup-allocator-temp-initial-block-size-worker=262144"
    "memorysetup-temp-allocator-size-background-worker=32768"
    "memorysetup-temp-allocator-size-job-worker=262144"
    "memorysetup-temp-allocator-size-preload-manager=33554432"
    "memorysetup-temp-allocator-size-nav-mesh-worker=65536"
    "memorysetup-temp-allocator-size-audio-worker=65536"
    "memorysetup-temp-allocator-size-cloud-worker=32768"
    "memorysetup-temp-allocator-size-gi-baking-worker=262144"
    "memorysetup-temp-allocator-size-gfx=262144"
Player connection [20040] Host "[IP] 192.168.1.8 [Port] 0 [Flags] 2 [Guid] 2041705362 [EditorId] 2041705362 [Version] 1048832 [Id] WindowsEditor(7,DESKTOP-H92HV5G) [Debug] 1 [PackageName] WindowsEditor [ProjectName] Editor" joined multi-casting on [225.0.0.222:54997]...

Player connection [20040] Host "[IP] 192.168.1.8 [Port] 0 [Flags] 2 [Guid] 2041705362 [EditorId] 2041705362 [Version] 1048832 [Id] WindowsEditor(7,DESKTOP-H92HV5G) [Debug] 1 [PackageName] WindowsEditor [ProjectName] Editor" joined alternative multi-casting on [225.0.0.222:34997]...

Refreshing native plugins compatible for Editor in 8.12 ms, found 4 plugins.
Preloading 0 native plugins for Editor in 0.00 ms.
Initialize engine version: 2022.3.3f1 (7cdc2969a641)
[Subsystems] Discovering subsystems at path C:/Program Files/Unity/Hub/Editor/2022.3.3f1/Editor/Data/Resources/UnitySubsystems
[Subsystems] Discovering subsystems at path D:/Tài liệu/Năm 4-1/PT GAME/The_Last_Vampire/Assets
GfxDevice: creating device client; threaded=0; jobified=0
Direct3D:
    Version:  Direct3D 11.0 [level 11.1]
    Renderer: NVIDIA GeForce GTX 1650 (ID=0x1f9d)
    Vendor:   NVIDIA
    VRAM:     3950 MB
    Driver:   31.0.15.4680
Initialize mono
Mono path[0] = 'C:/Program Files/Unity/Hub/Editor/2022.3.3f1/Editor/Data/Managed'
Mono path[1] = 'C:/Program Files/Unity/Hub/Editor/2022.3.3f1/Editor/Data/MonoBleedingEdge/lib/mono/unityjit-win32'
Mono config path = 'C:/Program Files/Unity/Hub/Editor/2022.3.3f1/Editor/Data/MonoBleedingEdge/etc'
Using monoOptions --debugger-agent=transport=dt_socket,embedding=1,server=y,suspend=n,address=127.0.0.1:56436
Begin MonoManager ReloadAssembly
Registering precompiled unity dll's ...
Register platform support module: C:/Program Files/Unity/Hub/Editor/2022.3.3f1/Editor/Data/PlaybackEngines/WindowsStandaloneSupport/UnityEditor.WindowsStandalone.Extensions.dll
Registered in 0.009576 seconds.
- Loaded All Assemblies, in  0.369 seconds
Native extension for WindowsStandalone target not found
Mono: successfully reloaded assembly
- Finished resetting the current domain, in  0.269 seconds
Domain Reload Profiling: 636ms
	BeginReloadAssembly (141ms)
		ExecutionOrderSort (0ms)
		DisableScriptedObjects (0ms)
		BackupInstance (0ms)
		ReleaseScriptingObjects (0ms)
		CreateAndSetChildDomain (1ms)
	RebuildCommonClasses (30ms)
	RebuildNativeTypeToScriptingClass (9ms)
	initialDomainReloadingComplete (61ms)
	LoadAllAssembliesAndSetupDomain (126ms)
		LoadAssemblies (139ms)
		RebuildTransferFunctionScriptingTraits (0ms)
		AnalyzeDomain (121ms)
			TypeCache.Refresh (120ms)
				TypeCache.ScanAssembly (108ms)
			ScanForSourceGeneratedMonoScriptInfo (0ms)
			ResolveRequiredComponents (0ms)
	FinalizeReload (269ms)
		ReleaseScriptCaches (0ms)
		RebuildScriptCaches (0ms)
		SetupLoadedEditorAssemblies (213ms)
			LogAssemblyErrors (0ms)
			InitializePlatformSupportModulesInManaged (10ms)
			SetLoadedEditorAssemblies (7ms)
			RefreshPlugins (0ms)
			BeforeProcessingInitializeOnLoad (2ms)
			ProcessInitializeOnLoadAttributes (146ms)
			ProcessInitializeOnLoadMethodAttributes (48ms)
			AfterProcessingInitializeOnLoad (0ms)
			EditorAssembliesLoaded (0ms)
		ExecutionOrderSort2 (0ms)
		AwakeInstancesAfterBackupRestoration (0ms)
========================================================================
Worker process is ready to serve import requests
Begin MonoManager ReloadAssembly
Symbol file LoadedFromMemory doesn't match image D:\Tài liệu\Năm 4-1\PT GAME\The_Last_Vampire\Library\PackageCache\com.unity.visualscripting@1.8.0\Editor\VisualScripting.Core\Dependencies\YamlDotNet\Unity.VisualScripting.YamlDotNet.dll
Symbol file LoadedFromMemory doesn't match image D:\Tài liệu\Năm 4-1\PT GAME\The_Last_Vampire\Library\PackageCache\com.unity.visualscripting@1.8.0\Editor\VisualScripting.Core\Dependencies\DotNetZip\Unity.VisualScripting.IonicZip.dll
- Loaded All Assemblies, in  1.276 seconds
Refreshing native plugins compatible for Editor in 2.91 ms, found 4 plugins.
Native extension for WindowsStandalone target not found
Mono: successfully reloaded assembly
- Finished resetting the current domain, in  1.443 seconds
Domain Reload Profiling: 2718ms
	BeginReloadAssembly (199ms)
		ExecutionOrderSort (0ms)
		DisableScriptedObjects (7ms)
		BackupInstance (0ms)
		ReleaseScriptingObjects (0ms)
		CreateAndSetChildDomain (36ms)
	RebuildCommonClasses (48ms)
	RebuildNativeTypeToScriptingClass (10ms)
	initialDomainReloadingComplete (53ms)
	LoadAllAssembliesAndSetupDomain (964ms)
		LoadAssemblies (642ms)
		RebuildTransferFunctionScriptingTraits (0ms)
		AnalyzeDomain (424ms)
			TypeCache.Refresh (380ms)
				TypeCache.ScanAssembly (363ms)
			ScanForSourceGeneratedMonoScriptInfo (33ms)
			ResolveRequiredComponents (11ms)
	FinalizeReload (1444ms)
		ReleaseScriptCaches (0ms)
		RebuildScriptCaches (0ms)
		SetupLoadedEditorAssemblies (1183ms)
			LogAssemblyErrors (0ms)
			InitializePlatformSupportModulesInManaged (7ms)
			SetLoadedEditorAssemblies (7ms)
			RefreshPlugins (0ms)
			BeforeProcessingInitializeOnLoad (153ms)
			ProcessInitializeOnLoadAttributes (864ms)
			ProcessInitializeOnLoadMethodAttributes (143ms)
			AfterProcessingInitializeOnLoad (7ms)
			EditorAssembliesLoaded (0ms)
		ExecutionOrderSort2 (0ms)
		AwakeInstancesAfterBackupRestoration (6ms)
Launched and connected shader compiler UnityShaderCompiler.exe after 0.06 seconds
Refreshing native plugins compatible for Editor in 5.87 ms, found 4 plugins.
Preloading 0 native plugins for Editor in 0.00 ms.
Unloading 7889 Unused Serialized files (Serialized files now loaded: 0)
Unloading 249 unused Assets / (14.2 MB). Loaded Objects now: 8227.
Memory consumption went from 345.3 MB to 331.1 MB.
Total: 18.765700 ms (FindLiveObjects: 1.700600 ms CreateObjectMapping: 0.631400 ms MarkObjects: 9.336500 ms  DeleteObjects: 7.094300 ms)

AssetImportParameters requested are different than current active one (requested -> active):
  custom:container-demuxer-ogg: 62fdf1f143b41e24485cea50d1cbac27 -> 
  custom:framework-win-MediaFoundation: 216162199b28c13a410421893ffa2e32 -> 
  custom:container-muxer-webm: aa71ff27fc2769a1b78a27578f13a17b -> 
  custom:video-decoder-webm-vp8: 9c59270c3fd7afecdb556c50c9e8de78 -> 
  custom:AudioImporter_EditorPlatform: d09bf68614088b80899f8185d706f6e7 -> 
  custom:audio-decoder-ogg-vorbis: bf7c407c2cedff20999df2af8eb42d56 -> 
  custom:audio-encoder-webm-vorbis: bf7c407c2cedff20999df2af8eb42d56 -> 
  custom:video-decoder-ogg-theora: a1e56fd34408186e4bbccfd4996cb3dc -> 
  custom:container-demuxer-webm: 4f35f7cbe854078d1ac9338744f61a02 -> 
  custom:video-encoder-webm-vp8: eb34c28f22e8b96e1ab97ce403110664 -> 
========================================================================
Received Import Request.
  Time since last request: 1027248.432601 seconds.
  path: Assets/Map4_Cave/Tilemap/CaveG_23.asset
  artifactKey: Guid(20c9030de2062ff40a74008e973265fa) Importer(815301076,1909f56bfc062723c751e8b465ee728b)
Start importing Assets/Map4_Cave/Tilemap/CaveG_23.asset using Guid(20c9030de2062ff40a74008e973265fa) Importer(815301076,1909f56bfc062723c751e8b465ee728b)  -> (artifact id: 'c5f136ff2777c9e1e1e0429aa5bd1627') in 0.037704 seconds
Number of updated asset objects reloaded before import = 0
Number of asset objects unloaded after import = 2
========================================================================
Received Import Request.
  Time since last request: 0.000031 seconds.
  path: Assets/Map4_Cave/Tilemap/CaveG_44.asset
  artifactKey: Guid(a3a3f9f107d862544b3a7417c2cc9200) Importer(815301076,1909f56bfc062723c751e8b465ee728b)
Start importing Assets/Map4_Cave/Tilemap/CaveG_44.asset using Guid(a3a3f9f107d862544b3a7417c2cc9200) Importer(815301076,1909f56bfc062723c751e8b465ee728b)  -> (artifact id: 'a84d0020c9009ed06cbd8e5c01be85e7') in 0.001614 seconds
Number of updated asset objects reloaded before import = 0
Number of asset objects unloaded after import = 2
========================================================================
Received Import Request.
  Time since last request: 0.000030 seconds.
  path: Assets/Map4_Cave/Tilemap/CaveG_46.asset
  artifactKey: Guid(9f56d24055745e44ea2c51298ffd7de3) Importer(815301076,1909f56bfc062723c751e8b465ee728b)
Start importing Assets/Map4_Cave/Tilemap/CaveG_46.asset using Guid(9f56d24055745e44ea2c51298ffd7de3) Importer(815301076,1909f56bfc062723c751e8b465ee728b)  -> (artifact id: '42eb3706d8c056a51bc4c59004117e8d') in 0.001644 seconds
Number of updated asset objects reloaded before import = 0
Number of asset objects unloaded after import = 2
========================================================================
Received Import Request.
  Time since last request: 0.000019 seconds.
  path: Assets/Map4_Cave/Tilemap/CaveG_80.asset
  artifactKey: Guid(ff34fef3c723a4f4fbe6b72eb7c99d11) Importer(815301076,1909f56bfc062723c751e8b465ee728b)
Start importing Assets/Map4_Cave/Tilemap/CaveG_80.asset using Guid(ff34fef3c723a4f4fbe6b72eb7c99d11) Importer(815301076,1909f56bfc062723c751e8b465ee728b)  -> (artifact id: '404c502d31c4b264a1210b5fc5c99400') in 0.002668 seconds
Number of updated asset objects reloaded before import = 0
Number of asset objects unloaded after import = 2
========================================================================
Received Import Request.
  Time since last request: 0.000019 seconds.
  path: Assets/Map4_Cave/Tilemap/CaveG_89.asset
  artifactKey: Guid(398aab3adcc6cf549aa22a8dced74136) Importer(815301076,1909f56bfc062723c751e8b465ee728b)
Start importing Assets/Map4_Cave/Tilemap/CaveG_89.asset using Guid(398aab3adcc6cf549aa22a8dced74136) Importer(815301076,1909f56bfc062723c751e8b465ee728b)  -> (artifact id: '357be640be64549fad32ae53ee2b28d9') in 0.002508 seconds
Number of updated asset objects reloaded before import = 0
Number of asset objects unloaded after import = 2
========================================================================
Received Import Request.
  Time since last request: 0.000023 seconds.
  path: Assets/Map4_Cave/Tilemap/CaveG_33.asset
  artifactKey: Guid(1fbf5c33154ca1b40b79891d569cdd8a) Importer(815301076,1909f56bfc062723c751e8b465ee728b)
Start importing Assets/Map4_Cave/Tilemap/CaveG_33.asset using Guid(1fbf5c33154ca1b40b79891d569cdd8a) Importer(815301076,1909f56bfc062723c751e8b465ee728b)  -> (artifact id: 'c46dad5019339009e50dd8dc5a0fe521') in 0.008261 seconds
Number of updated asset objects reloaded before import = 0
Number of asset objects unloaded after import = 2
========================================================================
Received Import Request.
  Time since last request: 0.000084 seconds.
  path: Assets/Map4_Cave/Tilemap/CaveG_88.asset
  artifactKey: Guid(dda70f04e04226d4098c68510b95b792) Importer(815301076,1909f56bfc062723c751e8b465ee728b)
Start importing Assets/Map4_Cave/Tilemap/CaveG_88.asset using Guid(dda70f04e04226d4098c68510b95b792) Importer(815301076,1909f56bfc062723c751e8b465ee728b)  -> (artifact id: '265171958ea2b0902fa77968ce3c43e0') in 0.001850 seconds
Number of updated asset objects reloaded before import = 0
Number of asset objects unloaded after import = 2
========================================================================
Received Import Request.
  Time since last request: 0.000043 seconds.
  path: Assets/Map4_Cave/Tilemap/CaveG_32.asset
  artifactKey: Guid(770bc3d4bb794fb4f886ee1c6deadaaf) Importer(815301076,1909f56bfc062723c751e8b465ee728b)
Start importing Assets/Map4_Cave/Tilemap/CaveG_32.asset using Guid(770bc3d4bb794fb4f886ee1c6deadaaf) Importer(815301076,1909f56bfc062723c751e8b465ee728b)  -> (artifact id: '00f74cc34184ad33c2cb02b255900d85') in 0.002128 seconds
Number of updated asset objects reloaded before import = 0
Number of asset objects unloaded after import = 2
========================================================================
Received Import Request.
  Time since last request: 0.000022 seconds.
  path: Assets/Map4_Cave/Tilemap/CaveG_85.asset
  artifactKey: Guid(010d0cf473535cd46981e4f8eadb3f80) Importer(815301076,1909f56bfc062723c751e8b465ee728b)
Start importing Assets/Map4_Cave/Tilemap/CaveG_85.asset using Guid(010d0cf473535cd46981e4f8eadb3f80) Importer(815301076,1909f56bfc062723c751e8b465ee728b)  -> (artifact id: 'e8ae43a1d4698149d6677862f3cb9751') in 0.001902 seconds
Number of updated asset objects reloaded before import = 0
Number of asset objects unloaded after import = 2
========================================================================
Received Import Request.
  Time since last request: 0.000035 seconds.
  path: Assets/Map4_Cave/Tilemap/CaveG_121.asset
  artifactKey: Guid(0b5eea29abdd321438c42d4ebab897ab) Importer(815301076,1909f56bfc062723c751e8b465ee728b)
Start importing Assets/Map4_Cave/Tilemap/CaveG_121.asset using Guid(0b5eea29abdd321438c42d4ebab897ab) Importer(815301076,1909f56bfc062723c751e8b465ee728b)  -> (artifact id: '8f3ad02b286a3c475b9c62851690d489') in 0.002385 seconds
Number of updated asset objects reloaded before import = 0
Number of asset objects unloaded after import = 2
========================================================================
Received Import Request.
  Time since last request: 0.000036 seconds.
  path: Assets/Map4_Cave/Tilemap/CaveG_56.asset
  artifactKey: Guid(713510afe3da97e47af54b265617d3e4) Importer(815301076,1909f56bfc062723c751e8b465ee728b)
Start importing Assets/Map4_Cave/Tilemap/CaveG_56.asset using Guid(713510afe3da97e47af54b265617d3e4) Importer(815301076,1909f56bfc062723c751e8b465ee728b)  -> (artifact id: 'dad43d309419dff8af6a8ecb72fb54dc') in 0.001761 seconds
Number of updated asset objects reloaded before import = 0
Number of asset objects unloaded after import = 2
========================================================================
Received Import Request.
  Time since last request: 0.000043 seconds.
  path: Assets/Map4_Cave/Tilemap/CaveG_50.asset
  artifactKey: Guid(6d87fdd70f056994995ff72765c57513) Importer(815301076,1909f56bfc062723c751e8b465ee728b)
Start importing Assets/Map4_Cave/Tilemap/CaveG_50.asset using Guid(6d87fdd70f056994995ff72765c57513) Importer(815301076,1909f56bfc062723c751e8b465ee728b)  -> (artifact id: '853ad52ec2b5e545fb1d133bdcb29051') in 0.001932 seconds
Number of updated asset objects reloaded before import = 0
Number of asset objects unloaded after import = 2
========================================================================
Received Import Request.
  Time since last request: 0.000022 seconds.
  path: Assets/Map4_Cave/Tilemap/CaveG_143.asset
  artifactKey: Guid(ba94017abdbc05e4ba05f7d50ca35465) Importer(815301076,1909f56bfc062723c751e8b465ee728b)
Start importing Assets/Map4_Cave/Tilemap/CaveG_143.asset using Guid(ba94017abdbc05e4ba05f7d50ca35465) Importer(815301076,1909f56bfc062723c751e8b465ee728b)  -> (artifact id: '192aaf360ddd003e7aa78dcc3e6909e9') in 0.002502 seconds
Number of updated asset objects reloaded before import = 0
Number of asset objects unloaded after import = 2
========================================================================
Received Import Request.
  Time since last request: 0.000026 seconds.
  path: Assets/Map4_Cave/Tilemap/CaveG_145.asset
  artifactKey: Guid(a41f0e96158ecff4cacbac804b88753a) Importer(815301076,1909f56bfc062723c751e8b465ee728b)
Start importing Assets/Map4_Cave/Tilemap/CaveG_145.asset using Guid(a41f0e96158ecff4cacbac804b88753a) Importer(815301076,1909f56bfc062723c751e8b465ee728b)  -> (artifact id: 'effdb4f7f70e0ce4b6c36d6e73f20f41') in 0.002100 seconds
Number of updated asset objects reloaded before import = 0
Number of asset objects unloaded after import = 2
========================================================================
Received Import Request.
  Time since last request: 0.000023 seconds.
  path: Assets/Map4_Cave/Tilemap/CaveG_141.asset
  artifactKey: Guid(18b8feee4904ff243b792a2c7f7bda5c) Importer(815301076,1909f56bfc062723c751e8b465ee728b)
Start importing Assets/Map4_Cave/Tilemap/CaveG_141.asset using Guid(18b8feee4904ff243b792a2c7f7bda5c) Importer(815301076,1909f56bfc062723c751e8b465ee728b)  -> (artifact id: 'a0c9a3791b2f09c15b388f23b1af0c40') in 0.002140 seconds
Number of updated asset objects reloaded before import = 0
Number of asset objects unloaded after import = 2
========================================================================
Received Import Request.
  Time since last request: 0.000070 seconds.
  path: Assets/Map4_Cave/Tilemap/CaveG_199.asset
  artifactKey: Guid(bba70a754a577e446866a9b4362c14cc) Importer(815301076,1909f56bfc062723c751e8b465ee728b)
Start importing Assets/Map4_Cave/Tilemap/CaveG_199.asset using Guid(bba70a754a577e446866a9b4362c14cc) Importer(815301076,1909f56bfc062723c751e8b465ee728b)  -> (artifact id: 'f8ec1264d632c0554b0055bc7eb46e48') in 0.002184 seconds
Number of updated asset objects reloaded before import = 0
Number of asset objects unloaded after import = 2
========================================================================
Received Import Request.
  Time since last request: 0.000026 seconds.
  path: Assets/Map4_Cave/Tilemap/CaveG_196.asset
  artifactKey: Guid(263279ce08e85bc4bba38a04ce9be419) Importer(815301076,1909f56bfc062723c751e8b465ee728b)
Start importing Assets/Map4_Cave/Tilemap/CaveG_196.asset using Guid(263279ce08e85bc4bba38a04ce9be419) Importer(815301076,1909f56bfc062723c751e8b465ee728b)  -> (artifact id: '762445451b1d61a398d230f1f1b19208') in 0.001696 seconds
Number of updated asset objects reloaded before import = 0
Number of asset objects unloaded after import = 2
========================================================================
Received Import Request.
  Time since last request: 0.000027 seconds.
  path: Assets/Map4_Cave/Tilemap/CaveG_72.asset
  artifactKey: Guid(f8c0951e8c683224dbeb235e55548d8a) Importer(815301076,1909f56bfc062723c751e8b465ee728b)
Start importing Assets/Map4_Cave/Tilemap/CaveG_72.asset using Guid(f8c0951e8c683224dbeb235e55548d8a) Importer(815301076,1909f56bfc062723c751e8b465ee728b)  -> (artifact id: '88346bacf1dfd7d8ab198737064a50e6') in 0.002256 seconds
Number of updated asset objects reloaded before import = 0
Number of asset objects unloaded after import = 2
========================================================================
Received Import Request.
  Time since last request: 0.000085 seconds.
  path: Assets/Map4_Cave/Tilemap/CaveG_70.asset
  artifactKey: Guid(72b4003a15208354693bef0990f49204) Importer(815301076,1909f56bfc062723c751e8b465ee728b)
Start importing Assets/Map4_Cave/Tilemap/CaveG_70.asset using Guid(72b4003a15208354693bef0990f49204) Importer(815301076,1909f56bfc062723c751e8b465ee728b)  -> (artifact id: 'bde869f381ac656aa860d119c6ffca21') in 0.002704 seconds
Number of updated asset objects reloaded before import = 0
Number of asset objects unloaded after import = 2
========================================================================
Received Import Request.
  Time since last request: 0.000027 seconds.
  path: Assets/Map4_Cave/Tilemap/CaveG_138.asset
  artifactKey: Guid(3bba025e83acda84d941455a43861078) Importer(815301076,1909f56bfc062723c751e8b465ee728b)
Start importing Assets/Map4_Cave/Tilemap/CaveG_138.asset using Guid(3bba025e83acda84d941455a43861078) Importer(815301076,1909f56bfc062723c751e8b465ee728b)  -> (artifact id: '71656e495d5d7f7b521fab6af8856d79') in 0.002482 seconds
Number of updated asset objects reloaded before import = 0
Number of asset objects unloaded after import = 2
========================================================================
Received Import Request.
  Time since last request: 0.000031 seconds.
  path: Assets/Map4_Cave/Tilemap/CaveG_35.asset
  artifactKey: Guid(23cc6f4c13e59fb4d83cd73d8e0b8836) Importer(815301076,1909f56bfc062723c751e8b465ee728b)
Start importing Assets/Map4_Cave/Tilemap/CaveG_35.asset using Guid(23cc6f4c13e59fb4d83cd73d8e0b8836) Importer(815301076,1909f56bfc062723c751e8b465ee728b)  -> (artifact id: '19402b601dfb35ef8629336112ae355e') in 0.002431 seconds
Number of updated asset objects reloaded before import = 0
Number of asset objects unloaded after import = 2
========================================================================
Received Import Request.
  Time since last request: 0.000027 seconds.
  path: Assets/Map4_Cave/Tilemap/CaveG_142.asset
  artifactKey: Guid(87caa0b40082f774aa4163b369b27645) Importer(815301076,1909f56bfc062723c751e8b465ee728b)
Start importing Assets/Map4_Cave/Tilemap/CaveG_142.asset using Guid(87caa0b40082f774aa4163b369b27645) Importer(815301076,1909f56bfc062723c751e8b465ee728b)  -> (artifact id: '320251e2b14441760fcf719f946907eb') in 0.002189 seconds
Number of updated asset objects reloaded before import = 0
Number of asset objects unloaded after import = 2
========================================================================
Received Import Request.
  Time since last request: 0.000025 seconds.
  path: Assets/Map4_Cave/Tilemap/CaveG_65.asset
  artifactKey: Guid(7ef5ecf9f4526694b980f12be9203c23) Importer(815301076,1909f56bfc062723c751e8b465ee728b)
Start importing Assets/Map4_Cave/Tilemap/CaveG_65.asset using Guid(7ef5ecf9f4526694b980f12be9203c23) Importer(815301076,1909f56bfc062723c751e8b465ee728b)  -> (artifact id: '8eb0ddeee1464ec34c1f3f213f89a940') in 0.002764 seconds
Number of updated asset objects reloaded before import = 0
Number of asset objects unloaded after import = 2
========================================================================
Received Import Request.
  Time since last request: 0.000035 seconds.
  path: Assets/Map4_Cave/Tilemap/CaveG_87.asset
  artifactKey: Guid(8352e37ae635f2440bc6e2727b66eca6) Importer(815301076,1909f56bfc062723c751e8b465ee728b)
Start importing Assets/Map4_Cave/Tilemap/CaveG_87.asset using Guid(8352e37ae635f2440bc6e2727b66eca6) Importer(815301076,1909f56bfc062723c751e8b465ee728b)  -> (artifact id: '5f7db63f9d569d44e8e56f1d204ee793') in 0.001678 seconds
Number of updated asset objects reloaded before import = 0
Number of asset objects unloaded after import = 2
========================================================================
Received Import Request.
  Time since last request: 0.000039 seconds.
  path: Assets/Map4_Cave/Tilemap/CaveG_54.asset
  artifactKey: Guid(c1b79f39d2706fb45a43bbb7becf25ac) Importer(815301076,1909f56bfc062723c751e8b465ee728b)
Start importing Assets/Map4_Cave/Tilemap/CaveG_54.asset using Guid(c1b79f39d2706fb45a43bbb7becf25ac) Importer(815301076,1909f56bfc062723c751e8b465ee728b)  -> (artifact id: '33fee4b72e2dd2209017b7e0a0d82ffa') in 0.001922 seconds
Number of updated asset objects reloaded before import = 0
Number of asset objects unloaded after import = 2
========================================================================
Received Import Request.
  Time since last request: 0.000038 seconds.
  path: Assets/Map4_Cave/Tilemap/CaveG_127.asset
  artifactKey: Guid(f3c20563b0835e944b48df86e4aed4c8) Importer(815301076,1909f56bfc062723c751e8b465ee728b)
Start importing Assets/Map4_Cave/Tilemap/CaveG_127.asset using Guid(f3c20563b0835e944b48df86e4aed4c8) Importer(815301076,1909f56bfc062723c751e8b465ee728b)  -> (artifact id: '425c50c9c171f906f4df9c14325891a7') in 0.002825 seconds
Number of updated asset objects reloaded before import = 0
Number of asset objects unloaded after import = 2
========================================================================
Received Import Request.
  Time since last request: 0.000038 seconds.
  path: Assets/Map4_Cave/Tilemap/CaveG_45.asset
  artifactKey: Guid(9c08156d4d068b74cacb02d1b41aca37) Importer(815301076,1909f56bfc062723c751e8b465ee728b)
Start importing Assets/Map4_Cave/Tilemap/CaveG_45.asset using Guid(9c08156d4d068b74cacb02d1b41aca37) Importer(815301076,1909f56bfc062723c751e8b465ee728b)  -> (artifact id: '2a2e3f14ad5c247d5379b682d5635a89') in 0.002065 seconds
Number of updated asset objects reloaded before import = 0
Number of asset objects unloaded after import = 2
========================================================================
Received Import Request.
  Time since last request: 0.000042 seconds.
  path: Assets/Map4_Cave/Tilemap/CaveG_49.asset
  artifactKey: Guid(c807d906c9797a5468e025541c61a472) Importer(815301076,1909f56bfc062723c751e8b465ee728b)
Start importing Assets/Map4_Cave/Tilemap/CaveG_49.asset using Guid(c807d906c9797a5468e025541c61a472) Importer(815301076,1909f56bfc062723c751e8b465ee728b)  -> (artifact id: 'd97d532960ad81b10d8d187629ec7347') in 0.001750 seconds
Number of updated asset objects reloaded before import = 0
Number of asset objects unloaded after import = 2
========================================================================
Received Import Request.
  Time since last request: 0.000037 seconds.
  path: Assets/Map4_Cave/Tilemap/CaveG_134.asset
  artifactKey: Guid(ece48d67ab0968c468a7b59a1a106cfb) Importer(815301076,1909f56bfc062723c751e8b465ee728b)
Start importing Assets/Map4_Cave/Tilemap/CaveG_134.asset using Guid(ece48d67ab0968c468a7b59a1a106cfb) Importer(815301076,1909f56bfc062723c751e8b465ee728b)  -> (artifact id: 'c6cf506c1020f9f8315fb23b327e19a3') in 0.002099 seconds
Number of updated asset objects reloaded before import = 0
Number of asset objects unloaded after import = 2
========================================================================
Received Import Request.
  Time since last request: 0.000017 seconds.
  path: Assets/Map4_Cave/Tilemap/CaveG_39.asset
  artifactKey: Guid(854af4446f1d17844b506d62b8c51930) Importer(815301076,1909f56bfc062723c751e8b465ee728b)
Start importing Assets/Map4_Cave/Tilemap/CaveG_39.asset using Guid(854af4446f1d17844b506d62b8c51930) Importer(815301076,1909f56bfc062723c751e8b465ee728b)  -> (artifact id: '8deb15c76d6467017235f82279dd2ada') in 0.002322 seconds
Number of updated asset objects reloaded before import = 0
Number of asset objects unloaded after import = 2
========================================================================
Received Import Request.
  Time since last request: 0.000028 seconds.
  path: Assets/Map4_Cave/Tilemap/CaveG_30.asset
  artifactKey: Guid(3d8cfb78a0049e140ab014c85fecc1a4) Importer(815301076,1909f56bfc062723c751e8b465ee728b)
Start importing Assets/Map4_Cave/Tilemap/CaveG_30.asset using Guid(3d8cfb78a0049e140ab014c85fecc1a4) Importer(815301076,1909f56bfc062723c751e8b465ee728b)  -> (artifact id: 'dc0400667e977a5ee579b5a02ff66d24') in 0.001927 seconds
Number of updated asset objects reloaded before import = 0
Number of asset objects unloaded after import = 2
========================================================================
Received Import Request.
  Time since last request: 0.000021 seconds.
  path: Assets/Map4_Cave/Tilemap/CaveG_67.asset
  artifactKey: Guid(2808d87795f732642adaf9a780ecb1ad) Importer(815301076,1909f56bfc062723c751e8b465ee728b)
Start importing Assets/Map4_Cave/Tilemap/CaveG_67.asset using Guid(2808d87795f732642adaf9a780ecb1ad) Importer(815301076,1909f56bfc062723c751e8b465ee728b)  -> (artifact id: '08fa1fe1916433728a6722e14f60eaf4') in 0.002078 seconds
Number of updated asset objects reloaded before import = 0
Number of asset objects unloaded after import = 2
========================================================================
Received Import Request.
  Time since last request: 0.000096 seconds.
  path: Assets/Map4_Cave/Tilemap/CaveG_74.asset
  artifactKey: Guid(cce8de05d6babf6458a43491a917cc08) Importer(815301076,1909f56bfc062723c751e8b465ee728b)
Start importing Assets/Map4_Cave/Tilemap/CaveG_74.asset using Guid(cce8de05d6babf6458a43491a917cc08) Importer(815301076,1909f56bfc062723c751e8b465ee728b)  -> (artifact id: '05787ac38e9613f82b9f2ec1649b5b86') in 0.001890 seconds
Number of updated asset objects reloaded before import = 0
Number of asset objects unloaded after import = 2
========================================================================
Received Import Request.
  Time since last request: 4.512142 seconds.
  path: Assets/Map4_Cave/Tilemap/CaveG_189.asset
  artifactKey: Guid(979db56296bcf2f43be93d5cc2b45a6c) Importer(815301076,1909f56bfc062723c751e8b465ee728b)
Start importing Assets/Map4_Cave/Tilemap/CaveG_189.asset using Guid(979db56296bcf2f43be93d5cc2b45a6c) Importer(815301076,1909f56bfc062723c751e8b465ee728b)  -> (artifact id: '7e6fbd0b721638fd068f945583f840af') in 0.001956 seconds
Number of updated asset objects reloaded before import = 0
Number of asset objects unloaded after import = 2
========================================================================
Received Import Request.
  Time since last request: 0.000204 seconds.
  path: Assets/Map4_Cave/Tilemap/CaveG_192.asset
  artifactKey: Guid(c93ddb921cfb33c49bd9e3da7b457f9f) Importer(815301076,1909f56bfc062723c751e8b465ee728b)
Start importing Assets/Map4_Cave/Tilemap/CaveG_192.asset using Guid(c93ddb921cfb33c49bd9e3da7b457f9f) Importer(815301076,1909f56bfc062723c751e8b465ee728b)  -> (artifact id: '9ca386722994753f37fd60a0b6f43cad') in 0.001986 seconds
Number of updated asset objects reloaded before import = 0
Number of asset objects unloaded after import = 2
========================================================================
Received Import Request.
  Time since last request: 0.000039 seconds.
  path: Assets/Map4_Cave/Tilemap/CaveG_177.asset
  artifactKey: Guid(5091198f99467134fa614338ec55c704) Importer(815301076,1909f56bfc062723c751e8b465ee728b)
Start importing Assets/Map4_Cave/Tilemap/CaveG_177.asset using Guid(5091198f99467134fa614338ec55c704) Importer(815301076,1909f56bfc062723c751e8b465ee728b)  -> (artifact id: '3dd3b4df480f2b763f59729f4a14f1b2') in 0.002274 seconds
Number of updated asset objects reloaded before import = 0
Number of asset objects unloaded after import = 2
========================================================================
Received Import Request.
  Time since last request: 0.000044 seconds.
  path: Assets/Map4_Cave/Tilemap/CaveG_178.asset
  artifactKey: Guid(a50cd80cc0a0c9948a7298e4488948b6) Importer(815301076,1909f56bfc062723c751e8b465ee728b)
Start importing Assets/Map4_Cave/Tilemap/CaveG_178.asset using Guid(a50cd80cc0a0c9948a7298e4488948b6) Importer(815301076,1909f56bfc062723c751e8b465ee728b)  -> (artifact id: '953601edb1ab372723a6c969f02f6f59') in 0.002178 seconds
Number of updated asset objects reloaded before import = 0
Number of asset objects unloaded after import = 2
========================================================================
Received Import Request.
  Time since last request: 0.000030 seconds.
  path: Assets/Map4_Cave/Tilemap/CaveG_188.asset
  artifactKey: Guid(2b887c6761cab9049b85828b68b335fa) Importer(815301076,1909f56bfc062723c751e8b465ee728b)
Start importing Assets/Map4_Cave/Tilemap/CaveG_188.asset using Guid(2b887c6761cab9049b85828b68b335fa) Importer(815301076,1909f56bfc062723c751e8b465ee728b)  -> (artifact id: '69e9cd862e4b3df17ea4b8aae69b23e4') in 0.002075 seconds
Number of updated asset objects reloaded before import = 0
Number of asset objects unloaded after import = 2
========================================================================
Received Import Request.
  Time since last request: 0.000023 seconds.
  path: Assets/Map4_Cave/Tilemap/CaveG_185.asset
  artifactKey: Guid(3578700782040b0429facca84523baa2) Importer(815301076,1909f56bfc062723c751e8b465ee728b)
Start importing Assets/Map4_Cave/Tilemap/CaveG_185.asset using Guid(3578700782040b0429facca84523baa2) Importer(815301076,1909f56bfc062723c751e8b465ee728b)  -> (artifact id: '0585b2a9a21998d71840616709f2bb95') in 0.007639 seconds
Number of updated asset objects reloaded before import = 0
Number of asset objects unloaded after import = 2
========================================================================
Received Import Request.
  Time since last request: 0.000067 seconds.
  path: Assets/Map4_Cave/Tilemap/CaveG_187.asset
  artifactKey: Guid(80aad9a0b3761664595edc1d3e44a978) Importer(815301076,1909f56bfc062723c751e8b465ee728b)
Start importing Assets/Map4_Cave/Tilemap/CaveG_187.asset using Guid(80aad9a0b3761664595edc1d3e44a978) Importer(815301076,1909f56bfc062723c751e8b465ee728b)  -> (artifact id: 'eef404bc21ba3a8bda7e17bbc372ca04') in 0.001755 seconds
Number of updated asset objects reloaded before import = 0
Number of asset objects unloaded after import = 2
========================================================================
Received Import Request.
  Time since last request: 0.017159 seconds.
  path: Assets/Map4_Cave/Tilemap/CaveG_148.asset
  artifactKey: Guid(fb9a1622ed9c49d40a1217d267d9fdae) Importer(815301076,1909f56bfc062723c751e8b465ee728b)
Start importing Assets/Map4_Cave/Tilemap/CaveG_148.asset using Guid(fb9a1622ed9c49d40a1217d267d9fdae) Importer(815301076,1909f56bfc062723c751e8b465ee728b)  -> (artifact id: '7ba7c70e535ea1099eb2dcaca84b2dbc') in 0.002959 seconds
Number of updated asset objects reloaded before import = 0
Number of asset objects unloaded after import = 2
========================================================================
Received Import Request.
  Time since last request: 0.000022 seconds.
  path: Assets/Map4_Cave/Tilemap/CaveG_157.asset
  artifactKey: Guid(ec1ebede65eec0147b6e68f4f843ce99) Importer(815301076,1909f56bfc062723c751e8b465ee728b)
Start importing Assets/Map4_Cave/Tilemap/CaveG_157.asset using Guid(ec1ebede65eec0147b6e68f4f843ce99) Importer(815301076,1909f56bfc062723c751e8b465ee728b)  -> (artifact id: '507e186036c6b56557eab81ab6e80315') in 0.002099 seconds
Number of updated asset objects reloaded before import = 0
Number of asset objects unloaded after import = 2
========================================================================
Received Import Request.
  Time since last request: 0.000027 seconds.
  path: Assets/Map4_Cave/Tilemap/CaveG_152.asset
  artifactKey: Guid(519a3953adfbb474a878861cfb11a215) Importer(815301076,1909f56bfc062723c751e8b465ee728b)
Start importing Assets/Map4_Cave/Tilemap/CaveG_152.asset using Guid(519a3953adfbb474a878861cfb11a215) Importer(815301076,1909f56bfc062723c751e8b465ee728b)  -> (artifact id: '4bb315058926816165a8b1f3e4a38a17') in 0.001970 seconds
Number of updated asset objects reloaded before import = 0
Number of asset objects unloaded after import = 2
========================================================================
Received Import Request.
  Time since last request: 0.000036 seconds.
  path: Assets/Map4_Cave/Tilemap/CaveG_151.asset
  artifactKey: Guid(9f71c269a8e82f24c8aaa616aa275b4b) Importer(815301076,1909f56bfc062723c751e8b465ee728b)
Start importing Assets/Map4_Cave/Tilemap/CaveG_151.asset using Guid(9f71c269a8e82f24c8aaa616aa275b4b) Importer(815301076,1909f56bfc062723c751e8b465ee728b)  -> (artifact id: 'a1eb1263899fec1fa880f433693031c0') in 0.001793 seconds
Number of updated asset objects reloaded before import = 0
Number of asset objects unloaded after import = 2
========================================================================
Received Import Request.
  Time since last request: 0.000024 seconds.
  path: Assets/Map4_Cave/Tilemap/CaveG_62.asset
  artifactKey: Guid(662cb390cc3da3d4f82fa9914e010502) Importer(815301076,1909f56bfc062723c751e8b465ee728b)
Start importing Assets/Map4_Cave/Tilemap/CaveG_62.asset using Guid(662cb390cc3da3d4f82fa9914e010502) Importer(815301076,1909f56bfc062723c751e8b465ee728b)  -> (artifact id: 'b97fccd510039966e8d7003916912d44') in 0.001798 seconds
Number of updated asset objects reloaded before import = 0
Number of asset objects unloaded after import = 2
========================================================================
Received Import Request.
  Time since last request: 0.000022 seconds.
  path: Assets/Map4_Cave/Tilemap/CaveG_160.asset
  artifactKey: Guid(a64ff4d801caa8241ada21783db4e83d) Importer(815301076,1909f56bfc062723c751e8b465ee728b)
Start importing Assets/Map4_Cave/Tilemap/CaveG_160.asset using Guid(a64ff4d801caa8241ada21783db4e83d) Importer(815301076,1909f56bfc062723c751e8b465ee728b)  -> (artifact id: '594e072599523f23f56e0cbeb046de90') in 0.001802 seconds
Number of updated asset objects reloaded before import = 0
Number of asset objects unloaded after import = 2
========================================================================
Received Import Request.
  Time since last request: 0.000019 seconds.
  path: Assets/Map4_Cave/Tilemap/CaveG_57.asset
  artifactKey: Guid(e4b41bfdd6a86294b89bc74b77697cab) Importer(815301076,1909f56bfc062723c751e8b465ee728b)
Start importing Assets/Map4_Cave/Tilemap/CaveG_57.asset using Guid(e4b41bfdd6a86294b89bc74b77697cab) Importer(815301076,1909f56bfc062723c751e8b465ee728b)  -> (artifact id: 'df8093eb434fa65c2158aa45721cc30f') in 0.005607 seconds
Number of updated asset objects reloaded before import = 0
Number of asset objects unloaded after import = 2
========================================================================
Received Prepare
Begin MonoManager ReloadAssembly
Symbol file LoadedFromMemory doesn't match image D:\Tài liệu\Năm 4-1\PT GAME\The_Last_Vampire\Library\PackageCache\com.unity.visualscripting@1.8.0\Editor\VisualScripting.Core\Dependencies\YamlDotNet\Unity.VisualScripting.YamlDotNet.dll
Symbol file LoadedFromMemory doesn't match image D:\Tài liệu\Năm 4-1\PT GAME\The_Last_Vampire\Library\PackageCache\com.unity.visualscripting@1.8.0\Editor\VisualScripting.Core\Dependencies\DotNetZip\Unity.VisualScripting.IonicZip.dll
- Loaded All Assemblies, in  1.422 seconds
Refreshing native plugins compatible for Editor in 5.17 ms, found 4 plugins.
Native extension for WindowsStandalone target not found
Mono: successfully reloaded assembly
- Finished resetting the current domain, in  4.868 seconds
Domain Reload Profiling: 6288ms
	BeginReloadAssembly (289ms)
		ExecutionOrderSort (0ms)
		DisableScriptedObjects (15ms)
		BackupInstance (0ms)
		ReleaseScriptingObjects (0ms)
		CreateAndSetChildDomain (77ms)
	RebuildCommonClasses (44ms)
	RebuildNativeTypeToScriptingClass (12ms)
	initialDomainReloadingComplete (45ms)
	LoadAllAssembliesAndSetupDomain (1028ms)
		LoadAssemblies (760ms)
		RebuildTransferFunctionScriptingTraits (0ms)
		AnalyzeDomain (424ms)
			TypeCache.Refresh (399ms)
				TypeCache.ScanAssembly (372ms)
			ScanForSourceGeneratedMonoScriptInfo (12ms)
			ResolveRequiredComponents (13ms)
	FinalizeReload (4869ms)
		ReleaseScriptCaches (0ms)
		RebuildScriptCaches (0ms)
		SetupLoadedEditorAssemblies (1101ms)
			LogAssemblyErrors (0ms)
			InitializePlatformSupportModulesInManaged (7ms)
			SetLoadedEditorAssemblies (14ms)
			RefreshPlugins (0ms)
			BeforeProcessingInitializeOnLoad (186ms)
			ProcessInitializeOnLoadAttributes (843ms)
			ProcessInitializeOnLoadMethodAttributes (42ms)
			AfterProcessingInitializeOnLoad (7ms)
			EditorAssembliesLoaded (0ms)
		ExecutionOrderSort2 (0ms)
		AwakeInstancesAfterBackupRestoration (30ms)
Refreshing native plugins compatible for Editor in 8.99 ms, found 4 plugins.
Preloading 0 native plugins for Editor in 0.00 ms.
Unloading 7593 Unused Serialized files (Serialized files now loaded: 0)
Unloading 197 unused Assets / (14.2 MB). Loaded Objects now: 8234.
Memory consumption went from 284.2 MB to 270.0 MB.
Total: 45.353400 ms (FindLiveObjects: 3.688500 ms CreateObjectMapping: 1.172600 ms MarkObjects: 27.459400 ms  DeleteObjects: 13.028700 ms)

Prepare: number of updated asset objects reloaded= 0
AssetImportParameters requested are different than current active one (requested -> active):
  custom:container-demuxer-ogg: 62fdf1f143b41e24485cea50d1cbac27 -> 
  custom:framework-win-MediaFoundation: 216162199b28c13a410421893ffa2e32 -> 
  custom:container-muxer-webm: aa71ff27fc2769a1b78a27578f13a17b -> 
  custom:video-decoder-webm-vp8: 9c59270c3fd7afecdb556c50c9e8de78 -> 
  custom:AudioImporter_EditorPlatform: d09bf68614088b80899f8185d706f6e7 -> 
  custom:audio-decoder-ogg-vorbis: bf7c407c2cedff20999df2af8eb42d56 -> 
  custom:audio-encoder-webm-vorbis: bf7c407c2cedff20999df2af8eb42d56 -> 
  custom:video-decoder-ogg-theora: a1e56fd34408186e4bbccfd4996cb3dc -> 
  custom:container-demuxer-webm: 4f35f7cbe854078d1ac9338744f61a02 -> 
  custom:video-encoder-webm-vp8: eb34c28f22e8b96e1ab97ce403110664 -> 
========================================================================
Received Prepare
Begin MonoManager ReloadAssembly
Symbol file LoadedFromMemory doesn't match image D:\Tài liệu\Năm 4-1\PT GAME\The_Last_Vampire\Library\PackageCache\com.unity.visualscripting@1.8.0\Editor\VisualScripting.Core\Dependencies\YamlDotNet\Unity.VisualScripting.YamlDotNet.dll
Symbol file LoadedFromMemory doesn't match image D:\Tài liệu\Năm 4-1\PT GAME\The_Last_Vampire\Library\PackageCache\com.unity.visualscripting@1.8.0\Editor\VisualScripting.Core\Dependencies\DotNetZip\Unity.VisualScripting.IonicZip.dll
- Loaded All Assemblies, in  2.738 seconds
Refreshing native plugins compatible for Editor in 6.08 ms, found 4 plugins.
Native extension for WindowsStandalone target not found
Mono: successfully reloaded assembly
- Finished resetting the current domain, in  3.372 seconds
Domain Reload Profiling: 6111ms
	BeginReloadAssembly (350ms)
		ExecutionOrderSort (0ms)
		DisableScriptedObjects (22ms)
		BackupInstance (0ms)
		ReleaseScriptingObjects (0ms)
		CreateAndSetChildDomain (180ms)
	RebuildCommonClasses (76ms)
	RebuildNativeTypeToScriptingClass (13ms)
	initialDomainReloadingComplete (48ms)
	LoadAllAssembliesAndSetupDomain (2251ms)
		LoadAssemblies (1146ms)
		RebuildTransferFunctionScriptingTraits (0ms)
		AnalyzeDomain (1191ms)
			TypeCache.Refresh (1051ms)
				TypeCache.ScanAssembly (910ms)
			ScanForSourceGeneratedMonoScriptInfo (118ms)
			ResolveRequiredComponents (22ms)
	FinalizeReload (3373ms)
		ReleaseScriptCaches (0ms)
		RebuildScriptCaches (0ms)
		SetupLoadedEditorAssemblies (1065ms)
			LogAssemblyErrors (0ms)
			InitializePlatformSupportModulesInManaged (9ms)
			SetLoadedEditorAssemblies (10ms)
			RefreshPlugins (0ms)
			BeforeProcessingInitializeOnLoad (218ms)
			ProcessInitializeOnLoadAttributes (761ms)
			ProcessInitializeOnLoadMethodAttributes (55ms)
			AfterProcessingInitializeOnLoad (12ms)
			EditorAssembliesLoaded (0ms)
		ExecutionOrderSort2 (0ms)
		AwakeInstancesAfterBackupRestoration (25ms)
Refreshing native plugins compatible for Editor in 4.89 ms, found 4 plugins.
Preloading 0 native plugins for Editor in 0.00 ms.
Unloading 7593 Unused Serialized files (Serialized files now loaded: 0)
Unloading 197 unused Assets / (14.2 MB). Loaded Objects now: 8239.
Memory consumption went from 284.2 MB to 270.0 MB.
Total: 35.658600 ms (FindLiveObjects: 3.048400 ms CreateObjectMapping: 1.000700 ms MarkObjects: 20.819900 ms  DeleteObjects: 10.782100 ms)

Prepare: number of updated asset objects reloaded= 0
AssetImportParameters requested are different than current active one (requested -> active):
  custom:container-demuxer-ogg: 62fdf1f143b41e24485cea50d1cbac27 -> 
  custom:framework-win-MediaFoundation: 216162199b28c13a410421893ffa2e32 -> 
  custom:container-muxer-webm: aa71ff27fc2769a1b78a27578f13a17b -> 
  custom:video-decoder-webm-vp8: 9c59270c3fd7afecdb556c50c9e8de78 -> 
  custom:AudioImporter_EditorPlatform: d09bf68614088b80899f8185d706f6e7 -> 
  custom:audio-decoder-ogg-vorbis: bf7c407c2cedff20999df2af8eb42d56 -> 
  custom:audio-encoder-webm-vorbis: bf7c407c2cedff20999df2af8eb42d56 -> 
  custom:video-decoder-ogg-theora: a1e56fd34408186e4bbccfd4996cb3dc -> 
  custom:container-demuxer-webm: 4f35f7cbe854078d1ac9338744f61a02 -> 
  custom:video-encoder-webm-vp8: eb34c28f22e8b96e1ab97ce403110664 -> 
========================================================================
Received Import Request.
  Time since last request: 37.202862 seconds.
  path: Assets/Map4_Cave/Tilemap/CaveG_92.asset
  artifactKey: Guid(f570bb19c141c6947b38531898d9ebcb) Importer(815301076,1909f56bfc062723c751e8b465ee728b)
Start importing Assets/Map4_Cave/Tilemap/CaveG_92.asset using Guid(f570bb19c141c6947b38531898d9ebcb) Importer(815301076,1909f56bfc062723c751e8b465ee728b)  -> (artifact id: '636229da86d6f99ef60740ae58859589') in 0.050101 seconds
Number of updated asset objects reloaded before import = 0
Number of asset objects unloaded after import = 2
========================================================================
Received Import Request.
  Time since last request: 0.000029 seconds.
  path: Assets/Map4_Cave/Tilemap/CaveG_95.asset
  artifactKey: Guid(abec2475a2540a940bf425d417948366) Importer(815301076,1909f56bfc062723c751e8b465ee728b)
Start importing Assets/Map4_Cave/Tilemap/CaveG_95.asset using Guid(abec2475a2540a940bf425d417948366) Importer(815301076,1909f56bfc062723c751e8b465ee728b)  -> (artifact id: '88a2f9e95be159aeb6ee3be7dc184910') in 0.003047 seconds
Number of updated asset objects reloaded before import = 0
Number of asset objects unloaded after import = 2
========================================================================
Received Import Request.
  Time since last request: 0.000027 seconds.
  path: Assets/Map4_Cave/Tilemap/CaveG_100.asset
  artifactKey: Guid(f25e847b2e83d5443b52b1301705ef5a) Importer(815301076,1909f56bfc062723c751e8b465ee728b)
Start importing Assets/Map4_Cave/Tilemap/CaveG_100.asset using Guid(f25e847b2e83d5443b52b1301705ef5a) Importer(815301076,1909f56bfc062723c751e8b465ee728b)  -> (artifact id: '3ebb93a0dba4a0c95a144bcc2d04207a') in 0.003284 seconds
Number of updated asset objects reloaded before import = 0
Number of asset objects unloaded after import = 2
========================================================================
Received Import Request.
  Time since last request: 0.000036 seconds.
  path: Assets/Map4_Cave/Tilemap/CaveG_103.asset
  artifactKey: Guid(026f4da8bae19804184102ccf0f4600f) Importer(815301076,1909f56bfc062723c751e8b465ee728b)
Start importing Assets/Map4_Cave/Tilemap/CaveG_103.asset using Guid(026f4da8bae19804184102ccf0f4600f) Importer(815301076,1909f56bfc062723c751e8b465ee728b)  -> (artifact id: '2972f2f3f1c4be6e6880583c8cb29f36') in 0.002455 seconds
Number of updated asset objects reloaded before import = 0
Number of asset objects unloaded after import = 2
========================================================================
Received Import Request.
  Time since last request: 0.000032 seconds.
  path: Assets/Map4_Cave/Tilemap/CaveG_170.asset
  artifactKey: Guid(26a1878b099ee5e478b37703cc9e8e01) Importer(815301076,1909f56bfc062723c751e8b465ee728b)
Start importing Assets/Map4_Cave/Tilemap/CaveG_170.asset using Guid(26a1878b099ee5e478b37703cc9e8e01) Importer(815301076,1909f56bfc062723c751e8b465ee728b)  -> (artifact id: 'd6e841efbc48c40a24dd467d5a778033') in 0.005775 seconds
Number of updated asset objects reloaded before import = 0
Number of asset objects unloaded after import = 2
========================================================================
Received Import Request.
  Time since last request: 0.000063 seconds.
  path: Assets/Map4_Cave/Tilemap/CaveG_172.asset
  artifactKey: Guid(7113452fd63c4bd4ca433e6cc51b439d) Importer(815301076,1909f56bfc062723c751e8b465ee728b)
Start importing Assets/Map4_Cave/Tilemap/CaveG_172.asset using Guid(7113452fd63c4bd4ca433e6cc51b439d) Importer(815301076,1909f56bfc062723c751e8b465ee728b)  -> (artifact id: '828ae97f44b15feb12f3f34a4e0f07e7') in 0.002364 seconds
Number of updated asset objects reloaded before import = 0
Number of asset objects unloaded after import = 2
========================================================================
Received Import Request.
  Time since last request: 0.000025 seconds.
  path: Assets/Map4_Cave/Tilemap/CaveG_102.asset
  artifactKey: Guid(4ccd9c119ae208a4fb2d1dadf27db624) Importer(815301076,1909f56bfc062723c751e8b465ee728b)
Start importing Assets/Map4_Cave/Tilemap/CaveG_102.asset using Guid(4ccd9c119ae208a4fb2d1dadf27db624) Importer(815301076,1909f56bfc062723c751e8b465ee728b)  -> (artifact id: '2eaacb4975565b5fc16350ff4ded797e') in 0.002195 seconds
Number of updated asset objects reloaded before import = 0
Number of asset objects unloaded after import = 2
========================================================================
Received Import Request.
  Time since last request: 2.366830 seconds.
  path: Assets/Map4_Cave/Tilemap/CaveG_162.asset
  artifactKey: Guid(eccaa76a27b5bf742aa299040b9d1d06) Importer(815301076,1909f56bfc062723c751e8b465ee728b)
Start importing Assets/Map4_Cave/Tilemap/CaveG_162.asset using Guid(eccaa76a27b5bf742aa299040b9d1d06) Importer(815301076,1909f56bfc062723c751e8b465ee728b)  -> (artifact id: '6bb1227430e3df2bc60891634003c3fb') in 0.002017 seconds
Number of updated asset objects reloaded before import = 0
Number of asset objects unloaded after import = 2
========================================================================
Received Import Request.
  Time since last request: 0.000044 seconds.
  path: Assets/Map4_Cave/Tilemap/CaveG_166.asset
  artifactKey: Guid(89cdfca9141594c47ae93f0752c773dc) Importer(815301076,1909f56bfc062723c751e8b465ee728b)
Start importing Assets/Map4_Cave/Tilemap/CaveG_166.asset using Guid(89cdfca9141594c47ae93f0752c773dc) Importer(815301076,1909f56bfc062723c751e8b465ee728b)  -> (artifact id: '71c3a8cbd5e632aeee14c05c30a7a782') in 0.004999 seconds
Number of updated asset objects reloaded before import = 0
Number of asset objects unloaded after import = 2
========================================================================
Received Import Request.
  Time since last request: 0.029174 seconds.
  path: Assets/Map4_Cave/Tilemap/CaveG_106.asset
  artifactKey: Guid(fa8245f22bbd6b94f88781761239397c) Importer(815301076,1909f56bfc062723c751e8b465ee728b)
Start importing Assets/Map4_Cave/Tilemap/CaveG_106.asset using Guid(fa8245f22bbd6b94f88781761239397c) Importer(815301076,1909f56bfc062723c751e8b465ee728b)  -> (artifact id: '2c538a31f6d149d38e18848a896a0378') in 0.002208 seconds
Number of updated asset objects reloaded before import = 0
Number of asset objects unloaded after import = 2
========================================================================
Received Import Request.
  Time since last request: 0.000022 seconds.
  path: Assets/Map4_Cave/Tilemap/CaveG_109.asset
  artifactKey: Guid(dc9c0965290f78b4fb50031ea191faf9) Importer(815301076,1909f56bfc062723c751e8b465ee728b)
Start importing Assets/Map4_Cave/Tilemap/CaveG_109.asset using Guid(dc9c0965290f78b4fb50031ea191faf9) Importer(815301076,1909f56bfc062723c751e8b465ee728b)  -> (artifact id: '67570ebbe4d04942a626af09acbfa73a') in 0.002290 seconds
Number of updated asset objects reloaded before import = 0
Number of asset objects unloaded after import = 2
========================================================================
Received Import Request.
  Time since last request: 0.000029 seconds.
  path: Assets/Map4_Cave/Tilemap/CaveG_117.asset
  artifactKey: Guid(0b42ef5324489fa4b93f27d573b0d4d1) Importer(815301076,1909f56bfc062723c751e8b465ee728b)
Start importing Assets/Map4_Cave/Tilemap/CaveG_117.asset using Guid(0b42ef5324489fa4b93f27d573b0d4d1) Importer(815301076,1909f56bfc062723c751e8b465ee728b)  -> (artifact id: '786cf15f704f7f8e1d4f2a85531e2fe0') in 0.002031 seconds
Number of updated asset objects reloaded before import = 0
Number of asset objects unloaded after import = 2
========================================================================
Received Import Request.
  Time since last request: 0.000023 seconds.
  path: Assets/Map4_Cave/Tilemap/CaveG_113.asset
  artifactKey: Guid(19d8aca92ae4c6c4c925bda9edcf708f) Importer(815301076,1909f56bfc062723c751e8b465ee728b)
Start importing Assets/Map4_Cave/Tilemap/CaveG_113.asset using Guid(19d8aca92ae4c6c4c925bda9edcf708f) Importer(815301076,1909f56bfc062723c751e8b465ee728b)  -> (artifact id: '4a690d6115c14370444a2fe2215c2476') in 0.002220 seconds
Number of updated asset objects reloaded before import = 0
Number of asset objects unloaded after import = 2
========================================================================
Received Import Request.
  Time since last request: 357.508323 seconds.
  path: Assets/Map1_Forest/Tilemap/Decorations/BUSH FOREGROUND 1-4.png
  artifactKey: Guid(204aa51c2bf1ec24581c9d3474d90682) Importer(815301076,1909f56bfc062723c751e8b465ee728b)
Start importing Assets/Map1_Forest/Tilemap/Decorations/BUSH FOREGROUND 1-4.png using Guid(204aa51c2bf1ec24581c9d3474d90682) Importer(815301076,1909f56bfc062723c751e8b465ee728b)  -> (artifact id: 'ddd03be13a0e9e857775926d9ecd7cc6') in 0.046948 seconds
Number of updated asset objects reloaded before import = 0
Number of asset objects unloaded after import = 2
========================================================================
Received Import Request.
  Time since last request: 0.000140 seconds.
  path: Assets/Map1_Forest/Tilemap/Decorations/GRASS 1-1.png
  artifactKey: Guid(0601d1c0d4f47414d8f4753656fb214d) Importer(815301076,1909f56bfc062723c751e8b465ee728b)
Start importing Assets/Map1_Forest/Tilemap/Decorations/GRASS 1-1.png using Guid(0601d1c0d4f47414d8f4753656fb214d) Importer(815301076,1909f56bfc062723c751e8b465ee728b)  -> (artifact id: '9760f91160b6d70aa6277d97fac87840') in 0.002928 seconds
Number of updated asset objects reloaded before import = 0
Number of asset objects unloaded after import = 2
========================================================================
Received Import Request.
  Time since last request: 0.000029 seconds.
  path: Assets/Map1_Forest/Tilemap/Decorations/GRASS 2-1.png
  artifactKey: Guid(978dc763e47067149be399903ad6addb) Importer(815301076,1909f56bfc062723c751e8b465ee728b)
Start importing Assets/Map1_Forest/Tilemap/Decorations/GRASS 2-1.png using Guid(978dc763e47067149be399903ad6addb) Importer(815301076,1909f56bfc062723c751e8b465ee728b)  -> (artifact id: '37ec65c3b7ba0f16082067cb37651aab') in 0.004432 seconds
Number of updated asset objects reloaded before import = 0
Number of asset objects unloaded after import = 2
========================================================================
Received Import Request.
  Time since last request: 0.000027 seconds.
  path: Assets/Map1_Forest/Tilemap/Decorations/GRASS 3-2.png
  artifactKey: Guid(86647a41d202c7d42bb73668e9f329b0) Importer(815301076,1909f56bfc062723c751e8b465ee728b)
Start importing Assets/Map1_Forest/Tilemap/Decorations/GRASS 3-2.png using Guid(86647a41d202c7d42bb73668e9f329b0) Importer(815301076,1909f56bfc062723c751e8b465ee728b)  -> (artifact id: '8b11f51ce8795f2b9897ad03030d7220') in 0.002133 seconds
Number of updated asset objects reloaded before import = 0
Number of asset objects unloaded after import = 2
========================================================================
Received Import Request.
  Time since last request: 0.000040 seconds.
  path: Assets/Map1_Forest/Tilemap/Decorations/GRASS 2-2.png
  artifactKey: Guid(1ee73367054f56241a4324eb7326adfa) Importer(815301076,1909f56bfc062723c751e8b465ee728b)
Start importing Assets/Map1_Forest/Tilemap/Decorations/GRASS 2-2.png using Guid(1ee73367054f56241a4324eb7326adfa) Importer(815301076,1909f56bfc062723c751e8b465ee728b)  -> (artifact id: '3b1b2cfb61453725dd6895837afd4323') in 0.002372 seconds
Number of updated asset objects reloaded before import = 0
Number of asset objects unloaded after import = 2
========================================================================
Received Import Request.
  Time since last request: 0.000020 seconds.
  path: Assets/Map1_Forest/Tilemap/Decorations/MUSHROOM 1-2.png
  artifactKey: Guid(86a1d6e5913974b46810fb24e91348a5) Importer(815301076,1909f56bfc062723c751e8b465ee728b)
Start importing Assets/Map1_Forest/Tilemap/Decorations/MUSHROOM 1-2.png using Guid(86a1d6e5913974b46810fb24e91348a5) Importer(815301076,1909f56bfc062723c751e8b465ee728b)  -> (artifact id: '46a7dae27334a16c61f520750706adf9') in 0.001966 seconds
Number of updated asset objects reloaded before import = 0
Number of asset objects unloaded after import = 2
========================================================================
Received Import Request.
  Time since last request: 0.000021 seconds.
  path: Assets/Map1_Forest/Tilemap/Decorations/Sign.png
  artifactKey: Guid(a9854288c359ca14a8b2fd04058db313) Importer(815301076,1909f56bfc062723c751e8b465ee728b)
Start importing Assets/Map1_Forest/Tilemap/Decorations/Sign.png using Guid(a9854288c359ca14a8b2fd04058db313) Importer(815301076,1909f56bfc062723c751e8b465ee728b)  -> (artifact id: '9b30ae2d5550f9f95f1fd912fd64fa3e') in 0.003383 seconds
Number of updated asset objects reloaded before import = 0
Number of asset objects unloaded after import = 2
========================================================================
Received Import Request.
  Time since last request: 0.000015 seconds.
  path: Assets/Map1_Forest/Tilemap/Decorations/Rock Pile 1 - BEIGE - BIG.PNG
  artifactKey: Guid(9662d84b445a4a143bf4195f495dca4d) Importer(815301076,1909f56bfc062723c751e8b465ee728b)
Start importing Assets/Map1_Forest/Tilemap/Decorations/Rock Pile 1 - BEIGE - BIG.PNG using Guid(9662d84b445a4a143bf4195f495dca4d) Importer(815301076,1909f56bfc062723c751e8b465ee728b)  -> (artifact id: '2132491202c40df7e2e73fa02b359d19') in 0.015525 seconds
Number of updated asset objects reloaded before import = 0
Number of asset objects unloaded after import = 2
========================================================================
Received Import Request.
  Time since last request: 0.000049 seconds.
  path: Assets/Map1_Forest/Tilemap/Decorations/MUSHROOM 1-1.png
  artifactKey: Guid(d45bba719c38eef499144f2e7a1d042f) Importer(815301076,1909f56bfc062723c751e8b465ee728b)
Start importing Assets/Map1_Forest/Tilemap/Decorations/MUSHROOM 1-1.png using Guid(d45bba719c38eef499144f2e7a1d042f) Importer(815301076,1909f56bfc062723c751e8b465ee728b)  -> (artifact id: '43a283e8bbe443f6594028b50bfe9387') in 0.002075 seconds
Number of updated asset objects reloaded before import = 0
Number of asset objects unloaded after import = 2
========================================================================
Received Import Request.
  Time since last request: 0.000019 seconds.
  path: Assets/Map1_Forest/Tilemap/Decorations/BUSH FOREGROUND 1-6.png
  artifactKey: Guid(052ccebcbaae6204f803204b2645d91c) Importer(815301076,1909f56bfc062723c751e8b465ee728b)
Start importing Assets/Map1_Forest/Tilemap/Decorations/BUSH FOREGROUND 1-6.png using Guid(052ccebcbaae6204f803204b2645d91c) Importer(815301076,1909f56bfc062723c751e8b465ee728b)  -> (artifact id: 'da058c1e44fc1e0b049b40cc9c103432') in 0.015722 seconds
Number of updated asset objects reloaded before import = 0
Number of asset objects unloaded after import = 2
========================================================================
Received Import Request.
  Time since last request: 2.785070 seconds.
  path: Assets/Map4_Cave/Tilemap/Cave_BG.prefab
  artifactKey: Guid(dafe254122949ef4c97b0c356cdd8d25) Importer(815301076,1909f56bfc062723c751e8b465ee728b)
Start importing Assets/Map4_Cave/Tilemap/Cave_BG.prefab using Guid(dafe254122949ef4c97b0c356cdd8d25) Importer(815301076,1909f56bfc062723c751e8b465ee728b)  -> (artifact id: 'c68c44273729eac351c428388b440885') in 0.019651 seconds
Number of updated asset objects reloaded before import = 0
Number of asset objects unloaded after import = 9
TcpMessagingSession - receive error
AssetImportWorkerClient::OnTransportError - code=10054 error=An existing connection was forcibly closed by the remote host.
