Using pre-set license
Built from '2022.3/staging' branch; Version is '2022.3.3f1 (7cdc2969a641) revision 8182825'; Using compiler version '192829333'; Build Type 'Release'
OS: 'Windows 10  (10.0.19045) 64bit CoreSingleLanguage' Language: 'en' Physical Memory: 7583 MB
BatchMode: 1, IsHumanControllingUs: 0, StartBugReporterOnCrash: 0, Is64bit: 1, IsPro: 1

COMMAND LINE ARGUMENTS:
C:\Program Files\Unity\Hub\Editor\2022.3.3f1\Editor\Unity.exe
-adb2
-batchMode
-noUpm
-name
AssetImportWorker2
-projectPath
D:/Tài liệu/Năm 4-1/PT GAME/The_Last_Vampire
-logFile
Logs/AssetImportWorker2.log
-srvPort
6111
Successfully changed project path to: D:/Tài liệu/Năm 4-1/PT GAME/The_Last_Vampire
D:/Tài liệu/Năm 4-1/PT GAME/The_Last_Vampire
[UnityMemory] Configuration Parameters - Can be set up in boot.config
    "memorysetup-bucket-allocator-granularity=16"
    "memorysetup-bucket-allocator-bucket-count=8"
    "memorysetup-bucket-allocator-block-size=33554432"
    "memorysetup-bucket-allocator-block-count=8"
    "memorysetup-main-allocator-block-size=16777216"
    "memorysetup-thread-allocator-block-size=16777216"
    "memorysetup-gfx-main-allocator-block-size=16777216"
    "memorysetup-gfx-thread-allocator-block-size=16777216"
    "memorysetup-cache-allocator-block-size=4194304"
    "memorysetup-typetree-allocator-block-size=2097152"
    "memorysetup-profiler-bucket-allocator-granularity=16"
    "memorysetup-profiler-bucket-allocator-bucket-count=8"
    "memorysetup-profiler-bucket-allocator-block-size=33554432"
    "memorysetup-profiler-bucket-allocator-block-count=8"
    "memorysetup-profiler-allocator-block-size=16777216"
    "memorysetup-profiler-editor-allocator-block-size=1048576"
    "memorysetup-temp-allocator-size-main=16777216"
    "memorysetup-job-temp-allocator-block-size=2097152"
    "memorysetup-job-temp-allocator-block-size-background=1048576"
    "memorysetup-job-temp-allocator-reduction-small-platforms=262144"
    "memorysetup-allocator-temp-initial-block-size-main=262144"
    "memorysetup-allocator-temp-initial-block-size-worker=262144"
    "memorysetup-temp-allocator-size-background-worker=32768"
    "memorysetup-temp-allocator-size-job-worker=262144"
    "memorysetup-temp-allocator-size-preload-manager=33554432"
    "memorysetup-temp-allocator-size-nav-mesh-worker=65536"
    "memorysetup-temp-allocator-size-audio-worker=65536"
    "memorysetup-temp-allocator-size-cloud-worker=32768"
    "memorysetup-temp-allocator-size-gi-baking-worker=262144"
    "memorysetup-temp-allocator-size-gfx=262144"
Player connection [20088] Host "[IP] 192.168.1.8 [Port] 0 [Flags] 2 [Guid] 2583268193 [EditorId] 2583268193 [Version] 1048832 [Id] WindowsEditor(7,DESKTOP-H92HV5G) [Debug] 1 [PackageName] WindowsEditor [ProjectName] Editor" joined multi-casting on [225.0.0.222:54997]...

Player connection [20088] Host "[IP] 192.168.1.8 [Port] 0 [Flags] 2 [Guid] 2583268193 [EditorId] 2583268193 [Version] 1048832 [Id] WindowsEditor(7,DESKTOP-H92HV5G) [Debug] 1 [PackageName] WindowsEditor [ProjectName] Editor" joined alternative multi-casting on [225.0.0.222:34997]...

Refreshing native plugins compatible for Editor in 10.11 ms, found 4 plugins.
Preloading 0 native plugins for Editor in 0.00 ms.
Initialize engine version: 2022.3.3f1 (7cdc2969a641)
[Subsystems] Discovering subsystems at path C:/Program Files/Unity/Hub/Editor/2022.3.3f1/Editor/Data/Resources/UnitySubsystems
[Subsystems] Discovering subsystems at path D:/Tài liệu/Năm 4-1/PT GAME/The_Last_Vampire/Assets
GfxDevice: creating device client; threaded=0; jobified=0
Direct3D:
    Version:  Direct3D 11.0 [level 11.1]
    Renderer: NVIDIA GeForce GTX 1650 (ID=0x1f9d)
    Vendor:   NVIDIA
    VRAM:     3950 MB
    Driver:   31.0.15.4680
Initialize mono
Mono path[0] = 'C:/Program Files/Unity/Hub/Editor/2022.3.3f1/Editor/Data/Managed'
Mono path[1] = 'C:/Program Files/Unity/Hub/Editor/2022.3.3f1/Editor/Data/MonoBleedingEdge/lib/mono/unityjit-win32'
Mono config path = 'C:/Program Files/Unity/Hub/Editor/2022.3.3f1/Editor/Data/MonoBleedingEdge/etc'
Using monoOptions --debugger-agent=transport=dt_socket,embedding=1,server=y,suspend=n,address=127.0.0.1:56628
Begin MonoManager ReloadAssembly
Registering precompiled unity dll's ...
Register platform support module: C:/Program Files/Unity/Hub/Editor/2022.3.3f1/Editor/Data/PlaybackEngines/WindowsStandaloneSupport/UnityEditor.WindowsStandalone.Extensions.dll
Registered in 0.009510 seconds.
- Loaded All Assemblies, in  0.393 seconds
Native extension for WindowsStandalone target not found
Mono: successfully reloaded assembly
- Finished resetting the current domain, in  0.252 seconds
Domain Reload Profiling: 644ms
	BeginReloadAssembly (135ms)
		ExecutionOrderSort (0ms)
		DisableScriptedObjects (0ms)
		BackupInstance (0ms)
		ReleaseScriptingObjects (0ms)
		CreateAndSetChildDomain (2ms)
	RebuildCommonClasses (38ms)
	RebuildNativeTypeToScriptingClass (9ms)
	initialDomainReloadingComplete (66ms)
	LoadAllAssembliesAndSetupDomain (142ms)
		LoadAssemblies (131ms)
		RebuildTransferFunctionScriptingTraits (0ms)
		AnalyzeDomain (136ms)
			TypeCache.Refresh (134ms)
				TypeCache.ScanAssembly (119ms)
			ScanForSourceGeneratedMonoScriptInfo (1ms)
			ResolveRequiredComponents (1ms)
	FinalizeReload (253ms)
		ReleaseScriptCaches (0ms)
		RebuildScriptCaches (0ms)
		SetupLoadedEditorAssemblies (198ms)
			LogAssemblyErrors (0ms)
			InitializePlatformSupportModulesInManaged (9ms)
			SetLoadedEditorAssemblies (9ms)
			RefreshPlugins (0ms)
			BeforeProcessingInitializeOnLoad (2ms)
			ProcessInitializeOnLoadAttributes (131ms)
			ProcessInitializeOnLoadMethodAttributes (46ms)
			AfterProcessingInitializeOnLoad (0ms)
			EditorAssembliesLoaded (0ms)
		ExecutionOrderSort2 (0ms)
		AwakeInstancesAfterBackupRestoration (0ms)
========================================================================
Worker process is ready to serve import requests
Begin MonoManager ReloadAssembly
Symbol file LoadedFromMemory doesn't match image D:\Tài liệu\Năm 4-1\PT GAME\The_Last_Vampire\Library\PackageCache\com.unity.visualscripting@1.8.0\Editor\VisualScripting.Core\Dependencies\YamlDotNet\Unity.VisualScripting.YamlDotNet.dll
Symbol file LoadedFromMemory doesn't match image D:\Tài liệu\Năm 4-1\PT GAME\The_Last_Vampire\Library\PackageCache\com.unity.visualscripting@1.8.0\Editor\VisualScripting.Core\Dependencies\DotNetZip\Unity.VisualScripting.IonicZip.dll
- Loaded All Assemblies, in  1.009 seconds
Refreshing native plugins compatible for Editor in 6.66 ms, found 4 plugins.
Native extension for WindowsStandalone target not found
Mono: successfully reloaded assembly
- Finished resetting the current domain, in  1.022 seconds
Domain Reload Profiling: 2030ms
	BeginReloadAssembly (185ms)
		ExecutionOrderSort (0ms)
		DisableScriptedObjects (5ms)
		BackupInstance (0ms)
		ReleaseScriptingObjects (0ms)
		CreateAndSetChildDomain (31ms)
	RebuildCommonClasses (34ms)
	RebuildNativeTypeToScriptingClass (13ms)
	initialDomainReloadingComplete (47ms)
	LoadAllAssembliesAndSetupDomain (727ms)
		LoadAssemblies (468ms)
		RebuildTransferFunctionScriptingTraits (0ms)
		AnalyzeDomain (364ms)
			TypeCache.Refresh (315ms)
				TypeCache.ScanAssembly (298ms)
			ScanForSourceGeneratedMonoScriptInfo (37ms)
			ResolveRequiredComponents (12ms)
	FinalizeReload (1023ms)
		ReleaseScriptCaches (0ms)
		RebuildScriptCaches (0ms)
		SetupLoadedEditorAssemblies (800ms)
			LogAssemblyErrors (0ms)
			InitializePlatformSupportModulesInManaged (7ms)
			SetLoadedEditorAssemblies (6ms)
			RefreshPlugins (0ms)
			BeforeProcessingInitializeOnLoad (99ms)
			ProcessInitializeOnLoadAttributes (546ms)
			ProcessInitializeOnLoadMethodAttributes (133ms)
			AfterProcessingInitializeOnLoad (9ms)
			EditorAssembliesLoaded (0ms)
		ExecutionOrderSort2 (0ms)
		AwakeInstancesAfterBackupRestoration (8ms)
Launched and connected shader compiler UnityShaderCompiler.exe after 0.06 seconds
Refreshing native plugins compatible for Editor in 7.15 ms, found 4 plugins.
Preloading 0 native plugins for Editor in 0.00 ms.
Unloading 7889 Unused Serialized files (Serialized files now loaded: 0)
Unloading 249 unused Assets / (14.3 MB). Loaded Objects now: 8227.
Memory consumption went from 345.3 MB to 331.1 MB.
Total: 11.560700 ms (FindLiveObjects: 0.893800 ms CreateObjectMapping: 0.640900 ms MarkObjects: 5.973200 ms  DeleteObjects: 4.047900 ms)

AssetImportParameters requested are different than current active one (requested -> active):
  custom:container-demuxer-ogg: 62fdf1f143b41e24485cea50d1cbac27 -> 
  custom:framework-win-MediaFoundation: 216162199b28c13a410421893ffa2e32 -> 
  custom:container-muxer-webm: aa71ff27fc2769a1b78a27578f13a17b -> 
  custom:video-decoder-webm-vp8: 9c59270c3fd7afecdb556c50c9e8de78 -> 
  custom:AudioImporter_EditorPlatform: d09bf68614088b80899f8185d706f6e7 -> 
  custom:audio-decoder-ogg-vorbis: bf7c407c2cedff20999df2af8eb42d56 -> 
  custom:audio-encoder-webm-vorbis: bf7c407c2cedff20999df2af8eb42d56 -> 
  custom:video-decoder-ogg-theora: a1e56fd34408186e4bbccfd4996cb3dc -> 
  custom:container-demuxer-webm: 4f35f7cbe854078d1ac9338744f61a02 -> 
  custom:video-encoder-webm-vp8: eb34c28f22e8b96e1ab97ce403110664 -> 
========================================================================
Received Import Request.
  Time since last request: 1035275.181300 seconds.
  path: Assets/Map5_Ruin/Tilemap/TileMap/Background
  artifactKey: Guid(75f66c8cf8c927a4ea48e4ac6a39bf01) Importer(815301076,1909f56bfc062723c751e8b465ee728b)
Start importing Assets/Map5_Ruin/Tilemap/TileMap/Background using Guid(75f66c8cf8c927a4ea48e4ac6a39bf01) Importer(815301076,1909f56bfc062723c751e8b465ee728b)  -> (artifact id: '13ef120f3cd8d7cc38440d2eb33163a9') in 0.025598 seconds
Number of updated asset objects reloaded before import = 0
Number of asset objects unloaded after import = 0
========================================================================
Received Import Request.
  Time since last request: 7.775119 seconds.
  path: Assets/Map5_Ruin/Tilemap/TileMap/Tile
  artifactKey: Guid(026e2b82c72fb4d4590c6016a79a7de6) Importer(815301076,1909f56bfc062723c751e8b465ee728b)
Start importing Assets/Map5_Ruin/Tilemap/TileMap/Tile using Guid(026e2b82c72fb4d4590c6016a79a7de6) Importer(815301076,1909f56bfc062723c751e8b465ee728b)  -> (artifact id: '66165e44c6f64fcc57986b197b5388e9') in 0.000697 seconds
Number of updated asset objects reloaded before import = 0
Number of asset objects unloaded after import = 0
========================================================================
Received Import Request.
  Time since last request: 176.457724 seconds.
  path: Assets/Map5_Ruin/Tilemap/TileMap/Tile/tile.png
  artifactKey: Guid(1a2933f0bee07c7448c4faf1ae333dbf) Importer(815301076,1909f56bfc062723c751e8b465ee728b)
Start importing Assets/Map5_Ruin/Tilemap/TileMap/Tile/tile.png using Guid(1a2933f0bee07c7448c4faf1ae333dbf) Importer(815301076,1909f56bfc062723c751e8b465ee728b)  -> (artifact id: '2d656886dfae248e4e90c932aff5e7d8') in 0.042605 seconds
Number of updated asset objects reloaded before import = 0
Number of asset objects unloaded after import = 2
========================================================================
Received Import Request.
  Time since last request: 15.977459 seconds.
  path: Assets/Map5_Ruin/Tilemap/TileMap/Tile/tile.png
  artifactKey: Guid(1a2933f0bee07c7448c4faf1ae333dbf) Importer(815301076,1909f56bfc062723c751e8b465ee728b)
Start importing Assets/Map5_Ruin/Tilemap/TileMap/Tile/tile.png using Guid(1a2933f0bee07c7448c4faf1ae333dbf) Importer(815301076,1909f56bfc062723c751e8b465ee728b)  -> (artifact id: 'e8fafaafbd3105c2f85954fac587ad96') in 0.005476 seconds
Number of updated asset objects reloaded before import = 0
Number of asset objects unloaded after import = 1
========================================================================
Received Import Request.
  Time since last request: 136.358545 seconds.
  path: Assets/Map5_Ruin/Tilemap/Decoration/decoration.png
  artifactKey: Guid(d6ab5711f5c24394fb874484be24d775) Importer(815301076,1909f56bfc062723c751e8b465ee728b)
Start importing Assets/Map5_Ruin/Tilemap/Decoration/decoration.png using Guid(d6ab5711f5c24394fb874484be24d775) Importer(815301076,1909f56bfc062723c751e8b465ee728b)  -> (artifact id: '1901838ce963b17fe694d0d037770d80') in 0.007997 seconds
Number of updated asset objects reloaded before import = 0
Number of asset objects unloaded after import = 2
========================================================================
Received Import Request.
  Time since last request: 377.061838 seconds.
  path: Assets/Map5_Ruin/Tilemap/Decoration/decoration-Photoroom.png
  artifactKey: Guid(50023f5e2d3f6894a97cafba4c1f531e) Importer(815301076,1909f56bfc062723c751e8b465ee728b)
Start importing Assets/Map5_Ruin/Tilemap/Decoration/decoration-Photoroom.png using Guid(50023f5e2d3f6894a97cafba4c1f531e) Importer(815301076,1909f56bfc062723c751e8b465ee728b)  -> (artifact id: 'dd6947c83dfe458bcf5faf9f75ef9d38') in 0.019743 seconds
Number of updated asset objects reloaded before import = 0
Number of asset objects unloaded after import = 2
========================================================================
Received Import Request.
  Time since last request: 7.604923 seconds.
  path: Assets/Map5_Ruin/Tilemap/Decoration/decoration-Photoroom.png
  artifactKey: Guid(50023f5e2d3f6894a97cafba4c1f531e) Importer(815301076,1909f56bfc062723c751e8b465ee728b)
Start importing Assets/Map5_Ruin/Tilemap/Decoration/decoration-Photoroom.png using Guid(50023f5e2d3f6894a97cafba4c1f531e) Importer(815301076,1909f56bfc062723c751e8b465ee728b)  -> (artifact id: 'dcc4333ff687aa7f69d2a7a5fdc8651f') in 0.005823 seconds
Number of updated asset objects reloaded before import = 0
Number of asset objects unloaded after import = 1
========================================================================
Received Import Request.
  Time since last request: 2.688531 seconds.
  path: Assets/Map5_Ruin/Tilemap/Decoration/decoration-Photoroom.png
  artifactKey: Guid(50023f5e2d3f6894a97cafba4c1f531e) Importer(815301076,1909f56bfc062723c751e8b465ee728b)
Start importing Assets/Map5_Ruin/Tilemap/Decoration/decoration-Photoroom.png using Guid(50023f5e2d3f6894a97cafba4c1f531e) Importer(815301076,1909f56bfc062723c751e8b465ee728b)  -> (artifact id: '132a0693b6c2e20a5ab524296fc1ab1f') in 0.003879 seconds
Number of updated asset objects reloaded before import = 0
Number of asset objects unloaded after import = 1
========================================================================
Received Import Request.
  Time since last request: 7.856474 seconds.
  path: Assets/Map5_Ruin/Tilemap/Decoration/decoration-Photoroom.png
  artifactKey: Guid(50023f5e2d3f6894a97cafba4c1f531e) Importer(815301076,1909f56bfc062723c751e8b465ee728b)
Start importing Assets/Map5_Ruin/Tilemap/Decoration/decoration-Photoroom.png using Guid(50023f5e2d3f6894a97cafba4c1f531e) Importer(815301076,1909f56bfc062723c751e8b465ee728b)  -> (artifact id: '4a24715d61d6cf34aaad7323ee7f4c7a') in 0.030527 seconds
Number of updated asset objects reloaded before import = 0
Number of asset objects unloaded after import = 60
========================================================================
Received Import Request.
  Time since last request: 25.282901 seconds.
  path: Assets/Map5_Ruin/Tilemap/TileMap/Tile/iE24tx.png
  artifactKey: Guid(1263442fe2514644bb0795b9b5ffd11d) Importer(815301076,1909f56bfc062723c751e8b465ee728b)
Start importing Assets/Map5_Ruin/Tilemap/TileMap/Tile/iE24tx.png using Guid(1263442fe2514644bb0795b9b5ffd11d) Importer(815301076,1909f56bfc062723c751e8b465ee728b)  -> (artifact id: '4edf1372ffd3a1c56f4319ebc1e21ac3') in 0.005341 seconds
Number of updated asset objects reloaded before import = 0
Number of asset objects unloaded after import = 2
========================================================================
Received Import Request.
  Time since last request: 5.638921 seconds.
  path: Assets/Map5_Ruin/Tilemap/TileMap/Tile/Tile.png
  artifactKey: Guid(1263442fe2514644bb0795b9b5ffd11d) Importer(815301076,1909f56bfc062723c751e8b465ee728b)
Start importing Assets/Map5_Ruin/Tilemap/TileMap/Tile/Tile.png using Guid(1263442fe2514644bb0795b9b5ffd11d) Importer(815301076,1909f56bfc062723c751e8b465ee728b)  -> (artifact id: '333479845bfc35a3178bba4ed72508e4') in 0.004100 seconds
Number of updated asset objects reloaded before import = 0
Number of asset objects unloaded after import = 2
========================================================================
Received Import Request.
  Time since last request: 6.935558 seconds.
  path: Assets/Map5_Ruin/Tilemap/TileMap/Tile/Tile.png
  artifactKey: Guid(1263442fe2514644bb0795b9b5ffd11d) Importer(815301076,1909f56bfc062723c751e8b465ee728b)
Start importing Assets/Map5_Ruin/Tilemap/TileMap/Tile/Tile.png using Guid(1263442fe2514644bb0795b9b5ffd11d) Importer(815301076,1909f56bfc062723c751e8b465ee728b)  -> (artifact id: '481fc58ca0b830075212f02713a40c52') in 0.013910 seconds
Number of updated asset objects reloaded before import = 0
Number of asset objects unloaded after import = 1
========================================================================
Received Import Request.
  Time since last request: 107.093361 seconds.
  path: Assets/Map5_Ruin/Tilemap/TileMap/Tile/Tile.png
  artifactKey: Guid(1263442fe2514644bb0795b9b5ffd11d) Importer(815301076,1909f56bfc062723c751e8b465ee728b)
Start importing Assets/Map5_Ruin/Tilemap/TileMap/Tile/Tile.png using Guid(1263442fe2514644bb0795b9b5ffd11d) Importer(815301076,1909f56bfc062723c751e8b465ee728b)  -> (artifact id: '416ed733f2971c49b17006592de8e28e') in 0.032991 seconds
Number of updated asset objects reloaded before import = 0
Number of asset objects unloaded after import = 111
========================================================================
Received Import Request.
  Time since last request: 80.305878 seconds.
  path: Assets/Map5_Ruin/Tilemap/TileMap/Tile/Map5.prefab
  artifactKey: Guid(3a4a7ce4f3d781a498d64f3486604039) Importer(815301076,1909f56bfc062723c751e8b465ee728b)
Start importing Assets/Map5_Ruin/Tilemap/TileMap/Tile/Map5.prefab using Guid(3a4a7ce4f3d781a498d64f3486604039) Importer(815301076,1909f56bfc062723c751e8b465ee728b)  -> (artifact id: '3973aa2dc1860b984ea78759855a4f32') in 0.042378 seconds
Number of updated asset objects reloaded before import = 0
Number of asset objects unloaded after import = 9
========================================================================
Received Import Request.
  Time since last request: 19.752053 seconds.
  path: Assets/Map5_Ruin/Tilemap/TileMap/Tile/Map5.prefab
  artifactKey: Guid(3a4a7ce4f3d781a498d64f3486604039) Importer(815301076,1909f56bfc062723c751e8b465ee728b)
Start importing Assets/Map5_Ruin/Tilemap/TileMap/Tile/Map5.prefab using Guid(3a4a7ce4f3d781a498d64f3486604039) Importer(815301076,1909f56bfc062723c751e8b465ee728b)  -> (artifact id: '3649ae30ea850b150318d8961c28e6cb') in 0.011861 seconds
Number of updated asset objects reloaded before import = 0
Number of asset objects unloaded after import = 9
========================================================================
Received Import Request.
  Time since last request: 2.787511 seconds.
  path: Assets/Map5_Ruin/Tilemap/TileMap/Tile/Map5/Tile_0.asset
  artifactKey: Guid(b64703a2a28600a40b810a7c8f773fa0) Importer(815301076,1909f56bfc062723c751e8b465ee728b)
Start importing Assets/Map5_Ruin/Tilemap/TileMap/Tile/Map5/Tile_0.asset using Guid(b64703a2a28600a40b810a7c8f773fa0) Importer(815301076,1909f56bfc062723c751e8b465ee728b)  -> (artifact id: '10873f4e799db105cc6614483d116136') in 0.068280 seconds
Number of updated asset objects reloaded before import = 0
Number of asset objects unloaded after import = 2
========================================================================
Received Import Request.
  Time since last request: 0.000132 seconds.
  path: Assets/Map5_Ruin/Tilemap/TileMap/Tile/Map5/Tile_18.asset
  artifactKey: Guid(4a74011c71c857d4189f6b04b29eb560) Importer(815301076,1909f56bfc062723c751e8b465ee728b)
Start importing Assets/Map5_Ruin/Tilemap/TileMap/Tile/Map5/Tile_18.asset using Guid(4a74011c71c857d4189f6b04b29eb560) Importer(815301076,1909f56bfc062723c751e8b465ee728b)  -> (artifact id: '8fc394fac54674ab5fb0a2c5ecd78234') in 0.001381 seconds
Number of updated asset objects reloaded before import = 0
Number of asset objects unloaded after import = 2
========================================================================
Received Import Request.
  Time since last request: 0.000029 seconds.
  path: Assets/Map5_Ruin/Tilemap/TileMap/Tile/Map5/Tile_8.asset
  artifactKey: Guid(fc44a305a193725418951d4e3721a50e) Importer(815301076,1909f56bfc062723c751e8b465ee728b)
Start importing Assets/Map5_Ruin/Tilemap/TileMap/Tile/Map5/Tile_8.asset using Guid(fc44a305a193725418951d4e3721a50e) Importer(815301076,1909f56bfc062723c751e8b465ee728b)  -> (artifact id: '7e860721484f3346dec8f9d763546c1f') in 0.001386 seconds
Number of updated asset objects reloaded before import = 0
Number of asset objects unloaded after import = 2
========================================================================
Received Import Request.
  Time since last request: 0.000017 seconds.
  path: Assets/Map5_Ruin/Tilemap/TileMap/Tile/Map5/Tile_21.asset
  artifactKey: Guid(9edc1fece0303b6438af0281b42746d9) Importer(815301076,1909f56bfc062723c751e8b465ee728b)
Start importing Assets/Map5_Ruin/Tilemap/TileMap/Tile/Map5/Tile_21.asset using Guid(9edc1fece0303b6438af0281b42746d9) Importer(815301076,1909f56bfc062723c751e8b465ee728b)  -> (artifact id: 'bd4c78ad4ee15dc3e4f629db04ee5bba') in 0.002757 seconds
Number of updated asset objects reloaded before import = 0
Number of asset objects unloaded after import = 2
========================================================================
Received Import Request.
  Time since last request: 0.000021 seconds.
  path: Assets/Map5_Ruin/Tilemap/TileMap/Tile/Map5/Tile_9.asset
  artifactKey: Guid(0b2c35d746086a346ae22808bbd3a3f1) Importer(815301076,1909f56bfc062723c751e8b465ee728b)
Start importing Assets/Map5_Ruin/Tilemap/TileMap/Tile/Map5/Tile_9.asset using Guid(0b2c35d746086a346ae22808bbd3a3f1) Importer(815301076,1909f56bfc062723c751e8b465ee728b)  -> (artifact id: '6ec219e01a7e5b1fffee53c258db9814') in 0.003815 seconds
Number of updated asset objects reloaded before import = 0
Number of asset objects unloaded after import = 2
========================================================================
Received Import Request.
  Time since last request: 0.000028 seconds.
  path: Assets/Map5_Ruin/Tilemap/TileMap/Tile/Map5/Tile_15.asset
  artifactKey: Guid(8e98b0635ad9f2c418b385e166d633f6) Importer(815301076,1909f56bfc062723c751e8b465ee728b)
Start importing Assets/Map5_Ruin/Tilemap/TileMap/Tile/Map5/Tile_15.asset using Guid(8e98b0635ad9f2c418b385e166d633f6) Importer(815301076,1909f56bfc062723c751e8b465ee728b)  -> (artifact id: 'da3f11b17bbf5528fe6c21bf3d5d65b1') in 0.001634 seconds
Number of updated asset objects reloaded before import = 0
Number of asset objects unloaded after import = 2
========================================================================
Received Import Request.
  Time since last request: 0.000019 seconds.
  path: Assets/Map5_Ruin/Tilemap/TileMap/Tile/Map5/Tile_2.asset
  artifactKey: Guid(523d83f41049f684eb651c7924c8bd0f) Importer(815301076,1909f56bfc062723c751e8b465ee728b)
Start importing Assets/Map5_Ruin/Tilemap/TileMap/Tile/Map5/Tile_2.asset using Guid(523d83f41049f684eb651c7924c8bd0f) Importer(815301076,1909f56bfc062723c751e8b465ee728b)  -> (artifact id: 'c34d9dfc553118a9c8476c7a6f997486') in 0.001717 seconds
Number of updated asset objects reloaded before import = 0
Number of asset objects unloaded after import = 2
========================================================================
Received Import Request.
  Time since last request: 0.000021 seconds.
  path: Assets/Map5_Ruin/Tilemap/TileMap/Tile/Map5/Tile_24.asset
  artifactKey: Guid(6bda57b757d41b44ab4b0d459ccdd168) Importer(815301076,1909f56bfc062723c751e8b465ee728b)
Start importing Assets/Map5_Ruin/Tilemap/TileMap/Tile/Map5/Tile_24.asset using Guid(6bda57b757d41b44ab4b0d459ccdd168) Importer(815301076,1909f56bfc062723c751e8b465ee728b)  -> (artifact id: '778eb77162b92da897c8fa61ae499018') in 0.001534 seconds
Number of updated asset objects reloaded before import = 0
Number of asset objects unloaded after import = 2
========================================================================
Received Import Request.
  Time since last request: 0.000023 seconds.
  path: Assets/Map5_Ruin/Tilemap/TileMap/Tile/Map5/Tile_25.asset
  artifactKey: Guid(408b0187f8882124b88b00c790804aaf) Importer(815301076,1909f56bfc062723c751e8b465ee728b)
Start importing Assets/Map5_Ruin/Tilemap/TileMap/Tile/Map5/Tile_25.asset using Guid(408b0187f8882124b88b00c790804aaf) Importer(815301076,1909f56bfc062723c751e8b465ee728b)  -> (artifact id: '9bb5f0b836b8a53128744721c1d4cf53') in 0.002578 seconds
Number of updated asset objects reloaded before import = 0
Number of asset objects unloaded after import = 2
========================================================================
Received Import Request.
  Time since last request: 0.000022 seconds.
  path: Assets/Map5_Ruin/Tilemap/TileMap/Tile/Map5/Tile_13.asset
  artifactKey: Guid(dcdb4173f800c2e43a608859db6535c6) Importer(815301076,1909f56bfc062723c751e8b465ee728b)
Start importing Assets/Map5_Ruin/Tilemap/TileMap/Tile/Map5/Tile_13.asset using Guid(dcdb4173f800c2e43a608859db6535c6) Importer(815301076,1909f56bfc062723c751e8b465ee728b)  -> (artifact id: '47838ed4fbe4b339990e6cd5dbf04b8c') in 0.001580 seconds
Number of updated asset objects reloaded before import = 0
Number of asset objects unloaded after import = 2
========================================================================
Received Import Request.
  Time since last request: 0.000023 seconds.
  path: Assets/Map5_Ruin/Tilemap/TileMap/Tile/Map5/Tile_20.asset
  artifactKey: Guid(7034003470a233f4694071c8eb004387) Importer(815301076,1909f56bfc062723c751e8b465ee728b)
Start importing Assets/Map5_Ruin/Tilemap/TileMap/Tile/Map5/Tile_20.asset using Guid(7034003470a233f4694071c8eb004387) Importer(815301076,1909f56bfc062723c751e8b465ee728b)  -> (artifact id: '4f0c20beb9f589ba69c3b82ea6c4a921') in 0.001345 seconds
Number of updated asset objects reloaded before import = 0
Number of asset objects unloaded after import = 2
========================================================================
Received Import Request.
  Time since last request: 0.000023 seconds.
  path: Assets/Map5_Ruin/Tilemap/TileMap/Tile/Map5/Tile_4.asset
  artifactKey: Guid(35d36cd79721e664eaf21945f7578652) Importer(815301076,1909f56bfc062723c751e8b465ee728b)
Start importing Assets/Map5_Ruin/Tilemap/TileMap/Tile/Map5/Tile_4.asset using Guid(35d36cd79721e664eaf21945f7578652) Importer(815301076,1909f56bfc062723c751e8b465ee728b)  -> (artifact id: '8dc1ca7fa631826c12bc28f3fa046a92') in 0.001965 seconds
Number of updated asset objects reloaded before import = 0
Number of asset objects unloaded after import = 2
========================================================================
Received Import Request.
  Time since last request: 0.000035 seconds.
  path: Assets/Map5_Ruin/Tilemap/TileMap/Tile/Map5/Tile_12.asset
  artifactKey: Guid(7ebadf4ed3636c44fb87695a34a4ca45) Importer(815301076,1909f56bfc062723c751e8b465ee728b)
Start importing Assets/Map5_Ruin/Tilemap/TileMap/Tile/Map5/Tile_12.asset using Guid(7ebadf4ed3636c44fb87695a34a4ca45) Importer(815301076,1909f56bfc062723c751e8b465ee728b)  -> (artifact id: '7301c2975245014bd78762beadb83ba7') in 0.002380 seconds
Number of updated asset objects reloaded before import = 0
Number of asset objects unloaded after import = 2
========================================================================
Received Import Request.
  Time since last request: 0.000018 seconds.
  path: Assets/Map5_Ruin/Tilemap/TileMap/Tile/Map5/Tile_17.asset
  artifactKey: Guid(4662619e777827f4b9d48c71a50033e8) Importer(815301076,1909f56bfc062723c751e8b465ee728b)
Start importing Assets/Map5_Ruin/Tilemap/TileMap/Tile/Map5/Tile_17.asset using Guid(4662619e777827f4b9d48c71a50033e8) Importer(815301076,1909f56bfc062723c751e8b465ee728b)  -> (artifact id: 'dc338a5370d11840b25f375d9254c330') in 0.001755 seconds
Number of updated asset objects reloaded before import = 0
Number of asset objects unloaded after import = 2
========================================================================
Received Import Request.
  Time since last request: 0.000017 seconds.
  path: Assets/Map5_Ruin/Tilemap/TileMap/Tile/Map5/Tile_6.asset
  artifactKey: Guid(f96f9fcfc9ce32d459011906a3e952c2) Importer(815301076,1909f56bfc062723c751e8b465ee728b)
Start importing Assets/Map5_Ruin/Tilemap/TileMap/Tile/Map5/Tile_6.asset using Guid(f96f9fcfc9ce32d459011906a3e952c2) Importer(815301076,1909f56bfc062723c751e8b465ee728b)  -> (artifact id: '3576bba8495530fbc4db47c3d9ad7a9e') in 0.002364 seconds
Number of updated asset objects reloaded before import = 0
Number of asset objects unloaded after import = 2
========================================================================
Received Import Request.
  Time since last request: 0.000022 seconds.
  path: Assets/Map5_Ruin/Tilemap/TileMap/Tile/Map5/Tile_28.asset
  artifactKey: Guid(8ef87dbac7ed3af47899faaeef8e1022) Importer(815301076,1909f56bfc062723c751e8b465ee728b)
Start importing Assets/Map5_Ruin/Tilemap/TileMap/Tile/Map5/Tile_28.asset using Guid(8ef87dbac7ed3af47899faaeef8e1022) Importer(815301076,1909f56bfc062723c751e8b465ee728b)  -> (artifact id: '7014f60b163a5f49d7c81586f44bcbaa') in 0.002457 seconds
Number of updated asset objects reloaded before import = 0
Number of asset objects unloaded after import = 2
========================================================================
Received Import Request.
  Time since last request: 0.000020 seconds.
  path: Assets/Map5_Ruin/Tilemap/TileMap/Tile/Map5/Tile_3.asset
  artifactKey: Guid(e6aea3e21c593fd489f15a0bf54e0ebd) Importer(815301076,1909f56bfc062723c751e8b465ee728b)
Start importing Assets/Map5_Ruin/Tilemap/TileMap/Tile/Map5/Tile_3.asset using Guid(e6aea3e21c593fd489f15a0bf54e0ebd) Importer(815301076,1909f56bfc062723c751e8b465ee728b)  -> (artifact id: '73a7661522ce152b78563d5bca81576f') in 0.003134 seconds
Number of updated asset objects reloaded before import = 0
Number of asset objects unloaded after import = 2
========================================================================
Received Import Request.
  Time since last request: 0.000018 seconds.
  path: Assets/Map5_Ruin/Tilemap/TileMap/Tile/Map5/Tile_26.asset
  artifactKey: Guid(1d361689634003b41a9f018a097ccef8) Importer(815301076,1909f56bfc062723c751e8b465ee728b)
Start importing Assets/Map5_Ruin/Tilemap/TileMap/Tile/Map5/Tile_26.asset using Guid(1d361689634003b41a9f018a097ccef8) Importer(815301076,1909f56bfc062723c751e8b465ee728b)  -> (artifact id: 'ac6138a9db1d248223aa246148499705') in 0.002033 seconds
Number of updated asset objects reloaded before import = 0
Number of asset objects unloaded after import = 2
========================================================================
Received Import Request.
  Time since last request: 73.292956 seconds.
  path: Assets/Map5_Ruin/Tilemap/TileMap/Tile/iE24tx-Photoroom.png
  artifactKey: Guid(bec1d411f6574b84c969c83f0970cf75) Importer(815301076,1909f56bfc062723c751e8b465ee728b)
Start importing Assets/Map5_Ruin/Tilemap/TileMap/Tile/iE24tx-Photoroom.png using Guid(bec1d411f6574b84c969c83f0970cf75) Importer(815301076,1909f56bfc062723c751e8b465ee728b)  -> (artifact id: '3d37539cbb4404863dbd03f880c57759') in 0.016262 seconds
Number of updated asset objects reloaded before import = 0
Number of asset objects unloaded after import = 2
========================================================================
Received Import Request.
  Time since last request: 3.423392 seconds.
  path: Assets/Map5_Ruin/Tilemap/TileMap/Tile/TTile.png
  artifactKey: Guid(bec1d411f6574b84c969c83f0970cf75) Importer(815301076,1909f56bfc062723c751e8b465ee728b)
Start importing Assets/Map5_Ruin/Tilemap/TileMap/Tile/TTile.png using Guid(bec1d411f6574b84c969c83f0970cf75) Importer(815301076,1909f56bfc062723c751e8b465ee728b)  -> (artifact id: '0bebafb46824d157f7353c6b63aa641f') in 0.004277 seconds
Number of updated asset objects reloaded before import = 0
Number of asset objects unloaded after import = 2
========================================================================
Received Import Request.
  Time since last request: 4.105517 seconds.
  path: Assets/Map5_Ruin/Tilemap/TileMap/Tile/Tile.png
  artifactKey: Guid(bec1d411f6574b84c969c83f0970cf75) Importer(815301076,1909f56bfc062723c751e8b465ee728b)
Start importing Assets/Map5_Ruin/Tilemap/TileMap/Tile/Tile.png using Guid(bec1d411f6574b84c969c83f0970cf75) Importer(815301076,1909f56bfc062723c751e8b465ee728b)  -> (artifact id: 'b26f11b72d1f19d87f6dd858e9e65ea0') in 0.003253 seconds
Number of updated asset objects reloaded before import = 0
Number of asset objects unloaded after import = 2
========================================================================
Received Import Request.
  Time since last request: 9.197490 seconds.
  path: Assets/Map5_Ruin/Tilemap/TileMap/Tile/Tile.png
  artifactKey: Guid(bec1d411f6574b84c969c83f0970cf75) Importer(815301076,1909f56bfc062723c751e8b465ee728b)
Start importing Assets/Map5_Ruin/Tilemap/TileMap/Tile/Tile.png using Guid(bec1d411f6574b84c969c83f0970cf75) Importer(815301076,1909f56bfc062723c751e8b465ee728b)  -> (artifact id: 'e89ca83ee99daea91c23b7a091880c22') in 0.004793 seconds
Number of updated asset objects reloaded before import = 0
Number of asset objects unloaded after import = 1
========================================================================
Received Import Request.
  Time since last request: 9.187876 seconds.
  path: Assets/Map5_Ruin/Tilemap/TileMap/Tile/Tile.png
  artifactKey: Guid(bec1d411f6574b84c969c83f0970cf75) Importer(815301076,1909f56bfc062723c751e8b465ee728b)
Start importing Assets/Map5_Ruin/Tilemap/TileMap/Tile/Tile.png using Guid(bec1d411f6574b84c969c83f0970cf75) Importer(815301076,1909f56bfc062723c751e8b465ee728b)  -> (artifact id: '626507d9d03891d35ddd812337f1b381') in 0.029538 seconds
Number of updated asset objects reloaded before import = 0
Number of asset objects unloaded after import = 111
========================================================================
Received Import Request.
  Time since last request: 19.764710 seconds.
  path: Assets/Map5_Ruin/Tilemap/TileMap/Tile/Ruin.prefab
  artifactKey: Guid(d262a12edeedbde4699b9bf7b153d44c) Importer(815301076,1909f56bfc062723c751e8b465ee728b)
Start importing Assets/Map5_Ruin/Tilemap/TileMap/Tile/Ruin.prefab using Guid(d262a12edeedbde4699b9bf7b153d44c) Importer(815301076,1909f56bfc062723c751e8b465ee728b)  -> (artifact id: '85ce34b208cead763db883e93a66b6f2') in 0.004623 seconds
Number of updated asset objects reloaded before import = 0
Number of asset objects unloaded after import = 9
========================================================================
Received Import Request.
  Time since last request: 16.522452 seconds.
  path: Assets/Map5_Ruin/Tilemap/TileMap/Tile/Ruin.prefab
  artifactKey: Guid(d262a12edeedbde4699b9bf7b153d44c) Importer(815301076,1909f56bfc062723c751e8b465ee728b)
Start importing Assets/Map5_Ruin/Tilemap/TileMap/Tile/Ruin.prefab using Guid(d262a12edeedbde4699b9bf7b153d44c) Importer(815301076,1909f56bfc062723c751e8b465ee728b)  -> (artifact id: '9a98c040735db005e92e6b92c6af99cb') in 0.004498 seconds
Number of updated asset objects reloaded before import = 0
Number of asset objects unloaded after import = 9
========================================================================
Received Import Request.
  Time since last request: 28.083672 seconds.
  path: Assets/Map5_Ruin/Tilemap/TileMap/Tile/Tile.png
  artifactKey: Guid(bec1d411f6574b84c969c83f0970cf75) Importer(815301076,1909f56bfc062723c751e8b465ee728b)
Start importing Assets/Map5_Ruin/Tilemap/TileMap/Tile/Tile.png using Guid(bec1d411f6574b84c969c83f0970cf75) Importer(815301076,1909f56bfc062723c751e8b465ee728b)  -> (artifact id: 'f14aa1019ef266a3de13250fc825e0b5') in 0.011098 seconds
Number of updated asset objects reloaded before import = 0
Number of asset objects unloaded after import = 111
========================================================================
Received Import Request.
  Time since last request: 28.822894 seconds.
  path: Assets/Map5_Ruin/Tilemap/TileMap/Tile/Tile.png
  artifactKey: Guid(bec1d411f6574b84c969c83f0970cf75) Importer(815301076,1909f56bfc062723c751e8b465ee728b)
Start importing Assets/Map5_Ruin/Tilemap/TileMap/Tile/Tile.png using Guid(bec1d411f6574b84c969c83f0970cf75) Importer(815301076,1909f56bfc062723c751e8b465ee728b)  -> (artifact id: 'd76e188955cb15646c869a05e96dd37a') in 0.014236 seconds
Number of updated asset objects reloaded before import = 0
Number of asset objects unloaded after import = 111
========================================================================
Received Import Request.
  Time since last request: 1020.937318 seconds.
  path: Assets/Map5_Ruin/Tilemap/TileMap/Tile/Ruin/Tile_0.asset
  artifactKey: Guid(ecd17513463672e40a7ea6055a3d5f65) Importer(815301076,1909f56bfc062723c751e8b465ee728b)
Start importing Assets/Map5_Ruin/Tilemap/TileMap/Tile/Ruin/Tile_0.asset using Guid(ecd17513463672e40a7ea6055a3d5f65) Importer(815301076,1909f56bfc062723c751e8b465ee728b)  -> (artifact id: 'f2c970684e2fb41b390933a57b83f84f') in 0.082119 seconds
Number of updated asset objects reloaded before import = 0
Number of asset objects unloaded after import = 1
========================================================================
Received Import Request.
  Time since last request: 0.000163 seconds.
  path: Assets/Map5_Ruin/Tilemap/TileMap/Tile/Ruin/Tile_23.asset
  artifactKey: Guid(f00ef759165aad041b35a87c054f2b49) Importer(815301076,1909f56bfc062723c751e8b465ee728b)
Start importing Assets/Map5_Ruin/Tilemap/TileMap/Tile/Ruin/Tile_23.asset using Guid(f00ef759165aad041b35a87c054f2b49) Importer(815301076,1909f56bfc062723c751e8b465ee728b)  -> (artifact id: '487b270ed42e9c5d197042311fe1a243') in 0.004607 seconds
Number of updated asset objects reloaded before import = 0
Number of asset objects unloaded after import = 1
========================================================================
Received Import Request.
  Time since last request: 0.000110 seconds.
  path: Assets/Map5_Ruin/Tilemap/TileMap/Tile/Ruin/Tile_18.asset
  artifactKey: Guid(4b6adbda7ed837b4dbda18e9ccb6c35f) Importer(815301076,1909f56bfc062723c751e8b465ee728b)
Start importing Assets/Map5_Ruin/Tilemap/TileMap/Tile/Ruin/Tile_18.asset using Guid(4b6adbda7ed837b4dbda18e9ccb6c35f) Importer(815301076,1909f56bfc062723c751e8b465ee728b)  -> (artifact id: 'e5189a9b30913df5843152cf35229df0') in 0.003581 seconds
Number of updated asset objects reloaded before import = 0
Number of asset objects unloaded after import = 1
========================================================================
Received Import Request.
  Time since last request: 0.000024 seconds.
  path: Assets/Map5_Ruin/Tilemap/TileMap/Tile/Ruin/Tile_13.asset
  artifactKey: Guid(8a045b1ed926abe429cc9a3b98be8c85) Importer(815301076,1909f56bfc062723c751e8b465ee728b)
Start importing Assets/Map5_Ruin/Tilemap/TileMap/Tile/Ruin/Tile_13.asset using Guid(8a045b1ed926abe429cc9a3b98be8c85) Importer(815301076,1909f56bfc062723c751e8b465ee728b)  -> (artifact id: '1cf57267ecc364a28c498bec2fd8ea05') in 0.002278 seconds
Number of updated asset objects reloaded before import = 0
Number of asset objects unloaded after import = 1
========================================================================
Received Import Request.
  Time since last request: 0.000018 seconds.
  path: Assets/Map5_Ruin/Tilemap/TileMap/Tile/Ruin/Tile_4.asset
  artifactKey: Guid(5dc66e1472d695743ab295ba709c33b9) Importer(815301076,1909f56bfc062723c751e8b465ee728b)
Start importing Assets/Map5_Ruin/Tilemap/TileMap/Tile/Ruin/Tile_4.asset using Guid(5dc66e1472d695743ab295ba709c33b9) Importer(815301076,1909f56bfc062723c751e8b465ee728b)  -> (artifact id: 'cbc4cb2ef80d93947c8daf991ba643dd') in 0.003362 seconds
Number of updated asset objects reloaded before import = 0
Number of asset objects unloaded after import = 1
========================================================================
Received Import Request.
  Time since last request: 0.000028 seconds.
  path: Assets/Map5_Ruin/Tilemap/TileMap/Tile/Ruin/Tile_24.asset
  artifactKey: Guid(32828d6bd8410d644955acfc95c7e2b9) Importer(815301076,1909f56bfc062723c751e8b465ee728b)
Start importing Assets/Map5_Ruin/Tilemap/TileMap/Tile/Ruin/Tile_24.asset using Guid(32828d6bd8410d644955acfc95c7e2b9) Importer(815301076,1909f56bfc062723c751e8b465ee728b)  -> (artifact id: '14dba279ec4a950f2bca817d076a4808') in 0.004660 seconds
Number of updated asset objects reloaded before import = 0
Number of asset objects unloaded after import = 1
========================================================================
Received Import Request.
  Time since last request: 0.000044 seconds.
  path: Assets/Map5_Ruin/Tilemap/TileMap/Tile/Ruin/Tile_19.asset
  artifactKey: Guid(4c43cff443d3a1e46a48a9ed2648dff0) Importer(815301076,1909f56bfc062723c751e8b465ee728b)
Start importing Assets/Map5_Ruin/Tilemap/TileMap/Tile/Ruin/Tile_19.asset using Guid(4c43cff443d3a1e46a48a9ed2648dff0) Importer(815301076,1909f56bfc062723c751e8b465ee728b)  -> (artifact id: '988c5efb6feca5178867a2c9888137e9') in 0.001822 seconds
Number of updated asset objects reloaded before import = 0
Number of asset objects unloaded after import = 1
========================================================================
Received Import Request.
  Time since last request: 0.000022 seconds.
  path: Assets/Map5_Ruin/Tilemap/TileMap/Tile/Ruin/Tile_7.asset
  artifactKey: Guid(02c27ccbc3b6fb247bfdc724a465395e) Importer(815301076,1909f56bfc062723c751e8b465ee728b)
Start importing Assets/Map5_Ruin/Tilemap/TileMap/Tile/Ruin/Tile_7.asset using Guid(02c27ccbc3b6fb247bfdc724a465395e) Importer(815301076,1909f56bfc062723c751e8b465ee728b)  -> (artifact id: 'c0d1ada9f69fb827c3ad3732e4f4050f') in 0.002552 seconds
Number of updated asset objects reloaded before import = 0
Number of asset objects unloaded after import = 1
========================================================================
Received Import Request.
  Time since last request: 0.000022 seconds.
  path: Assets/Map5_Ruin/Tilemap/TileMap/Tile/Ruin/Tile_15.asset
  artifactKey: Guid(0017fb56cbdea6344a7af036b26e8339) Importer(815301076,1909f56bfc062723c751e8b465ee728b)
Start importing Assets/Map5_Ruin/Tilemap/TileMap/Tile/Ruin/Tile_15.asset using Guid(0017fb56cbdea6344a7af036b26e8339) Importer(815301076,1909f56bfc062723c751e8b465ee728b)  -> (artifact id: 'a10cb25eb10494855382957eafd701f6') in 0.003472 seconds
Number of updated asset objects reloaded before import = 0
Number of asset objects unloaded after import = 1
========================================================================
Received Import Request.
  Time since last request: 0.000025 seconds.
  path: Assets/Map5_Ruin/Tilemap/TileMap/Tile/Ruin/Tile_26.asset
  artifactKey: Guid(8e35f0d53592bf74a977e3dafaa88695) Importer(815301076,1909f56bfc062723c751e8b465ee728b)
Start importing Assets/Map5_Ruin/Tilemap/TileMap/Tile/Ruin/Tile_26.asset using Guid(8e35f0d53592bf74a977e3dafaa88695) Importer(815301076,1909f56bfc062723c751e8b465ee728b)  -> (artifact id: 'e0df2e3f96d5e6c928dd12b1d53540a8') in 0.002821 seconds
Number of updated asset objects reloaded before import = 0
Number of asset objects unloaded after import = 1
========================================================================
Received Import Request.
  Time since last request: 0.000043 seconds.
  path: Assets/Map5_Ruin/Tilemap/TileMap/Tile/Ruin/Tile_16.asset
  artifactKey: Guid(c255c4fb97cbe2348a67bd182edf8819) Importer(815301076,1909f56bfc062723c751e8b465ee728b)
Start importing Assets/Map5_Ruin/Tilemap/TileMap/Tile/Ruin/Tile_16.asset using Guid(c255c4fb97cbe2348a67bd182edf8819) Importer(815301076,1909f56bfc062723c751e8b465ee728b)  -> (artifact id: 'b6460cc17cc75b7f5281d1c98563a257') in 0.001630 seconds
Number of updated asset objects reloaded before import = 0
Number of asset objects unloaded after import = 1
========================================================================
Received Import Request.
  Time since last request: 0.000038 seconds.
  path: Assets/Map5_Ruin/Tilemap/TileMap/Tile/Ruin/Tile_21.asset
  artifactKey: Guid(cb385bd04df0ed44ebf011cd55bead70) Importer(815301076,1909f56bfc062723c751e8b465ee728b)
Start importing Assets/Map5_Ruin/Tilemap/TileMap/Tile/Ruin/Tile_21.asset using Guid(cb385bd04df0ed44ebf011cd55bead70) Importer(815301076,1909f56bfc062723c751e8b465ee728b)  -> (artifact id: '903c163b613d4778c25fc680bb86737b') in 0.001854 seconds
Number of updated asset objects reloaded before import = 0
Number of asset objects unloaded after import = 1
========================================================================
Received Import Request.
  Time since last request: 0.000022 seconds.
  path: Assets/Map5_Ruin/Tilemap/TileMap/Tile/Ruin/Tile_12.asset
  artifactKey: Guid(018cc54984336ea428684a12d99a974a) Importer(815301076,1909f56bfc062723c751e8b465ee728b)
Start importing Assets/Map5_Ruin/Tilemap/TileMap/Tile/Ruin/Tile_12.asset using Guid(018cc54984336ea428684a12d99a974a) Importer(815301076,1909f56bfc062723c751e8b465ee728b)  -> (artifact id: '99dc0533814803c5950c033e95c5b10c') in 0.002936 seconds
Number of updated asset objects reloaded before import = 0
Number of asset objects unloaded after import = 1
========================================================================
Received Import Request.
  Time since last request: 0.000041 seconds.
  path: Assets/Map5_Ruin/Tilemap/TileMap/Tile/Ruin/Tile_10.asset
  artifactKey: Guid(67cfe0a95b1a5ad4fbc3a16e6e7a1be1) Importer(815301076,1909f56bfc062723c751e8b465ee728b)
Start importing Assets/Map5_Ruin/Tilemap/TileMap/Tile/Ruin/Tile_10.asset using Guid(67cfe0a95b1a5ad4fbc3a16e6e7a1be1) Importer(815301076,1909f56bfc062723c751e8b465ee728b)  -> (artifact id: '91d00f72b4c76fcfbbe528bb616444d4') in 0.001688 seconds
Number of updated asset objects reloaded before import = 0
Number of asset objects unloaded after import = 1
========================================================================
Received Import Request.
  Time since last request: 0.000018 seconds.
  path: Assets/Map5_Ruin/Tilemap/TileMap/Tile/Ruin/Tile_22.asset
  artifactKey: Guid(18b8e2bee13214b48b1b69521dd112ea) Importer(815301076,1909f56bfc062723c751e8b465ee728b)
Start importing Assets/Map5_Ruin/Tilemap/TileMap/Tile/Ruin/Tile_22.asset using Guid(18b8e2bee13214b48b1b69521dd112ea) Importer(815301076,1909f56bfc062723c751e8b465ee728b)  -> (artifact id: '629eb049d35f29beea9ec43fbf91112d') in 0.003007 seconds
Number of updated asset objects reloaded before import = 0
Number of asset objects unloaded after import = 1
========================================================================
Received Import Request.
  Time since last request: 0.000088 seconds.
  path: Assets/Map5_Ruin/Tilemap/TileMap/Tile/Ruin/Tile_27.asset
  artifactKey: Guid(86ffc64cdce6f2341b4f0d7a6c2d7848) Importer(815301076,1909f56bfc062723c751e8b465ee728b)
Start importing Assets/Map5_Ruin/Tilemap/TileMap/Tile/Ruin/Tile_27.asset using Guid(86ffc64cdce6f2341b4f0d7a6c2d7848) Importer(815301076,1909f56bfc062723c751e8b465ee728b)  -> (artifact id: '7a430b2cdace5dd2917ce7bc82f9eb28') in 0.002869 seconds
Number of updated asset objects reloaded before import = 0
Number of asset objects unloaded after import = 1
========================================================================
Received Import Request.
  Time since last request: 0.000021 seconds.
  path: Assets/Map5_Ruin/Tilemap/TileMap/Tile/Ruin/Tile_6.asset
  artifactKey: Guid(6749ae7b0ad123241a0777ba9ca56f40) Importer(815301076,1909f56bfc062723c751e8b465ee728b)
Start importing Assets/Map5_Ruin/Tilemap/TileMap/Tile/Ruin/Tile_6.asset using Guid(6749ae7b0ad123241a0777ba9ca56f40) Importer(815301076,1909f56bfc062723c751e8b465ee728b)  -> (artifact id: '0596ab9b2b22149ac39b660831825945') in 0.002635 seconds
Number of updated asset objects reloaded before import = 0
Number of asset objects unloaded after import = 1
========================================================================
Received Import Request.
  Time since last request: 0.000023 seconds.
  path: Assets/Map5_Ruin/Tilemap/TileMap/Tile/Ruin/Tile_11.asset
  artifactKey: Guid(4383f07d768da3e48851833b7d630dea) Importer(815301076,1909f56bfc062723c751e8b465ee728b)
Start importing Assets/Map5_Ruin/Tilemap/TileMap/Tile/Ruin/Tile_11.asset using Guid(4383f07d768da3e48851833b7d630dea) Importer(815301076,1909f56bfc062723c751e8b465ee728b)  -> (artifact id: '5178b29acc07e30208b17f7bf29537dc') in 0.002096 seconds
Number of updated asset objects reloaded before import = 0
Number of asset objects unloaded after import = 1
========================================================================
Received Import Request.
  Time since last request: 0.000036 seconds.
  path: Assets/Map5_Ruin/Tilemap/TileMap/Tile/Ruin/Tile_28.asset
  artifactKey: Guid(71b85a8e06dccd14f80ee455077f6fca) Importer(815301076,1909f56bfc062723c751e8b465ee728b)
Start importing Assets/Map5_Ruin/Tilemap/TileMap/Tile/Ruin/Tile_28.asset using Guid(71b85a8e06dccd14f80ee455077f6fca) Importer(815301076,1909f56bfc062723c751e8b465ee728b)  -> (artifact id: '19acfdcc5dd94e2ce544cfc8f9b4168a') in 0.001701 seconds
Number of updated asset objects reloaded before import = 0
Number of asset objects unloaded after import = 1
========================================================================
Received Import Request.
  Time since last request: 0.000019 seconds.
  path: Assets/Map5_Ruin/Tilemap/TileMap/Tile/Ruin/Tile_25.asset
  artifactKey: Guid(3fefa68c775915944a42e96a398b004c) Importer(815301076,1909f56bfc062723c751e8b465ee728b)
Start importing Assets/Map5_Ruin/Tilemap/TileMap/Tile/Ruin/Tile_25.asset using Guid(3fefa68c775915944a42e96a398b004c) Importer(815301076,1909f56bfc062723c751e8b465ee728b)  -> (artifact id: '29821c9f987fff0e30c4d918c6a61271') in 0.002547 seconds
Number of updated asset objects reloaded before import = 0
Number of asset objects unloaded after import = 1
========================================================================
Received Import Request.
  Time since last request: 0.000029 seconds.
  path: Assets/Map5_Ruin/Tilemap/TileMap/Tile/Ruin/Tile_14.asset
  artifactKey: Guid(a9955b12bb7c5314e922a5098e8c45d0) Importer(815301076,1909f56bfc062723c751e8b465ee728b)
Start importing Assets/Map5_Ruin/Tilemap/TileMap/Tile/Ruin/Tile_14.asset using Guid(a9955b12bb7c5314e922a5098e8c45d0) Importer(815301076,1909f56bfc062723c751e8b465ee728b)  -> (artifact id: '6c2c5ed2542e147d4a45c9483184eb59') in 0.003762 seconds
Number of updated asset objects reloaded before import = 0
Number of asset objects unloaded after import = 1
========================================================================
Received Import Request.
  Time since last request: 0.000041 seconds.
  path: Assets/Map5_Ruin/Tilemap/TileMap/Tile/Ruin/Tile_17.asset
  artifactKey: Guid(30fd7016409880242bcbdef8397aff78) Importer(815301076,1909f56bfc062723c751e8b465ee728b)
Start importing Assets/Map5_Ruin/Tilemap/TileMap/Tile/Ruin/Tile_17.asset using Guid(30fd7016409880242bcbdef8397aff78) Importer(815301076,1909f56bfc062723c751e8b465ee728b)  -> (artifact id: '623a53071959b8e98af22475b9ea8ee1') in 0.019808 seconds
Number of updated asset objects reloaded before import = 0
Number of asset objects unloaded after import = 1
========================================================================
Received Import Request.
  Time since last request: 0.000180 seconds.
  path: Assets/Map5_Ruin/Tilemap/TileMap/Tile/Ruin/Tile_5.asset
  artifactKey: Guid(dd67a1493f141e844b2f3291c945d315) Importer(815301076,1909f56bfc062723c751e8b465ee728b)
Start importing Assets/Map5_Ruin/Tilemap/TileMap/Tile/Ruin/Tile_5.asset using Guid(dd67a1493f141e844b2f3291c945d315) Importer(815301076,1909f56bfc062723c751e8b465ee728b)  -> (artifact id: '22ad27009840e2bbeec6331f79f8a0ca') in 0.002427 seconds
Number of updated asset objects reloaded before import = 0
Number of asset objects unloaded after import = 1
========================================================================
Received Import Request.
  Time since last request: 0.000017 seconds.
  path: Assets/Map5_Ruin/Tilemap/TileMap/Tile/Ruin/Tile_20.asset
  artifactKey: Guid(1e365fe2e84c41f4292ddb406f199c7e) Importer(815301076,1909f56bfc062723c751e8b465ee728b)
Start importing Assets/Map5_Ruin/Tilemap/TileMap/Tile/Ruin/Tile_20.asset using Guid(1e365fe2e84c41f4292ddb406f199c7e) Importer(815301076,1909f56bfc062723c751e8b465ee728b)  -> (artifact id: 'dedef1f31b38b04d00092e2e10d58ed2') in 0.002361 seconds
Number of updated asset objects reloaded before import = 0
Number of asset objects unloaded after import = 1
========================================================================
Received Import Request.
  Time since last request: 0.000024 seconds.
  path: Assets/Map5_Ruin/Tilemap/TileMap/Tile/Ruin/Tile_8.asset
  artifactKey: Guid(581a5b3db1f18504dae862f853a5ce4d) Importer(815301076,1909f56bfc062723c751e8b465ee728b)
Start importing Assets/Map5_Ruin/Tilemap/TileMap/Tile/Ruin/Tile_8.asset using Guid(581a5b3db1f18504dae862f853a5ce4d) Importer(815301076,1909f56bfc062723c751e8b465ee728b)  -> (artifact id: 'b1a1b9d3cefcc7397dbb1759a1cd4478') in 0.002004 seconds
Number of updated asset objects reloaded before import = 0
Number of asset objects unloaded after import = 1
========================================================================
Received Import Request.
  Time since last request: 0.000035 seconds.
  path: Assets/Map5_Ruin/Tilemap/TileMap/Tile/Ruin/Tile_2.asset
  artifactKey: Guid(209c5ecc4575902458b9ea46a08093c2) Importer(815301076,1909f56bfc062723c751e8b465ee728b)
Start importing Assets/Map5_Ruin/Tilemap/TileMap/Tile/Ruin/Tile_2.asset using Guid(209c5ecc4575902458b9ea46a08093c2) Importer(815301076,1909f56bfc062723c751e8b465ee728b)  -> (artifact id: '951a3802bc80062b4d42b34404d5ffb8') in 0.002994 seconds
Number of updated asset objects reloaded before import = 0
Number of asset objects unloaded after import = 1
========================================================================
Received Import Request.
  Time since last request: 0.000025 seconds.
  path: Assets/Map5_Ruin/Tilemap/TileMap/Tile/Ruin/Tile_3.asset
  artifactKey: Guid(07b61e6cbaef57a408a34cfe8e9b5681) Importer(815301076,1909f56bfc062723c751e8b465ee728b)
Start importing Assets/Map5_Ruin/Tilemap/TileMap/Tile/Ruin/Tile_3.asset using Guid(07b61e6cbaef57a408a34cfe8e9b5681) Importer(815301076,1909f56bfc062723c751e8b465ee728b)  -> (artifact id: 'f8062dd078ad2acc795bafa6de655a36') in 0.002992 seconds
Number of updated asset objects reloaded before import = 0
Number of asset objects unloaded after import = 1
Editor requested this worker to shutdown with reason: Scaling down because of idle timeout
TcpMessagingSession - receive error: operation aborted. errorcode: 995, details: The I/O operation has been aborted because of either a thread exit or an application request.
AssetImportWorker is now disconnected from the server
Process exiting
Exiting without the bug reporter. Application will terminate with return code 0