Using pre-set license
Built from '2022.3/staging' branch; Version is '2022.3.3f1 (7cdc2969a641) revision 8182825'; Using compiler version '192829333'; Build Type 'Release'
OS: 'Windows 11  (10.0.26120) 64bit Core' Language: 'en' Physical Memory: 12083 MB
BatchMode: 1, IsHumanControllingUs: 0, StartBugReporterOnCrash: 0, Is64bit: 1, IsPro: 1

COMMAND LINE ARGUMENTS:
D:\Unity\2022.3.3f1\Editor\Unity.exe
-adb2
-batchMode
-noUpm
-name
AssetImportWorker0
-projectPath
D:/BaoDi/7/Game/The_Last_Vampire
-logFile
Logs/AssetImportWorker0.log
-srvPort
31184
Successfully changed project path to: D:/BaoDi/7/Game/The_Last_Vampire
D:/BaoDi/7/Game/The_Last_Vampire
[UnityMemory] Configuration Parameters - Can be set up in boot.config
    "memorysetup-bucket-allocator-granularity=16"
    "memorysetup-bucket-allocator-bucket-count=8"
    "memorysetup-bucket-allocator-block-size=33554432"
    "memorysetup-bucket-allocator-block-count=8"
    "memorysetup-main-allocator-block-size=16777216"
    "memorysetup-thread-allocator-block-size=16777216"
    "memorysetup-gfx-main-allocator-block-size=16777216"
    "memorysetup-gfx-thread-allocator-block-size=16777216"
    "memorysetup-cache-allocator-block-size=4194304"
    "memorysetup-typetree-allocator-block-size=2097152"
    "memorysetup-profiler-bucket-allocator-granularity=16"
    "memorysetup-profiler-bucket-allocator-bucket-count=8"
    "memorysetup-profiler-bucket-allocator-block-size=33554432"
    "memorysetup-profiler-bucket-allocator-block-count=8"
    "memorysetup-profiler-allocator-block-size=16777216"
    "memorysetup-profiler-editor-allocator-block-size=1048576"
    "memorysetup-temp-allocator-size-main=16777216"
    "memorysetup-job-temp-allocator-block-size=2097152"
    "memorysetup-job-temp-allocator-block-size-background=1048576"
    "memorysetup-job-temp-allocator-reduction-small-platforms=262144"
    "memorysetup-allocator-temp-initial-block-size-main=262144"
    "memorysetup-allocator-temp-initial-block-size-worker=262144"
    "memorysetup-temp-allocator-size-background-worker=32768"
    "memorysetup-temp-allocator-size-job-worker=262144"
    "memorysetup-temp-allocator-size-preload-manager=33554432"
    "memorysetup-temp-allocator-size-nav-mesh-worker=65536"
    "memorysetup-temp-allocator-size-audio-worker=65536"
    "memorysetup-temp-allocator-size-cloud-worker=32768"
    "memorysetup-temp-allocator-size-gi-baking-worker=262144"
    "memorysetup-temp-allocator-size-gfx=262144"
Player connection [1876] Host "[IP] 172.25.16.1 [Port] 0 [Flags] 2 [Guid] 3471873955 [EditorId] 3471873955 [Version] 1048832 [Id] WindowsEditor(7,DESKTOP-UUB2EGU) [Debug] 1 [PackageName] WindowsEditor [ProjectName] Editor" joined multi-casting on [225.0.0.222:54997]...

Player connection [1876] Host "[IP] 172.25.16.1 [Port] 0 [Flags] 2 [Guid] 3471873955 [EditorId] 3471873955 [Version] 1048832 [Id] WindowsEditor(7,DESKTOP-UUB2EGU) [Debug] 1 [PackageName] WindowsEditor [ProjectName] Editor" joined alternative multi-casting on [225.0.0.222:34997]...

Refreshing native plugins compatible for Editor in 98.05 ms, found 4 plugins.
Preloading 0 native plugins for Editor in 0.00 ms.
Initialize engine version: 2022.3.3f1 (7cdc2969a641)
[Subsystems] Discovering subsystems at path D:/Unity/2022.3.3f1/Editor/Data/Resources/UnitySubsystems
[Subsystems] Discovering subsystems at path D:/BaoDi/7/Game/The_Last_Vampire/Assets
GfxDevice: creating device client; threaded=0; jobified=0
Direct3D:
    Version:  Direct3D 11.0 [level 11.1]
    Renderer: Intel(R) UHD Graphics (ID=0x8a56)
    Vendor:   Intel
    VRAM:     6041 MB
    Driver:   27.20.100.9664
Initialize mono
Mono path[0] = 'D:/Unity/2022.3.3f1/Editor/Data/Managed'
Mono path[1] = 'D:/Unity/2022.3.3f1/Editor/Data/MonoBleedingEdge/lib/mono/unityjit-win32'
Mono config path = 'D:/Unity/2022.3.3f1/Editor/Data/MonoBleedingEdge/etc'
Using monoOptions --debugger-agent=transport=dt_socket,embedding=1,server=y,suspend=n,address=127.0.0.1:56044
Begin MonoManager ReloadAssembly
Registering precompiled unity dll's ...
Register platform support module: D:/Unity/2022.3.3f1/Editor/Data/PlaybackEngines/WindowsStandaloneSupport/UnityEditor.WindowsStandalone.Extensions.dll
Registered in 0.032253 seconds.
- Loaded All Assemblies, in  2.945 seconds
Native extension for WindowsStandalone target not found
Mono: successfully reloaded assembly
- Finished resetting the current domain, in  1.629 seconds
Domain Reload Profiling: 4577ms
	BeginReloadAssembly (1216ms)
		ExecutionOrderSort (0ms)
		DisableScriptedObjects (0ms)
		BackupInstance (0ms)
		ReleaseScriptingObjects (0ms)
		CreateAndSetChildDomain (3ms)
	RebuildCommonClasses (253ms)
	RebuildNativeTypeToScriptingClass (76ms)
	initialDomainReloadingComplete (274ms)
	LoadAllAssembliesAndSetupDomain (1125ms)
		LoadAssemblies (1212ms)
		RebuildTransferFunctionScriptingTraits (0ms)
		AnalyzeDomain (1121ms)
			TypeCache.Refresh (1116ms)
				TypeCache.ScanAssembly (1070ms)
			ScanForSourceGeneratedMonoScriptInfo (4ms)
			ResolveRequiredComponents (1ms)
	FinalizeReload (1633ms)
		ReleaseScriptCaches (0ms)
		RebuildScriptCaches (0ms)
		SetupLoadedEditorAssemblies (1348ms)
			LogAssemblyErrors (0ms)
			InitializePlatformSupportModulesInManaged (35ms)
			SetLoadedEditorAssemblies (35ms)
			RefreshPlugins (0ms)
			BeforeProcessingInitializeOnLoad (21ms)
			ProcessInitializeOnLoadAttributes (942ms)
			ProcessInitializeOnLoadMethodAttributes (312ms)
			AfterProcessingInitializeOnLoad (0ms)
			EditorAssembliesLoaded (3ms)
		ExecutionOrderSort2 (0ms)
		AwakeInstancesAfterBackupRestoration (0ms)
========================================================================
Worker process is ready to serve import requests
Begin MonoManager ReloadAssembly
Symbol file LoadedFromMemory doesn't match image D:\BaoDi\7\Game\The_Last_Vampire\Library\PackageCache\com.unity.visualscripting@1.8.0\Editor\VisualScripting.Core\Dependencies\YamlDotNet\Unity.VisualScripting.YamlDotNet.dll
Symbol file LoadedFromMemory doesn't match image D:\BaoDi\7\Game\The_Last_Vampire\Library\PackageCache\com.unity.visualscripting@1.8.0\Editor\VisualScripting.Core\Dependencies\DotNetZip\Unity.VisualScripting.IonicZip.dll
- Loaded All Assemblies, in  6.535 seconds
Refreshing native plugins compatible for Editor in 6.04 ms, found 4 plugins.
Native extension for WindowsStandalone target not found
Mono: successfully reloaded assembly
- Finished resetting the current domain, in  3.927 seconds
Domain Reload Profiling: 10449ms
	BeginReloadAssembly (1888ms)
		ExecutionOrderSort (0ms)
		DisableScriptedObjects (21ms)
		BackupInstance (0ms)
		ReleaseScriptingObjects (2ms)
		CreateAndSetChildDomain (170ms)
	RebuildCommonClasses (462ms)
	RebuildNativeTypeToScriptingClass (42ms)
	initialDomainReloadingComplete (545ms)
	LoadAllAssembliesAndSetupDomain (3584ms)
		LoadAssemblies (2816ms)
		RebuildTransferFunctionScriptingTraits (0ms)
		AnalyzeDomain (2146ms)
			TypeCache.Refresh (2048ms)
				TypeCache.ScanAssembly (2018ms)
			ScanForSourceGeneratedMonoScriptInfo (71ms)
			ResolveRequiredComponents (27ms)
	FinalizeReload (3928ms)
		ReleaseScriptCaches (0ms)
		RebuildScriptCaches (0ms)
		SetupLoadedEditorAssemblies (2137ms)
			LogAssemblyErrors (0ms)
			InitializePlatformSupportModulesInManaged (17ms)
			SetLoadedEditorAssemblies (20ms)
			RefreshPlugins (0ms)
			BeforeProcessingInitializeOnLoad (507ms)
			ProcessInitializeOnLoadAttributes (1528ms)
			ProcessInitializeOnLoadMethodAttributes (64ms)
			AfterProcessingInitializeOnLoad (2ms)
			EditorAssembliesLoaded (0ms)
		ExecutionOrderSort2 (0ms)
		AwakeInstancesAfterBackupRestoration (10ms)
Launched and connected shader compiler UnityShaderCompiler.exe after 0.52 seconds
Refreshing native plugins compatible for Editor in 7.15 ms, found 4 plugins.
Preloading 0 native plugins for Editor in 0.00 ms.
Unloading 7791 Unused Serialized files (Serialized files now loaded: 0)
Unloading 253 unused Assets / (14.7 MB). Loaded Objects now: 8127.
Memory consumption went from 326.7 MB to 312.1 MB.
Total: 14.100400 ms (FindLiveObjects: 0.965100 ms CreateObjectMapping: 0.896900 ms MarkObjects: 7.234500 ms  DeleteObjects: 5.002200 ms)

AssetImportParameters requested are different than current active one (requested -> active):
  custom:container-demuxer-ogg: 62fdf1f143b41e24485cea50d1cbac27 -> 
  custom:framework-win-MediaFoundation: 216162199b28c13a410421893ffa2e32 -> 
  custom:container-muxer-webm: aa71ff27fc2769a1b78a27578f13a17b -> 
  custom:video-decoder-webm-vp8: 9c59270c3fd7afecdb556c50c9e8de78 -> 
  custom:AudioImporter_EditorPlatform: d09bf68614088b80899f8185d706f6e7 -> 
  custom:audio-decoder-ogg-vorbis: bf7c407c2cedff20999df2af8eb42d56 -> 
  custom:audio-encoder-webm-vorbis: bf7c407c2cedff20999df2af8eb42d56 -> 
  custom:video-decoder-ogg-theora: a1e56fd34408186e4bbccfd4996cb3dc -> 
  custom:container-demuxer-webm: 4f35f7cbe854078d1ac9338744f61a02 -> 
  custom:video-encoder-webm-vp8: eb34c28f22e8b96e1ab97ce403110664 -> 
========================================================================
Received Import Request.
  Time since last request: 451774.647569 seconds.
  path: Assets/Item/BloodSkill.prefab
  artifactKey: Guid(0d36bc9fedc74f94f95f33c63bd4e39f) Importer(815301076,1909f56bfc062723c751e8b465ee728b)
Start importing Assets/Item/BloodSkill.prefab using Guid(0d36bc9fedc74f94f95f33c63bd4e39f) Importer(815301076,1909f56bfc062723c751e8b465ee728b)  -> (artifact id: '4fe2cb3ae4d44713c472e951b65203b0') in 0.820604 seconds
Number of updated asset objects reloaded before import = 0
Number of asset objects unloaded after import = 10
========================================================================
Received Import Request.
  Time since last request: 6.112617 seconds.
  path: Assets/Item/ghostblood 1.png
  artifactKey: Guid(39d343627ba9cef47af3b8863c2225a7) Importer(815301076,1909f56bfc062723c751e8b465ee728b)
Start importing Assets/Item/ghostblood 1.png using Guid(39d343627ba9cef47af3b8863c2225a7) Importer(815301076,1909f56bfc062723c751e8b465ee728b)  -> (artifact id: '2db2a29d9f872a39fb12c91aa31fd53f') in 2.320452 seconds
Number of updated asset objects reloaded before import = 0
Number of asset objects unloaded after import = 6
========================================================================
Received Import Request.
  Time since last request: 6.743062 seconds.
  path: Assets/Item/GhostBlood.prefab
  artifactKey: Guid(27ce08ae0cbf3774ba85fb990db9b093) Importer(815301076,1909f56bfc062723c751e8b465ee728b)
Start importing Assets/Item/GhostBlood.prefab using Guid(27ce08ae0cbf3774ba85fb990db9b093) Importer(815301076,1909f56bfc062723c751e8b465ee728b)  -> (artifact id: 'dd72ca508955c4e91c97cb763e24a6f8') in 0.058087 seconds
Number of updated asset objects reloaded before import = 0
Number of asset objects unloaded after import = 10
========================================================================
Received Import Request.
  Time since last request: 18.628305 seconds.
  path: Assets/Item/GhostBlood.prefab
  artifactKey: Guid(27ce08ae0cbf3774ba85fb990db9b093) Importer(815301076,1909f56bfc062723c751e8b465ee728b)
Start importing Assets/Item/GhostBlood.prefab using Guid(27ce08ae0cbf3774ba85fb990db9b093) Importer(815301076,1909f56bfc062723c751e8b465ee728b)  -> (artifact id: '36d219a0afc216e40b99d4e9566d0a66') in 0.243295 seconds
Number of updated asset objects reloaded before import = 0
Number of asset objects unloaded after import = 11
========================================================================
Received Import Request.
  Time since last request: 21.121224 seconds.
  path: Assets/SFX/AudioManager.prefab
  artifactKey: Guid(5e861fa27e7b5864d8d81ac554b3095d) Importer(815301076,1909f56bfc062723c751e8b465ee728b)
Start importing Assets/SFX/AudioManager.prefab using Guid(5e861fa27e7b5864d8d81ac554b3095d) Importer(815301076,1909f56bfc062723c751e8b465ee728b)  -> (artifact id: '66436b3d5f1f698e29f2056f5faaaf96') in 2.239478 seconds
Number of updated asset objects reloaded before import = 0
Number of asset objects unloaded after import = 51
========================================================================
Received Import Request.
  Time since last request: 1.280490 seconds.
  path: Assets/SFX/SFX/song mau.mp3
  artifactKey: Guid(9f7455a9848b7e44c8776e6591cf7119) Importer(815301076,1909f56bfc062723c751e8b465ee728b)
Start importing Assets/SFX/SFX/song mau.mp3 using Guid(9f7455a9848b7e44c8776e6591cf7119) Importer(815301076,1909f56bfc062723c751e8b465ee728b)  -> (artifact id: 'cbda4cab88db2e75be50baf959c58927') in 5.709196 seconds
Number of updated asset objects reloaded before import = 0
Number of asset objects unloaded after import = 2
========================================================================
Received Import Request.
  Time since last request: 0.048072 seconds.
  path: Assets/SFX/SFX/phan don.mp3
  artifactKey: Guid(09adbdc748234174eb9d31ecc0586fbd) Importer(815301076,1909f56bfc062723c751e8b465ee728b)
Start importing Assets/SFX/SFX/phan don.mp3 using Guid(09adbdc748234174eb9d31ecc0586fbd) Importer(815301076,1909f56bfc062723c751e8b465ee728b)  -> (artifact id: '122ca8130c579c189f01fa41d1762076') in 1.541044 seconds
Number of updated asset objects reloaded before import = 0
Number of asset objects unloaded after import = 2
========================================================================
Received Import Request.
  Time since last request: 0.049986 seconds.
  path: Assets/UI/Canvas.prefab
  artifactKey: Guid(4e3d1b4a9d8e5d24bb908fc9270845da) Importer(815301076,1909f56bfc062723c751e8b465ee728b)
Start importing Assets/UI/Canvas.prefab using Guid(4e3d1b4a9d8e5d24bb908fc9270845da) Importer(815301076,1909f56bfc062723c751e8b465ee728b)  -> (artifact id: '774175d5c761899f79ce3a8eaf6095f0') in 1.212978 seconds
Number of updated asset objects reloaded before import = 0
Number of asset objects unloaded after import = 160
========================================================================
Received Import Request.
  Time since last request: 0.000707 seconds.
  path: Assets/SFX/BGM/BGM_Menu.mp3
  artifactKey: Guid(3eb4ca0ada9073b4584d57b315500770) Importer(815301076,1909f56bfc062723c751e8b465ee728b)
Start importing Assets/SFX/BGM/BGM_Menu.mp3 using Guid(3eb4ca0ada9073b4584d57b315500770) Importer(815301076,1909f56bfc062723c751e8b465ee728b)  -> (artifact id: 'ece21d089bb15ef7e82922c7e36e1fca') in 0.077434 seconds
Number of updated asset objects reloaded before import = 0
Number of asset objects unloaded after import = 2
========================================================================
Received Import Request.
  Time since last request: 0.005738 seconds.
  path: Assets/SFX/SFX/Enemy4.mp3
  artifactKey: Guid(a567bc28c9ef0e7468543b622b33a674) Importer(815301076,1909f56bfc062723c751e8b465ee728b)
Start importing Assets/SFX/SFX/Enemy4.mp3 using Guid(a567bc28c9ef0e7468543b622b33a674) Importer(815301076,1909f56bfc062723c751e8b465ee728b)  -> (artifact id: 'ac74734b639868b7afca4771fcaf7690') in 0.052616 seconds
Number of updated asset objects reloaded before import = 0
Number of asset objects unloaded after import = 2
========================================================================
Received Import Request.
  Time since last request: 0.001996 seconds.
  path: Assets/SFX/SFX/Boss5 skill3.mp3
  artifactKey: Guid(08b99f2ceca179c4186474f9e9143e55) Importer(815301076,1909f56bfc062723c751e8b465ee728b)
Start importing Assets/SFX/SFX/Boss5 skill3.mp3 using Guid(08b99f2ceca179c4186474f9e9143e55) Importer(815301076,1909f56bfc062723c751e8b465ee728b)  -> (artifact id: '68b65a1ef5cebf944e5a58330c254c24') in 0.444432 seconds
Number of updated asset objects reloaded before import = 0
Number of asset objects unloaded after import = 2
========================================================================
Received Import Request.
  Time since last request: 0.167038 seconds.
  path: Assets/SFX/BGM/map2.mp3
  artifactKey: Guid(958b53b02a9639342a4359930828b125) Importer(815301076,1909f56bfc062723c751e8b465ee728b)
Start importing Assets/SFX/BGM/map2.mp3 using Guid(958b53b02a9639342a4359930828b125) Importer(815301076,1909f56bfc062723c751e8b465ee728b)  -> (artifact id: 'a8b89ee25a9023195f9bc1c999dad1bc') in 0.151885 seconds
Number of updated asset objects reloaded before import = 0
Number of asset objects unloaded after import = 2
========================================================================
Received Import Request.
  Time since last request: 0.014680 seconds.
  path: Assets/SFX/BGM/Map3.mp3
  artifactKey: Guid(562449744d37e5745ac9f6e62c267741) Importer(815301076,1909f56bfc062723c751e8b465ee728b)
Start importing Assets/SFX/BGM/Map3.mp3 using Guid(562449744d37e5745ac9f6e62c267741) Importer(815301076,1909f56bfc062723c751e8b465ee728b)  -> (artifact id: 'a85068b609683c4acfb5debf0782ffcb') in 1.209873 seconds
Number of updated asset objects reloaded before import = 0
Number of asset objects unloaded after import = 2
========================================================================
Received Import Request.
  Time since last request: 0.242791 seconds.
  path: Assets/SFX/SFX/Boss3 skill1.mp3
  artifactKey: Guid(b6acf739cabe71b4997d321a0ece2ef5) Importer(815301076,1909f56bfc062723c751e8b465ee728b)
Start importing Assets/SFX/SFX/Boss3 skill1.mp3 using Guid(b6acf739cabe71b4997d321a0ece2ef5) Importer(815301076,1909f56bfc062723c751e8b465ee728b)  -> (artifact id: '2e4edb0afc78a757c88914ac23420aaf') in 0.048280 seconds
Number of updated asset objects reloaded before import = 0
Number of asset objects unloaded after import = 2
========================================================================
Received Import Request.
  Time since last request: 0.023427 seconds.
  path: Assets/UI/GlowParticle.mat
  artifactKey: Guid(0a00a3fe0f8564a4380417c3b5292fd1) Importer(815301076,1909f56bfc062723c751e8b465ee728b)
Start importing Assets/UI/GlowParticle.mat using Guid(0a00a3fe0f8564a4380417c3b5292fd1) Importer(815301076,1909f56bfc062723c751e8b465ee728b)  -> (artifact id: '554448ff196e5e2da01f15dc2005901e') in 0.280685 seconds
Number of updated asset objects reloaded before import = 0
Number of asset objects unloaded after import = 2
========================================================================
Received Import Request.
  Time since last request: 0.003423 seconds.
  path: Assets/SFX/SFX/Collecting.wav
  artifactKey: Guid(5f0e6f037138bc14b96107a8d2e4fd19) Importer(815301076,1909f56bfc062723c751e8b465ee728b)
Start importing Assets/SFX/SFX/Collecting.wav using Guid(5f0e6f037138bc14b96107a8d2e4fd19) Importer(815301076,1909f56bfc062723c751e8b465ee728b)  -> (artifact id: '9b511b4b82967bb8488d1b76ecc03392') in 0.039692 seconds
Number of updated asset objects reloaded before import = 0
Number of asset objects unloaded after import = 2
========================================================================
Received Import Request.
  Time since last request: 0.002392 seconds.
  path: Assets/SFX/SFX/Boss4 skill2.mp3
  artifactKey: Guid(0a7d7eaefece1af428bb088cd0623b12) Importer(815301076,1909f56bfc062723c751e8b465ee728b)
Start importing Assets/SFX/SFX/Boss4 skill2.mp3 using Guid(0a7d7eaefece1af428bb088cd0623b12) Importer(815301076,1909f56bfc062723c751e8b465ee728b)  -> (artifact id: '186fc0683ab52b39cb60303eff081e85') in 0.415172 seconds
Number of updated asset objects reloaded before import = 0
Number of asset objects unloaded after import = 2
========================================================================
Received Import Request.
  Time since last request: 0.011667 seconds.
  path: Assets/UI/MapLoader.prefab
  artifactKey: Guid(33d31e7a7a070a640bc72f9987894e47) Importer(815301076,1909f56bfc062723c751e8b465ee728b)
Start importing Assets/UI/MapLoader.prefab using Guid(33d31e7a7a070a640bc72f9987894e47) Importer(815301076,1909f56bfc062723c751e8b465ee728b)  -> (artifact id: '165ad4ece5cca594db3ab60acd2004db') in 0.006236 seconds
Number of updated asset objects reloaded before import = 0
Number of asset objects unloaded after import = 24
========================================================================
Received Import Request.
  Time since last request: 0.000024 seconds.
  path: Assets/SFX/SFX/Boss5 skill1.mp3
  artifactKey: Guid(0e14b088fdc7e6a4a98df8a4c42db030) Importer(815301076,1909f56bfc062723c751e8b465ee728b)
Start importing Assets/SFX/SFX/Boss5 skill1.mp3 using Guid(0e14b088fdc7e6a4a98df8a4c42db030) Importer(815301076,1909f56bfc062723c751e8b465ee728b)  -> (artifact id: '40b459533f5c9ad6604526c895a5ea3a') in 0.264617 seconds
Number of updated asset objects reloaded before import = 0
Number of asset objects unloaded after import = 2
========================================================================
Received Import Request.
  Time since last request: 0.000750 seconds.
  path: Assets/SFX/BGM/map4.mp3
  artifactKey: Guid(42681482ccef2ca48bbe69b882d06258) Importer(815301076,1909f56bfc062723c751e8b465ee728b)
Start importing Assets/SFX/BGM/map4.mp3 using Guid(42681482ccef2ca48bbe69b882d06258) Importer(815301076,1909f56bfc062723c751e8b465ee728b)  -> (artifact id: 'b1d633a8b85e987436a10ba465716d33') in 0.024804 seconds
Number of updated asset objects reloaded before import = 0
Number of asset objects unloaded after import = 2
========================================================================
Received Import Request.
  Time since last request: 0.000655 seconds.
  path: Assets/SFX/SFX/Boss3 skill2.mp3
  artifactKey: Guid(5ef986a03f0012a47850b44f98d4cef4) Importer(815301076,1909f56bfc062723c751e8b465ee728b)
Start importing Assets/SFX/SFX/Boss3 skill2.mp3 using Guid(5ef986a03f0012a47850b44f98d4cef4) Importer(815301076,1909f56bfc062723c751e8b465ee728b)  -> (artifact id: 'bc76c3818888f7432e51d3b9b9c97565') in 0.025279 seconds
Number of updated asset objects reloaded before import = 0
Number of asset objects unloaded after import = 2
========================================================================
Received Import Request.
  Time since last request: 0.000274 seconds.
  path: Assets/SFX/SFX/wolf-attack 1.mp3
  artifactKey: Guid(cfb7bd227fc994a4588990bd5a5b473a) Importer(815301076,1909f56bfc062723c751e8b465ee728b)
Start importing Assets/SFX/SFX/wolf-attack 1.mp3 using Guid(cfb7bd227fc994a4588990bd5a5b473a) Importer(815301076,1909f56bfc062723c751e8b465ee728b)  -> (artifact id: '08458daf1b264404d56933684c60d4ec') in 0.049525 seconds
Number of updated asset objects reloaded before import = 0
Number of asset objects unloaded after import = 2
========================================================================
Received Import Request.
  Time since last request: 0.004439 seconds.
  path: Assets/SFX/SFX/Enemy2.mp3
  artifactKey: Guid(3aac7434aade0334483194eb2e3deb55) Importer(815301076,1909f56bfc062723c751e8b465ee728b)
Start importing Assets/SFX/SFX/Enemy2.mp3 using Guid(3aac7434aade0334483194eb2e3deb55) Importer(815301076,1909f56bfc062723c751e8b465ee728b)  -> (artifact id: '74a8b75cbd5065261ad44ac83855939a') in 0.032917 seconds
Number of updated asset objects reloaded before import = 0
Number of asset objects unloaded after import = 2
========================================================================
Received Import Request.
  Time since last request: 0.162131 seconds.
  path: Assets/SFX/SFX/Boss2 skill3 .mp3
  artifactKey: Guid(d122db8e07cddff4c8eb14a41414337d) Importer(815301076,1909f56bfc062723c751e8b465ee728b)
Start importing Assets/SFX/SFX/Boss2 skill3 .mp3 using Guid(d122db8e07cddff4c8eb14a41414337d) Importer(815301076,1909f56bfc062723c751e8b465ee728b)  -> (artifact id: 'be0f8e1a9fc3e4d63dbfafd12fce3c36') in 0.037228 seconds
Number of updated asset objects reloaded before import = 0
Number of asset objects unloaded after import = 2
========================================================================
Received Import Request.
  Time since last request: 0.003442 seconds.
  path: Assets/SFX/SFX/MouseEntering.wav
  artifactKey: Guid(bcd3d1909045d9a4dbf2308d1bc3d2cd) Importer(815301076,1909f56bfc062723c751e8b465ee728b)
Start importing Assets/SFX/SFX/MouseEntering.wav using Guid(bcd3d1909045d9a4dbf2308d1bc3d2cd) Importer(815301076,1909f56bfc062723c751e8b465ee728b)  -> (artifact id: '7679f10a811a1e5005ecb0019ce0972d') in 0.024871 seconds
Number of updated asset objects reloaded before import = 0
Number of asset objects unloaded after import = 2
========================================================================
Received Import Request.
  Time since last request: 0.000266 seconds.
  path: Assets/SFX/SFX/MouseClicking.wav
  artifactKey: Guid(0457cf103b8d4104fac00c32cc5dc254) Importer(815301076,1909f56bfc062723c751e8b465ee728b)
Start importing Assets/SFX/SFX/MouseClicking.wav using Guid(0457cf103b8d4104fac00c32cc5dc254) Importer(815301076,1909f56bfc062723c751e8b465ee728b)  -> (artifact id: '2a03957ce84864fc86af648a31193859') in 0.025841 seconds
Number of updated asset objects reloaded before import = 0
Number of asset objects unloaded after import = 2
========================================================================
Received Import Request.
  Time since last request: 0.044945 seconds.
  path: Assets/SFX/SFX/Melee1.mp3
  artifactKey: Guid(935b096c88c0faa4e93e299544fedc61) Importer(815301076,1909f56bfc062723c751e8b465ee728b)
Start importing Assets/SFX/SFX/Melee1.mp3 using Guid(935b096c88c0faa4e93e299544fedc61) Importer(815301076,1909f56bfc062723c751e8b465ee728b)  -> (artifact id: '088a85b58f9ff93f850a96584e16a76f') in 0.025943 seconds
Number of updated asset objects reloaded before import = 0
Number of asset objects unloaded after import = 2
========================================================================
Received Import Request.
  Time since last request: 0.002795 seconds.
  path: Assets/SFX/SFX/Boss5 skill2.mp3
  artifactKey: Guid(3a18c792d86552c4cb3e15ce6476ae0c) Importer(815301076,1909f56bfc062723c751e8b465ee728b)
Start importing Assets/SFX/SFX/Boss5 skill2.mp3 using Guid(3a18c792d86552c4cb3e15ce6476ae0c) Importer(815301076,1909f56bfc062723c751e8b465ee728b)  -> (artifact id: '41bd5840bd52bb9635c13245a41a3f44') in 0.027316 seconds
Number of updated asset objects reloaded before import = 0
Number of asset objects unloaded after import = 2
========================================================================
Received Import Request.
  Time since last request: 0.017569 seconds.
  path: Assets/UI/GlowParticle 1.png
  artifactKey: Guid(ddc86b7874299f8468a31563e71890ea) Importer(815301076,1909f56bfc062723c751e8b465ee728b)
Start importing Assets/UI/GlowParticle 1.png using Guid(ddc86b7874299f8468a31563e71890ea) Importer(815301076,1909f56bfc062723c751e8b465ee728b)  -> (artifact id: 'b458cbb150e6c11d3d9e43334609b6ee') in 0.048582 seconds
Number of updated asset objects reloaded before import = 0
Number of asset objects unloaded after import = 3
========================================================================
Received Import Request.
  Time since last request: 0.000474 seconds.
  path: Assets/SFX/SFX/Boss1 skill3.mp3
  artifactKey: Guid(0c8ad48ac65ad6a4daf1b2040dbeeff0) Importer(815301076,1909f56bfc062723c751e8b465ee728b)
Start importing Assets/SFX/SFX/Boss1 skill3.mp3 using Guid(0c8ad48ac65ad6a4daf1b2040dbeeff0) Importer(815301076,1909f56bfc062723c751e8b465ee728b)  -> (artifact id: 'fc744fae7dadfe5c985966666b43f6fd') in 0.046349 seconds
Number of updated asset objects reloaded before import = 0
Number of asset objects unloaded after import = 2
========================================================================
Received Import Request.
  Time since last request: 0.004784 seconds.
  path: Assets/UI/Button.prefab
  artifactKey: Guid(97fa8b7cf4cc63b4c81fe27223cfbfb8) Importer(815301076,1909f56bfc062723c751e8b465ee728b)
Start importing Assets/UI/Button.prefab using Guid(97fa8b7cf4cc63b4c81fe27223cfbfb8) Importer(815301076,1909f56bfc062723c751e8b465ee728b)  -> (artifact id: '58f9bf0a1c8d612578fd97cb34a2ba2b') in 0.035526 seconds
Number of updated asset objects reloaded before import = 0
Number of asset objects unloaded after import = 16
========================================================================
Received Import Request.
  Time since last request: 5.220682 seconds.
  path: Assets/Item/Animation
  artifactKey: Guid(6da26ee5d1651a0419ca54a561668742) Importer(815301076,1909f56bfc062723c751e8b465ee728b)
Start importing Assets/Item/Animation using Guid(6da26ee5d1651a0419ca54a561668742) Importer(815301076,1909f56bfc062723c751e8b465ee728b)  -> (artifact id: '949f31f7a75f953a32fa9ecf64e01759') in 0.001997 seconds
Number of updated asset objects reloaded before import = 0
Number of asset objects unloaded after import = 0
========================================================================
Received Import Request.
  Time since last request: 51.130850 seconds.
  path: Assets/Item/Animation/GhostBloodAnimator.controller
  artifactKey: Guid(9dd00cc9e5534934589046c0abbd81d4) Importer(815301076,1909f56bfc062723c751e8b465ee728b)
Start importing Assets/Item/Animation/GhostBloodAnimator.controller using Guid(9dd00cc9e5534934589046c0abbd81d4) Importer(815301076,1909f56bfc062723c751e8b465ee728b)  -> (artifact id: 'f5f3c8a96b18fe3ea6455bfe74e75384') in 0.013532 seconds
Number of updated asset objects reloaded before import = 0
Number of asset objects unloaded after import = 1
========================================================================
Received Import Request.
  Time since last request: 20.195934 seconds.
  path: Assets/Item/Idle.anim
  artifactKey: Guid(7ee4b116dc93eef449052482992cd9bb) Importer(815301076,1909f56bfc062723c751e8b465ee728b)
Start importing Assets/Item/Idle.anim using Guid(7ee4b116dc93eef449052482992cd9bb) Importer(815301076,1909f56bfc062723c751e8b465ee728b)  -> (artifact id: '034c607a119e84f84b90b060e4f8e1f7') in 0.002676 seconds
Number of updated asset objects reloaded before import = 0
Number of asset objects unloaded after import = 1
========================================================================
Received Import Request.
  Time since last request: 34.696480 seconds.
  path: Assets/Item/GhostBlood.prefab
  artifactKey: Guid(27ce08ae0cbf3774ba85fb990db9b093) Importer(815301076,1909f56bfc062723c751e8b465ee728b)
Start importing Assets/Item/GhostBlood.prefab using Guid(27ce08ae0cbf3774ba85fb990db9b093) Importer(815301076,1909f56bfc062723c751e8b465ee728b) The Animator Controller (GhostBloodAnimator) you have used is not valid. Animations will not play
UnityEngine.StackTraceUtility:ExtractStackTrace ()
UnityEditor.EditorUtility:Internal_InstantiateRemoveAllNonAnimationComponentsSingle (UnityEngine.Object,UnityEngine.Vector3,UnityEngine.Quaternion)
UnityEditor.EditorUtility:InstantiateRemoveAllNonAnimationComponents (UnityEngine.Object,UnityEngine.Vector3,UnityEngine.Quaternion)
UnityEditor.EditorUtility:InstantiateForAnimatorPreview (UnityEngine.Object)
UnityEditor.GameObjectInspector/PreviewData:UpdateGameObject (UnityEngine.Object)
UnityEditor.GameObjectInspector/PreviewData:.ctor (UnityEngine.Object,bool)
UnityEditor.GameObjectInspector:GetPreviewData (bool)
UnityEditor.GameObjectInspector:RenderStaticPreview (string,UnityEngine.Object[],int,int)
UnityEditor.AssetPreviewUpdater:CreatePreview (UnityEngine.Object,UnityEngine.Object[],string,int,int)
UnityEditor.AssetPreviewUpdater:CreatePreviewForAsset (UnityEngine.Object,UnityEngine.Object[],string)

[C:\build\output\unity\unity\Modules\Animation\Director\AnimatorControllerPlayable.cpp line 333]

The Animator Controller (GhostBloodAnimator) you have used is not valid. Animations will not play
UnityEngine.StackTraceUtility:ExtractStackTrace ()
UnityEngine.SceneManagement.SceneManager:MoveGameObjectToScene (UnityEngine.GameObject,UnityEngine.SceneManagement.Scene)
UnityEditor.PreviewScene:AddManagedGO (UnityEngine.GameObject)
UnityEditor.PreviewRenderUtility:AddManagedGO (UnityEngine.GameObject)
UnityEditor.GameObjectInspector/PreviewData:UpdateGameObject (UnityEngine.Object)
UnityEditor.GameObjectInspector/PreviewData:.ctor (UnityEngine.Object,bool)
UnityEditor.GameObjectInspector:GetPreviewData (bool)
UnityEditor.GameObjectInspector:RenderStaticPreview (string,UnityEngine.Object[],int,int)
UnityEditor.AssetPreviewUpdater:CreatePreview (UnityEngine.Object,UnityEngine.Object[],string,int,int)
UnityEditor.AssetPreviewUpdater:CreatePreviewForAsset (UnityEngine.Object,UnityEngine.Object[],string)

[C:\build\output\unity\unity\Modules\Animation\Director\AnimatorControllerPlayable.cpp line 333]

 -> (artifact id: '3060de50d222cdc675f84c6611909f2a') in 0.062469 seconds
Internal: There are remaining Allocations on the JobTempAlloc. This is a leak, and will impact performance
To Debug, run app with -diag-job-temp-memory-leak-validation cmd line argument. This will output the callstacks of the leaked allocations.
Number of updated asset objects reloaded before import = 0
Number of asset objects unloaded after import = 12
========================================================================
Received Prepare
Begin MonoManager ReloadAssembly
Symbol file LoadedFromMemory doesn't match image D:\BaoDi\7\Game\The_Last_Vampire\Library\PackageCache\com.unity.visualscripting@1.8.0\Editor\VisualScripting.Core\Dependencies\YamlDotNet\Unity.VisualScripting.YamlDotNet.dll
Symbol file LoadedFromMemory doesn't match image D:\BaoDi\7\Game\The_Last_Vampire\Library\PackageCache\com.unity.visualscripting@1.8.0\Editor\VisualScripting.Core\Dependencies\DotNetZip\Unity.VisualScripting.IonicZip.dll
- Loaded All Assemblies, in 16.825 seconds
Refreshing native plugins compatible for Editor in 23.67 ms, found 4 plugins.
Native extension for WindowsStandalone target not found
Mono: successfully reloaded assembly
- Finished resetting the current domain, in  8.884 seconds
Domain Reload Profiling: 25702ms
	BeginReloadAssembly (980ms)
		ExecutionOrderSort (0ms)
		DisableScriptedObjects (22ms)
		BackupInstance (0ms)
		ReleaseScriptingObjects (0ms)
		CreateAndSetChildDomain (275ms)
	RebuildCommonClasses (429ms)
	RebuildNativeTypeToScriptingClass (223ms)
	initialDomainReloadingComplete (881ms)
	LoadAllAssembliesAndSetupDomain (14305ms)
		LoadAssemblies (11279ms)
		RebuildTransferFunctionScriptingTraits (0ms)
		AnalyzeDomain (3650ms)
			TypeCache.Refresh (3594ms)
				TypeCache.ScanAssembly (3237ms)
			ScanForSourceGeneratedMonoScriptInfo (1ms)
			ResolveRequiredComponents (55ms)
	FinalizeReload (8885ms)
		ReleaseScriptCaches (0ms)
		RebuildScriptCaches (0ms)
		SetupLoadedEditorAssemblies (1980ms)
			LogAssemblyErrors (0ms)
			InitializePlatformSupportModulesInManaged (29ms)
			SetLoadedEditorAssemblies (25ms)
			RefreshPlugins (0ms)
			BeforeProcessingInitializeOnLoad (324ms)
			ProcessInitializeOnLoadAttributes (1493ms)
			ProcessInitializeOnLoadMethodAttributes (104ms)
			AfterProcessingInitializeOnLoad (4ms)
			EditorAssembliesLoaded (0ms)
		ExecutionOrderSort2 (0ms)
		AwakeInstancesAfterBackupRestoration (27ms)
Refreshing native plugins compatible for Editor in 9.78 ms, found 4 plugins.
Preloading 0 native plugins for Editor in 0.00 ms.
Unloading 7560 Unused Serialized files (Serialized files now loaded: 0)
Unloading 202 unused Assets / (14.6 MB). Loaded Objects now: 8180.
Memory consumption went from 276.3 MB to 261.7 MB.
Total: 13.403100 ms (FindLiveObjects: 1.139800 ms CreateObjectMapping: 1.661200 ms MarkObjects: 7.274600 ms  DeleteObjects: 3.325600 ms)

Prepare: number of updated asset objects reloaded= 0
AssetImportParameters requested are different than current active one (requested -> active):
  custom:container-demuxer-ogg: 62fdf1f143b41e24485cea50d1cbac27 -> 
  custom:framework-win-MediaFoundation: 216162199b28c13a410421893ffa2e32 -> 
  custom:container-muxer-webm: aa71ff27fc2769a1b78a27578f13a17b -> 
  custom:video-decoder-webm-vp8: 9c59270c3fd7afecdb556c50c9e8de78 -> 
  custom:AudioImporter_EditorPlatform: d09bf68614088b80899f8185d706f6e7 -> 
  custom:audio-decoder-ogg-vorbis: bf7c407c2cedff20999df2af8eb42d56 -> 
  custom:audio-encoder-webm-vorbis: bf7c407c2cedff20999df2af8eb42d56 -> 
  custom:video-decoder-ogg-theora: a1e56fd34408186e4bbccfd4996cb3dc -> 
  custom:container-demuxer-webm: 4f35f7cbe854078d1ac9338744f61a02 -> 
  custom:video-encoder-webm-vp8: eb34c28f22e8b96e1ab97ce403110664 -> 
========================================================================
Received Import Request.
  Time since last request: 52.523671 seconds.
  path: Assets/Item/GhostBlood.prefab
  artifactKey: Guid(27ce08ae0cbf3774ba85fb990db9b093) Importer(815301076,1909f56bfc062723c751e8b465ee728b)
Start importing Assets/Item/GhostBlood.prefab using Guid(27ce08ae0cbf3774ba85fb990db9b093) Importer(815301076,1909f56bfc062723c751e8b465ee728b) The Animator Controller (GhostBloodAnimator) you have used is not valid. Animations will not play
UnityEngine.StackTraceUtility:ExtractStackTrace ()
UnityEditor.EditorUtility:Internal_InstantiateRemoveAllNonAnimationComponentsSingle (UnityEngine.Object,UnityEngine.Vector3,UnityEngine.Quaternion)
UnityEditor.EditorUtility:InstantiateRemoveAllNonAnimationComponents (UnityEngine.Object,UnityEngine.Vector3,UnityEngine.Quaternion)
UnityEditor.EditorUtility:InstantiateForAnimatorPreview (UnityEngine.Object)
UnityEditor.GameObjectInspector/PreviewData:UpdateGameObject (UnityEngine.Object)
UnityEditor.GameObjectInspector/PreviewData:.ctor (UnityEngine.Object,bool)
UnityEditor.GameObjectInspector:GetPreviewData (bool)
UnityEditor.GameObjectInspector:RenderStaticPreview (string,UnityEngine.Object[],int,int)
UnityEditor.AssetPreviewUpdater:CreatePreview (UnityEngine.Object,UnityEngine.Object[],string,int,int)
UnityEditor.AssetPreviewUpdater:CreatePreviewForAsset (UnityEngine.Object,UnityEngine.Object[],string)

[C:\build\output\unity\unity\Modules\Animation\Director\AnimatorControllerPlayable.cpp line 333]

The Animator Controller (GhostBloodAnimator) you have used is not valid. Animations will not play
UnityEngine.StackTraceUtility:ExtractStackTrace ()
UnityEngine.SceneManagement.SceneManager:MoveGameObjectToScene (UnityEngine.GameObject,UnityEngine.SceneManagement.Scene)
UnityEditor.PreviewScene:AddManagedGO (UnityEngine.GameObject)
UnityEditor.PreviewRenderUtility:AddManagedGO (UnityEngine.GameObject)
UnityEditor.GameObjectInspector/PreviewData:UpdateGameObject (UnityEngine.Object)
UnityEditor.GameObjectInspector/PreviewData:.ctor (UnityEngine.Object,bool)
UnityEditor.GameObjectInspector:GetPreviewData (bool)
UnityEditor.GameObjectInspector:RenderStaticPreview (string,UnityEngine.Object[],int,int)
UnityEditor.AssetPreviewUpdater:CreatePreview (UnityEngine.Object,UnityEngine.Object[],string,int,int)
UnityEditor.AssetPreviewUpdater:CreatePreviewForAsset (UnityEngine.Object,UnityEngine.Object[],string)

[C:\build\output\unity\unity\Modules\Animation\Director\AnimatorControllerPlayable.cpp line 333]

 -> (artifact id: 'f8aace6ec54656482f88551018d77bc3') in 0.192761 seconds
Internal: There are remaining Allocations on the JobTempAlloc. This is a leak, and will impact performance
To Debug, run app with -diag-job-temp-memory-leak-validation cmd line argument. This will output the callstacks of the leaked allocations.
Number of updated asset objects reloaded before import = 0
Number of asset objects unloaded after import = 12
========================================================================
Received Import Request.
  Time since last request: 0.000046 seconds.
  path: Assets/Item/ghostblood 1.png
  artifactKey: Guid(39d343627ba9cef47af3b8863c2225a7) Importer(815301076,1909f56bfc062723c751e8b465ee728b)
Start importing Assets/Item/ghostblood 1.png using Guid(39d343627ba9cef47af3b8863c2225a7) Importer(815301076,1909f56bfc062723c751e8b465ee728b)  -> (artifact id: 'd723317b86b372106b028ae7146a0867') in 0.109580 seconds
Internal: There are remaining Allocations on the JobTempAlloc. This is a leak, and will impact performance
To Debug, run app with -diag-job-temp-memory-leak-validation cmd line argument. This will output the callstacks of the leaked allocations.
Number of updated asset objects reloaded before import = 0
Number of asset objects unloaded after import = 6
========================================================================
Received Prepare
Begin MonoManager ReloadAssembly
Symbol file LoadedFromMemory doesn't match image D:\BaoDi\7\Game\The_Last_Vampire\Library\PackageCache\com.unity.visualscripting@1.8.0\Editor\VisualScripting.Core\Dependencies\YamlDotNet\Unity.VisualScripting.YamlDotNet.dll
Symbol file LoadedFromMemory doesn't match image D:\BaoDi\7\Game\The_Last_Vampire\Library\PackageCache\com.unity.visualscripting@1.8.0\Editor\VisualScripting.Core\Dependencies\DotNetZip\Unity.VisualScripting.IonicZip.dll
- Loaded All Assemblies, in  1.859 seconds
Refreshing native plugins compatible for Editor in 5.52 ms, found 4 plugins.
Native extension for WindowsStandalone target not found
Mono: successfully reloaded assembly
- Finished resetting the current domain, in 24.903 seconds
Domain Reload Profiling: 26768ms
	BeginReloadAssembly (293ms)
		ExecutionOrderSort (0ms)
		DisableScriptedObjects (21ms)
		BackupInstance (0ms)
		ReleaseScriptingObjects (0ms)
		CreateAndSetChildDomain (86ms)
	RebuildCommonClasses (73ms)
	RebuildNativeTypeToScriptingClass (30ms)
	initialDomainReloadingComplete (53ms)
	LoadAllAssembliesAndSetupDomain (1408ms)
		LoadAssemblies (644ms)
		RebuildTransferFunctionScriptingTraits (0ms)
		AnalyzeDomain (877ms)
			TypeCache.Refresh (858ms)
				TypeCache.ScanAssembly (837ms)
			ScanForSourceGeneratedMonoScriptInfo (0ms)
			ResolveRequiredComponents (19ms)
	FinalizeReload (24911ms)
		ReleaseScriptCaches (0ms)
		RebuildScriptCaches (0ms)
		SetupLoadedEditorAssemblies (12923ms)
			LogAssemblyErrors (0ms)
			InitializePlatformSupportModulesInManaged (133ms)
			SetLoadedEditorAssemblies (163ms)
			RefreshPlugins (0ms)
			BeforeProcessingInitializeOnLoad (1425ms)
			ProcessInitializeOnLoadAttributes (8108ms)
			ProcessInitializeOnLoadMethodAttributes (2903ms)
			AfterProcessingInitializeOnLoad (191ms)
			EditorAssembliesLoaded (1ms)
		ExecutionOrderSort2 (0ms)
		AwakeInstancesAfterBackupRestoration (147ms)
Refreshing native plugins compatible for Editor in 4.17 ms, found 4 plugins.
Preloading 0 native plugins for Editor in 0.00 ms.
Unloading 7560 Unused Serialized files (Serialized files now loaded: 0)
Unloading 201 unused Assets / (14.6 MB). Loaded Objects now: 8184.
Memory consumption went from 276.3 MB to 261.7 MB.
Total: 8.701300 ms (FindLiveObjects: 0.647700 ms CreateObjectMapping: 0.602200 ms MarkObjects: 5.107400 ms  DeleteObjects: 2.342400 ms)

Prepare: number of updated asset objects reloaded= 0
AssetImportParameters requested are different than current active one (requested -> active):
  custom:container-demuxer-ogg: 62fdf1f143b41e24485cea50d1cbac27 -> 
  custom:framework-win-MediaFoundation: 216162199b28c13a410421893ffa2e32 -> 
  custom:container-muxer-webm: aa71ff27fc2769a1b78a27578f13a17b -> 
  custom:video-decoder-webm-vp8: 9c59270c3fd7afecdb556c50c9e8de78 -> 
  custom:AudioImporter_EditorPlatform: d09bf68614088b80899f8185d706f6e7 -> 
  custom:audio-decoder-ogg-vorbis: bf7c407c2cedff20999df2af8eb42d56 -> 
  custom:audio-encoder-webm-vorbis: bf7c407c2cedff20999df2af8eb42d56 -> 
  custom:video-decoder-ogg-theora: a1e56fd34408186e4bbccfd4996cb3dc -> 
  custom:container-demuxer-webm: 4f35f7cbe854078d1ac9338744f61a02 -> 
  custom:video-encoder-webm-vp8: eb34c28f22e8b96e1ab97ce403110664 -> 
========================================================================
Received Import Request.
  Time since last request: 179.455015 seconds.
  path: Assets/Item/ghostblood 1.png
  artifactKey: Guid(39d343627ba9cef47af3b8863c2225a7) Importer(815301076,1909f56bfc062723c751e8b465ee728b)
Start importing Assets/Item/ghostblood 1.png using Guid(39d343627ba9cef47af3b8863c2225a7) Importer(815301076,1909f56bfc062723c751e8b465ee728b)  -> (artifact id: '4dbebabc80c683e180d46173461b4085') in 0.799573 seconds
Number of updated asset objects reloaded before import = 0
Number of asset objects unloaded after import = 6
========================================================================
Received Import Request.
  Time since last request: 14.340034 seconds.
  path: Assets/Item/GhostBlood.prefab
  artifactKey: Guid(27ce08ae0cbf3774ba85fb990db9b093) Importer(815301076,1909f56bfc062723c751e8b465ee728b)
Start importing Assets/Item/GhostBlood.prefab using Guid(27ce08ae0cbf3774ba85fb990db9b093) Importer(815301076,1909f56bfc062723c751e8b465ee728b) The Animator Controller (GhostBloodAnimator) you have used is not valid. Animations will not play
UnityEngine.StackTraceUtility:ExtractStackTrace ()
UnityEditor.EditorUtility:Internal_InstantiateRemoveAllNonAnimationComponentsSingle (UnityEngine.Object,UnityEngine.Vector3,UnityEngine.Quaternion)
UnityEditor.EditorUtility:InstantiateRemoveAllNonAnimationComponents (UnityEngine.Object,UnityEngine.Vector3,UnityEngine.Quaternion)
UnityEditor.EditorUtility:InstantiateForAnimatorPreview (UnityEngine.Object)
UnityEditor.GameObjectInspector/PreviewData:UpdateGameObject (UnityEngine.Object)
UnityEditor.GameObjectInspector/PreviewData:.ctor (UnityEngine.Object,bool)
UnityEditor.GameObjectInspector:GetPreviewData (bool)
UnityEditor.GameObjectInspector:RenderStaticPreview (string,UnityEngine.Object[],int,int)
UnityEditor.AssetPreviewUpdater:CreatePreview (UnityEngine.Object,UnityEngine.Object[],string,int,int)
UnityEditor.AssetPreviewUpdater:CreatePreviewForAsset (UnityEngine.Object,UnityEngine.Object[],string)

[C:\build\output\unity\unity\Modules\Animation\Director\AnimatorControllerPlayable.cpp line 333]

The Animator Controller (GhostBloodAnimator) you have used is not valid. Animations will not play
UnityEngine.StackTraceUtility:ExtractStackTrace ()
UnityEngine.SceneManagement.SceneManager:MoveGameObjectToScene (UnityEngine.GameObject,UnityEngine.SceneManagement.Scene)
UnityEditor.PreviewScene:AddManagedGO (UnityEngine.GameObject)
UnityEditor.PreviewRenderUtility:AddManagedGO (UnityEngine.GameObject)
UnityEditor.GameObjectInspector/PreviewData:UpdateGameObject (UnityEngine.Object)
UnityEditor.GameObjectInspector/PreviewData:.ctor (UnityEngine.Object,bool)
UnityEditor.GameObjectInspector:GetPreviewData (bool)
UnityEditor.GameObjectInspector:RenderStaticPreview (string,UnityEngine.Object[],int,int)
UnityEditor.AssetPreviewUpdater:CreatePreview (UnityEngine.Object,UnityEngine.Object[],string,int,int)
UnityEditor.AssetPreviewUpdater:CreatePreviewForAsset (UnityEngine.Object,UnityEngine.Object[],string)

[C:\build\output\unity\unity\Modules\Animation\Director\AnimatorControllerPlayable.cpp line 333]

 -> (artifact id: 'dbd75046677f76c1417d7c4aca095f3f') in 0.109565 seconds
Internal: There are remaining Allocations on the JobTempAlloc. This is a leak, and will impact performance
To Debug, run app with -diag-job-temp-memory-leak-validation cmd line argument. This will output the callstacks of the leaked allocations.
Number of updated asset objects reloaded before import = 0
Number of asset objects unloaded after import = 28
========================================================================
Received Import Request.
  Time since last request: 11.350226 seconds.
  path: Assets/Item/GhostBlood.prefab
  artifactKey: Guid(27ce08ae0cbf3774ba85fb990db9b093) Importer(815301076,1909f56bfc062723c751e8b465ee728b)
Start importing Assets/Item/GhostBlood.prefab using Guid(27ce08ae0cbf3774ba85fb990db9b093) Importer(815301076,1909f56bfc062723c751e8b465ee728b) The Animator Controller (GhostBloodAnimator) you have used is not valid. Animations will not play
UnityEngine.StackTraceUtility:ExtractStackTrace ()
UnityEditor.EditorUtility:Internal_InstantiateRemoveAllNonAnimationComponentsSingle (UnityEngine.Object,UnityEngine.Vector3,UnityEngine.Quaternion)
UnityEditor.EditorUtility:InstantiateRemoveAllNonAnimationComponents (UnityEngine.Object,UnityEngine.Vector3,UnityEngine.Quaternion)
UnityEditor.EditorUtility:InstantiateForAnimatorPreview (UnityEngine.Object)
UnityEditor.GameObjectInspector/PreviewData:UpdateGameObject (UnityEngine.Object)
UnityEditor.GameObjectInspector/PreviewData:.ctor (UnityEngine.Object,bool)
UnityEditor.GameObjectInspector:GetPreviewData (bool)
UnityEditor.GameObjectInspector:RenderStaticPreview (string,UnityEngine.Object[],int,int)
UnityEditor.AssetPreviewUpdater:CreatePreview (UnityEngine.Object,UnityEngine.Object[],string,int,int)
UnityEditor.AssetPreviewUpdater:CreatePreviewForAsset (UnityEngine.Object,UnityEngine.Object[],string)

[C:\build\output\unity\unity\Modules\Animation\Director\AnimatorControllerPlayable.cpp line 333]

The Animator Controller (GhostBloodAnimator) you have used is not valid. Animations will not play
UnityEngine.StackTraceUtility:ExtractStackTrace ()
UnityEngine.SceneManagement.SceneManager:MoveGameObjectToScene (UnityEngine.GameObject,UnityEngine.SceneManagement.Scene)
UnityEditor.PreviewScene:AddManagedGO (UnityEngine.GameObject)
UnityEditor.PreviewRenderUtility:AddManagedGO (UnityEngine.GameObject)
UnityEditor.GameObjectInspector/PreviewData:UpdateGameObject (UnityEngine.Object)
UnityEditor.GameObjectInspector/PreviewData:.ctor (UnityEngine.Object,bool)
UnityEditor.GameObjectInspector:GetPreviewData (bool)
UnityEditor.GameObjectInspector:RenderStaticPreview (string,UnityEngine.Object[],int,int)
UnityEditor.AssetPreviewUpdater:CreatePreview (UnityEngine.Object,UnityEngine.Object[],string,int,int)
UnityEditor.AssetPreviewUpdater:CreatePreviewForAsset (UnityEngine.Object,UnityEngine.Object[],string)

[C:\build\output\unity\unity\Modules\Animation\Director\AnimatorControllerPlayable.cpp line 333]

 -> (artifact id: '36931b56d1aef5c68e92adfd835a4433') in 0.053467 seconds
Internal: There are remaining Allocations on the JobTempAlloc. This is a leak, and will impact performance
To Debug, run app with -diag-job-temp-memory-leak-validation cmd line argument. This will output the callstacks of the leaked allocations.
Number of updated asset objects reloaded before import = 0
Number of asset objects unloaded after import = 28
