Using pre-set license
Built from '2022.3/staging' branch; Version is '2022.3.3f1 (7cdc2969a641) revision 8182825'; Using compiler version '192829333'; Build Type 'Release'
OS: 'Windows 11  (10.0.22631) 64bit CoreSingleLanguage' Language: 'en' Physical Memory: 16105 MB
BatchMode: 1, IsHumanControllingUs: 0, StartBugReporterOnCrash: 0, Is64bit: 1, IsPro: 1

COMMAND LINE ARGUMENTS:
C:\Program Files\Unity\Hub\Editor\2022.3.3f1\Editor\Unity.exe
-adb2
-batchMode
-noUpm
-name
AssetImportWorker6
-projectPath
D:/HK1_2024_2025/PTGame/The_Last_Vampire
-logFile
Logs/AssetImportWorker6.log
-srvPort
53975
Successfully changed project path to: D:/HK1_2024_2025/PTGame/The_Last_Vampire
D:/HK1_2024_2025/PTGame/The_Last_Vampire
[UnityMemory] Configuration Parameters - Can be set up in boot.config
    "memorysetup-bucket-allocator-granularity=16"
    "memorysetup-bucket-allocator-bucket-count=8"
    "memorysetup-bucket-allocator-block-size=33554432"
    "memorysetup-bucket-allocator-block-count=8"
    "memorysetup-main-allocator-block-size=16777216"
    "memorysetup-thread-allocator-block-size=16777216"
    "memorysetup-gfx-main-allocator-block-size=16777216"
    "memorysetup-gfx-thread-allocator-block-size=16777216"
    "memorysetup-cache-allocator-block-size=4194304"
    "memorysetup-typetree-allocator-block-size=2097152"
    "memorysetup-profiler-bucket-allocator-granularity=16"
    "memorysetup-profiler-bucket-allocator-bucket-count=8"
    "memorysetup-profiler-bucket-allocator-block-size=33554432"
    "memorysetup-profiler-bucket-allocator-block-count=8"
    "memorysetup-profiler-allocator-block-size=16777216"
    "memorysetup-profiler-editor-allocator-block-size=1048576"
    "memorysetup-temp-allocator-size-main=16777216"
    "memorysetup-job-temp-allocator-block-size=2097152"
    "memorysetup-job-temp-allocator-block-size-background=1048576"
    "memorysetup-job-temp-allocator-reduction-small-platforms=262144"
    "memorysetup-allocator-temp-initial-block-size-main=262144"
    "memorysetup-allocator-temp-initial-block-size-worker=262144"
    "memorysetup-temp-allocator-size-background-worker=32768"
    "memorysetup-temp-allocator-size-job-worker=262144"
    "memorysetup-temp-allocator-size-preload-manager=33554432"
    "memorysetup-temp-allocator-size-nav-mesh-worker=65536"
    "memorysetup-temp-allocator-size-audio-worker=65536"
    "memorysetup-temp-allocator-size-cloud-worker=32768"
    "memorysetup-temp-allocator-size-gi-baking-worker=262144"
    "memorysetup-temp-allocator-size-gfx=262144"
Player connection [11948] Host "[IP] 26.75.200.97 [Port] 0 [Flags] 2 [Guid] 1235270057 [EditorId] 1235270057 [Version] 1048832 [Id] WindowsEditor(7,DESKTOP-BS95S0S) [Debug] 1 [PackageName] WindowsEditor [ProjectName] Editor" joined multi-casting on [225.0.0.222:54997]...

Player connection [11948] Host "[IP] 26.75.200.97 [Port] 0 [Flags] 2 [Guid] 1235270057 [EditorId] 1235270057 [Version] 1048832 [Id] WindowsEditor(7,DESKTOP-BS95S0S) [Debug] 1 [PackageName] WindowsEditor [ProjectName] Editor" joined alternative multi-casting on [225.0.0.222:34997]...

Refreshing native plugins compatible for Editor in 13.47 ms, found 4 plugins.
Preloading 0 native plugins for Editor in 0.00 ms.
Initialize engine version: 2022.3.3f1 (7cdc2969a641)
[Subsystems] Discovering subsystems at path C:/Program Files/Unity/Hub/Editor/2022.3.3f1/Editor/Data/Resources/UnitySubsystems
[Subsystems] Discovering subsystems at path D:/HK1_2024_2025/PTGame/The_Last_Vampire/Assets
GfxDevice: creating device client; threaded=0; jobified=0
Direct3D:
    Version:  Direct3D 11.0 [level 11.1]
    Renderer: NVIDIA GeForce RTX 3050 Laptop GPU (ID=0x25a5)
    Vendor:   NVIDIA
    VRAM:     3977 MB
    Driver:   31.0.15.4680
Initialize mono
Mono path[0] = 'C:/Program Files/Unity/Hub/Editor/2022.3.3f1/Editor/Data/Managed'
Mono path[1] = 'C:/Program Files/Unity/Hub/Editor/2022.3.3f1/Editor/Data/MonoBleedingEdge/lib/mono/unityjit-win32'
Mono config path = 'C:/Program Files/Unity/Hub/Editor/2022.3.3f1/Editor/Data/MonoBleedingEdge/etc'
Using monoOptions --debugger-agent=transport=dt_socket,embedding=1,server=y,suspend=n,address=127.0.0.1:56604
Begin MonoManager ReloadAssembly
Registering precompiled unity dll's ...
Register platform support module: C:/Program Files/Unity/Hub/Editor/2022.3.3f1/Editor/Data/PlaybackEngines/WindowsStandaloneSupport/UnityEditor.WindowsStandalone.Extensions.dll
Registered in 0.005965 seconds.
- Loaded All Assemblies, in  0.419 seconds
Native extension for WindowsStandalone target not found
Mono: successfully reloaded assembly
- Finished resetting the current domain, in  0.349 seconds
Domain Reload Profiling: 767ms
	BeginReloadAssembly (109ms)
		ExecutionOrderSort (0ms)
		DisableScriptedObjects (0ms)
		BackupInstance (0ms)
		ReleaseScriptingObjects (0ms)
		CreateAndSetChildDomain (1ms)
	RebuildCommonClasses (43ms)
	RebuildNativeTypeToScriptingClass (13ms)
	initialDomainReloadingComplete (76ms)
	LoadAllAssembliesAndSetupDomain (176ms)
		LoadAssemblies (107ms)
		RebuildTransferFunctionScriptingTraits (0ms)
		AnalyzeDomain (171ms)
			TypeCache.Refresh (169ms)
				TypeCache.ScanAssembly (150ms)
			ScanForSourceGeneratedMonoScriptInfo (1ms)
			ResolveRequiredComponents (1ms)
	FinalizeReload (350ms)
		ReleaseScriptCaches (0ms)
		RebuildScriptCaches (0ms)
		SetupLoadedEditorAssemblies (270ms)
			LogAssemblyErrors (0ms)
			InitializePlatformSupportModulesInManaged (15ms)
			SetLoadedEditorAssemblies (11ms)
			RefreshPlugins (0ms)
			BeforeProcessingInitializeOnLoad (3ms)
			ProcessInitializeOnLoadAttributes (175ms)
			ProcessInitializeOnLoadMethodAttributes (66ms)
			AfterProcessingInitializeOnLoad (0ms)
			EditorAssembliesLoaded (0ms)
		ExecutionOrderSort2 (0ms)
		AwakeInstancesAfterBackupRestoration (0ms)
========================================================================
Worker process is ready to serve import requests
Begin MonoManager ReloadAssembly
Symbol file LoadedFromMemory doesn't match image D:\HK1_2024_2025\PTGame\The_Last_Vampire\Library\PackageCache\com.unity.visualscripting@1.8.0\Editor\VisualScripting.Core\Dependencies\YamlDotNet\Unity.VisualScripting.YamlDotNet.dll
Symbol file LoadedFromMemory doesn't match image D:\HK1_2024_2025\PTGame\The_Last_Vampire\Library\PackageCache\com.unity.visualscripting@1.8.0\Editor\VisualScripting.Core\Dependencies\DotNetZip\Unity.VisualScripting.IonicZip.dll
- Loaded All Assemblies, in  1.063 seconds
Refreshing native plugins compatible for Editor in 3.65 ms, found 4 plugins.
Native extension for WindowsStandalone target not found
Mono: successfully reloaded assembly
- Finished resetting the current domain, in  1.139 seconds
Domain Reload Profiling: 2200ms
	BeginReloadAssembly (160ms)
		ExecutionOrderSort (0ms)
		DisableScriptedObjects (8ms)
		BackupInstance (0ms)
		ReleaseScriptingObjects (0ms)
		CreateAndSetChildDomain (25ms)
	RebuildCommonClasses (51ms)
	RebuildNativeTypeToScriptingClass (13ms)
	initialDomainReloadingComplete (50ms)
	LoadAllAssembliesAndSetupDomain (787ms)
		LoadAssemblies (342ms)
		RebuildTransferFunctionScriptingTraits (0ms)
		AnalyzeDomain (514ms)
			TypeCache.Refresh (460ms)
				TypeCache.ScanAssembly (444ms)
			ScanForSourceGeneratedMonoScriptInfo (42ms)
			ResolveRequiredComponents (12ms)
	FinalizeReload (1139ms)
		ReleaseScriptCaches (0ms)
		RebuildScriptCaches (0ms)
		SetupLoadedEditorAssemblies (833ms)
			LogAssemblyErrors (0ms)
			InitializePlatformSupportModulesInManaged (10ms)
			SetLoadedEditorAssemblies (8ms)
			RefreshPlugins (0ms)
			BeforeProcessingInitializeOnLoad (107ms)
			ProcessInitializeOnLoadAttributes (623ms)
			ProcessInitializeOnLoadMethodAttributes (75ms)
			AfterProcessingInitializeOnLoad (10ms)
			EditorAssembliesLoaded (0ms)
		ExecutionOrderSort2 (0ms)
		AwakeInstancesAfterBackupRestoration (10ms)
Launched and connected shader compiler UnityShaderCompiler.exe after 0.04 seconds
Refreshing native plugins compatible for Editor in 5.11 ms, found 4 plugins.
Preloading 0 native plugins for Editor in 0.00 ms.
Unloading 7789 Unused Serialized files (Serialized files now loaded: 0)
Unloading 253 unused Assets / (14.7 MB). Loaded Objects now: 8125.
Memory consumption went from 326.8 MB to 312.1 MB.
Total: 13.166900 ms (FindLiveObjects: 0.908000 ms CreateObjectMapping: 0.923200 ms MarkObjects: 7.093200 ms  DeleteObjects: 4.240400 ms)

AssetImportParameters requested are different than current active one (requested -> active):
  custom:container-demuxer-ogg: 62fdf1f143b41e24485cea50d1cbac27 -> 
  custom:framework-win-MediaFoundation: 216162199b28c13a410421893ffa2e32 -> 
  custom:container-muxer-webm: aa71ff27fc2769a1b78a27578f13a17b -> 
  custom:video-decoder-webm-vp8: 9c59270c3fd7afecdb556c50c9e8de78 -> 
  custom:AudioImporter_EditorPlatform: d09bf68614088b80899f8185d706f6e7 -> 
  custom:audio-decoder-ogg-vorbis: bf7c407c2cedff20999df2af8eb42d56 -> 
  custom:audio-encoder-webm-vorbis: bf7c407c2cedff20999df2af8eb42d56 -> 
  custom:video-decoder-ogg-theora: a1e56fd34408186e4bbccfd4996cb3dc -> 
  custom:container-demuxer-webm: 4f35f7cbe854078d1ac9338744f61a02 -> 
  custom:video-encoder-webm-vp8: eb34c28f22e8b96e1ab97ce403110664 -> 
========================================================================
Received Import Request.
  Time since last request: 361950.163610 seconds.
  path: Assets/Item/Blood.prefab
  artifactKey: Guid(491c762327ec44d4190176ffdf0db467) Importer(815301076,1909f56bfc062723c751e8b465ee728b)
Start importing Assets/Item/Blood.prefab using Guid(491c762327ec44d4190176ffdf0db467) Importer(815301076,1909f56bfc062723c751e8b465ee728b)  -> (artifact id: 'b7e112ec8905cc36cde5302144f1cb34') in 0.135466 seconds
Number of updated asset objects reloaded before import = 0
Number of asset objects unloaded after import = 10
========================================================================
Received Import Request.
  Time since last request: 0.000035 seconds.
  path: Assets/Item/GhostBlood.png
  artifactKey: Guid(b356ca190bd660247bc0fd66a6cfd5b1) Importer(815301076,1909f56bfc062723c751e8b465ee728b)
Start importing Assets/Item/GhostBlood.png using Guid(b356ca190bd660247bc0fd66a6cfd5b1) Importer(815301076,1909f56bfc062723c751e8b465ee728b)  -> (artifact id: 'ae3afddde1c32995a08c30265afb9889') in 0.052776 seconds
Number of updated asset objects reloaded before import = 0
Number of asset objects unloaded after import = 3
========================================================================
Received Import Request.
  Time since last request: 105.803297 seconds.
  path: Assets/Map4_Cave
  artifactKey: Guid(b0e0a26f029061b43a3185902ac8711e) Importer(815301076,1909f56bfc062723c751e8b465ee728b)
Start importing Assets/Map4_Cave using Guid(b0e0a26f029061b43a3185902ac8711e) Importer(815301076,1909f56bfc062723c751e8b465ee728b)  -> (artifact id: '057d7493f22a91135c3f4dd3f7b7b571') in 0.000945 seconds
Number of updated asset objects reloaded before import = 0
Number of asset objects unloaded after import = 0
========================================================================
Received Import Request.
  Time since last request: 0.280390 seconds.
  path: Assets/Map5_Ruin
  artifactKey: Guid(e60c180c582299b43ac4037c1e5a29ba) Importer(815301076,1909f56bfc062723c751e8b465ee728b)
Start importing Assets/Map5_Ruin using Guid(e60c180c582299b43ac4037c1e5a29ba) Importer(815301076,1909f56bfc062723c751e8b465ee728b)  -> (artifact id: '32f44a9d5e2ca310521e7e49c6be5f86') in 0.000777 seconds
Number of updated asset objects reloaded before import = 0
Number of asset objects unloaded after import = 0
========================================================================
Received Import Request.
  Time since last request: 0.232514 seconds.
  path: Assets/NPC4_Paster
  artifactKey: Guid(fea033908d772704f81c2a2671371120) Importer(815301076,1909f56bfc062723c751e8b465ee728b)
Start importing Assets/NPC4_Paster using Guid(fea033908d772704f81c2a2671371120) Importer(815301076,1909f56bfc062723c751e8b465ee728b)  -> (artifact id: '7c3cf94600d4f3765bd66415d0914e7e') in 0.000632 seconds
Number of updated asset objects reloaded before import = 0
Number of asset objects unloaded after import = 0
========================================================================
Received Import Request.
  Time since last request: 50.265445 seconds.
  path: Assets/Scenes/Map3_City.unity
  artifactKey: Guid(dddba059f276e4049a012b51ddec6bff) Importer(815301076,1909f56bfc062723c751e8b465ee728b)
Start importing Assets/Scenes/Map3_City.unity using Guid(dddba059f276e4049a012b51ddec6bff) Importer(815301076,1909f56bfc062723c751e8b465ee728b)  -> (artifact id: 'c6ca4b297c1dfbb9d534579c8386a71d') in 0.000670 seconds
Number of updated asset objects reloaded before import = 0
Number of asset objects unloaded after import = 0
========================================================================
Received Import Request.
  Time since last request: 49.862101 seconds.
  path: Assets/Map3_City/Tilemap/City.prefab
  artifactKey: Guid(be8e3132549ebce4daf6ab58abb8f69a) Importer(815301076,1909f56bfc062723c751e8b465ee728b)
Start importing Assets/Map3_City/Tilemap/City.prefab using Guid(be8e3132549ebce4daf6ab58abb8f69a) Importer(815301076,1909f56bfc062723c751e8b465ee728b)  -> (artifact id: 'fcf42ddef50373c93c72f255e452e699') in 0.018872 seconds
Number of updated asset objects reloaded before import = 0
Number of asset objects unloaded after import = 10
========================================================================
Received Import Request.
  Time since last request: 16.095218 seconds.
  path: Packages/com.unity.2d.tilemap/Editor/Unity.2D.Tilemap.Editor.asmdef
  artifactKey: Guid(3a9781db4804a9945b9883f3a7c46d45) Importer(815301076,1909f56bfc062723c751e8b465ee728b)
Start importing Packages/com.unity.2d.tilemap/Editor/Unity.2D.Tilemap.Editor.asmdef using Guid(3a9781db4804a9945b9883f3a7c46d45) Importer(815301076,1909f56bfc062723c751e8b465ee728b)  -> (artifact id: '5e904b3b6b58d22c52fc05c18ab0dafd') in 0.000852 seconds
Number of updated asset objects reloaded before import = 0
Number of asset objects unloaded after import = 0
========================================================================
Received Import Request.
  Time since last request: 41.966276 seconds.
  path: Assets/Map3_City/Tilemap/City.prefab
  artifactKey: Guid(be8e3132549ebce4daf6ab58abb8f69a) Importer(815301076,1909f56bfc062723c751e8b465ee728b)
Start importing Assets/Map3_City/Tilemap/City.prefab using Guid(be8e3132549ebce4daf6ab58abb8f69a) Importer(815301076,1909f56bfc062723c751e8b465ee728b)  -> (artifact id: '8a9ea2398f340e5c892251361f5cfc86') in 0.023777 seconds
Number of updated asset objects reloaded before import = 0
Number of asset objects unloaded after import = 13
========================================================================
Received Import Request.
  Time since last request: 140.552405 seconds.
  path: Assets/Map3_City/Tilemap/City.prefab
  artifactKey: Guid(be8e3132549ebce4daf6ab58abb8f69a) Importer(815301076,1909f56bfc062723c751e8b465ee728b)
Start importing Assets/Map3_City/Tilemap/City.prefab using Guid(be8e3132549ebce4daf6ab58abb8f69a) Importer(815301076,1909f56bfc062723c751e8b465ee728b)  -> (artifact id: '4fadbfabc38b00441c4f6f031d43b581') in 0.021634 seconds
Number of updated asset objects reloaded before import = 0
Number of asset objects unloaded after import = 10
========================================================================
Received Import Request.
  Time since last request: 23.959954 seconds.
  path: Assets/Map3_City/Tilemap/City.prefab
  artifactKey: Guid(be8e3132549ebce4daf6ab58abb8f69a) Importer(815301076,1909f56bfc062723c751e8b465ee728b)
Start importing Assets/Map3_City/Tilemap/City.prefab using Guid(be8e3132549ebce4daf6ab58abb8f69a) Importer(815301076,1909f56bfc062723c751e8b465ee728b)  -> (artifact id: '969f9596abcf8f71f966c2d07404460e') in 0.021170 seconds
Number of updated asset objects reloaded before import = 0
Number of asset objects unloaded after import = 13
========================================================================
Received Import Request.
  Time since last request: 29.210885 seconds.
  path: Assets/Map3_City/Tilemap/sliced-tileset/City.prefab
  artifactKey: Guid(b57a4385ed84ea347978352e362504e7) Importer(815301076,1909f56bfc062723c751e8b465ee728b)
Start importing Assets/Map3_City/Tilemap/sliced-tileset/City.prefab using Guid(b57a4385ed84ea347978352e362504e7) Importer(815301076,1909f56bfc062723c751e8b465ee728b)  -> (artifact id: 'd332c7a7ccd7ff065e0612ccf947bd22') in 0.017603 seconds
Number of updated asset objects reloaded before import = 0
Number of asset objects unloaded after import = 10
========================================================================
Received Import Request.
  Time since last request: 38.623107 seconds.
  path: Assets/Map3_City/Tilemap/City.prefab
  artifactKey: Guid(b57a4385ed84ea347978352e362504e7) Importer(815301076,1909f56bfc062723c751e8b465ee728b)
Start importing Assets/Map3_City/Tilemap/City.prefab using Guid(b57a4385ed84ea347978352e362504e7) Importer(815301076,1909f56bfc062723c751e8b465ee728b)  -> (artifact id: '8501c1fd7677aa98f6be1f6db5fdf160') in 0.061609 seconds
Number of updated asset objects reloaded before import = 0
Number of asset objects unloaded after import = 124
========================================================================
Received Import Request.
  Time since last request: 0.000030 seconds.
  path: Assets/Map3_City/Tilemap/wall-b.asset
  artifactKey: Guid(1f34cac083a22b44fa08b19a81342e77) Importer(815301076,1909f56bfc062723c751e8b465ee728b)
Start importing Assets/Map3_City/Tilemap/wall-b.asset using Guid(1f34cac083a22b44fa08b19a81342e77) Importer(815301076,1909f56bfc062723c751e8b465ee728b)  -> (artifact id: 'd8dc0c1f976716f567372bb1c4e8126c') in 0.017198 seconds
Number of updated asset objects reloaded before import = 0
Number of asset objects unloaded after import = 3
========================================================================
Received Import Request.
  Time since last request: 0.000032 seconds.
  path: Assets/Map3_City/Tilemap/stairs.asset
  artifactKey: Guid(056c0af0d2018be44a6b4fe286c493c5) Importer(815301076,1909f56bfc062723c751e8b465ee728b)
Start importing Assets/Map3_City/Tilemap/stairs.asset using Guid(056c0af0d2018be44a6b4fe286c493c5) Importer(815301076,1909f56bfc062723c751e8b465ee728b)  -> (artifact id: 'ae16f8d50f2db03034472e319ef73fb3') in 0.015927 seconds
Number of updated asset objects reloaded before import = 0
Number of asset objects unloaded after import = 3
========================================================================
Received Import Request.
  Time since last request: 0.000021 seconds.
  path: Assets/Map3_City/Tilemap/right-slope.asset
  artifactKey: Guid(6c2706d3b5c6c1941910ec9e7bd21b14) Importer(815301076,1909f56bfc062723c751e8b465ee728b)
Start importing Assets/Map3_City/Tilemap/right-slope.asset using Guid(6c2706d3b5c6c1941910ec9e7bd21b14) Importer(815301076,1909f56bfc062723c751e8b465ee728b)  -> (artifact id: '02da2c9039257af33edfb22437205bc8') in 0.007305 seconds
Number of updated asset objects reloaded before import = 0
Number of asset objects unloaded after import = 3
========================================================================
Received Import Request.
  Time since last request: 0.000022 seconds.
  path: Assets/Map3_City/Tilemap/left-corner.asset
  artifactKey: Guid(9ec435538ef152a45b1747b9d9b320ef) Importer(815301076,1909f56bfc062723c751e8b465ee728b)
Start importing Assets/Map3_City/Tilemap/left-corner.asset using Guid(9ec435538ef152a45b1747b9d9b320ef) Importer(815301076,1909f56bfc062723c751e8b465ee728b)  -> (artifact id: '9be08479ac89ff3f8a01ae070970d32a') in 0.017557 seconds
Number of updated asset objects reloaded before import = 0
Number of asset objects unloaded after import = 3
========================================================================
Received Import Request.
  Time since last request: 0.000025 seconds.
  path: Assets/Map3_City/Tilemap/roof.asset
  artifactKey: Guid(44e2979e00204d248a96d02c70b80fbd) Importer(815301076,1909f56bfc062723c751e8b465ee728b)
Start importing Assets/Map3_City/Tilemap/roof.asset using Guid(44e2979e00204d248a96d02c70b80fbd) Importer(815301076,1909f56bfc062723c751e8b465ee728b)  -> (artifact id: 'a7fb7134708d5f679189b27f06de89ba') in 0.018472 seconds
Number of updated asset objects reloaded before import = 0
Number of asset objects unloaded after import = 3
========================================================================
Received Import Request.
  Time since last request: 0.000039 seconds.
  path: Assets/Map3_City/Tilemap/stairs-wall.asset
  artifactKey: Guid(c323aa8d16bee904192569e47aa49500) Importer(815301076,1909f56bfc062723c751e8b465ee728b)
Start importing Assets/Map3_City/Tilemap/stairs-wall.asset using Guid(c323aa8d16bee904192569e47aa49500) Importer(815301076,1909f56bfc062723c751e8b465ee728b)  -> (artifact id: '2335e9babfaf67825a45a01e2951b912') in 0.014182 seconds
Number of updated asset objects reloaded before import = 0
Number of asset objects unloaded after import = 3
========================================================================
Received Import Request.
  Time since last request: 0.000026 seconds.
  path: Assets/Map3_City/Tilemap/stairs-wall-right.asset
  artifactKey: Guid(9aeeb4b7676be2b4eb0f91e474f9b4cf) Importer(815301076,1909f56bfc062723c751e8b465ee728b)
Start importing Assets/Map3_City/Tilemap/stairs-wall-right.asset using Guid(9aeeb4b7676be2b4eb0f91e474f9b4cf) Importer(815301076,1909f56bfc062723c751e8b465ee728b)  -> (artifact id: '26f831b856073a7b1b794631fcf3a683') in 0.015190 seconds
Number of updated asset objects reloaded before import = 0
Number of asset objects unloaded after import = 3
========================================================================
Received Import Request.
  Time since last request: 0.000032 seconds.
  path: Assets/Map3_City/Tilemap/ground-shadow_5.asset
  artifactKey: Guid(048d84c8eaae68247a404f705bc8407e) Importer(815301076,1909f56bfc062723c751e8b465ee728b)
Start importing Assets/Map3_City/Tilemap/ground-shadow_5.asset using Guid(048d84c8eaae68247a404f705bc8407e) Importer(815301076,1909f56bfc062723c751e8b465ee728b)  -> (artifact id: '1f954fb4ab0c130ffc7bac89e911317a') in 0.014100 seconds
Number of updated asset objects reloaded before import = 0
Number of asset objects unloaded after import = 3
========================================================================
Received Import Request.
  Time since last request: 0.000022 seconds.
  path: Assets/Map3_City/Tilemap/wood-legs.asset
  artifactKey: Guid(8e16008233f4e424487477531b490263) Importer(815301076,1909f56bfc062723c751e8b465ee728b)
Start importing Assets/Map3_City/Tilemap/wood-legs.asset using Guid(8e16008233f4e424487477531b490263) Importer(815301076,1909f56bfc062723c751e8b465ee728b)  -> (artifact id: 'dced6dc3156cabe73e1fafa0435974e8') in 0.018566 seconds
Number of updated asset objects reloaded before import = 0
Number of asset objects unloaded after import = 3
========================================================================
Received Import Request.
  Time since last request: 0.000022 seconds.
  path: Assets/Map3_City/Tilemap/ground-wall-b.asset
  artifactKey: Guid(553a3fc592823b74c976af44c0c3c27f) Importer(815301076,1909f56bfc062723c751e8b465ee728b)
Start importing Assets/Map3_City/Tilemap/ground-wall-b.asset using Guid(553a3fc592823b74c976af44c0c3c27f) Importer(815301076,1909f56bfc062723c751e8b465ee728b)  -> (artifact id: 'e64df2a4d6ea810fd045d6cf85bd71b6') in 0.018649 seconds
Number of updated asset objects reloaded before import = 0
Number of asset objects unloaded after import = 3
========================================================================
Received Import Request.
  Time since last request: 0.000023 seconds.
  path: Assets/Map3_City/Tilemap/shadow.asset
  artifactKey: Guid(1eee9f07a22ac6649bad76468829b0a5) Importer(815301076,1909f56bfc062723c751e8b465ee728b)
Start importing Assets/Map3_City/Tilemap/shadow.asset using Guid(1eee9f07a22ac6649bad76468829b0a5) Importer(815301076,1909f56bfc062723c751e8b465ee728b)  -> (artifact id: '931ad4e6b0323571dd3504ded43ade6c') in 0.006547 seconds
Number of updated asset objects reloaded before import = 0
Number of asset objects unloaded after import = 3
========================================================================
Received Import Request.
  Time since last request: 0.000026 seconds.
  path: Assets/Map3_City/Tilemap/stairs-mirror_24.asset
  artifactKey: Guid(bfb6fd91cb438e24fb52eed7eb2d5227) Importer(815301076,1909f56bfc062723c751e8b465ee728b)
Start importing Assets/Map3_City/Tilemap/stairs-mirror_24.asset using Guid(bfb6fd91cb438e24fb52eed7eb2d5227) Importer(815301076,1909f56bfc062723c751e8b465ee728b)  -> (artifact id: 'dfa67517cce8292d541ae5cb1009f155') in 0.018751 seconds
Number of updated asset objects reloaded before import = 0
Number of asset objects unloaded after import = 3
========================================================================
Received Import Request.
  Time since last request: 0.000047 seconds.
  path: Assets/Map3_City/Tilemap/stairs-mirror-left.asset
  artifactKey: Guid(c2696555e2b5768468bc7dcaa2bcf37a) Importer(815301076,1909f56bfc062723c751e8b465ee728b)
Start importing Assets/Map3_City/Tilemap/stairs-mirror-left.asset using Guid(c2696555e2b5768468bc7dcaa2bcf37a) Importer(815301076,1909f56bfc062723c751e8b465ee728b)  -> (artifact id: 'f364565da5baa15bf0878ed0c5f100eb') in 0.008834 seconds
Number of updated asset objects reloaded before import = 0
Number of asset objects unloaded after import = 3
========================================================================
Received Import Request.
  Time since last request: 0.000027 seconds.
  path: Assets/Map3_City/Tilemap/left-slope.asset
  artifactKey: Guid(9ae7a27385c5c20428beb806308cc81f) Importer(815301076,1909f56bfc062723c751e8b465ee728b)
Start importing Assets/Map3_City/Tilemap/left-slope.asset using Guid(9ae7a27385c5c20428beb806308cc81f) Importer(815301076,1909f56bfc062723c751e8b465ee728b)  -> (artifact id: '7c561ed36398dc6a6fab6f495666e8fa') in 0.024398 seconds
Number of updated asset objects reloaded before import = 0
Number of asset objects unloaded after import = 3
========================================================================
Received Import Request.
  Time since last request: 0.000039 seconds.
  path: Assets/Map3_City/Tilemap/stairs_20.asset
  artifactKey: Guid(d16f64d43723aa4499a553e8caefedac) Importer(815301076,1909f56bfc062723c751e8b465ee728b)
Start importing Assets/Map3_City/Tilemap/stairs_20.asset using Guid(d16f64d43723aa4499a553e8caefedac) Importer(815301076,1909f56bfc062723c751e8b465ee728b)  -> (artifact id: '584d06b22136bec16f3a6cdce2d8353e') in 0.011444 seconds
Number of updated asset objects reloaded before import = 0
Number of asset objects unloaded after import = 3
========================================================================
Received Import Request.
  Time since last request: 0.000039 seconds.
  path: Assets/Map3_City/Tilemap/stairs-wall-mirror-left.asset
  artifactKey: Guid(eaad3b3403890ed48a1d76468a0b94ce) Importer(815301076,1909f56bfc062723c751e8b465ee728b)
Start importing Assets/Map3_City/Tilemap/stairs-wall-mirror-left.asset using Guid(eaad3b3403890ed48a1d76468a0b94ce) Importer(815301076,1909f56bfc062723c751e8b465ee728b)  -> (artifact id: '4571bc7e86c9b432ecd95b57e72cc7c0') in 0.009718 seconds
Number of updated asset objects reloaded before import = 0
Number of asset objects unloaded after import = 3
========================================================================
Received Import Request.
  Time since last request: 0.000028 seconds.
  path: Assets/Map3_City/Tilemap/window-bars.asset
  artifactKey: Guid(3411bdd4fce34944b9c6f065c523c717) Importer(815301076,1909f56bfc062723c751e8b465ee728b)
Start importing Assets/Map3_City/Tilemap/window-bars.asset using Guid(3411bdd4fce34944b9c6f065c523c717) Importer(815301076,1909f56bfc062723c751e8b465ee728b)  -> (artifact id: '733fe12b92e6f52904e84901e84aeebd') in 0.010034 seconds
Number of updated asset objects reloaded before import = 0
Number of asset objects unloaded after import = 3
Editor requested this worker to shutdown with reason: Scaling down because of idle timeout
TcpMessagingSession - receive error: operation aborted. errorcode: 995, details: The I/O operation has been aborted because of either a thread exit or an application request.
AssetImportWorker is now disconnected from the server
Process exiting
Exiting without the bug reporter. Application will terminate with return code 0